<?xml version="1.0" encoding="UTF-8"?>
<testsuite xmlns:xsi="http://www.w3.org/2001/XMLSchema-instance" xsi:noNamespaceSchemaLocation="https://maven.apache.org/surefire/maven-failsafe-plugin/xsd/failsafe-test-report-3.0.xsd" version="3.0" name="starter.CucumberTestSuite" time="29.332" tests="4" errors="0" skipped="0" failures="0">
  <properties>
    <property name="sun.desktop" value="windows"/>
    <property name="awt.toolkit" value="sun.awt.windows.WToolkit"/>
    <property name="java.specification.version" value="1.8"/>
    <property name="file.encoding.pkg" value="sun.io"/>
    <property name="webdriver.chrome.driver" value="D:\AUTOMATION TEST\WEB\web-automation-saucedemo-with-serenity\src\test\resources\webdriver\chromedriver.exe"/>
    <property name="sun.cpu.isalist" value="pentium_pro+mmx pentium_pro pentium+mmx pentium i486 i386 i86"/>
    <property name="sun.jnu.encoding" value="Cp1252"/>
    <property name="java.class.path" value="D:\AUTOMATION TEST\WEB\web-automation-saucedemo-with-serenity\target\test-classes;D:\AUTOMATION TEST\WEB\web-automation-saucedemo-with-serenity\target\web-automation-saucedemo-with-serenity-1.0-SNAPSHOT.jar;C:\Users\ASUS\.m2\repository\net\serenity-bdd\serenity-core\3.2.1\serenity-core-3.2.1.jar;C:\Users\ASUS\.m2\repository\net\serenity-bdd\serenity-model\3.2.1\serenity-model-3.2.1.jar;C:\Users\ASUS\.m2\repository\org\apache\commons\commons-text\1.9\commons-text-1.9.jar;C:\Users\ASUS\.m2\repository\commons-net\commons-net\3.8.0\commons-net-3.8.0.jar;C:\Users\ASUS\.m2\repository\com\google\guava\guava\31.1-jre\guava-31.1-jre.jar;C:\Users\ASUS\.m2\repository\com\google\guava\failureaccess\1.0.1\failureaccess-1.0.1.jar;C:\Users\ASUS\.m2\repository\com\google\guava\listenablefuture\9999.0-empty-to-avoid-conflict-with-guava\listenablefuture-9999.0-empty-to-avoid-conflict-with-guava.jar;C:\Users\ASUS\.m2\repository\com\google\code\findbugs\jsr305\3.0.2\jsr305-3.0.2.jar;C:\Users\ASUS\.m2\repository\org\checkerframework\checker-qual\3.12.0\checker-qual-3.12.0.jar;C:\Users\ASUS\.m2\repository\com\google\errorprone\error_prone_annotations\2.11.0\error_prone_annotations-2.11.0.jar;C:\Users\ASUS\.m2\repository\com\google\j2objc\j2objc-annotations\1.3\j2objc-annotations-1.3.jar;C:\Users\ASUS\.m2\repository\com\google\inject\guice\5.1.0\guice-5.1.0.jar;C:\Users\ASUS\.m2\repository\javax\inject\javax.inject\1\javax.inject-1.jar;C:\Users\ASUS\.m2\repository\aopalliance\aopalliance\1.0\aopalliance-1.0.jar;C:\Users\ASUS\.m2\repository\org\jsoup\jsoup\1.14.3\jsoup-1.14.3.jar;C:\Users\ASUS\.m2\repository\com\thoughtworks\xstream\xstream\1.4.19\xstream-1.4.19.jar;C:\Users\ASUS\.m2\repository\io\github\x-stream\mxparser\1.2.2\mxparser-1.2.2.jar;C:\Users\ASUS\.m2\repository\xmlpull\xmlpull\1.1.3.1\xmlpull-1.1.3.1.jar;C:\Users\ASUS\.m2\repository\io\cucumber\cucumber-java\7.2.3\cucumber-java-7.2.3.jar;C:\Users\ASUS\.m2\repository\com\typesafe\config\1.4.2\config-1.4.2.jar;C:\Users\ASUS\.m2\repository\org\imgscalr\imgscalr-lib\4.2\imgscalr-lib-4.2.jar;C:\Users\ASUS\.m2\repository\org\awaitility\awaitility\4.2.0\awaitility-4.2.0.jar;C:\Users\ASUS\.m2\repository\org\freemarker\freemarker\2.3.31\freemarker-2.3.31.jar;C:\Users\ASUS\.m2\repository\io\github\classgraph\classgraph\4.8.138\classgraph-4.8.138.jar;C:\Users\ASUS\.m2\repository\net\sourceforge\jexcelapi\jxl\2.6.12\jxl-2.6.12.jar;C:\Users\ASUS\.m2\repository\net\bytebuddy\byte-buddy\1.12.8\byte-buddy-1.12.8.jar;C:\Users\ASUS\.m2\repository\net\bytebuddy\byte-buddy-agent\1.12.8\byte-buddy-agent-1.12.8.jar;C:\Users\ASUS\.m2\repository\org\objenesis\objenesis\3.1\objenesis-3.1.jar;C:\Users\ASUS\.m2\repository\net\serenity-bdd\serenity-reports\3.2.1\serenity-reports-3.2.1.jar;C:\Users\ASUS\.m2\repository\net\serenity-bdd\serenity-stats\3.2.1\serenity-stats-3.2.1.jar;C:\Users\ASUS\.m2\repository\net\serenity-bdd\serenity-reports-configuration\3.2.1\serenity-reports-configuration-3.2.1.jar;C:\Users\ASUS\.m2\repository\com\vladsch\flexmark\flexmark-all\0.34.30\flexmark-all-0.34.30.jar;C:\Users\ASUS\.m2\repository\com\vladsch\flexmark\flexmark\0.34.30\flexmark-0.34.30.jar;C:\Users\ASUS\.m2\repository\com\vladsch\flexmark\flexmark-ext-abbreviation\0.34.30\flexmark-ext-abbreviation-0.34.30.jar;C:\Users\ASUS\.m2\repository\com\vladsch\flexmark\flexmark-ext-admonition\0.34.30\flexmark-ext-admonition-0.34.30.jar;C:\Users\ASUS\.m2\repository\com\vladsch\flexmark\flexmark-ext-anchorlink\0.34.30\flexmark-ext-anchorlink-0.34.30.jar;C:\Users\ASUS\.m2\repository\com\vladsch\flexmark\flexmark-ext-aside\0.34.30\flexmark-ext-aside-0.34.30.jar;C:\Users\ASUS\.m2\repository\com\vladsch\flexmark\flexmark-ext-attributes\0.34.30\flexmark-ext-attributes-0.34.30.jar;C:\Users\ASUS\.m2\repository\com\vladsch\flexmark\flexmark-ext-autolink\0.34.30\flexmark-ext-autolink-0.34.30.jar;C:\Users\ASUS\.m2\repository\org\nibor\autolink\autolink\0.6.0\autolink-0.6.0.jar;C:\Users\ASUS\.m2\repository\com\vladsch\flexmark\flexmark-ext-definition\0.34.30\flexmark-ext-definition-0.34.30.jar;C:\Users\ASUS\.m2\repository\com\vladsch\flexmark\flexmark-ext-emoji\0.34.30\flexmark-ext-emoji-0.34.30.jar;C:\Users\ASUS\.m2\repository\com\vladsch\flexmark\flexmark-ext-enumerated-reference\0.34.30\flexmark-ext-enumerated-reference-0.34.30.jar;C:\Users\ASUS\.m2\repository\com\vladsch\flexmark\flexmark-ext-escaped-character\0.34.30\flexmark-ext-escaped-character-0.34.30.jar;C:\Users\ASUS\.m2\repository\com\vladsch\flexmark\flexmark-ext-footnotes\0.34.30\flexmark-ext-footnotes-0.34.30.jar;C:\Users\ASUS\.m2\repository\com\vladsch\flexmark\flexmark-ext-gfm-issues\0.34.30\flexmark-ext-gfm-issues-0.34.30.jar;C:\Users\ASUS\.m2\repository\com\vladsch\flexmark\flexmark-ext-gfm-strikethrough\0.34.30\flexmark-ext-gfm-strikethrough-0.34.30.jar;C:\Users\ASUS\.m2\repository\com\vladsch\flexmark\flexmark-ext-gfm-tables\0.34.30\flexmark-ext-gfm-tables-0.34.30.jar;C:\Users\ASUS\.m2\repository\com\vladsch\flexmark\flexmark-ext-gfm-tasklist\0.34.30\flexmark-ext-gfm-tasklist-0.34.30.jar;C:\Users\ASUS\.m2\repository\com\vladsch\flexmark\flexmark-ext-gfm-users\0.34.30\flexmark-ext-gfm-users-0.34.30.jar;C:\Users\ASUS\.m2\repository\com\vladsch\flexmark\flexmark-ext-gitlab\0.34.30\flexmark-ext-gitlab-0.34.30.jar;C:\Users\ASUS\.m2\repository\com\vladsch\flexmark\flexmark-ext-jekyll-front-matter\0.34.30\flexmark-ext-jekyll-front-matter-0.34.30.jar;C:\Users\ASUS\.m2\repository\com\vladsch\flexmark\flexmark-ext-jekyll-tag\0.34.30\flexmark-ext-jekyll-tag-0.34.30.jar;C:\Users\ASUS\.m2\repository\com\vladsch\flexmark\flexmark-ext-media-tags\0.34.30\flexmark-ext-media-tags-0.34.30.jar;C:\Users\ASUS\.m2\repository\com\vladsch\flexmark\flexmark-test-util\0.34.30\flexmark-test-util-0.34.30.jar;C:\Users\ASUS\.m2\repository\com\vladsch\flexmark\flexmark-ext-ins\0.34.30\flexmark-ext-ins-0.34.30.jar;C:\Users\ASUS\.m2\repository\com\vladsch\flexmark\flexmark-ext-xwiki-macros\0.34.30\flexmark-ext-xwiki-macros-0.34.30.jar;C:\Users\ASUS\.m2\repository\com\vladsch\flexmark\flexmark-ext-superscript\0.34.30\flexmark-ext-superscript-0.34.30.jar;C:\Users\ASUS\.m2\repository\com\vladsch\flexmark\flexmark-ext-tables\0.34.30\flexmark-ext-tables-0.34.30.jar;C:\Users\ASUS\.m2\repository\com\vladsch\flexmark\flexmark-ext-toc\0.34.30\flexmark-ext-toc-0.34.30.jar;C:\Users\ASUS\.m2\repository\com\vladsch\flexmark\flexmark-ext-typographic\0.34.30\flexmark-ext-typographic-0.34.30.jar;C:\Users\ASUS\.m2\repository\com\vladsch\flexmark\flexmark-ext-wikilink\0.34.30\flexmark-ext-wikilink-0.34.30.jar;C:\Users\ASUS\.m2\repository\com\vladsch\flexmark\flexmark-ext-yaml-front-matter\0.34.30\flexmark-ext-yaml-front-matter-0.34.30.jar;C:\Users\ASUS\.m2\repository\com\vladsch\flexmark\flexmark-ext-youtube-embedded\0.34.30\flexmark-ext-youtube-embedded-0.34.30.jar;C:\Users\ASUS\.m2\repository\com\vladsch\flexmark\flexmark-formatter\0.34.30\flexmark-formatter-0.34.30.jar;C:\Users\ASUS\.m2\repository\com\vladsch\flexmark\flexmark-html-parser\0.34.30\flexmark-html-parser-0.34.30.jar;C:\Users\ASUS\.m2\repository\com\vladsch\flexmark\flexmark-jira-converter\0.34.30\flexmark-jira-converter-0.34.30.jar;C:\Users\ASUS\.m2\repository\com\vladsch\flexmark\flexmark-pdf-converter\0.34.30\flexmark-pdf-converter-0.34.30.jar;C:\Users\ASUS\.m2\repository\com\openhtmltopdf\openhtmltopdf-core\0.0.1-RC13\openhtmltopdf-core-0.0.1-RC13.jar;C:\Users\ASUS\.m2\repository\com\openhtmltopdf\openhtmltopdf-pdfbox\0.0.1-RC13\openhtmltopdf-pdfbox-0.0.1-RC13.jar;C:\Users\ASUS\.m2\repository\org\apache\pdfbox\pdfbox\2.0.8\pdfbox-2.0.8.jar;C:\Users\ASUS\.m2\repository\org\apache\pdfbox\fontbox\2.0.8\fontbox-2.0.8.jar;C:\Users\ASUS\.m2\repository\commons-logging\commons-logging\1.2\commons-logging-1.2.jar;C:\Users\ASUS\.m2\repository\org\apache\pdfbox\xmpbox\2.0.8\xmpbox-2.0.8.jar;C:\Users\ASUS\.m2\repository\de\rototor\pdfbox\graphics2d\0.12\graphics2d-0.12.jar;C:\Users\ASUS\.m2\repository\com\openhtmltopdf\openhtmltopdf-rtl-support\0.0.1-RC13\openhtmltopdf-rtl-support-0.0.1-RC13.jar;C:\Users\ASUS\.m2\repository\com\ibm\icu\icu4j\59.1\icu4j-59.1.jar;C:\Users\ASUS\.m2\repository\com\openhtmltopdf\openhtmltopdf-jsoup-dom-converter\0.0.1-RC13\openhtmltopdf-jsoup-dom-converter-0.0.1-RC13.jar;C:\Users\ASUS\.m2\repository\com\vladsch\flexmark\flexmark-profile-pegdown\0.34.30\flexmark-profile-pegdown-0.34.30.jar;C:\Users\ASUS\.m2\repository\com\vladsch\flexmark\flexmark-util\0.34.30\flexmark-util-0.34.30.jar;C:\Users\ASUS\.m2\repository\com\vladsch\flexmark\flexmark-youtrack-converter\0.34.30\flexmark-youtrack-converter-0.34.30.jar;C:\Users\ASUS\.m2\repository\es\nitaur\markdown\txtmark\0.16\txtmark-0.16.jar;C:\Users\ASUS\.m2\repository\net\serenity-bdd\serenity-report-resources\3.2.1\serenity-report-resources-3.2.1.jar;C:\Users\ASUS\.m2\repository\com\google\code\gson\gson\2.9.0\gson-2.9.0.jar;C:\Users\ASUS\.m2\repository\com\fasterxml\jackson\core\jackson-core\2.13.2\jackson-core-2.13.2.jar;C:\Users\ASUS\.m2\repository\com\fasterxml\jackson\core\jackson-databind\2.13.2\jackson-databind-2.13.2.jar;C:\Users\ASUS\.m2\repository\com\fasterxml\jackson\core\jackson-annotations\2.13.2\jackson-annotations-2.13.2.jar;C:\Users\ASUS\.m2\repository\commons-codec\commons-codec\1.15\commons-codec-1.15.jar;C:\Users\ASUS\.m2\repository\commons-io\commons-io\2.11.0\commons-io-2.11.0.jar;C:\Users\ASUS\.m2\repository\org\seleniumhq\selenium\selenium-java\4.1.2\selenium-java-4.1.2.jar;C:\Users\ASUS\.m2\repository\org\seleniumhq\selenium\selenium-devtools-v85\4.1.2\selenium-devtools-v85-4.1.2.jar;C:\Users\ASUS\.m2\repository\org\seleniumhq\selenium\selenium-devtools-v95\4.1.2\selenium-devtools-v95-4.1.2.jar;C:\Users\ASUS\.m2\repository\org\seleniumhq\selenium\selenium-devtools-v96\4.1.2\selenium-devtools-v96-4.1.2.jar;C:\Users\ASUS\.m2\repository\org\seleniumhq\selenium\selenium-devtools-v97\4.1.2\selenium-devtools-v97-4.1.2.jar;C:\Users\ASUS\.m2\repository\org\seleniumhq\selenium\selenium-firefox-xpi-driver\4.1.2\selenium-firefox-xpi-driver-4.1.2.jar;C:\Users\ASUS\.m2\repository\org\seleniumhq\selenium\selenium-opera-driver\4.1.2\selenium-opera-driver-4.1.2.jar;C:\Users\ASUS\.m2\repository\org\seleniumhq\selenium\selenium-remote-driver\4.1.2\selenium-remote-driver-4.1.2.jar;C:\Users\ASUS\.m2\repository\com\beust\jcommander\1.82\jcommander-1.82.jar;C:\Users\ASUS\.m2\repository\io\netty\netty-buffer\4.1.73.Final\netty-buffer-4.1.73.Final.jar;C:\Users\ASUS\.m2\repository\io\netty\netty-codec-http\4.1.73.Final\netty-codec-http-4.1.73.Final.jar;C:\Users\ASUS\.m2\repository\io\netty\netty-codec\4.1.73.Final\netty-codec-4.1.73.Final.jar;C:\Users\ASUS\.m2\repository\io\netty\netty-handler\4.1.73.Final\netty-handler-4.1.73.Final.jar;C:\Users\ASUS\.m2\repository\io\netty\netty-tcnative-classes\2.0.46.Final\netty-tcnative-classes-2.0.46.Final.jar;C:\Users\ASUS\.m2\repository\io\netty\netty-common\4.1.73.Final\netty-common-4.1.73.Final.jar;C:\Users\ASUS\.m2\repository\io\netty\netty-transport-classes-epoll\4.1.73.Final\netty-transport-classes-epoll-4.1.73.Final.jar;C:\Users\ASUS\.m2\repository\io\netty\netty-transport-classes-kqueue\4.1.73.Final\netty-transport-classes-kqueue-4.1.73.Final.jar;C:\Users\ASUS\.m2\repository\io\netty\netty-transport-native-epoll\4.1.73.Final\netty-transport-native-epoll-4.1.73.Final.jar;C:\Users\ASUS\.m2\repository\io\netty\netty-transport-native-kqueue\4.1.73.Final\netty-transport-native-kqueue-4.1.73.Final.jar;C:\Users\ASUS\.m2\repository\io\netty\netty-transport-native-unix-common\4.1.73.Final\netty-transport-native-unix-common-4.1.73.Final.jar;C:\Users\ASUS\.m2\repository\io\netty\netty-transport\4.1.73.Final\netty-transport-4.1.73.Final.jar;C:\Users\ASUS\.m2\repository\io\netty\netty-resolver\4.1.73.Final\netty-resolver-4.1.73.Final.jar;C:\Users\ASUS\.m2\repository\io\opentelemetry\opentelemetry-api\1.10.1\opentelemetry-api-1.10.1.jar;C:\Users\ASUS\.m2\repository\io\opentelemetry\opentelemetry-context\1.10.1\opentelemetry-context-1.10.1.jar;C:\Users\ASUS\.m2\repository\io\opentelemetry\opentelemetry-exporter-logging\1.10.1\opentelemetry-exporter-logging-1.10.1.jar;C:\Users\ASUS\.m2\repository\io\opentelemetry\opentelemetry-sdk-metrics\1.10.1-alpha\opentelemetry-sdk-metrics-1.10.1-alpha.jar;C:\Users\ASUS\.m2\repository\io\opentelemetry\opentelemetry-sdk-logs\1.10.1-alpha\opentelemetry-sdk-logs-1.10.1-alpha.jar;C:\Users\ASUS\.m2\repository\io\opentelemetry\opentelemetry-sdk-common\1.10.1\opentelemetry-sdk-common-1.10.1.jar;C:\Users\ASUS\.m2\repository\io\opentelemetry\opentelemetry-sdk-extension-autoconfigure-spi\1.10.1\opentelemetry-sdk-extension-autoconfigure-spi-1.10.1.jar;C:\Users\ASUS\.m2\repository\io\opentelemetry\opentelemetry-sdk-extension-autoconfigure\1.10.1-alpha\opentelemetry-sdk-extension-autoconfigure-1.10.1-alpha.jar;C:\Users\ASUS\.m2\repository\io\opentelemetry\opentelemetry-sdk-trace\1.10.1\opentelemetry-sdk-trace-1.10.1.jar;C:\Users\ASUS\.m2\repository\io\opentelemetry\opentelemetry-sdk\1.10.1\opentelemetry-sdk-1.10.1.jar;C:\Users\ASUS\.m2\repository\io\opentelemetry\opentelemetry-semconv\1.10.1-alpha\opentelemetry-semconv-1.10.1-alpha.jar;C:\Users\ASUS\.m2\repository\io\ous\jtoml\2.0.0\jtoml-2.0.0.jar;C:\Users\ASUS\.m2\repository\org\apache\commons\commons-exec\1.3\commons-exec-1.3.jar;C:\Users\ASUS\.m2\repository\org\asynchttpclient\async-http-client\2.12.3\async-http-client-2.12.3.jar;C:\Users\ASUS\.m2\repository\org\asynchttpclient\async-http-client-netty-utils\2.12.3\async-http-client-netty-utils-2.12.3.jar;C:\Users\ASUS\.m2\repository\io\netty\netty-codec-socks\4.1.60.Final\netty-codec-socks-4.1.60.Final.jar;C:\Users\ASUS\.m2\repository\io\netty\netty-handler-proxy\4.1.60.Final\netty-handler-proxy-4.1.60.Final.jar;C:\Users\ASUS\.m2\repository\io\netty\netty-transport-native-epoll\4.1.60.Final\netty-transport-native-epoll-4.1.60.Final-linux-x86_64.jar;C:\Users\ASUS\.m2\repository\io\netty\netty-transport-native-kqueue\4.1.60.Final\netty-transport-native-kqueue-4.1.60.Final-osx-x86_64.jar;C:\Users\ASUS\.m2\repository\org\reactivestreams\reactive-streams\1.0.3\reactive-streams-1.0.3.jar;C:\Users\ASUS\.m2\repository\com\typesafe\netty\netty-reactive-streams\2.0.4\netty-reactive-streams-2.0.4.jar;C:\Users\ASUS\.m2\repository\org\seleniumhq\selenium\selenium-http\4.1.2\selenium-http-4.1.2.jar;C:\Users\ASUS\.m2\repository\net\jodah\failsafe\2.4.4\failsafe-2.4.4.jar;C:\Users\ASUS\.m2\repository\org\seleniumhq\selenium\selenium-safari-driver\4.1.2\selenium-safari-driver-4.1.2.jar;C:\Users\ASUS\.m2\repository\org\seleniumhq\selenium\selenium-api\4.1.2\selenium-api-4.1.2.jar;C:\Users\ASUS\.m2\repository\org\seleniumhq\selenium\selenium-support\4.1.2\selenium-support-4.1.2.jar;C:\Users\ASUS\.m2\repository\com\google\auto\service\auto-service-annotations\1.0.1\auto-service-annotations-1.0.1.jar;C:\Users\ASUS\.m2\repository\com\google\auto\service\auto-service\1.0.1\auto-service-1.0.1.jar;C:\Users\ASUS\.m2\repository\com\google\auto\auto-common\1.2\auto-common-1.2.jar;C:\Users\ASUS\.m2\repository\org\seleniumhq\selenium\selenium-json\4.1.2\selenium-json-4.1.2.jar;C:\Users\ASUS\.m2\repository\org\seleniumhq\selenium\selenium-chrome-driver\4.1.2\selenium-chrome-driver-4.1.2.jar;C:\Users\ASUS\.m2\repository\org\seleniumhq\selenium\selenium-chromium-driver\4.1.2\selenium-chromium-driver-4.1.2.jar;C:\Users\ASUS\.m2\repository\org\seleniumhq\selenium\selenium-firefox-driver\4.1.2\selenium-firefox-driver-4.1.2.jar;C:\Users\ASUS\.m2\repository\org\seleniumhq\selenium\selenium-edge-driver\4.1.2\selenium-edge-driver-4.1.2.jar;C:\Users\ASUS\.m2\repository\org\seleniumhq\selenium\selenium-ie-driver\4.1.2\selenium-ie-driver-4.1.2.jar;C:\Users\ASUS\.m2\repository\org\projectlombok\lombok\1.18.20\lombok-1.18.20.jar;C:\Users\ASUS\.m2\repository\io\appium\java-client\8.0.0\java-client-8.0.0.jar;C:\Users\ASUS\.m2\repository\commons-validator\commons-validator\1.7\commons-validator-1.7.jar;C:\Users\ASUS\.m2\repository\commons-digester\commons-digester\2.1\commons-digester-2.1.jar;C:\Users\ASUS\.m2\repository\org\aspectj\aspectjweaver\1.9.8\aspectjweaver-1.9.8.jar;C:\Users\ASUS\.m2\repository\org\codehaus\groovy\groovy\3.0.10\groovy-3.0.10.jar;C:\Users\ASUS\.m2\repository\net\sf\opencsv\opencsv\2.0\opencsv-2.0.jar;C:\Users\ASUS\.m2\repository\commons-beanutils\commons-beanutils\1.9.4\commons-beanutils-1.9.4.jar;C:\Users\ASUS\.m2\repository\org\apache\commons\commons-lang3\3.12.0\commons-lang3-3.12.0.jar;C:\Users\ASUS\.m2\repository\commons-collections\commons-collections\3.2.2\commons-collections-3.2.2.jar;C:\Users\ASUS\.m2\repository\org\fluentlenium\fluentlenium-core\0.10.2\fluentlenium-core-0.10.2.jar;C:\Users\ASUS\.m2\repository\io\github\bonigarcia\webdrivermanager\5.1.0\webdrivermanager-5.1.0.jar;C:\Users\ASUS\.m2\repository\com\github\docker-java\docker-java\3.2.13\docker-java-3.2.13.jar;C:\Users\ASUS\.m2\repository\com\github\docker-java\docker-java-core\3.2.13\docker-java-core-3.2.13.jar;C:\Users\ASUS\.m2\repository\com\github\docker-java\docker-java-api\3.2.13\docker-java-api-3.2.13.jar;C:\Users\ASUS\.m2\repository\org\apache\commons\commons-compress\1.21\commons-compress-1.21.jar;C:\Users\ASUS\.m2\repository\org\bouncycastle\bcpkix-jdk15on\1.64\bcpkix-jdk15on-1.64.jar;C:\Users\ASUS\.m2\repository\org\bouncycastle\bcprov-jdk15on\1.64\bcprov-jdk15on-1.64.jar;C:\Users\ASUS\.m2\repository\org\slf4j\jcl-over-slf4j\1.7.30\jcl-over-slf4j-1.7.30.jar;C:\Users\ASUS\.m2\repository\com\github\docker-java\docker-java-transport-httpclient5\3.2.13\docker-java-transport-httpclient5-3.2.13.jar;C:\Users\ASUS\.m2\repository\com\github\docker-java\docker-java-transport\3.2.13\docker-java-transport-3.2.13.jar;C:\Users\ASUS\.m2\repository\org\apache\httpcomponents\client5\httpclient5\5.0.3\httpclient5-5.0.3.jar;C:\Users\ASUS\.m2\repository\org\apache\httpcomponents\core5\httpcore5\5.0.2\httpcore5-5.0.2.jar;C:\Users\ASUS\.m2\repository\net\java\dev\jna\jna\5.8.0\jna-5.8.0.jar;C:\Users\ASUS\.m2\repository\org\brotli\dec\0.1.2\dec-0.1.2.jar;C:\Users\ASUS\.m2\repository\com\jhlabs\filters\2.0.235\filters-2.0.235.jar;C:\Users\ASUS\.m2\repository\com\paulhammant\ngwebdriver\1.1.6\ngwebdriver-1.1.6.jar;C:\Users\ASUS\.m2\repository\joda-time\joda-time\2.8.2\joda-time-2.8.2.jar;C:\Users\ASUS\.m2\repository\org\hamcrest\hamcrest\2.2\hamcrest-2.2.jar;C:\Users\ASUS\.m2\repository\com\google\jimfs\jimfs\1.2\jimfs-1.2.jar;C:\Users\ASUS\.m2\repository\org\mockito\mockito-core\3.3.3\mockito-core-3.3.3.jar;C:\Users\ASUS\.m2\repository\javax\xml\bind\jaxb-api\2.3.1\jaxb-api-2.3.1.jar;C:\Users\ASUS\.m2\repository\javax\activation\javax.activation-api\1.2.0\javax.activation-api-1.2.0.jar;C:\Users\ASUS\.m2\repository\com\sun\xml\bind\jaxb-core\2.3.0.1\jaxb-core-2.3.0.1.jar;C:\Users\ASUS\.m2\repository\com\sun\xml\bind\jaxb-impl\2.3.3\jaxb-impl-2.3.3.jar;C:\Users\ASUS\.m2\repository\jakarta\xml\bind\jakarta.xml.bind-api\2.3.3\jakarta.xml.bind-api-2.3.3.jar;C:\Users\ASUS\.m2\repository\com\sun\activation\jakarta.activation\1.2.2\jakarta.activation-1.2.2.jar;C:\Users\ASUS\.m2\repository\javax\activation\activation\1.1.1\activation-1.1.1.jar;C:\Users\ASUS\.m2\repository\net\serenity-bdd\serenity-cucumber\3.2.1\serenity-cucumber-3.2.1.jar;C:\Users\ASUS\.m2\repository\io\cucumber\cucumber-core\7.2.3\cucumber-core-7.2.3.jar;C:\Users\ASUS\.m2\repository\io\cucumber\cucumber-gherkin\7.2.3\cucumber-gherkin-7.2.3.jar;C:\Users\ASUS\.m2\repository\io\cucumber\cucumber-gherkin-messages\7.2.3\cucumber-gherkin-messages-7.2.3.jar;C:\Users\ASUS\.m2\repository\io\cucumber\messages\17.1.1\messages-17.1.1.jar;C:\Users\ASUS\.m2\repository\io\cucumber\tag-expressions\4.1.0\tag-expressions-4.1.0.jar;C:\Users\ASUS\.m2\repository\io\cucumber\cucumber-expressions\15.0.1\cucumber-expressions-15.0.1.jar;C:\Users\ASUS\.m2\repository\io\cucumber\datatable\7.2.3\datatable-7.2.3.jar;C:\Users\ASUS\.m2\repository\io\cucumber\cucumber-plugin\7.2.3\cucumber-plugin-7.2.3.jar;C:\Users\ASUS\.m2\repository\io\cucumber\docstring\7.2.3\docstring-7.2.3.jar;C:\Users\ASUS\.m2\repository\io\cucumber\html-formatter\17.0.0\html-formatter-17.0.0.jar;C:\Users\ASUS\.m2\repository\io\cucumber\ci-environment\8.1.0\ci-environment-8.1.0.jar;C:\Users\ASUS\.m2\repository\io\cucumber\cucumber-junit\7.2.3\cucumber-junit-7.2.3.jar;C:\Users\ASUS\.m2\repository\org\apache\commons\commons-csv\1.5\commons-csv-1.5.jar;C:\Users\ASUS\.m2\repository\net\serenity-bdd\serenity-screenplay\3.2.1\serenity-screenplay-3.2.1.jar;C:\Users\ASUS\.m2\repository\net\serenity-bdd\serenity-screenplay-webdriver\3.2.1\serenity-screenplay-webdriver-3.2.1.jar;C:\Users\ASUS\.m2\repository\net\serenity-bdd\serenity-ensure\3.2.1\serenity-ensure-3.2.1.jar;C:\Users\ASUS\.m2\repository\net\serenity-bdd\serenity-junit\3.2.1\serenity-junit-3.2.1.jar;C:\Users\ASUS\.m2\repository\org\jetbrains\kotlin\kotlin-stdlib\1.6.0\kotlin-stdlib-1.6.0.jar;C:\Users\ASUS\.m2\repository\org\jetbrains\annotations\13.0\annotations-13.0.jar;C:\Users\ASUS\.m2\repository\org\jetbrains\kotlin\kotlin-stdlib-common\1.6.0\kotlin-stdlib-common-1.6.0.jar;C:\Users\ASUS\.m2\repository\org\junit\platform\junit-platform-launcher\1.8.1\junit-platform-launcher-1.8.1.jar;C:\Users\ASUS\.m2\repository\org\junit\platform\junit-platform-engine\1.8.1\junit-platform-engine-1.8.1.jar;C:\Users\ASUS\.m2\repository\org\opentest4j\opentest4j\1.2.0\opentest4j-1.2.0.jar;C:\Users\ASUS\.m2\repository\org\junit\platform\junit-platform-commons\1.8.1\junit-platform-commons-1.8.1.jar;C:\Users\ASUS\.m2\repository\org\apiguardian\apiguardian-api\1.1.2\apiguardian-api-1.1.2.jar;C:\Users\ASUS\.m2\repository\org\junit\jupiter\junit-jupiter-engine\5.8.2\junit-jupiter-engine-5.8.2.jar;C:\Users\ASUS\.m2\repository\org\junit\jupiter\junit-jupiter-api\5.8.2\junit-jupiter-api-5.8.2.jar;C:\Users\ASUS\.m2\repository\org\junit\vintage\junit-vintage-engine\5.8.2\junit-vintage-engine-5.8.2.jar;C:\Users\ASUS\.m2\repository\junit\junit\4.13.2\junit-4.13.2.jar;C:\Users\ASUS\.m2\repository\org\hamcrest\hamcrest-core\1.3\hamcrest-core-1.3.jar;C:\Users\ASUS\.m2\repository\ch\qos\logback\logback-classic\1.2.10\logback-classic-1.2.10.jar;C:\Users\ASUS\.m2\repository\ch\qos\logback\logback-core\1.2.10\logback-core-1.2.10.jar;C:\Users\ASUS\.m2\repository\org\slf4j\slf4j-api\1.7.32\slf4j-api-1.7.32.jar;C:\Users\ASUS\.m2\repository\org\assertj\assertj-core\3.6.2\assertj-core-3.6.2.jar;"/>
    <property name="java.vm.vendor" value="Oracle Corporation"/>
    <property name="sun.arch.data.model" value="32"/>
    <property name="user.variant" value=""/>
    <property name="java.vendor.url" value="http://java.oracle.com/"/>
    <property name="user.timezone" value="Asia/Bangkok"/>
    <property name="java.vm.specification.version" value="1.8"/>
    <property name="os.name" value="Windows 11"/>
    <property name="user.country" value="US"/>
    <property name="sun.java.launcher" value="SUN_STANDARD"/>
    <property name="sun.boot.library.path" value="C:\Program Files (x86)\Java\jdk1.8.0_321\jre\bin"/>
    <property name="sun.java.command" value="C:\Users\ASUS\AppData\Local\Temp\surefire3454481199949256963\surefirebooter4602860570462975467.jar C:\Users\ASUS\AppData\Local\Temp\surefire3454481199949256963 2022-07-08T14-21-42_008-jvmRun1 surefire4237425455302341484tmp surefire_08119716523655436123tmp"/>
    <property name="surefire.test.class.path" value="D:\AUTOMATION TEST\WEB\web-automation-saucedemo-with-serenity\target\test-classes;D:\AUTOMATION TEST\WEB\web-automation-saucedemo-with-serenity\target\web-automation-saucedemo-with-serenity-1.0-SNAPSHOT.jar;C:\Users\ASUS\.m2\repository\net\serenity-bdd\serenity-core\3.2.1\serenity-core-3.2.1.jar;C:\Users\ASUS\.m2\repository\net\serenity-bdd\serenity-model\3.2.1\serenity-model-3.2.1.jar;C:\Users\ASUS\.m2\repository\org\apache\commons\commons-text\1.9\commons-text-1.9.jar;C:\Users\ASUS\.m2\repository\commons-net\commons-net\3.8.0\commons-net-3.8.0.jar;C:\Users\ASUS\.m2\repository\com\google\guava\guava\31.1-jre\guava-31.1-jre.jar;C:\Users\ASUS\.m2\repository\com\google\guava\failureaccess\1.0.1\failureaccess-1.0.1.jar;C:\Users\ASUS\.m2\repository\com\google\guava\listenablefuture\9999.0-empty-to-avoid-conflict-with-guava\listenablefuture-9999.0-empty-to-avoid-conflict-with-guava.jar;C:\Users\ASUS\.m2\repository\com\google\code\findbugs\jsr305\3.0.2\jsr305-3.0.2.jar;C:\Users\ASUS\.m2\repository\org\checkerframework\checker-qual\3.12.0\checker-qual-3.12.0.jar;C:\Users\ASUS\.m2\repository\com\google\errorprone\error_prone_annotations\2.11.0\error_prone_annotations-2.11.0.jar;C:\Users\ASUS\.m2\repository\com\google\j2objc\j2objc-annotations\1.3\j2objc-annotations-1.3.jar;C:\Users\ASUS\.m2\repository\com\google\inject\guice\5.1.0\guice-5.1.0.jar;C:\Users\ASUS\.m2\repository\javax\inject\javax.inject\1\javax.inject-1.jar;C:\Users\ASUS\.m2\repository\aopalliance\aopalliance\1.0\aopalliance-1.0.jar;C:\Users\ASUS\.m2\repository\org\jsoup\jsoup\1.14.3\jsoup-1.14.3.jar;C:\Users\ASUS\.m2\repository\com\thoughtworks\xstream\xstream\1.4.19\xstream-1.4.19.jar;C:\Users\ASUS\.m2\repository\io\github\x-stream\mxparser\1.2.2\mxparser-1.2.2.jar;C:\Users\ASUS\.m2\repository\xmlpull\xmlpull\1.1.3.1\xmlpull-1.1.3.1.jar;C:\Users\ASUS\.m2\repository\io\cucumber\cucumber-java\7.2.3\cucumber-java-7.2.3.jar;C:\Users\ASUS\.m2\repository\com\typesafe\config\1.4.2\config-1.4.2.jar;C:\Users\ASUS\.m2\repository\org\imgscalr\imgscalr-lib\4.2\imgscalr-lib-4.2.jar;C:\Users\ASUS\.m2\repository\org\awaitility\awaitility\4.2.0\awaitility-4.2.0.jar;C:\Users\ASUS\.m2\repository\org\freemarker\freemarker\2.3.31\freemarker-2.3.31.jar;C:\Users\ASUS\.m2\repository\io\github\classgraph\classgraph\4.8.138\classgraph-4.8.138.jar;C:\Users\ASUS\.m2\repository\net\sourceforge\jexcelapi\jxl\2.6.12\jxl-2.6.12.jar;C:\Users\ASUS\.m2\repository\net\bytebuddy\byte-buddy\1.12.8\byte-buddy-1.12.8.jar;C:\Users\ASUS\.m2\repository\net\bytebuddy\byte-buddy-agent\1.12.8\byte-buddy-agent-1.12.8.jar;C:\Users\ASUS\.m2\repository\org\objenesis\objenesis\3.1\objenesis-3.1.jar;C:\Users\ASUS\.m2\repository\net\serenity-bdd\serenity-reports\3.2.1\serenity-reports-3.2.1.jar;C:\Users\ASUS\.m2\repository\net\serenity-bdd\serenity-stats\3.2.1\serenity-stats-3.2.1.jar;C:\Users\ASUS\.m2\repository\net\serenity-bdd\serenity-reports-configuration\3.2.1\serenity-reports-configuration-3.2.1.jar;C:\Users\ASUS\.m2\repository\com\vladsch\flexmark\flexmark-all\0.34.30\flexmark-all-0.34.30.jar;C:\Users\ASUS\.m2\repository\com\vladsch\flexmark\flexmark\0.34.30\flexmark-0.34.30.jar;C:\Users\ASUS\.m2\repository\com\vladsch\flexmark\flexmark-ext-abbreviation\0.34.30\flexmark-ext-abbreviation-0.34.30.jar;C:\Users\ASUS\.m2\repository\com\vladsch\flexmark\flexmark-ext-admonition\0.34.30\flexmark-ext-admonition-0.34.30.jar;C:\Users\ASUS\.m2\repository\com\vladsch\flexmark\flexmark-ext-anchorlink\0.34.30\flexmark-ext-anchorlink-0.34.30.jar;C:\Users\ASUS\.m2\repository\com\vladsch\flexmark\flexmark-ext-aside\0.34.30\flexmark-ext-aside-0.34.30.jar;C:\Users\ASUS\.m2\repository\com\vladsch\flexmark\flexmark-ext-attributes\0.34.30\flexmark-ext-attributes-0.34.30.jar;C:\Users\ASUS\.m2\repository\com\vladsch\flexmark\flexmark-ext-autolink\0.34.30\flexmark-ext-autolink-0.34.30.jar;C:\Users\ASUS\.m2\repository\org\nibor\autolink\autolink\0.6.0\autolink-0.6.0.jar;C:\Users\ASUS\.m2\repository\com\vladsch\flexmark\flexmark-ext-definition\0.34.30\flexmark-ext-definition-0.34.30.jar;C:\Users\ASUS\.m2\repository\com\vladsch\flexmark\flexmark-ext-emoji\0.34.30\flexmark-ext-emoji-0.34.30.jar;C:\Users\ASUS\.m2\repository\com\vladsch\flexmark\flexmark-ext-enumerated-reference\0.34.30\flexmark-ext-enumerated-reference-0.34.30.jar;C:\Users\ASUS\.m2\repository\com\vladsch\flexmark\flexmark-ext-escaped-character\0.34.30\flexmark-ext-escaped-character-0.34.30.jar;C:\Users\ASUS\.m2\repository\com\vladsch\flexmark\flexmark-ext-footnotes\0.34.30\flexmark-ext-footnotes-0.34.30.jar;C:\Users\ASUS\.m2\repository\com\vladsch\flexmark\flexmark-ext-gfm-issues\0.34.30\flexmark-ext-gfm-issues-0.34.30.jar;C:\Users\ASUS\.m2\repository\com\vladsch\flexmark\flexmark-ext-gfm-strikethrough\0.34.30\flexmark-ext-gfm-strikethrough-0.34.30.jar;C:\Users\ASUS\.m2\repository\com\vladsch\flexmark\flexmark-ext-gfm-tables\0.34.30\flexmark-ext-gfm-tables-0.34.30.jar;C:\Users\ASUS\.m2\repository\com\vladsch\flexmark\flexmark-ext-gfm-tasklist\0.34.30\flexmark-ext-gfm-tasklist-0.34.30.jar;C:\Users\ASUS\.m2\repository\com\vladsch\flexmark\flexmark-ext-gfm-users\0.34.30\flexmark-ext-gfm-users-0.34.30.jar;C:\Users\ASUS\.m2\repository\com\vladsch\flexmark\flexmark-ext-gitlab\0.34.30\flexmark-ext-gitlab-0.34.30.jar;C:\Users\ASUS\.m2\repository\com\vladsch\flexmark\flexmark-ext-jekyll-front-matter\0.34.30\flexmark-ext-jekyll-front-matter-0.34.30.jar;C:\Users\ASUS\.m2\repository\com\vladsch\flexmark\flexmark-ext-jekyll-tag\0.34.30\flexmark-ext-jekyll-tag-0.34.30.jar;C:\Users\ASUS\.m2\repository\com\vladsch\flexmark\flexmark-ext-media-tags\0.34.30\flexmark-ext-media-tags-0.34.30.jar;C:\Users\ASUS\.m2\repository\com\vladsch\flexmark\flexmark-test-util\0.34.30\flexmark-test-util-0.34.30.jar;C:\Users\ASUS\.m2\repository\com\vladsch\flexmark\flexmark-ext-ins\0.34.30\flexmark-ext-ins-0.34.30.jar;C:\Users\ASUS\.m2\repository\com\vladsch\flexmark\flexmark-ext-xwiki-macros\0.34.30\flexmark-ext-xwiki-macros-0.34.30.jar;C:\Users\ASUS\.m2\repository\com\vladsch\flexmark\flexmark-ext-superscript\0.34.30\flexmark-ext-superscript-0.34.30.jar;C:\Users\ASUS\.m2\repository\com\vladsch\flexmark\flexmark-ext-tables\0.34.30\flexmark-ext-tables-0.34.30.jar;C:\Users\ASUS\.m2\repository\com\vladsch\flexmark\flexmark-ext-toc\0.34.30\flexmark-ext-toc-0.34.30.jar;C:\Users\ASUS\.m2\repository\com\vladsch\flexmark\flexmark-ext-typographic\0.34.30\flexmark-ext-typographic-0.34.30.jar;C:\Users\ASUS\.m2\repository\com\vladsch\flexmark\flexmark-ext-wikilink\0.34.30\flexmark-ext-wikilink-0.34.30.jar;C:\Users\ASUS\.m2\repository\com\vladsch\flexmark\flexmark-ext-yaml-front-matter\0.34.30\flexmark-ext-yaml-front-matter-0.34.30.jar;C:\Users\ASUS\.m2\repository\com\vladsch\flexmark\flexmark-ext-youtube-embedded\0.34.30\flexmark-ext-youtube-embedded-0.34.30.jar;C:\Users\ASUS\.m2\repository\com\vladsch\flexmark\flexmark-formatter\0.34.30\flexmark-formatter-0.34.30.jar;C:\Users\ASUS\.m2\repository\com\vladsch\flexmark\flexmark-html-parser\0.34.30\flexmark-html-parser-0.34.30.jar;C:\Users\ASUS\.m2\repository\com\vladsch\flexmark\flexmark-jira-converter\0.34.30\flexmark-jira-converter-0.34.30.jar;C:\Users\ASUS\.m2\repository\com\vladsch\flexmark\flexmark-pdf-converter\0.34.30\flexmark-pdf-converter-0.34.30.jar;C:\Users\ASUS\.m2\repository\com\openhtmltopdf\openhtmltopdf-core\0.0.1-RC13\openhtmltopdf-core-0.0.1-RC13.jar;C:\Users\ASUS\.m2\repository\com\openhtmltopdf\openhtmltopdf-pdfbox\0.0.1-RC13\openhtmltopdf-pdfbox-0.0.1-RC13.jar;C:\Users\ASUS\.m2\repository\org\apache\pdfbox\pdfbox\2.0.8\pdfbox-2.0.8.jar;C:\Users\ASUS\.m2\repository\org\apache\pdfbox\fontbox\2.0.8\fontbox-2.0.8.jar;C:\Users\ASUS\.m2\repository\commons-logging\commons-logging\1.2\commons-logging-1.2.jar;C:\Users\ASUS\.m2\repository\org\apache\pdfbox\xmpbox\2.0.8\xmpbox-2.0.8.jar;C:\Users\ASUS\.m2\repository\de\rototor\pdfbox\graphics2d\0.12\graphics2d-0.12.jar;C:\Users\ASUS\.m2\repository\com\openhtmltopdf\openhtmltopdf-rtl-support\0.0.1-RC13\openhtmltopdf-rtl-support-0.0.1-RC13.jar;C:\Users\ASUS\.m2\repository\com\ibm\icu\icu4j\59.1\icu4j-59.1.jar;C:\Users\ASUS\.m2\repository\com\openhtmltopdf\openhtmltopdf-jsoup-dom-converter\0.0.1-RC13\openhtmltopdf-jsoup-dom-converter-0.0.1-RC13.jar;C:\Users\ASUS\.m2\repository\com\vladsch\flexmark\flexmark-profile-pegdown\0.34.30\flexmark-profile-pegdown-0.34.30.jar;C:\Users\ASUS\.m2\repository\com\vladsch\flexmark\flexmark-util\0.34.30\flexmark-util-0.34.30.jar;C:\Users\ASUS\.m2\repository\com\vladsch\flexmark\flexmark-youtrack-converter\0.34.30\flexmark-youtrack-converter-0.34.30.jar;C:\Users\ASUS\.m2\repository\es\nitaur\markdown\txtmark\0.16\txtmark-0.16.jar;C:\Users\ASUS\.m2\repository\net\serenity-bdd\serenity-report-resources\3.2.1\serenity-report-resources-3.2.1.jar;C:\Users\ASUS\.m2\repository\com\google\code\gson\gson\2.9.0\gson-2.9.0.jar;C:\Users\ASUS\.m2\repository\com\fasterxml\jackson\core\jackson-core\2.13.2\jackson-core-2.13.2.jar;C:\Users\ASUS\.m2\repository\com\fasterxml\jackson\core\jackson-databind\2.13.2\jackson-databind-2.13.2.jar;C:\Users\ASUS\.m2\repository\com\fasterxml\jackson\core\jackson-annotations\2.13.2\jackson-annotations-2.13.2.jar;C:\Users\ASUS\.m2\repository\commons-codec\commons-codec\1.15\commons-codec-1.15.jar;C:\Users\ASUS\.m2\repository\commons-io\commons-io\2.11.0\commons-io-2.11.0.jar;C:\Users\ASUS\.m2\repository\org\seleniumhq\selenium\selenium-java\4.1.2\selenium-java-4.1.2.jar;C:\Users\ASUS\.m2\repository\org\seleniumhq\selenium\selenium-devtools-v85\4.1.2\selenium-devtools-v85-4.1.2.jar;C:\Users\ASUS\.m2\repository\org\seleniumhq\selenium\selenium-devtools-v95\4.1.2\selenium-devtools-v95-4.1.2.jar;C:\Users\ASUS\.m2\repository\org\seleniumhq\selenium\selenium-devtools-v96\4.1.2\selenium-devtools-v96-4.1.2.jar;C:\Users\ASUS\.m2\repository\org\seleniumhq\selenium\selenium-devtools-v97\4.1.2\selenium-devtools-v97-4.1.2.jar;C:\Users\ASUS\.m2\repository\org\seleniumhq\selenium\selenium-firefox-xpi-driver\4.1.2\selenium-firefox-xpi-driver-4.1.2.jar;C:\Users\ASUS\.m2\repository\org\seleniumhq\selenium\selenium-opera-driver\4.1.2\selenium-opera-driver-4.1.2.jar;C:\Users\ASUS\.m2\repository\org\seleniumhq\selenium\selenium-remote-driver\4.1.2\selenium-remote-driver-4.1.2.jar;C:\Users\ASUS\.m2\repository\com\beust\jcommander\1.82\jcommander-1.82.jar;C:\Users\ASUS\.m2\repository\io\netty\netty-buffer\4.1.73.Final\netty-buffer-4.1.73.Final.jar;C:\Users\ASUS\.m2\repository\io\netty\netty-codec-http\4.1.73.Final\netty-codec-http-4.1.73.Final.jar;C:\Users\ASUS\.m2\repository\io\netty\netty-codec\4.1.73.Final\netty-codec-4.1.73.Final.jar;C:\Users\ASUS\.m2\repository\io\netty\netty-handler\4.1.73.Final\netty-handler-4.1.73.Final.jar;C:\Users\ASUS\.m2\repository\io\netty\netty-tcnative-classes\2.0.46.Final\netty-tcnative-classes-2.0.46.Final.jar;C:\Users\ASUS\.m2\repository\io\netty\netty-common\4.1.73.Final\netty-common-4.1.73.Final.jar;C:\Users\ASUS\.m2\repository\io\netty\netty-transport-classes-epoll\4.1.73.Final\netty-transport-classes-epoll-4.1.73.Final.jar;C:\Users\ASUS\.m2\repository\io\netty\netty-transport-classes-kqueue\4.1.73.Final\netty-transport-classes-kqueue-4.1.73.Final.jar;C:\Users\ASUS\.m2\repository\io\netty\netty-transport-native-epoll\4.1.73.Final\netty-transport-native-epoll-4.1.73.Final.jar;C:\Users\ASUS\.m2\repository\io\netty\netty-transport-native-kqueue\4.1.73.Final\netty-transport-native-kqueue-4.1.73.Final.jar;C:\Users\ASUS\.m2\repository\io\netty\netty-transport-native-unix-common\4.1.73.Final\netty-transport-native-unix-common-4.1.73.Final.jar;C:\Users\ASUS\.m2\repository\io\netty\netty-transport\4.1.73.Final\netty-transport-4.1.73.Final.jar;C:\Users\ASUS\.m2\repository\io\netty\netty-resolver\4.1.73.Final\netty-resolver-4.1.73.Final.jar;C:\Users\ASUS\.m2\repository\io\opentelemetry\opentelemetry-api\1.10.1\opentelemetry-api-1.10.1.jar;C:\Users\ASUS\.m2\repository\io\opentelemetry\opentelemetry-context\1.10.1\opentelemetry-context-1.10.1.jar;C:\Users\ASUS\.m2\repository\io\opentelemetry\opentelemetry-exporter-logging\1.10.1\opentelemetry-exporter-logging-1.10.1.jar;C:\Users\ASUS\.m2\repository\io\opentelemetry\opentelemetry-sdk-metrics\1.10.1-alpha\opentelemetry-sdk-metrics-1.10.1-alpha.jar;C:\Users\ASUS\.m2\repository\io\opentelemetry\opentelemetry-sdk-logs\1.10.1-alpha\opentelemetry-sdk-logs-1.10.1-alpha.jar;C:\Users\ASUS\.m2\repository\io\opentelemetry\opentelemetry-sdk-common\1.10.1\opentelemetry-sdk-common-1.10.1.jar;C:\Users\ASUS\.m2\repository\io\opentelemetry\opentelemetry-sdk-extension-autoconfigure-spi\1.10.1\opentelemetry-sdk-extension-autoconfigure-spi-1.10.1.jar;C:\Users\ASUS\.m2\repository\io\opentelemetry\opentelemetry-sdk-extension-autoconfigure\1.10.1-alpha\opentelemetry-sdk-extension-autoconfigure-1.10.1-alpha.jar;C:\Users\ASUS\.m2\repository\io\opentelemetry\opentelemetry-sdk-trace\1.10.1\opentelemetry-sdk-trace-1.10.1.jar;C:\Users\ASUS\.m2\repository\io\opentelemetry\opentelemetry-sdk\1.10.1\opentelemetry-sdk-1.10.1.jar;C:\Users\ASUS\.m2\repository\io\opentelemetry\opentelemetry-semconv\1.10.1-alpha\opentelemetry-semconv-1.10.1-alpha.jar;C:\Users\ASUS\.m2\repository\io\ous\jtoml\2.0.0\jtoml-2.0.0.jar;C:\Users\ASUS\.m2\repository\org\apache\commons\commons-exec\1.3\commons-exec-1.3.jar;C:\Users\ASUS\.m2\repository\org\asynchttpclient\async-http-client\2.12.3\async-http-client-2.12.3.jar;C:\Users\ASUS\.m2\repository\org\asynchttpclient\async-http-client-netty-utils\2.12.3\async-http-client-netty-utils-2.12.3.jar;C:\Users\ASUS\.m2\repository\io\netty\netty-codec-socks\4.1.60.Final\netty-codec-socks-4.1.60.Final.jar;C:\Users\ASUS\.m2\repository\io\netty\netty-handler-proxy\4.1.60.Final\netty-handler-proxy-4.1.60.Final.jar;C:\Users\ASUS\.m2\repository\io\netty\netty-transport-native-epoll\4.1.60.Final\netty-transport-native-epoll-4.1.60.Final-linux-x86_64.jar;C:\Users\ASUS\.m2\repository\io\netty\netty-transport-native-kqueue\4.1.60.Final\netty-transport-native-kqueue-4.1.60.Final-osx-x86_64.jar;C:\Users\ASUS\.m2\repository\org\reactivestreams\reactive-streams\1.0.3\reactive-streams-1.0.3.jar;C:\Users\ASUS\.m2\repository\com\typesafe\netty\netty-reactive-streams\2.0.4\netty-reactive-streams-2.0.4.jar;C:\Users\ASUS\.m2\repository\org\seleniumhq\selenium\selenium-http\4.1.2\selenium-http-4.1.2.jar;C:\Users\ASUS\.m2\repository\net\jodah\failsafe\2.4.4\failsafe-2.4.4.jar;C:\Users\ASUS\.m2\repository\org\seleniumhq\selenium\selenium-safari-driver\4.1.2\selenium-safari-driver-4.1.2.jar;C:\Users\ASUS\.m2\repository\org\seleniumhq\selenium\selenium-api\4.1.2\selenium-api-4.1.2.jar;C:\Users\ASUS\.m2\repository\org\seleniumhq\selenium\selenium-support\4.1.2\selenium-support-4.1.2.jar;C:\Users\ASUS\.m2\repository\com\google\auto\service\auto-service-annotations\1.0.1\auto-service-annotations-1.0.1.jar;C:\Users\ASUS\.m2\repository\com\google\auto\service\auto-service\1.0.1\auto-service-1.0.1.jar;C:\Users\ASUS\.m2\repository\com\google\auto\auto-common\1.2\auto-common-1.2.jar;C:\Users\ASUS\.m2\repository\org\seleniumhq\selenium\selenium-json\4.1.2\selenium-json-4.1.2.jar;C:\Users\ASUS\.m2\repository\org\seleniumhq\selenium\selenium-chrome-driver\4.1.2\selenium-chrome-driver-4.1.2.jar;C:\Users\ASUS\.m2\repository\org\seleniumhq\selenium\selenium-chromium-driver\4.1.2\selenium-chromium-driver-4.1.2.jar;C:\Users\ASUS\.m2\repository\org\seleniumhq\selenium\selenium-firefox-driver\4.1.2\selenium-firefox-driver-4.1.2.jar;C:\Users\ASUS\.m2\repository\org\seleniumhq\selenium\selenium-edge-driver\4.1.2\selenium-edge-driver-4.1.2.jar;C:\Users\ASUS\.m2\repository\org\seleniumhq\selenium\selenium-ie-driver\4.1.2\selenium-ie-driver-4.1.2.jar;C:\Users\ASUS\.m2\repository\org\projectlombok\lombok\1.18.20\lombok-1.18.20.jar;C:\Users\ASUS\.m2\repository\io\appium\java-client\8.0.0\java-client-8.0.0.jar;C:\Users\ASUS\.m2\repository\commons-validator\commons-validator\1.7\commons-validator-1.7.jar;C:\Users\ASUS\.m2\repository\commons-digester\commons-digester\2.1\commons-digester-2.1.jar;C:\Users\ASUS\.m2\repository\org\aspectj\aspectjweaver\1.9.8\aspectjweaver-1.9.8.jar;C:\Users\ASUS\.m2\repository\org\codehaus\groovy\groovy\3.0.10\groovy-3.0.10.jar;C:\Users\ASUS\.m2\repository\net\sf\opencsv\opencsv\2.0\opencsv-2.0.jar;C:\Users\ASUS\.m2\repository\commons-beanutils\commons-beanutils\1.9.4\commons-beanutils-1.9.4.jar;C:\Users\ASUS\.m2\repository\org\apache\commons\commons-lang3\3.12.0\commons-lang3-3.12.0.jar;C:\Users\ASUS\.m2\repository\commons-collections\commons-collections\3.2.2\commons-collections-3.2.2.jar;C:\Users\ASUS\.m2\repository\org\fluentlenium\fluentlenium-core\0.10.2\fluentlenium-core-0.10.2.jar;C:\Users\ASUS\.m2\repository\io\github\bonigarcia\webdrivermanager\5.1.0\webdrivermanager-5.1.0.jar;C:\Users\ASUS\.m2\repository\com\github\docker-java\docker-java\3.2.13\docker-java-3.2.13.jar;C:\Users\ASUS\.m2\repository\com\github\docker-java\docker-java-core\3.2.13\docker-java-core-3.2.13.jar;C:\Users\ASUS\.m2\repository\com\github\docker-java\docker-java-api\3.2.13\docker-java-api-3.2.13.jar;C:\Users\ASUS\.m2\repository\org\apache\commons\commons-compress\1.21\commons-compress-1.21.jar;C:\Users\ASUS\.m2\repository\org\bouncycastle\bcpkix-jdk15on\1.64\bcpkix-jdk15on-1.64.jar;C:\Users\ASUS\.m2\repository\org\bouncycastle\bcprov-jdk15on\1.64\bcprov-jdk15on-1.64.jar;C:\Users\ASUS\.m2\repository\org\slf4j\jcl-over-slf4j\1.7.30\jcl-over-slf4j-1.7.30.jar;C:\Users\ASUS\.m2\repository\com\github\docker-java\docker-java-transport-httpclient5\3.2.13\docker-java-transport-httpclient5-3.2.13.jar;C:\Users\ASUS\.m2\repository\com\github\docker-java\docker-java-transport\3.2.13\docker-java-transport-3.2.13.jar;C:\Users\ASUS\.m2\repository\org\apache\httpcomponents\client5\httpclient5\5.0.3\httpclient5-5.0.3.jar;C:\Users\ASUS\.m2\repository\org\apache\httpcomponents\core5\httpcore5\5.0.2\httpcore5-5.0.2.jar;C:\Users\ASUS\.m2\repository\net\java\dev\jna\jna\5.8.0\jna-5.8.0.jar;C:\Users\ASUS\.m2\repository\org\brotli\dec\0.1.2\dec-0.1.2.jar;C:\Users\ASUS\.m2\repository\com\jhlabs\filters\2.0.235\filters-2.0.235.jar;C:\Users\ASUS\.m2\repository\com\paulhammant\ngwebdriver\1.1.6\ngwebdriver-1.1.6.jar;C:\Users\ASUS\.m2\repository\joda-time\joda-time\2.8.2\joda-time-2.8.2.jar;C:\Users\ASUS\.m2\repository\org\hamcrest\hamcrest\2.2\hamcrest-2.2.jar;C:\Users\ASUS\.m2\repository\com\google\jimfs\jimfs\1.2\jimfs-1.2.jar;C:\Users\ASUS\.m2\repository\org\mockito\mockito-core\3.3.3\mockito-core-3.3.3.jar;C:\Users\ASUS\.m2\repository\javax\xml\bind\jaxb-api\2.3.1\jaxb-api-2.3.1.jar;C:\Users\ASUS\.m2\repository\javax\activation\javax.activation-api\1.2.0\javax.activation-api-1.2.0.jar;C:\Users\ASUS\.m2\repository\com\sun\xml\bind\jaxb-core\2.3.0.1\jaxb-core-2.3.0.1.jar;C:\Users\ASUS\.m2\repository\com\sun\xml\bind\jaxb-impl\2.3.3\jaxb-impl-2.3.3.jar;C:\Users\ASUS\.m2\repository\jakarta\xml\bind\jakarta.xml.bind-api\2.3.3\jakarta.xml.bind-api-2.3.3.jar;C:\Users\ASUS\.m2\repository\com\sun\activation\jakarta.activation\1.2.2\jakarta.activation-1.2.2.jar;C:\Users\ASUS\.m2\repository\javax\activation\activation\1.1.1\activation-1.1.1.jar;C:\Users\ASUS\.m2\repository\net\serenity-bdd\serenity-cucumber\3.2.1\serenity-cucumber-3.2.1.jar;C:\Users\ASUS\.m2\repository\io\cucumber\cucumber-core\7.2.3\cucumber-core-7.2.3.jar;C:\Users\ASUS\.m2\repository\io\cucumber\cucumber-gherkin\7.2.3\cucumber-gherkin-7.2.3.jar;C:\Users\ASUS\.m2\repository\io\cucumber\cucumber-gherkin-messages\7.2.3\cucumber-gherkin-messages-7.2.3.jar;C:\Users\ASUS\.m2\repository\io\cucumber\messages\17.1.1\messages-17.1.1.jar;C:\Users\ASUS\.m2\repository\io\cucumber\tag-expressions\4.1.0\tag-expressions-4.1.0.jar;C:\Users\ASUS\.m2\repository\io\cucumber\cucumber-expressions\15.0.1\cucumber-expressions-15.0.1.jar;C:\Users\ASUS\.m2\repository\io\cucumber\datatable\7.2.3\datatable-7.2.3.jar;C:\Users\ASUS\.m2\repository\io\cucumber\cucumber-plugin\7.2.3\cucumber-plugin-7.2.3.jar;C:\Users\ASUS\.m2\repository\io\cucumber\docstring\7.2.3\docstring-7.2.3.jar;C:\Users\ASUS\.m2\repository\io\cucumber\html-formatter\17.0.0\html-formatter-17.0.0.jar;C:\Users\ASUS\.m2\repository\io\cucumber\ci-environment\8.1.0\ci-environment-8.1.0.jar;C:\Users\ASUS\.m2\repository\io\cucumber\cucumber-junit\7.2.3\cucumber-junit-7.2.3.jar;C:\Users\ASUS\.m2\repository\org\apache\commons\commons-csv\1.5\commons-csv-1.5.jar;C:\Users\ASUS\.m2\repository\net\serenity-bdd\serenity-screenplay\3.2.1\serenity-screenplay-3.2.1.jar;C:\Users\ASUS\.m2\repository\net\serenity-bdd\serenity-screenplay-webdriver\3.2.1\serenity-screenplay-webdriver-3.2.1.jar;C:\Users\ASUS\.m2\repository\net\serenity-bdd\serenity-ensure\3.2.1\serenity-ensure-3.2.1.jar;C:\Users\ASUS\.m2\repository\net\serenity-bdd\serenity-junit\3.2.1\serenity-junit-3.2.1.jar;C:\Users\ASUS\.m2\repository\org\jetbrains\kotlin\kotlin-stdlib\1.6.0\kotlin-stdlib-1.6.0.jar;C:\Users\ASUS\.m2\repository\org\jetbrains\annotations\13.0\annotations-13.0.jar;C:\Users\ASUS\.m2\repository\org\jetbrains\kotlin\kotlin-stdlib-common\1.6.0\kotlin-stdlib-common-1.6.0.jar;C:\Users\ASUS\.m2\repository\org\junit\platform\junit-platform-launcher\1.8.1\junit-platform-launcher-1.8.1.jar;C:\Users\ASUS\.m2\repository\org\junit\platform\junit-platform-engine\1.8.1\junit-platform-engine-1.8.1.jar;C:\Users\ASUS\.m2\repository\org\opentest4j\opentest4j\1.2.0\opentest4j-1.2.0.jar;C:\Users\ASUS\.m2\repository\org\junit\platform\junit-platform-commons\1.8.1\junit-platform-commons-1.8.1.jar;C:\Users\ASUS\.m2\repository\org\apiguardian\apiguardian-api\1.1.2\apiguardian-api-1.1.2.jar;C:\Users\ASUS\.m2\repository\org\junit\jupiter\junit-jupiter-engine\5.8.2\junit-jupiter-engine-5.8.2.jar;C:\Users\ASUS\.m2\repository\org\junit\jupiter\junit-jupiter-api\5.8.2\junit-jupiter-api-5.8.2.jar;C:\Users\ASUS\.m2\repository\org\junit\vintage\junit-vintage-engine\5.8.2\junit-vintage-engine-5.8.2.jar;C:\Users\ASUS\.m2\repository\junit\junit\4.13.2\junit-4.13.2.jar;C:\Users\ASUS\.m2\repository\org\hamcrest\hamcrest-core\1.3\hamcrest-core-1.3.jar;C:\Users\ASUS\.m2\repository\ch\qos\logback\logback-classic\1.2.10\logback-classic-1.2.10.jar;C:\Users\ASUS\.m2\repository\ch\qos\logback\logback-core\1.2.10\logback-core-1.2.10.jar;C:\Users\ASUS\.m2\repository\org\slf4j\slf4j-api\1.7.32\slf4j-api-1.7.32.jar;C:\Users\ASUS\.m2\repository\org\assertj\assertj-core\3.6.2\assertj-core-3.6.2.jar;"/>
    <property name="sun.cpu.endian" value="little"/>
    <property name="user.home" value="C:\Users\ASUS"/>
    <property name="user.language" value="en"/>
    <property name="java.specification.vendor" value="Oracle Corporation"/>
    <property name="java.home" value="C:\Program Files (x86)\Java\jdk1.8.0_321\jre"/>
    <property name="basedir" value="D:\AUTOMATION TEST\WEB\web-automation-saucedemo-with-serenity"/>
    <property name="file.separator" value="\"/>
    <property name="line.separator" value="&#10;"/>
    <property name="java.vm.specification.vendor" value="Oracle Corporation"/>
    <property name="java.specification.name" value="Java Platform API Specification"/>
    <property name="java.awt.graphicsenv" value="sun.awt.Win32GraphicsEnvironment"/>
    <property name="surefire.real.class.path" value="C:\Users\ASUS\AppData\Local\Temp\surefire3454481199949256963\surefirebooter4602860570462975467.jar"/>
    <property name="sun.boot.class.path" value="C:\Program Files (x86)\Java\jdk1.8.0_321\jre\lib\resources.jar;C:\Program Files (x86)\Java\jdk1.8.0_321\jre\lib\rt.jar;C:\Program Files (x86)\Java\jdk1.8.0_321\jre\lib\sunrsasign.jar;C:\Program Files (x86)\Java\jdk1.8.0_321\jre\lib\jsse.jar;C:\Program Files (x86)\Java\jdk1.8.0_321\jre\lib\jce.jar;C:\Program Files (x86)\Java\jdk1.8.0_321\jre\lib\charsets.jar;C:\Program Files (x86)\Java\jdk1.8.0_321\jre\lib\jfr.jar;C:\Program Files (x86)\Java\jdk1.8.0_321\jre\classes"/>
    <property name="user.script" value=""/>
    <property name="java.protocol.handler.pkgs" value="com.google.common"/>
    <property name="sun.management.compiler" value="HotSpot Client Compiler"/>
    <property name="java.runtime.version" value="1.8.0_321-b07"/>
    <property name="user.name" value="ASUS"/>
    <property name="path.separator" value=";"/>
    <property name="os.version" value="10.0"/>
    <property name="java.endorsed.dirs" value="C:\Program Files (x86)\Java\jdk1.8.0_321\jre\lib\endorsed"/>
    <property name="java.runtime.name" value="Java(TM) SE Runtime Environment"/>
    <property name="file.encoding" value="Cp1252"/>
    <property name="webdriver.base.url" value=""/>
    <property name="java.vm.name" value="Java HotSpot(TM) Client VM"/>
    <property name="localRepository" value="C:\Users\ASUS\.m2\repository"/>
    <property name="java.vendor.url.bug" value="http://bugreport.sun.com/bugreport/"/>
    <property name="java.io.tmpdir" value="C:\Users\ASUS\AppData\Local\Temp\"/>
    <property name="java.version" value="1.8.0_321"/>
    <property name="user.dir" value="D:\AUTOMATION TEST\WEB\web-automation-saucedemo-with-serenity"/>
    <property name="os.arch" value="x86"/>
    <property name="java.vm.specification.name" value="Java Virtual Machine Specification"/>
    <property name="java.awt.printerjob" value="sun.awt.windows.WPrinterJob"/>
    <property name="sun.os.patch.level" value=""/>
    <property name="java.library.path" value="C:\Program Files (x86)\Java\jdk1.8.0_321\jre\bin;C:\WINDOWS\Sun\Java\bin;C:\WINDOWS\system32;C:\WINDOWS;C:\Program Files (x86)\Common Files\Oracle\Java\javapath;C:\Program Files (x86)\Common Files\Intel\Shared Libraries\redist\intel64\compiler;C:\Program Files (x86)\Common Files\Intel\Shared Files\cpp\bin\Intel64;C:\Windows\system32;C:\Windows;C:\Windows\System32\Wbem;C:\Windows\System32\WindowsPowerShell\v1.0\;C:\Windows\System32\OpenSSH\;C:\WINDOWS\system32;C:\WINDOWS;C:\WINDOWS\System32\Wbem;C:\WINDOWS\System32\WindowsPowerShell\v1.0\;C:\WINDOWS\System32\OpenSSH\;C:\Program Files\NVIDIA Corporation\NVIDIA NvDLISR;C:\Program Files (x86)\NVIDIA Corporation\PhysX\Common;C:\WINDOWS\system32;C:\WINDOWS;C:\WINDOWS\System32\Wbem;C:\WINDOWS\System32\WindowsPowerShell\v1.0\;C:\WINDOWS\System32\OpenSSH\;C:\Program Files\Git\cmd;C:\Program Files (x86)\Java\jdk1.8.0_321\bin;C:\Maven\bin\;C:\webdrives;C:\Program Files\nodejs\;C:\Users\ASUS\AppData\Local\Android\Sdk\platform-tools;C:\Users\ASUS\AppData\Local\Microsoft\WindowsApps;;C:\Users\ASUS\AppData\Local\Programs\Microsoft VS Code\bin;C:\Users\ASUS\AppData\Roaming\npm;."/>
    <property name="java.vm.info" value="mixed mode, sharing"/>
    <property name="java.vendor" value="Oracle Corporation"/>
    <property name="java.vm.version" value="25.321-b07"/>
    <property name="java.ext.dirs" value="C:\Program Files (x86)\Java\jdk1.8.0_321\jre\lib\ext;C:\WINDOWS\Sun\Java\lib\ext"/>
    <property name="sun.io.unicode.encoding" value="UnicodeLittle"/>
    <property name="java.class.version" value="52.0"/>
  </properties>
  <testcase name="User Login Successfully" classname="Login - saucedemo.com" time="7.129">
    <system-out><![CDATA[14:21:44.110 [main] INFO io.cucumber.core.plugin.SerenityReporter - Running feature from file:///D:/AUTOMATION%20TEST/WEB/web-automation-saucedemo-with-serenity/src/test/resources/features/Login.feature
14:21:44.236 [main] INFO  - 

-------------------------------------------------------------------------------------
     _______. _______ .______       _______ .__   __.  __  .___________.____    ____ 
    /       ||   ____||   _  \     |   ____||  \ |  | |  | |           |\   \  /   / 
   |   (----`|  |__   |  |_)  |    |  |__   |   \|  | |  | `---|  |----` \   \/   /  
    \   \    |   __|  |      /     |   __|  |  . `  | |  |     |  |       \_    _/   
.----)   |   |  |____ |  |\  \----.|  |____ |  |\   | |  |     |  |         |  |     
|_______/    |_______|| _| `._____||_______||__| \__| |__|     |__|         |__|    
                                                                                     
 News and tutorials at http://www.serenity-bdd.info                                  
 Documentation at https://wakaleo.gitbooks.io/the-serenity-book/content/             
 Join the Serenity Community on Gitter: https://gitter.im/serenity-bdd/serenity-core 
 Serenity BDD Support and Training at http://serenity-bdd.info/#/trainingandsupport  
-------------------------------------------------------------------------------------

14:21:44.236 [main] DEBUG net.thucydides.core.steps.StepEventBus - Test suite started for story net.thucydides.core.model.Story@bbaa1436
14:21:44.236 [main] INFO  - Test Suite Started: Login - saucedemo.com
14:21:44.252 [main] INFO io.cucumber.core.plugin.SerenityReporter - Running feature from file:///D:/AUTOMATION%20TEST/WEB/web-automation-saucedemo-with-serenity/src/test/resources/features/shopProdcut.feature
14:21:44.252 [main] DEBUG net.thucydides.core.steps.StepEventBus - Test suite started for story net.thucydides.core.model.Story@c32a5a95
14:21:44.252 [main] INFO  - Test Suite Started: Add to Cart product
14:21:44.252 [main] INFO io.cucumber.core.plugin.SerenityReporter - Running feature from file:///D:/AUTOMATION%20TEST/WEB/web-automation-saucedemo-with-serenity/src/test/resources/features/Login.feature
14:21:44.252 [main] DEBUG net.thucydides.core.steps.StepEventBus - Test suite started for story net.thucydides.core.model.Story@bbaa1436
14:21:44.252 [main] INFO  - Test Suite Started: Login - saucedemo.com

@Login-Feature @Login-Successfully
Scenario: User Login Successfully   &amp#27;[90m# src/test/resources/features/Login.feature:8&amp#27;[0m
14:21:44.330 [main] INFO io.cucumber.core.plugin.SerenityReporter - Running feature from file:///D:/AUTOMATION%20TEST/WEB/web-automation-saucedemo-with-serenity/src/test/resources/features/Login.feature
14:21:44.393 [main] INFO  - 
  _____   ___   ___   _____     ___   _____     _     ___   _____   ___   ___  
 |_   _| | __| / __| |_   _|   / __| |_   _|   /_\   | _ \ |_   _| | __| |   \ 
   | |   | _|  \__ \   | |     \__ \   | |    / _ \  |   /   | |   | _|  | |) |
   |_|   |___| |___/   |_|     |___/   |_|   /_/ \_\ |_|_\   |_|   |___| |___/ 

User Login Successfully(login---saucedemo.com;user-login-successfully)
--------------------------------------------------------------------------------
14:21:44.836 [main] DEBUG net.thucydides.core.steps.StepInterceptor - STARTING STEP: LoginStepdefs.iOpenSaucedemoLoginPage - onPage
14:21:44.852 [main] INFO net.serenitybdd.core.webdriver.driverproviders.ChromeDriverProvider - Using automatically driver download
14:21:45.608 [main] DEBUG io.github.bonigarcia.wdm.cache.ResolutionCache - Resolution chrome=103 in cache (valid until 15:05:31 08/07/2022 ICT)
14:21:45.625 [main] DEBUG io.github.bonigarcia.wdm.cache.ResolutionCache - Resolution chrome103=103.0.5060.53 in cache (valid until 21:24:13 08/07/2022 ICT)
14:21:45.625 [main] INFO io.github.bonigarcia.wdm.WebDriverManager - Using chromedriver 103.0.5060.53 (resolved driver for Chrome 103)
14:21:45.640 [main] DEBUG io.github.bonigarcia.wdm.WebDriverManager - Driver chromedriver 103.0.5060.53 found in cache
14:21:45.640 [main] INFO io.github.bonigarcia.wdm.WebDriverManager - Exporting webdriver.chrome.driver as C:\Users\ASUS\.cache\selenium\chromedriver\win32\103.0.5060.53\chromedriver.exe
14:21:45.735 [main] DEBUG net.thucydides.core.reflection.ClassFinder - Could not load class .starter.CucumberTestSuite
14:21:45.735 [main] DEBUG net.thucydides.core.reflection.ClassFinder - Could not load class .starter.pages.CartPage
14:21:45.735 [main] DEBUG net.thucydides.core.reflection.ClassFinder - Could not load class .starter.pages.CheckoutPage
14:21:45.735 [main] DEBUG net.thucydides.core.reflection.ClassFinder - Could not load class .starter.pages.LoginPage
14:21:45.735 [main] DEBUG net.thucydides.core.reflection.ClassFinder - Could not load class .starter.stepdefinition.CartStepdefs
14:21:45.735 [main] DEBUG net.thucydides.core.reflection.ClassFinder - Could not load class .starter.stepdefinition.CheckoutStepdefs
14:21:45.735 [main] DEBUG net.thucydides.core.reflection.ClassFinder - Could not load class .starter.stepdefinition.LoginStepdefs
14:21:45.831 [main] DEBUG net.serenitybdd.core.webdriver.driverproviders.ProvideNewDriver - Instantiating driver
14:21:45.831 [main] DEBUG net.serenitybdd.core.webdriver.driverproviders.ProvideNewDriver - Driver capabilities: Capabilities {acceptInsecureCerts: false, base.url: https://www.saucedemo.com/, browserName: chrome, chrome.driver: src/test/resources/webdrive..., driver: chrome, goog:chromeOptions: {args: [], extensions: []}}
14:21:45.878 [main] DEBUG io.netty.util.internal.logging.InternalLoggerFactory - Using SLF4J as the default logging framework
14:21:45.895 [main] DEBUG io.netty.util.ResourceLeakDetector - -Dio.netty.leakDetection.level: simple
14:21:45.895 [main] DEBUG io.netty.util.ResourceLeakDetector - -Dio.netty.leakDetection.targetRecords: 4
14:21:45.895 [main] DEBUG io.netty.util.ResourceLeakDetectorFactory - Loaded default ResourceLeakDetector: io.netty.util.ResourceLeakDetector@c79c02
14:21:45.910 [main] DEBUG io.netty.util.internal.PlatformDependent0 - -Dio.netty.noUnsafe: false
14:21:45.910 [main] DEBUG io.netty.util.internal.PlatformDependent0 - Java version: 8
14:21:45.910 [main] DEBUG io.netty.util.internal.PlatformDependent0 - sun.misc.Unsafe.theUnsafe: available
14:21:45.910 [main] DEBUG io.netty.util.internal.PlatformDependent0 - sun.misc.Unsafe.copyMemory: available
14:21:45.910 [main] DEBUG io.netty.util.internal.PlatformDependent0 - java.nio.Buffer.address: available
14:21:45.910 [main] DEBUG io.netty.util.internal.PlatformDependent0 - direct buffer constructor: available
14:21:45.910 [main] DEBUG io.netty.util.internal.PlatformDependent0 - java.nio.Bits.unaligned: available, true
14:21:45.910 [main] DEBUG io.netty.util.internal.PlatformDependent0 - jdk.internal.misc.Unsafe.allocateUninitializedArray(int): unavailable prior to Java9
14:21:45.910 [main] DEBUG io.netty.util.internal.PlatformDependent0 - java.nio.DirectByteBuffer.<init>(long, int): available
14:21:45.910 [main] DEBUG io.netty.util.internal.PlatformDependent - sun.misc.Unsafe: available
14:21:45.910 [main] DEBUG io.netty.util.internal.PlatformDependent - -Dio.netty.tmpdir: C:\Users\ASUS\AppData\Local\Temp (java.io.tmpdir)
14:21:45.910 [main] DEBUG io.netty.util.internal.PlatformDependent - -Dio.netty.bitMode: 32 (sun.arch.data.model)
14:21:45.910 [main] DEBUG io.netty.util.internal.PlatformDependent - Platform: Windows
14:21:45.910 [main] DEBUG io.netty.util.internal.PlatformDependent - -Dio.netty.maxDirectMemory: 259522560 bytes
14:21:45.910 [main] DEBUG io.netty.util.internal.PlatformDependent - -Dio.netty.uninitializedArrayAllocationThreshold: -1
14:21:45.910 [main] DEBUG io.netty.util.internal.CleanerJava6 - java.nio.ByteBuffer.cleaner(): available
14:21:45.910 [main] DEBUG io.netty.util.internal.PlatformDependent - -Dio.netty.noPreferDirect: false
14:21:45.926 [main] DEBUG io.netty.util.internal.PlatformDependent - org.jctools-core.MpscChunkedArrayQueue: available
14:21:45.926 [main] DEBUG io.netty.util.internal.InternalThreadLocalMap - -Dio.netty.threadLocalMap.stringBuilder.initialSize: 1024
14:21:45.926 [main] DEBUG io.netty.util.internal.InternalThreadLocalMap - -Dio.netty.threadLocalMap.stringBuilder.maxSize: 4096
14:21:45.942 [main] DEBUG io.netty.handler.ssl.JdkSslContext - Default protocols (JDK): [TLSv1.2] 
14:21:45.942 [main] DEBUG io.netty.handler.ssl.JdkSslContext - Default cipher suites (JDK): [TLS_ECDHE_ECDSA_WITH_AES_256_GCM_SHA384, TLS_ECDHE_ECDSA_WITH_AES_128_GCM_SHA256, TLS_ECDHE_RSA_WITH_AES_128_GCM_SHA256, TLS_ECDHE_RSA_WITH_AES_256_GCM_SHA384, TLS_ECDHE_RSA_WITH_AES_128_CBC_SHA, TLS_ECDHE_RSA_WITH_AES_256_CBC_SHA, TLS_RSA_WITH_AES_128_GCM_SHA256, TLS_RSA_WITH_AES_128_CBC_SHA, TLS_RSA_WITH_AES_256_CBC_SHA, TLS_AES_128_GCM_SHA256, TLS_AES_256_GCM_SHA384]
14:21:45.974 [main] DEBUG io.netty.channel.MultithreadEventLoopGroup - -Dio.netty.eventLoopThreads: 16
14:21:45.974 [main] DEBUG io.netty.channel.nio.NioEventLoop - -Dio.netty.noKeySetOptimization: false
14:21:45.974 [main] DEBUG io.netty.channel.nio.NioEventLoop - -Dio.netty.selectorAutoRebuildThreshold: 512
14:21:46.005 [main] DEBUG io.netty.buffer.PooledByteBufAllocator - -Dio.netty.allocator.numHeapArenas: 2
14:21:46.005 [main] DEBUG io.netty.buffer.PooledByteBufAllocator - -Dio.netty.allocator.numDirectArenas: 2
14:21:46.005 [main] DEBUG io.netty.buffer.PooledByteBufAllocator - -Dio.netty.allocator.pageSize: 8192
14:21:46.005 [main] DEBUG io.netty.buffer.PooledByteBufAllocator - -Dio.netty.allocator.maxOrder: 11
14:21:46.005 [main] DEBUG io.netty.buffer.PooledByteBufAllocator - -Dio.netty.allocator.chunkSize: 16777216
14:21:46.005 [main] DEBUG io.netty.buffer.PooledByteBufAllocator - -Dio.netty.allocator.smallCacheSize: 256
14:21:46.005 [main] DEBUG io.netty.buffer.PooledByteBufAllocator - -Dio.netty.allocator.normalCacheSize: 64
14:21:46.005 [main] DEBUG io.netty.buffer.PooledByteBufAllocator - -Dio.netty.allocator.maxCachedBufferCapacity: 32768
14:21:46.005 [main] DEBUG io.netty.buffer.PooledByteBufAllocator - -Dio.netty.allocator.cacheTrimInterval: 8192
14:21:46.005 [main] DEBUG io.netty.buffer.PooledByteBufAllocator - -Dio.netty.allocator.cacheTrimIntervalMillis: 0
14:21:46.005 [main] DEBUG io.netty.buffer.PooledByteBufAllocator - -Dio.netty.allocator.useCacheForAllThreads: true
14:21:46.005 [main] DEBUG io.netty.buffer.PooledByteBufAllocator - -Dio.netty.allocator.maxCachedByteBuffersPerChunk: 1023
14:21:46.021 [main] DEBUG io.netty.buffer.ByteBufUtil - -Dio.netty.allocator.type: pooled
14:21:46.021 [main] DEBUG io.netty.buffer.ByteBufUtil - -Dio.netty.threadLocalDirectBufferSize: 0
14:21:46.021 [main] DEBUG io.netty.buffer.ByteBufUtil - -Dio.netty.maxThreadLocalCharBufferSize: 16384
14:21:46.718 [Forwarding newSession on session null to remote] DEBUG io.netty.channel.DefaultChannelId - -Dio.netty.processId: 6524 (auto-detected)
14:21:46.718 [Forwarding newSession on session null to remote] DEBUG io.netty.util.NetUtil - -Djava.net.preferIPv4Stack: false
14:21:46.718 [Forwarding newSession on session null to remote] DEBUG io.netty.util.NetUtil - -Djava.net.preferIPv6Addresses: false
14:21:46.878 [Forwarding newSession on session null to remote] DEBUG io.netty.util.NetUtilInitializations - Loopback interface: lo (Software Loopback Interface 1, 127.0.0.1)
14:21:46.878 [Forwarding newSession on session null to remote] DEBUG io.netty.util.NetUtil - Failed to get SOMAXCONN from sysctl and file \proc\sys\net\core\somaxconn. Default: 200
14:21:47.050 [Forwarding newSession on session null to remote] DEBUG io.netty.channel.DefaultChannelId - -Dio.netty.machineId: 3c:58:c2:ff:fe:bc:fb:24 (auto-detected)
14:21:47.097 [AsyncHttpClient-1-2] DEBUG io.netty.buffer.AbstractByteBuf - -Dio.netty.buffer.checkAccessible: true
14:21:47.097 [AsyncHttpClient-1-2] DEBUG io.netty.buffer.AbstractByteBuf - -Dio.netty.buffer.checkBounds: true
14:21:47.097 [AsyncHttpClient-1-2] DEBUG io.netty.util.ResourceLeakDetectorFactory - Loaded default ResourceLeakDetector: io.netty.util.ResourceLeakDetector@182d4a9
14:21:47.113 [AsyncHttpClient-1-2] DEBUG org.asynchttpclient.netty.channel.NettyConnectListener - Using new Channel '[id: 0xe96c301d, L:/127.0.0.1:51495 - R:localhost/127.0.0.1:60635]' for 'POST' to '/session'
14:21:47.130 [AsyncHttpClient-1-2] DEBUG io.netty.util.Recycler - -Dio.netty.recycler.maxCapacityPerThread: 4096
14:21:47.131 [AsyncHttpClient-1-2] DEBUG io.netty.util.Recycler - -Dio.netty.recycler.ratio: 8
14:21:47.131 [AsyncHttpClient-1-2] DEBUG io.netty.util.Recycler - -Dio.netty.recycler.chunkSize: 32
14:21:47.131 [AsyncHttpClient-1-2] DEBUG io.netty.util.Recycler - -Dio.netty.recycler.blocking: false
14:21:47.801 [AsyncHttpClient-1-2] DEBUG io.netty.handler.codec.compression.Brotli - brotli4j not in the classpath; Brotli support will be unavailable.
14:21:47.801 [AsyncHttpClient-1-2] DEBUG org.asynchttpclient.netty.handler.HttpHandler - 

Request DefaultHttpRequest(decodeResult: success, version: HTTP/1.1)
POST /session HTTP/1.1
User-Agent: selenium/4.1.2 (java windows)
Content-Length: 612
Content-Type: application/json; charset=utf-8
host: localhost:60635
accept: */*

Response DefaultHttpResponse(decodeResult: success, version: HTTP/1.1)
HTTP/1.1 200 OK
Content-Type: application/json; charset=utf-8
cache-control: no-cache
content-length: 790

14:21:47.822 [AsyncHttpClient-1-2] DEBUG org.asynchttpclient.netty.channel.ChannelManager - Adding key: http://localhost:60635 for channel [id: 0xe96c301d, L:/127.0.0.1:51495 - R:localhost/127.0.0.1:60635]
14:21:47.878 [AsyncHttpClient-1-3] DEBUG org.asynchttpclient.netty.channel.NettyConnectListener - Using new Channel '[id: 0x464ffd2f, L:/127.0.0.1:51502 - R:localhost/127.0.0.1:51496]' for 'GET' to '/json/version'
14:21:47.878 [AsyncHttpClient-1-3] DEBUG org.asynchttpclient.netty.handler.HttpHandler - 

Request DefaultFullHttpRequest(decodeResult: success, version: HTTP/1.1, content: EmptyByteBufBE)
GET /json/version HTTP/1.1
User-Agent: selenium/4.1.2 (java windows)
host: localhost:51496
accept: */*

Response DefaultHttpResponse(decodeResult: success, version: HTTP/1.1)
HTTP/1.1 200 OK
Content-Type: application/json; charset=UTF-8
content-length: 429

14:21:47.878 [AsyncHttpClient-1-3] DEBUG org.asynchttpclient.netty.channel.ChannelManager - Adding key: http://localhost:51496 for channel [id: 0x464ffd2f, L:/127.0.0.1:51502 - R:localhost/127.0.0.1:51496]
14:21:47.894 [main] DEBUG io.netty.util.internal.ThreadLocalRandom - -Dio.netty.initialSeedUniquifier: 0x59fe2d9f79b91ba4
14:21:47.909 [AsyncHttpClient-1-4] DEBUG org.asynchttpclient.netty.channel.NettyConnectListener - Using new Channel '[id: 0x7a7823d2, L:/127.0.0.1:51503 - R:localhost/127.0.0.1:51496]' for 'GET' to '/devtools/browser/98ba0245-e20c-4f03-b224-27c0ec4ed18b'
14:21:47.909 [AsyncHttpClient-1-4] DEBUG org.asynchttpclient.netty.handler.WebSocketHandler - 

Request DefaultFullHttpRequest(decodeResult: success, version: HTTP/1.1, content: EmptyByteBufBE)
GET /devtools/browser/98ba0245-e20c-4f03-b224-27c0ec4ed18b HTTP/1.1
upgrade: websocket
connection: upgrade
sec-websocket-key: CAtDyDv7zv/R8oxMP6U3qA==
sec-websocket-version: 13
origin: http://localhost:51496
host: localhost:51496
accept: */*
user-agent: AHC/2.1

Response DefaultHttpResponse(decodeResult: success, version: HTTP/1.1)
HTTP/1.1 101 WebSocket Protocol Handshake
Upgrade: WebSocket
Connection: Upgrade
Sec-WebSocket-Accept: WwQznNyAaRHkZprKUZFsIYWTNAA=

14:21:48.034 [main] DEBUG net.thucydides.core.reflection.ClassFinder - Could not load class .starter.CucumberTestSuite
14:21:48.034 [main] DEBUG net.thucydides.core.reflection.ClassFinder - Could not load class .starter.pages.CartPage
14:21:48.034 [main] DEBUG net.thucydides.core.reflection.ClassFinder - Could not load class .starter.pages.CheckoutPage
14:21:48.034 [main] DEBUG net.thucydides.core.reflection.ClassFinder - Could not load class .starter.pages.LoginPage
14:21:48.034 [main] DEBUG net.thucydides.core.reflection.ClassFinder - Could not load class .starter.stepdefinition.CartStepdefs
14:21:48.034 [main] DEBUG net.thucydides.core.reflection.ClassFinder - Could not load class .starter.stepdefinition.CheckoutStepdefs
14:21:48.034 [main] DEBUG net.thucydides.core.reflection.ClassFinder - Could not load class .starter.stepdefinition.LoginStepdefs
14:21:48.034 [Forwarding get on session fe26fff410778e629f13bd955b26918d to remote] DEBUG org.asynchttpclient.netty.request.NettyRequestSender - Using pooled Channel '[id: 0xe96c301d, L:/127.0.0.1:51495 - R:localhost/127.0.0.1:60635]' for 'POST' to 'http://localhost:60635/session/fe26fff410778e629f13bd955b26918d/url'
14:21:48.034 [Forwarding get on session fe26fff410778e629f13bd955b26918d to remote] DEBUG org.asynchttpclient.netty.request.NettyRequestSender - Using open Channel [id: 0xe96c301d, L:/127.0.0.1:51495 - R:localhost/127.0.0.1:60635] for POST '/session/fe26fff410778e629f13bd955b26918d/url'
14:21:48.131 [AsyncHttpClient-1-1] DEBUG org.asynchttpclient.netty.channel.DefaultChannelPool - Entry count for : http://localhost:51496 : 1
14:21:48.364 [AsyncHttpClient-1-2] DEBUG org.asynchttpclient.netty.handler.HttpHandler - 

Request DefaultHttpRequest(decodeResult: success, version: HTTP/1.1)
POST /session/fe26fff410778e629f13bd955b26918d/url HTTP/1.1
User-Agent: selenium/4.1.2 (java windows)
Content-Length: 56
Content-Type: application/json; charset=utf-8
host: localhost:60635
accept: */*

Response DefaultHttpResponse(decodeResult: success, version: HTTP/1.1)
HTTP/1.1 200 OK
Content-Type: application/json; charset=utf-8
cache-control: no-cache
content-length: 14

14:21:48.364 [AsyncHttpClient-1-2] DEBUG org.asynchttpclient.netty.channel.ChannelManager - Adding key: http://localhost:60635 for channel [id: 0xe96c301d, L:/127.0.0.1:51495 - R:localhost/127.0.0.1:60635]
14:21:48.364 [Forwarding setTimeout on session fe26fff410778e629f13bd955b26918d to remote] DEBUG org.asynchttpclient.netty.request.NettyRequestSender - Using pooled Channel '[id: 0xe96c301d, L:/127.0.0.1:51495 - R:localhost/127.0.0.1:60635]' for 'POST' to 'http://localhost:60635/session/fe26fff410778e629f13bd955b26918d/timeouts'
14:21:48.364 [Forwarding setTimeout on session fe26fff410778e629f13bd955b26918d to remote] DEBUG org.asynchttpclient.netty.request.NettyRequestSender - Using open Channel [id: 0xe96c301d, L:/127.0.0.1:51495 - R:localhost/127.0.0.1:60635] for POST '/session/fe26fff410778e629f13bd955b26918d/timeouts'
14:21:48.372 [AsyncHttpClient-1-2] DEBUG org.asynchttpclient.netty.handler.HttpHandler - 

Request DefaultHttpRequest(decodeResult: success, version: HTTP/1.1)
POST /session/fe26fff410778e629f13bd955b26918d/timeouts HTTP/1.1
User-Agent: selenium/4.1.2 (java windows)
Content-Length: 22
Content-Type: application/json; charset=utf-8
host: localhost:60635
accept: */*

Response DefaultHttpResponse(decodeResult: success, version: HTTP/1.1)
HTTP/1.1 200 OK
Content-Type: application/json; charset=utf-8
cache-control: no-cache
content-length: 14

14:21:48.372 [AsyncHttpClient-1-2] DEBUG org.asynchttpclient.netty.channel.ChannelManager - Adding key: http://localhost:60635 for channel [id: 0xe96c301d, L:/127.0.0.1:51495 - R:localhost/127.0.0.1:60635]
14:21:48.380 [Forwarding getCurrentUrl on session fe26fff410778e629f13bd955b26918d to remote] DEBUG org.asynchttpclient.netty.request.NettyRequestSender - Using pooled Channel '[id: 0xe96c301d, L:/127.0.0.1:51495 - R:localhost/127.0.0.1:60635]' for 'GET' to 'http://localhost:60635/session/fe26fff410778e629f13bd955b26918d/url'
14:21:48.380 [Forwarding getCurrentUrl on session fe26fff410778e629f13bd955b26918d to remote] DEBUG org.asynchttpclient.netty.request.NettyRequestSender - Using open Channel [id: 0xe96c301d, L:/127.0.0.1:51495 - R:localhost/127.0.0.1:60635] for GET '/session/fe26fff410778e629f13bd955b26918d/url'
14:21:48.388 [AsyncHttpClient-1-2] DEBUG org.asynchttpclient.netty.handler.HttpHandler - 

Request DefaultFullHttpRequest(decodeResult: success, version: HTTP/1.1, content: EmptyByteBufBE)
GET /session/fe26fff410778e629f13bd955b26918d/url HTTP/1.1
User-Agent: selenium/4.1.2 (java windows)
Cache-Control: no-cache
Content-Type: application/json; charset=utf-8
host: localhost:60635
accept: */*

Response DefaultHttpResponse(decodeResult: success, version: HTTP/1.1)
HTTP/1.1 200 OK
Content-Type: application/json; charset=utf-8
cache-control: no-cache
content-length: 38

14:21:48.388 [AsyncHttpClient-1-2] DEBUG org.asynchttpclient.netty.channel.ChannelManager - Adding key: http://localhost:60635 for channel [id: 0xe96c301d, L:/127.0.0.1:51495 - R:localhost/127.0.0.1:60635]
14:21:48.396 [Forwarding getCurrentUrl on session fe26fff410778e629f13bd955b26918d to remote] DEBUG org.asynchttpclient.netty.request.NettyRequestSender - Using pooled Channel '[id: 0xe96c301d, L:/127.0.0.1:51495 - R:localhost/127.0.0.1:60635]' for 'GET' to 'http://localhost:60635/session/fe26fff410778e629f13bd955b26918d/url'
14:21:48.396 [Forwarding getCurrentUrl on session fe26fff410778e629f13bd955b26918d to remote] DEBUG org.asynchttpclient.netty.request.NettyRequestSender - Using open Channel [id: 0xe96c301d, L:/127.0.0.1:51495 - R:localhost/127.0.0.1:60635] for GET '/session/fe26fff410778e629f13bd955b26918d/url'
14:21:48.404 [AsyncHttpClient-1-2] DEBUG org.asynchttpclient.netty.handler.HttpHandler - 

Request DefaultFullHttpRequest(decodeResult: success, version: HTTP/1.1, content: EmptyByteBufBE)
GET /session/fe26fff410778e629f13bd955b26918d/url HTTP/1.1
User-Agent: selenium/4.1.2 (java windows)
Cache-Control: no-cache
Content-Type: application/json; charset=utf-8
host: localhost:60635
accept: */*

Response DefaultHttpResponse(decodeResult: success, version: HTTP/1.1)
HTTP/1.1 200 OK
Content-Type: application/json; charset=utf-8
cache-control: no-cache
content-length: 38

14:21:48.404 [AsyncHttpClient-1-2] DEBUG org.asynchttpclient.netty.channel.ChannelManager - Adding key: http://localhost:60635 for channel [id: 0xe96c301d, L:/127.0.0.1:51495 - R:localhost/127.0.0.1:60635]
14:21:48.428 [main] DEBUG net.serenitybdd.core.photography.Darkroom - Opening darkroom
14:21:48.428 [Darkroom Processing Line] DEBUG net.serenitybdd.core.photography.DarkroomProcessingLine - Darkroom processing line starting up
14:21:48.428 [Forwarding screenshot on session fe26fff410778e629f13bd955b26918d to remote] DEBUG org.asynchttpclient.netty.request.NettyRequestSender - Using pooled Channel '[id: 0xe96c301d, L:/127.0.0.1:51495 - R:localhost/127.0.0.1:60635]' for 'GET' to 'http://localhost:60635/session/fe26fff410778e629f13bd955b26918d/screenshot'
14:21:48.428 [Forwarding screenshot on session fe26fff410778e629f13bd955b26918d to remote] DEBUG org.asynchttpclient.netty.request.NettyRequestSender - Using open Channel [id: 0xe96c301d, L:/127.0.0.1:51495 - R:localhost/127.0.0.1:60635] for GET '/session/fe26fff410778e629f13bd955b26918d/screenshot'
14:21:48.577 [AsyncHttpClient-1-2] DEBUG org.asynchttpclient.netty.handler.HttpHandler - 

Request DefaultFullHttpRequest(decodeResult: success, version: HTTP/1.1, content: EmptyByteBufBE)
GET /session/fe26fff410778e629f13bd955b26918d/screenshot HTTP/1.1
User-Agent: selenium/4.1.2 (java windows)
Cache-Control: no-cache
Content-Type: application/json; charset=utf-8
host: localhost:60635
accept: */*

Response DefaultHttpResponse(decodeResult: success, version: HTTP/1.1)
HTTP/1.1 200 OK
Content-Type: application/json; charset=utf-8
cache-control: no-cache
content-length: 127896

14:21:48.577 [AsyncHttpClient-1-2] DEBUG org.asynchttpclient.netty.channel.ChannelManager - Adding key: http://localhost:60635 for channel [id: 0xe96c301d, L:/127.0.0.1:51495 - R:localhost/127.0.0.1:60635]
14:21:48.644 [main] DEBUG net.serenitybdd.core.photography.Darkroom - Send negative for processing for target\site\serenity\e675aec8b881fb0ee76ec1e8d253f49af200eee0ccf2d1c4e953e1fb87ea3ebe.png
14:21:48.644 [Darkroom Processing Line] DEBUG net.serenitybdd.core.photography.DarkroomProcessingLine - Processing screenshot image in /var/screenshots/screenshot-8196498025658518395
14:21:48.644 [Darkroom Processing Line] DEBUG net.serenitybdd.core.photography.DarkroomProcessingLine - Saving screenshot to target\site\serenity\e675aec8b881fb0ee76ec1e8d253f49af200eee0ccf2d1c4e953e1fb87ea3ebe.png
14:21:48.661 [main] DEBUG net.thucydides.core.steps.StepInterceptor - STEP DONE: onPage
14:21:48.669 [main] DEBUG net.thucydides.core.steps.StepInterceptor - STARTING STEP: LoginStepdefs.iOpenSaucedemoLoginPage - ValidationLogin
14:21:48.669 [Forwarding findElement on session fe26fff410778e629f13bd955b26918d to remote] DEBUG org.asynchttpclient.netty.request.NettyRequestSender - Using pooled Channel '[id: 0xe96c301d, L:/127.0.0.1:51495 - R:localhost/127.0.0.1:60635]' for 'POST' to 'http://localhost:60635/session/fe26fff410778e629f13bd955b26918d/element'
14:21:48.669 [Forwarding findElement on session fe26fff410778e629f13bd955b26918d to remote] DEBUG org.asynchttpclient.netty.request.NettyRequestSender - Using open Channel [id: 0xe96c301d, L:/127.0.0.1:51495 - R:localhost/127.0.0.1:60635] for POST '/session/fe26fff410778e629f13bd955b26918d/element'
14:21:48.689 [AsyncHttpClient-1-2] DEBUG org.asynchttpclient.netty.handler.HttpHandler - 

Request DefaultHttpRequest(decodeResult: success, version: HTTP/1.1)
POST /session/fe26fff410778e629f13bd955b26918d/element HTTP/1.1
User-Agent: selenium/4.1.2 (java windows)
Content-Length: 59
Content-Type: application/json; charset=utf-8
host: localhost:60635
accept: */*

Response DefaultHttpResponse(decodeResult: success, version: HTTP/1.1)
HTTP/1.1 200 OK
Content-Type: application/json; charset=utf-8
cache-control: no-cache
content-length: 88

14:21:48.689 [AsyncHttpClient-1-2] DEBUG org.asynchttpclient.netty.channel.ChannelManager - Adding key: http://localhost:60635 for channel [id: 0xe96c301d, L:/127.0.0.1:51495 - R:localhost/127.0.0.1:60635]
14:21:48.701 [Forwarding isElementDisplayed on session fe26fff410778e629f13bd955b26918d to remote] DEBUG org.asynchttpclient.netty.request.NettyRequestSender - Using pooled Channel '[id: 0xe96c301d, L:/127.0.0.1:51495 - R:localhost/127.0.0.1:60635]' for 'POST' to 'http://localhost:60635/session/fe26fff410778e629f13bd955b26918d/execute/sync'
14:21:48.701 [Forwarding isElementDisplayed on session fe26fff410778e629f13bd955b26918d to remote] DEBUG org.asynchttpclient.netty.request.NettyRequestSender - Using open Channel [id: 0xe96c301d, L:/127.0.0.1:51495 - R:localhost/127.0.0.1:60635] for POST '/session/fe26fff410778e629f13bd955b26918d/execute/sync'
14:21:48.721 [AsyncHttpClient-1-2] DEBUG org.asynchttpclient.netty.handler.HttpHandler - 

Request DefaultHttpRequest(decodeResult: success, version: HTTP/1.1)
POST /session/fe26fff410778e629f13bd955b26918d/execute/sync HTTP/1.1
User-Agent: selenium/4.1.2 (java windows)
Content-Length: 48780
Content-Type: application/json; charset=utf-8
host: localhost:60635
accept: */*

Response DefaultHttpResponse(decodeResult: success, version: HTTP/1.1)
HTTP/1.1 200 OK
Content-Type: application/json; charset=utf-8
cache-control: no-cache
content-length: 14

14:21:48.721 [AsyncHttpClient-1-2] DEBUG org.asynchttpclient.netty.channel.ChannelManager - Adding key: http://localhost:60635 for channel [id: 0xe96c301d, L:/127.0.0.1:51495 - R:localhost/127.0.0.1:60635]
14:21:48.723 [Forwarding screenshot on session fe26fff410778e629f13bd955b26918d to remote] DEBUG org.asynchttpclient.netty.request.NettyRequestSender - Using pooled Channel '[id: 0xe96c301d, L:/127.0.0.1:51495 - R:localhost/127.0.0.1:60635]' for 'GET' to 'http://localhost:60635/session/fe26fff410778e629f13bd955b26918d/screenshot'
14:21:48.723 [Forwarding screenshot on session fe26fff410778e629f13bd955b26918d to remote] DEBUG org.asynchttpclient.netty.request.NettyRequestSender - Using open Channel [id: 0xe96c301d, L:/127.0.0.1:51495 - R:localhost/127.0.0.1:60635] for GET '/session/fe26fff410778e629f13bd955b26918d/screenshot'
14:21:48.842 [AsyncHttpClient-1-2] DEBUG org.asynchttpclient.netty.handler.HttpHandler - 

Request DefaultFullHttpRequest(decodeResult: success, version: HTTP/1.1, content: EmptyByteBufBE)
GET /session/fe26fff410778e629f13bd955b26918d/screenshot HTTP/1.1
User-Agent: selenium/4.1.2 (java windows)
Cache-Control: no-cache
Content-Type: application/json; charset=utf-8
host: localhost:60635
accept: */*

Response DefaultHttpResponse(decodeResult: success, version: HTTP/1.1)
HTTP/1.1 200 OK
Content-Type: application/json; charset=utf-8
cache-control: no-cache
content-length: 127896

14:21:48.845 [AsyncHttpClient-1-2] DEBUG org.asynchttpclient.netty.channel.ChannelManager - Adding key: http://localhost:60635 for channel [id: 0xe96c301d, L:/127.0.0.1:51495 - R:localhost/127.0.0.1:60635]
14:21:48.851 [main] DEBUG net.serenitybdd.core.photography.Darkroom - Send negative for processing for target\site\serenity\e675aec8b881fb0ee76ec1e8d253f49af200eee0ccf2d1c4e953e1fb87ea3ebe.png
14:21:48.851 [main] DEBUG net.thucydides.core.steps.StepInterceptor - STEP DONE: ValidationLogin
  &amp#27;[32mGiven &amp#27;[0m&amp#27;[32mI Open saucedemo Login Page&amp#27;[0m &amp#27;[90m# starter.stepdefinition.LoginStepdefs.iOpenSaucedemoLoginPage()&amp#27;[0m
14:21:48.864 [main] DEBUG net.thucydides.core.steps.StepInterceptor - STARTING STEP: LoginStepdefs.iInputValidUsername - inputUsername
14:21:48.864 [Forwarding findElement on session fe26fff410778e629f13bd955b26918d to remote] DEBUG org.asynchttpclient.netty.request.NettyRequestSender - Using pooled Channel '[id: 0xe96c301d, L:/127.0.0.1:51495 - R:localhost/127.0.0.1:60635]' for 'POST' to 'http://localhost:60635/session/fe26fff410778e629f13bd955b26918d/element'
14:21:48.864 [Forwarding findElement on session fe26fff410778e629f13bd955b26918d to remote] DEBUG org.asynchttpclient.netty.request.NettyRequestSender - Using open Channel [id: 0xe96c301d, L:/127.0.0.1:51495 - R:localhost/127.0.0.1:60635] for POST '/session/fe26fff410778e629f13bd955b26918d/element'
14:21:48.881 [AsyncHttpClient-1-2] DEBUG org.asynchttpclient.netty.handler.HttpHandler - 

Request DefaultHttpRequest(decodeResult: success, version: HTTP/1.1)
POST /session/fe26fff410778e629f13bd955b26918d/element HTTP/1.1
User-Agent: selenium/4.1.2 (java windows)
Content-Length: 56
Content-Type: application/json; charset=utf-8
host: localhost:60635
accept: */*

Response DefaultHttpResponse(decodeResult: success, version: HTTP/1.1)
HTTP/1.1 200 OK
Content-Type: application/json; charset=utf-8
cache-control: no-cache
content-length: 88

14:21:48.881 [AsyncHttpClient-1-2] DEBUG org.asynchttpclient.netty.channel.ChannelManager - Adding key: http://localhost:60635 for channel [id: 0xe96c301d, L:/127.0.0.1:51495 - R:localhost/127.0.0.1:60635]
14:21:48.895 [Forwarding clearElement on session fe26fff410778e629f13bd955b26918d to remote] DEBUG org.asynchttpclient.netty.request.NettyRequestSender - Using pooled Channel '[id: 0xe96c301d, L:/127.0.0.1:51495 - R:localhost/127.0.0.1:60635]' for 'POST' to 'http://localhost:60635/session/fe26fff410778e629f13bd955b26918d/element/ffa3ebc0-3643-4343-b886-f48124015479/clear'
14:21:48.895 [Forwarding clearElement on session fe26fff410778e629f13bd955b26918d to remote] DEBUG org.asynchttpclient.netty.request.NettyRequestSender - Using open Channel [id: 0xe96c301d, L:/127.0.0.1:51495 - R:localhost/127.0.0.1:60635] for POST '/session/fe26fff410778e629f13bd955b26918d/element/ffa3ebc0-3643-4343-b886-f48124015479/clear'
14:21:48.935 [AsyncHttpClient-1-2] DEBUG org.asynchttpclient.netty.handler.HttpHandler - 

Request DefaultHttpRequest(decodeResult: success, version: HTTP/1.1)
POST /session/fe26fff410778e629f13bd955b26918d/element/ffa3ebc0-3643-4343-b886-f48124015479/clear HTTP/1.1
User-Agent: selenium/4.1.2 (java windows)
Content-Length: 50
Content-Type: application/json; charset=utf-8
host: localhost:60635
accept: */*

Response DefaultHttpResponse(decodeResult: success, version: HTTP/1.1)
HTTP/1.1 200 OK
Content-Type: application/json; charset=utf-8
cache-control: no-cache
content-length: 14

14:21:48.935 [AsyncHttpClient-1-2] DEBUG org.asynchttpclient.netty.channel.ChannelManager - Adding key: http://localhost:60635 for channel [id: 0xe96c301d, L:/127.0.0.1:51495 - R:localhost/127.0.0.1:60635]
14:21:48.947 [Forwarding sendKeysToElement on session fe26fff410778e629f13bd955b26918d to remote] DEBUG org.asynchttpclient.netty.request.NettyRequestSender - Using pooled Channel '[id: 0xe96c301d, L:/127.0.0.1:51495 - R:localhost/127.0.0.1:60635]' for 'POST' to 'http://localhost:60635/session/fe26fff410778e629f13bd955b26918d/element/ffa3ebc0-3643-4343-b886-f48124015479/value'
14:21:48.947 [Forwarding sendKeysToElement on session fe26fff410778e629f13bd955b26918d to remote] DEBUG org.asynchttpclient.netty.request.NettyRequestSender - Using open Channel [id: 0xe96c301d, L:/127.0.0.1:51495 - R:localhost/127.0.0.1:60635] for POST '/session/fe26fff410778e629f13bd955b26918d/element/ffa3ebc0-3643-4343-b886-f48124015479/value'
14:21:49.033 [AsyncHttpClient-1-2] DEBUG org.asynchttpclient.netty.handler.HttpHandler - 

Request DefaultHttpRequest(decodeResult: success, version: HTTP/1.1)
POST /session/fe26fff410778e629f13bd955b26918d/element/ffa3ebc0-3643-4343-b886-f48124015479/value HTTP/1.1
User-Agent: selenium/4.1.2 (java windows)
Content-Length: 211
Content-Type: application/json; charset=utf-8
host: localhost:60635
accept: */*

Response DefaultHttpResponse(decodeResult: success, version: HTTP/1.1)
HTTP/1.1 200 OK
Content-Type: application/json; charset=utf-8
cache-control: no-cache
content-length: 14

14:21:49.041 [AsyncHttpClient-1-2] DEBUG org.asynchttpclient.netty.channel.ChannelManager - Adding key: http://localhost:60635 for channel [id: 0xe96c301d, L:/127.0.0.1:51495 - R:localhost/127.0.0.1:60635]
14:21:49.049 [Forwarding screenshot on session fe26fff410778e629f13bd955b26918d to remote] DEBUG org.asynchttpclient.netty.request.NettyRequestSender - Using pooled Channel '[id: 0xe96c301d, L:/127.0.0.1:51495 - R:localhost/127.0.0.1:60635]' for 'GET' to 'http://localhost:60635/session/fe26fff410778e629f13bd955b26918d/screenshot'
14:21:49.049 [Forwarding screenshot on session fe26fff410778e629f13bd955b26918d to remote] DEBUG org.asynchttpclient.netty.request.NettyRequestSender - Using open Channel [id: 0xe96c301d, L:/127.0.0.1:51495 - R:localhost/127.0.0.1:60635] for GET '/session/fe26fff410778e629f13bd955b26918d/screenshot'
14:21:49.193 [AsyncHttpClient-1-2] DEBUG org.asynchttpclient.netty.handler.HttpHandler - 

Request DefaultFullHttpRequest(decodeResult: success, version: HTTP/1.1, content: EmptyByteBufBE)
GET /session/fe26fff410778e629f13bd955b26918d/screenshot HTTP/1.1
User-Agent: selenium/4.1.2 (java windows)
Cache-Control: no-cache
Content-Type: application/json; charset=utf-8
host: localhost:60635
accept: */*

Response DefaultHttpResponse(decodeResult: success, version: HTTP/1.1)
HTTP/1.1 200 OK
Content-Type: application/json; charset=utf-8
cache-control: no-cache
content-length: 129492

14:21:49.193 [AsyncHttpClient-1-2] DEBUG org.asynchttpclient.netty.channel.ChannelManager - Adding key: http://localhost:60635 for channel [id: 0xe96c301d, L:/127.0.0.1:51495 - R:localhost/127.0.0.1:60635]
14:21:49.209 [main] DEBUG net.serenitybdd.core.photography.Darkroom - Send negative for processing for target\site\serenity\b2db95fc49381e1e3fb7e34dad3bf7f6d3f7745d5b89bad83100ba0e716884e3.png
14:21:49.209 [main] DEBUG net.thucydides.core.steps.StepInterceptor - STEP DONE: inputUsername
  &amp#27;[32mWhen &amp#27;[0m&amp#27;[32mI Input valid username&amp#27;[0m       &amp#27;[90m# starter.stepdefinition.LoginStepdefs.iInputValidUsername()&amp#27;[0m
14:21:49.209 [Darkroom Processing Line] DEBUG net.serenitybdd.core.photography.DarkroomProcessingLine - Processing screenshot image in /var/screenshots/screenshot-5405064637789577468
14:21:49.209 [Darkroom Processing Line] DEBUG net.serenitybdd.core.photography.DarkroomProcessingLine - Saving screenshot to target\site\serenity\b2db95fc49381e1e3fb7e34dad3bf7f6d3f7745d5b89bad83100ba0e716884e3.png
14:21:49.224 [main] DEBUG net.thucydides.core.steps.StepInterceptor - STARTING STEP: LoginStepdefs.iInputValidPassword - inputPassword
14:21:49.224 [Forwarding findElement on session fe26fff410778e629f13bd955b26918d to remote] DEBUG org.asynchttpclient.netty.request.NettyRequestSender - Using pooled Channel '[id: 0xe96c301d, L:/127.0.0.1:51495 - R:localhost/127.0.0.1:60635]' for 'POST' to 'http://localhost:60635/session/fe26fff410778e629f13bd955b26918d/element'
14:21:49.224 [Forwarding findElement on session fe26fff410778e629f13bd955b26918d to remote] DEBUG org.asynchttpclient.netty.request.NettyRequestSender - Using open Channel [id: 0xe96c301d, L:/127.0.0.1:51495 - R:localhost/127.0.0.1:60635] for POST '/session/fe26fff410778e629f13bd955b26918d/element'
14:21:49.240 [AsyncHttpClient-1-1] DEBUG org.asynchttpclient.netty.channel.DefaultChannelPool - Entry count for : http://localhost:51496 : 1
14:21:49.240 [AsyncHttpClient-1-2] DEBUG org.asynchttpclient.netty.handler.HttpHandler - 

Request DefaultHttpRequest(decodeResult: success, version: HTTP/1.1)
POST /session/fe26fff410778e629f13bd955b26918d/element HTTP/1.1
User-Agent: selenium/4.1.2 (java windows)
Content-Length: 70
Content-Type: application/json; charset=utf-8
host: localhost:60635
accept: */*

Response DefaultHttpResponse(decodeResult: success, version: HTTP/1.1)
HTTP/1.1 200 OK
Content-Type: application/json; charset=utf-8
cache-control: no-cache
content-length: 88

14:21:49.240 [AsyncHttpClient-1-2] DEBUG org.asynchttpclient.netty.channel.ChannelManager - Adding key: http://localhost:60635 for channel [id: 0xe96c301d, L:/127.0.0.1:51495 - R:localhost/127.0.0.1:60635]
14:21:49.240 [Forwarding clearElement on session fe26fff410778e629f13bd955b26918d to remote] DEBUG org.asynchttpclient.netty.request.NettyRequestSender - Using pooled Channel '[id: 0xe96c301d, L:/127.0.0.1:51495 - R:localhost/127.0.0.1:60635]' for 'POST' to 'http://localhost:60635/session/fe26fff410778e629f13bd955b26918d/element/033d590e-4517-4486-9693-04a27ac427c7/clear'
14:21:49.240 [Forwarding clearElement on session fe26fff410778e629f13bd955b26918d to remote] DEBUG org.asynchttpclient.netty.request.NettyRequestSender - Using open Channel [id: 0xe96c301d, L:/127.0.0.1:51495 - R:localhost/127.0.0.1:60635] for POST '/session/fe26fff410778e629f13bd955b26918d/element/033d590e-4517-4486-9693-04a27ac427c7/clear'
14:21:49.289 [AsyncHttpClient-1-2] DEBUG org.asynchttpclient.netty.handler.HttpHandler - 

Request DefaultHttpRequest(decodeResult: success, version: HTTP/1.1)
POST /session/fe26fff410778e629f13bd955b26918d/element/033d590e-4517-4486-9693-04a27ac427c7/clear HTTP/1.1
User-Agent: selenium/4.1.2 (java windows)
Content-Length: 50
Content-Type: application/json; charset=utf-8
host: localhost:60635
accept: */*

Response DefaultHttpResponse(decodeResult: success, version: HTTP/1.1)
HTTP/1.1 200 OK
Content-Type: application/json; charset=utf-8
cache-control: no-cache
content-length: 14

14:21:49.289 [AsyncHttpClient-1-2] DEBUG org.asynchttpclient.netty.channel.ChannelManager - Adding key: http://localhost:60635 for channel [id: 0xe96c301d, L:/127.0.0.1:51495 - R:localhost/127.0.0.1:60635]
14:21:49.289 [Forwarding sendKeysToElement on session fe26fff410778e629f13bd955b26918d to remote] DEBUG org.asynchttpclient.netty.request.NettyRequestSender - Using pooled Channel '[id: 0xe96c301d, L:/127.0.0.1:51495 - R:localhost/127.0.0.1:60635]' for 'POST' to 'http://localhost:60635/session/fe26fff410778e629f13bd955b26918d/element/033d590e-4517-4486-9693-04a27ac427c7/value'
14:21:49.289 [Forwarding sendKeysToElement on session fe26fff410778e629f13bd955b26918d to remote] DEBUG org.asynchttpclient.netty.request.NettyRequestSender - Using open Channel [id: 0xe96c301d, L:/127.0.0.1:51495 - R:localhost/127.0.0.1:60635] for POST '/session/fe26fff410778e629f13bd955b26918d/element/033d590e-4517-4486-9693-04a27ac427c7/value'
14:21:49.360 [AsyncHttpClient-1-2] DEBUG org.asynchttpclient.netty.handler.HttpHandler - 

Request DefaultHttpRequest(decodeResult: success, version: HTTP/1.1)
POST /session/fe26fff410778e629f13bd955b26918d/element/033d590e-4517-4486-9693-04a27ac427c7/value HTTP/1.1
User-Agent: selenium/4.1.2 (java windows)
Content-Length: 201
Content-Type: application/json; charset=utf-8
host: localhost:60635
accept: */*

Response DefaultHttpResponse(decodeResult: success, version: HTTP/1.1)
HTTP/1.1 200 OK
Content-Type: application/json; charset=utf-8
cache-control: no-cache
content-length: 14

14:21:49.360 [AsyncHttpClient-1-2] DEBUG org.asynchttpclient.netty.channel.ChannelManager - Adding key: http://localhost:60635 for channel [id: 0xe96c301d, L:/127.0.0.1:51495 - R:localhost/127.0.0.1:60635]
14:21:49.368 [Forwarding screenshot on session fe26fff410778e629f13bd955b26918d to remote] DEBUG org.asynchttpclient.netty.request.NettyRequestSender - Using pooled Channel '[id: 0xe96c301d, L:/127.0.0.1:51495 - R:localhost/127.0.0.1:60635]' for 'GET' to 'http://localhost:60635/session/fe26fff410778e629f13bd955b26918d/screenshot'
14:21:49.368 [Forwarding screenshot on session fe26fff410778e629f13bd955b26918d to remote] DEBUG org.asynchttpclient.netty.request.NettyRequestSender - Using open Channel [id: 0xe96c301d, L:/127.0.0.1:51495 - R:localhost/127.0.0.1:60635] for GET '/session/fe26fff410778e629f13bd955b26918d/screenshot'
14:21:49.517 [AsyncHttpClient-1-2] DEBUG org.asynchttpclient.netty.handler.HttpHandler - 

Request DefaultFullHttpRequest(decodeResult: success, version: HTTP/1.1, content: EmptyByteBufBE)
GET /session/fe26fff410778e629f13bd955b26918d/screenshot HTTP/1.1
User-Agent: selenium/4.1.2 (java windows)
Cache-Control: no-cache
Content-Type: application/json; charset=utf-8
host: localhost:60635
accept: */*

Response DefaultHttpResponse(decodeResult: success, version: HTTP/1.1)
HTTP/1.1 200 OK
Content-Type: application/json; charset=utf-8
cache-control: no-cache
content-length: 126740

14:21:49.517 [AsyncHttpClient-1-2] DEBUG org.asynchttpclient.netty.channel.ChannelManager - Adding key: http://localhost:60635 for channel [id: 0xe96c301d, L:/127.0.0.1:51495 - R:localhost/127.0.0.1:60635]
14:21:49.517 [main] DEBUG net.serenitybdd.core.photography.Darkroom - Send negative for processing for target\site\serenity\3bce919b78dd7f43dc1e161fe23c1d84be9b92319b1582ea44d0e82a899dd684.png
14:21:49.529 [main] DEBUG net.thucydides.core.steps.StepInterceptor - STEP DONE: inputPassword
14:21:49.529 [Darkroom Processing Line] DEBUG net.serenitybdd.core.photography.DarkroomProcessingLine - Processing screenshot image in /var/screenshots/screenshot-1929411719817355636
  &amp#27;[32mAnd &amp#27;[0m&amp#27;[32mI Input valid password&amp#27;[0m        &amp#27;[90m# starter.stepdefinition.LoginStepdefs.iInputValidPassword()&amp#27;[0m
14:21:49.529 [Darkroom Processing Line] DEBUG net.serenitybdd.core.photography.DarkroomProcessingLine - Saving screenshot to target\site\serenity\3bce919b78dd7f43dc1e161fe23c1d84be9b92319b1582ea44d0e82a899dd684.png
14:21:49.545 [main] DEBUG net.thucydides.core.steps.StepInterceptor - STARTING STEP: LoginStepdefs.iClickButtonLogin - ClickButtonLogin
14:21:49.550 [Forwarding findElement on session fe26fff410778e629f13bd955b26918d to remote] DEBUG org.asynchttpclient.netty.request.NettyRequestSender - Using pooled Channel '[id: 0xe96c301d, L:/127.0.0.1:51495 - R:localhost/127.0.0.1:60635]' for 'POST' to 'http://localhost:60635/session/fe26fff410778e629f13bd955b26918d/element'
14:21:49.550 [Forwarding findElement on session fe26fff410778e629f13bd955b26918d to remote] DEBUG org.asynchttpclient.netty.request.NettyRequestSender - Using open Channel [id: 0xe96c301d, L:/127.0.0.1:51495 - R:localhost/127.0.0.1:60635] for POST '/session/fe26fff410778e629f13bd955b26918d/element'
14:21:49.561 [AsyncHttpClient-1-2] DEBUG org.asynchttpclient.netty.handler.HttpHandler - 

Request DefaultHttpRequest(decodeResult: success, version: HTTP/1.1)
POST /session/fe26fff410778e629f13bd955b26918d/element HTTP/1.1
User-Agent: selenium/4.1.2 (java windows)
Content-Length: 59
Content-Type: application/json; charset=utf-8
host: localhost:60635
accept: */*

Response DefaultHttpResponse(decodeResult: success, version: HTTP/1.1)
HTTP/1.1 200 OK
Content-Type: application/json; charset=utf-8
cache-control: no-cache
content-length: 88

14:21:49.561 [AsyncHttpClient-1-2] DEBUG org.asynchttpclient.netty.channel.ChannelManager - Adding key: http://localhost:60635 for channel [id: 0xe96c301d, L:/127.0.0.1:51495 - R:localhost/127.0.0.1:60635]
14:21:49.561 [Forwarding getElementTagName on session fe26fff410778e629f13bd955b26918d to remote] DEBUG org.asynchttpclient.netty.request.NettyRequestSender - Using pooled Channel '[id: 0xe96c301d, L:/127.0.0.1:51495 - R:localhost/127.0.0.1:60635]' for 'GET' to 'http://localhost:60635/session/fe26fff410778e629f13bd955b26918d/element/e64ad1af-5aa5-49f9-b8f6-4b32196acc7a/name'
14:21:49.561 [Forwarding getElementTagName on session fe26fff410778e629f13bd955b26918d to remote] DEBUG org.asynchttpclient.netty.request.NettyRequestSender - Using open Channel [id: 0xe96c301d, L:/127.0.0.1:51495 - R:localhost/127.0.0.1:60635] for GET '/session/fe26fff410778e629f13bd955b26918d/element/e64ad1af-5aa5-49f9-b8f6-4b32196acc7a/name'
14:21:49.561 [AsyncHttpClient-1-2] DEBUG org.asynchttpclient.netty.handler.HttpHandler - 

Request DefaultFullHttpRequest(decodeResult: success, version: HTTP/1.1, content: EmptyByteBufBE)
GET /session/fe26fff410778e629f13bd955b26918d/element/e64ad1af-5aa5-49f9-b8f6-4b32196acc7a/name HTTP/1.1
User-Agent: selenium/4.1.2 (java windows)
Cache-Control: no-cache
Content-Type: application/json; charset=utf-8
host: localhost:60635
accept: */*

Response DefaultHttpResponse(decodeResult: success, version: HTTP/1.1)
HTTP/1.1 200 OK
Content-Type: application/json; charset=utf-8
cache-control: no-cache
content-length: 17

14:21:49.561 [AsyncHttpClient-1-2] DEBUG org.asynchttpclient.netty.channel.ChannelManager - Adding key: http://localhost:60635 for channel [id: 0xe96c301d, L:/127.0.0.1:51495 - R:localhost/127.0.0.1:60635]
14:21:49.576 [Forwarding getElementTagName on session fe26fff410778e629f13bd955b26918d to remote] DEBUG org.asynchttpclient.netty.request.NettyRequestSender - Using pooled Channel '[id: 0xe96c301d, L:/127.0.0.1:51495 - R:localhost/127.0.0.1:60635]' for 'GET' to 'http://localhost:60635/session/fe26fff410778e629f13bd955b26918d/element/e64ad1af-5aa5-49f9-b8f6-4b32196acc7a/name'
14:21:49.576 [Forwarding getElementTagName on session fe26fff410778e629f13bd955b26918d to remote] DEBUG org.asynchttpclient.netty.request.NettyRequestSender - Using open Channel [id: 0xe96c301d, L:/127.0.0.1:51495 - R:localhost/127.0.0.1:60635] for GET '/session/fe26fff410778e629f13bd955b26918d/element/e64ad1af-5aa5-49f9-b8f6-4b32196acc7a/name'
14:21:49.584 [AsyncHttpClient-1-2] DEBUG org.asynchttpclient.netty.handler.HttpHandler - 

Request DefaultFullHttpRequest(decodeResult: success, version: HTTP/1.1, content: EmptyByteBufBE)
GET /session/fe26fff410778e629f13bd955b26918d/element/e64ad1af-5aa5-49f9-b8f6-4b32196acc7a/name HTTP/1.1
User-Agent: selenium/4.1.2 (java windows)
Cache-Control: no-cache
Content-Type: application/json; charset=utf-8
host: localhost:60635
accept: */*

Response DefaultHttpResponse(decodeResult: success, version: HTTP/1.1)
HTTP/1.1 200 OK
Content-Type: application/json; charset=utf-8
cache-control: no-cache
content-length: 17

14:21:49.584 [AsyncHttpClient-1-2] DEBUG org.asynchttpclient.netty.channel.ChannelManager - Adding key: http://localhost:60635 for channel [id: 0xe96c301d, L:/127.0.0.1:51495 - R:localhost/127.0.0.1:60635]
14:21:49.592 [Forwarding isElementEnabled on session fe26fff410778e629f13bd955b26918d to remote] DEBUG org.asynchttpclient.netty.request.NettyRequestSender - Using pooled Channel '[id: 0xe96c301d, L:/127.0.0.1:51495 - R:localhost/127.0.0.1:60635]' for 'GET' to 'http://localhost:60635/session/fe26fff410778e629f13bd955b26918d/element/e64ad1af-5aa5-49f9-b8f6-4b32196acc7a/enabled'
14:21:49.592 [Forwarding isElementEnabled on session fe26fff410778e629f13bd955b26918d to remote] DEBUG org.asynchttpclient.netty.request.NettyRequestSender - Using open Channel [id: 0xe96c301d, L:/127.0.0.1:51495 - R:localhost/127.0.0.1:60635] for GET '/session/fe26fff410778e629f13bd955b26918d/element/e64ad1af-5aa5-49f9-b8f6-4b32196acc7a/enabled'
14:21:49.601 [AsyncHttpClient-1-2] DEBUG org.asynchttpclient.netty.handler.HttpHandler - 

Request DefaultFullHttpRequest(decodeResult: success, version: HTTP/1.1, content: EmptyByteBufBE)
GET /session/fe26fff410778e629f13bd955b26918d/element/e64ad1af-5aa5-49f9-b8f6-4b32196acc7a/enabled HTTP/1.1
User-Agent: selenium/4.1.2 (java windows)
Cache-Control: no-cache
Content-Type: application/json; charset=utf-8
host: localhost:60635
accept: */*

Response DefaultHttpResponse(decodeResult: success, version: HTTP/1.1)
HTTP/1.1 200 OK
Content-Type: application/json; charset=utf-8
cache-control: no-cache
content-length: 14

14:21:49.601 [AsyncHttpClient-1-2] DEBUG org.asynchttpclient.netty.channel.ChannelManager - Adding key: http://localhost:60635 for channel [id: 0xe96c301d, L:/127.0.0.1:51495 - R:localhost/127.0.0.1:60635]
14:21:49.601 [Forwarding isElementEnabled on session fe26fff410778e629f13bd955b26918d to remote] DEBUG org.asynchttpclient.netty.request.NettyRequestSender - Using pooled Channel '[id: 0xe96c301d, L:/127.0.0.1:51495 - R:localhost/127.0.0.1:60635]' for 'GET' to 'http://localhost:60635/session/fe26fff410778e629f13bd955b26918d/element/e64ad1af-5aa5-49f9-b8f6-4b32196acc7a/enabled'
14:21:49.601 [Forwarding isElementEnabled on session fe26fff410778e629f13bd955b26918d to remote] DEBUG org.asynchttpclient.netty.request.NettyRequestSender - Using open Channel [id: 0xe96c301d, L:/127.0.0.1:51495 - R:localhost/127.0.0.1:60635] for GET '/session/fe26fff410778e629f13bd955b26918d/element/e64ad1af-5aa5-49f9-b8f6-4b32196acc7a/enabled'
14:21:49.616 [AsyncHttpClient-1-2] DEBUG org.asynchttpclient.netty.handler.HttpHandler - 

Request DefaultFullHttpRequest(decodeResult: success, version: HTTP/1.1, content: EmptyByteBufBE)
GET /session/fe26fff410778e629f13bd955b26918d/element/e64ad1af-5aa5-49f9-b8f6-4b32196acc7a/enabled HTTP/1.1
User-Agent: selenium/4.1.2 (java windows)
Cache-Control: no-cache
Content-Type: application/json; charset=utf-8
host: localhost:60635
accept: */*

Response DefaultHttpResponse(decodeResult: success, version: HTTP/1.1)
HTTP/1.1 200 OK
Content-Type: application/json; charset=utf-8
cache-control: no-cache
content-length: 14

14:21:49.616 [AsyncHttpClient-1-2] DEBUG org.asynchttpclient.netty.channel.ChannelManager - Adding key: http://localhost:60635 for channel [id: 0xe96c301d, L:/127.0.0.1:51495 - R:localhost/127.0.0.1:60635]
14:21:49.616 [Forwarding findElement on session fe26fff410778e629f13bd955b26918d to remote] DEBUG org.asynchttpclient.netty.request.NettyRequestSender - Using pooled Channel '[id: 0xe96c301d, L:/127.0.0.1:51495 - R:localhost/127.0.0.1:60635]' for 'POST' to 'http://localhost:60635/session/fe26fff410778e629f13bd955b26918d/element'
14:21:49.616 [Forwarding findElement on session fe26fff410778e629f13bd955b26918d to remote] DEBUG org.asynchttpclient.netty.request.NettyRequestSender - Using open Channel [id: 0xe96c301d, L:/127.0.0.1:51495 - R:localhost/127.0.0.1:60635] for POST '/session/fe26fff410778e629f13bd955b26918d/element'
14:21:49.631 [AsyncHttpClient-1-2] DEBUG org.asynchttpclient.netty.handler.HttpHandler - 

Request DefaultHttpRequest(decodeResult: success, version: HTTP/1.1)
POST /session/fe26fff410778e629f13bd955b26918d/element HTTP/1.1
User-Agent: selenium/4.1.2 (java windows)
Content-Length: 59
Content-Type: application/json; charset=utf-8
host: localhost:60635
accept: */*

Response DefaultHttpResponse(decodeResult: success, version: HTTP/1.1)
HTTP/1.1 200 OK
Content-Type: application/json; charset=utf-8
cache-control: no-cache
content-length: 88

14:21:49.631 [AsyncHttpClient-1-2] DEBUG org.asynchttpclient.netty.channel.ChannelManager - Adding key: http://localhost:60635 for channel [id: 0xe96c301d, L:/127.0.0.1:51495 - R:localhost/127.0.0.1:60635]
14:21:49.631 [Forwarding clickElement on session fe26fff410778e629f13bd955b26918d to remote] DEBUG org.asynchttpclient.netty.request.NettyRequestSender - Using pooled Channel '[id: 0xe96c301d, L:/127.0.0.1:51495 - R:localhost/127.0.0.1:60635]' for 'POST' to 'http://localhost:60635/session/fe26fff410778e629f13bd955b26918d/element/e64ad1af-5aa5-49f9-b8f6-4b32196acc7a/click'
14:21:49.631 [Forwarding clickElement on session fe26fff410778e629f13bd955b26918d to remote] DEBUG org.asynchttpclient.netty.request.NettyRequestSender - Using open Channel [id: 0xe96c301d, L:/127.0.0.1:51495 - R:localhost/127.0.0.1:60635] for POST '/session/fe26fff410778e629f13bd955b26918d/element/e64ad1af-5aa5-49f9-b8f6-4b32196acc7a/click'
14:21:49.779 [AsyncHttpClient-1-2] DEBUG org.asynchttpclient.netty.handler.HttpHandler - 

Request DefaultHttpRequest(decodeResult: success, version: HTTP/1.1)
POST /session/fe26fff410778e629f13bd955b26918d/element/e64ad1af-5aa5-49f9-b8f6-4b32196acc7a/click HTTP/1.1
User-Agent: selenium/4.1.2 (java windows)
Content-Length: 50
Content-Type: application/json; charset=utf-8
host: localhost:60635
accept: */*

Response DefaultHttpResponse(decodeResult: success, version: HTTP/1.1)
HTTP/1.1 200 OK
Content-Type: application/json; charset=utf-8
cache-control: no-cache
content-length: 14

14:21:49.779 [AsyncHttpClient-1-2] DEBUG org.asynchttpclient.netty.channel.ChannelManager - Adding key: http://localhost:60635 for channel [id: 0xe96c301d, L:/127.0.0.1:51495 - R:localhost/127.0.0.1:60635]
14:21:49.787 [Forwarding screenshot on session fe26fff410778e629f13bd955b26918d to remote] DEBUG org.asynchttpclient.netty.request.NettyRequestSender - Using pooled Channel '[id: 0xe96c301d, L:/127.0.0.1:51495 - R:localhost/127.0.0.1:60635]' for 'GET' to 'http://localhost:60635/session/fe26fff410778e629f13bd955b26918d/screenshot'
14:21:49.787 [Forwarding screenshot on session fe26fff410778e629f13bd955b26918d to remote] DEBUG org.asynchttpclient.netty.request.NettyRequestSender - Using open Channel [id: 0xe96c301d, L:/127.0.0.1:51495 - R:localhost/127.0.0.1:60635] for GET '/session/fe26fff410778e629f13bd955b26918d/screenshot'
14:21:50.212 [AsyncHttpClient-1-2] DEBUG org.asynchttpclient.netty.handler.HttpHandler - 

Request DefaultFullHttpRequest(decodeResult: success, version: HTTP/1.1, content: EmptyByteBufBE)
GET /session/fe26fff410778e629f13bd955b26918d/screenshot HTTP/1.1
User-Agent: selenium/4.1.2 (java windows)
Cache-Control: no-cache
Content-Type: application/json; charset=utf-8
host: localhost:60635
accept: */*

Response DefaultHttpResponse(decodeResult: success, version: HTTP/1.1)
HTTP/1.1 200 OK
Content-Type: application/json; charset=utf-8
cache-control: no-cache
content-length: 452540

14:21:50.231 [AsyncHttpClient-1-2] DEBUG org.asynchttpclient.netty.channel.ChannelManager - Adding key: http://localhost:60635 for channel [id: 0xe96c301d, L:/127.0.0.1:51495 - R:localhost/127.0.0.1:60635]
14:21:50.255 [main] DEBUG net.serenitybdd.core.photography.Darkroom - Send negative for processing for target\site\serenity\858052bb0131474d7b06973444ea43304886894f223650b29dfef0b702945226.png
14:21:50.255 [main] DEBUG net.thucydides.core.steps.StepInterceptor - STEP DONE: ClickButtonLogin
14:21:50.255 [Darkroom Processing Line] DEBUG net.serenitybdd.core.photography.DarkroomProcessingLine - Processing screenshot image in /var/screenshots/screenshot-3065264980707648513
14:21:50.255 [Darkroom Processing Line] DEBUG net.serenitybdd.core.photography.DarkroomProcessingLine - Saving screenshot to target\site\serenity\858052bb0131474d7b06973444ea43304886894f223650b29dfef0b702945226.png
  &amp#27;[32mAnd &amp#27;[0m&amp#27;[32mI Click button login&amp#27;[0m          &amp#27;[90m# starter.stepdefinition.LoginStepdefs.iClickButtonLogin()&amp#27;[0m
14:21:50.272 [main] DEBUG net.thucydides.core.steps.StepInterceptor - STARTING STEP: LoginStepdefs.iCanSeeMyHomePage - ValidaitonHomePage
14:21:50.280 [Forwarding findElement on session fe26fff410778e629f13bd955b26918d to remote] DEBUG org.asynchttpclient.netty.request.NettyRequestSender - Using pooled Channel '[id: 0xe96c301d, L:/127.0.0.1:51495 - R:localhost/127.0.0.1:60635]' for 'POST' to 'http://localhost:60635/session/fe26fff410778e629f13bd955b26918d/element'
14:21:50.280 [Forwarding findElement on session fe26fff410778e629f13bd955b26918d to remote] DEBUG org.asynchttpclient.netty.request.NettyRequestSender - Using open Channel [id: 0xe96c301d, L:/127.0.0.1:51495 - R:localhost/127.0.0.1:60635] for POST '/session/fe26fff410778e629f13bd955b26918d/element'
14:21:50.296 [AsyncHttpClient-1-2] DEBUG org.asynchttpclient.netty.handler.HttpHandler - 

Request DefaultHttpRequest(decodeResult: success, version: HTTP/1.1)
POST /session/fe26fff410778e629f13bd955b26918d/element HTTP/1.1
User-Agent: selenium/4.1.2 (java windows)
Content-Length: 72
Content-Type: application/json; charset=utf-8
host: localhost:60635
accept: */*

Response DefaultHttpResponse(decodeResult: success, version: HTTP/1.1)
HTTP/1.1 200 OK
Content-Type: application/json; charset=utf-8
cache-control: no-cache
content-length: 88

14:21:50.296 [AsyncHttpClient-1-2] DEBUG org.asynchttpclient.netty.channel.ChannelManager - Adding key: http://localhost:60635 for channel [id: 0xe96c301d, L:/127.0.0.1:51495 - R:localhost/127.0.0.1:60635]
14:21:50.296 [Forwarding isElementDisplayed on session fe26fff410778e629f13bd955b26918d to remote] DEBUG org.asynchttpclient.netty.request.NettyRequestSender - Using pooled Channel '[id: 0xe96c301d, L:/127.0.0.1:51495 - R:localhost/127.0.0.1:60635]' for 'POST' to 'http://localhost:60635/session/fe26fff410778e629f13bd955b26918d/execute/sync'
14:21:50.296 [Forwarding isElementDisplayed on session fe26fff410778e629f13bd955b26918d to remote] DEBUG org.asynchttpclient.netty.request.NettyRequestSender - Using open Channel [id: 0xe96c301d, L:/127.0.0.1:51495 - R:localhost/127.0.0.1:60635] for POST '/session/fe26fff410778e629f13bd955b26918d/execute/sync'
14:21:50.320 [AsyncHttpClient-1-2] DEBUG org.asynchttpclient.netty.handler.HttpHandler - 

Request DefaultHttpRequest(decodeResult: success, version: HTTP/1.1)
POST /session/fe26fff410778e629f13bd955b26918d/execute/sync HTTP/1.1
User-Agent: selenium/4.1.2 (java windows)
Content-Length: 48780
Content-Type: application/json; charset=utf-8
host: localhost:60635
accept: */*

Response DefaultHttpResponse(decodeResult: success, version: HTTP/1.1)
HTTP/1.1 200 OK
Content-Type: application/json; charset=utf-8
cache-control: no-cache
content-length: 14

14:21:50.320 [AsyncHttpClient-1-2] DEBUG org.asynchttpclient.netty.channel.ChannelManager - Adding key: http://localhost:60635 for channel [id: 0xe96c301d, L:/127.0.0.1:51495 - R:localhost/127.0.0.1:60635]
14:21:50.328 [Forwarding screenshot on session fe26fff410778e629f13bd955b26918d to remote] DEBUG org.asynchttpclient.netty.request.NettyRequestSender - Using pooled Channel '[id: 0xe96c301d, L:/127.0.0.1:51495 - R:localhost/127.0.0.1:60635]' for 'GET' to 'http://localhost:60635/session/fe26fff410778e629f13bd955b26918d/screenshot'
14:21:50.328 [Forwarding screenshot on session fe26fff410778e629f13bd955b26918d to remote] DEBUG org.asynchttpclient.netty.request.NettyRequestSender - Using open Channel [id: 0xe96c301d, L:/127.0.0.1:51495 - R:localhost/127.0.0.1:60635] for GET '/session/fe26fff410778e629f13bd955b26918d/screenshot'
14:21:50.344 [AsyncHttpClient-1-1] DEBUG org.asynchttpclient.netty.channel.DefaultChannelPool - Entry count for : http://localhost:51496 : 1
14:21:50.548 [AsyncHttpClient-1-2] DEBUG org.asynchttpclient.netty.handler.HttpHandler - 

Request DefaultFullHttpRequest(decodeResult: success, version: HTTP/1.1, content: EmptyByteBufBE)
GET /session/fe26fff410778e629f13bd955b26918d/screenshot HTTP/1.1
User-Agent: selenium/4.1.2 (java windows)
Cache-Control: no-cache
Content-Type: application/json; charset=utf-8
host: localhost:60635
accept: */*

Response DefaultHttpResponse(decodeResult: success, version: HTTP/1.1)
HTTP/1.1 200 OK
Content-Type: application/json; charset=utf-8
cache-control: no-cache
content-length: 617464

14:21:50.548 [AsyncHttpClient-1-2] DEBUG org.asynchttpclient.netty.channel.ChannelManager - Adding key: http://localhost:60635 for channel [id: 0xe96c301d, L:/127.0.0.1:51495 - R:localhost/127.0.0.1:60635]
14:21:50.588 [main] DEBUG net.serenitybdd.core.photography.Darkroom - Send negative for processing for target\site\serenity\04dc69124c2f021c73ff4169c1b49deefcc574ef15e0daa7b009baaefee3e48f.png
14:21:50.588 [main] DEBUG net.thucydides.core.steps.StepInterceptor - STEP DONE: ValidaitonHomePage
  &amp#27;[32mThen &amp#27;[0m&amp#27;[32mI can see my home page&amp#27;[0m       &amp#27;[90m# starter.stepdefinition.LoginStepdefs.iCanSeeMyHomePage()&amp#27;[0m
14:21:50.588 [Darkroom Processing Line] DEBUG net.serenitybdd.core.photography.DarkroomProcessingLine - Processing screenshot image in /var/screenshots/screenshot-6682096003165447871
14:21:50.588 [Darkroom Processing Line] DEBUG net.serenitybdd.core.photography.DarkroomProcessingLine - Saving screenshot to target\site\serenity\04dc69124c2f021c73ff4169c1b49deefcc574ef15e0daa7b009baaefee3e48f.png
14:21:50.597 [main] INFO  - 
  _____   ___   ___   _____     ___     _     ___   ___   ___   ___  
 |_   _| | __| / __| |_   _|   | _ \   /_\   / __| / __| | __| |   \ 
   | |   | _|  \__ \   | |     |  _/  / _ \  \__ \ \__ \ | _|  | |) |
   |_|   |___| |___/   |_|     |_|   /_/ \_\ |___/ |___/ |___| |___/ 

User Login Successfully
----------------------------------------------------------------------
14:21:50.710 [Driver Command Executor] DEBUG org.asynchttpclient.netty.request.NettyRequestSender - Using pooled Channel '[id: 0xe96c301d, L:/127.0.0.1:51495 - R:localhost/127.0.0.1:60635]' for 'DELETE' to 'http://localhost:60635/session/fe26fff410778e629f13bd955b26918d'
14:21:50.710 [Driver Command Executor] DEBUG org.asynchttpclient.netty.request.NettyRequestSender - Using open Channel [id: 0xe96c301d, L:/127.0.0.1:51495 - R:localhost/127.0.0.1:60635] for DELETE '/session/fe26fff410778e629f13bd955b26918d'
14:21:50.710 [AsyncHttpClient-1-4] DEBUG org.asynchttpclient.netty.handler.WebSocketHandler - Channel Closed: [id: 0x7a7823d2, L:/127.0.0.1:51503 ! R:localhost/127.0.0.1:51496] with attribute NettyResponseFuture{currentRetry=5,
	isDone=1,
	isCancelled=0,
	asyncHandler=org.asynchttpclient.ws.WebSocketUpgradeHandler@1a286a5,
	nettyRequest=org.asynchttpclient.netty.request.NettyRequest@1167571,
	future=java.util.concurrent.CompletableFuture@8fe232[Completed normally],
	uri=ws://localhost:51496/devtools/browser/98ba0245-e20c-4f03-b224-27c0ec4ed18b,
	keepAlive=true,
	redirectCount=0,
	timeoutsHolder=null,
	inAuth=0,
	touch=1657264907909}
14:21:50.710 [AsyncHttpClient-1-4] DEBUG org.asynchttpclient.netty.channel.ChannelManager - Closing Channel [id: 0x7a7823d2, L:/127.0.0.1:51503 ! R:localhost/127.0.0.1:51496] 
14:21:50.747 [AsyncHttpClient-1-3] DEBUG org.asynchttpclient.netty.handler.HttpHandler - Unexpected I/O exception on channel [id: 0x464ffd2f, L:/127.0.0.1:51502 - R:localhost/127.0.0.1:51496]
java.io.IOException: An existing connection was forcibly closed by the remote host
	at sun.nio.ch.SocketDispatcher.read0(Native Method)
	at sun.nio.ch.SocketDispatcher.read(SocketDispatcher.java:43)
	at sun.nio.ch.IOUtil.readIntoNativeBuffer(IOUtil.java:223)
	at sun.nio.ch.IOUtil.read(IOUtil.java:192)
	at sun.nio.ch.SocketChannelImpl.read(SocketChannelImpl.java:378)
	at io.netty.buffer.PooledByteBuf.setBytes(PooledByteBuf.java:258)
	at io.netty.buffer.AbstractByteBuf.writeBytes(AbstractByteBuf.java:1132)
	at io.netty.channel.socket.nio.NioSocketChannel.doReadBytes(NioSocketChannel.java:350)
	at io.netty.channel.nio.AbstractNioByteChannel$NioByteUnsafe.read(AbstractNioByteChannel.java:151)
	at io.netty.channel.nio.NioEventLoop.processSelectedKey(NioEventLoop.java:722)
	at io.netty.channel.nio.NioEventLoop.processSelectedKeysOptimized(NioEventLoop.java:658)
	at io.netty.channel.nio.NioEventLoop.processSelectedKeys(NioEventLoop.java:584)
	at io.netty.channel.nio.NioEventLoop.run(NioEventLoop.java:496)
	at io.netty.util.concurrent.SingleThreadEventExecutor$4.run(SingleThreadEventExecutor.java:986)
	at io.netty.util.internal.ThreadExecutorMap$2.run(ThreadExecutorMap.java:74)
	at io.netty.util.concurrent.FastThreadLocalRunnable.run(FastThreadLocalRunnable.java:30)
	at java.lang.Thread.run(Thread.java:750)
14:21:50.747 [AsyncHttpClient-1-3] DEBUG org.asynchttpclient.netty.channel.ChannelManager - Closing Channel [id: 0x464ffd2f, L:/127.0.0.1:51502 - R:localhost/127.0.0.1:51496] 
14:21:50.762 [AsyncHttpClient-1-3] DEBUG org.asynchttpclient.netty.handler.HttpHandler - Channel Closed: [id: 0x464ffd2f, L:/127.0.0.1:51502 ! R:localhost/127.0.0.1:51496] with attribute DISCARD
14:21:50.778 [AsyncHttpClient-1-2] DEBUG org.asynchttpclient.netty.handler.HttpHandler - 

Request DefaultFullHttpRequest(decodeResult: success, version: HTTP/1.1, content: EmptyByteBufBE)
DELETE /session/fe26fff410778e629f13bd955b26918d HTTP/1.1
User-Agent: selenium/4.1.2 (java windows)
Content-Type: application/json; charset=utf-8
host: localhost:60635
accept: */*

Response DefaultHttpResponse(decodeResult: success, version: HTTP/1.1)
HTTP/1.1 200 OK
Content-Type: application/json; charset=utf-8
cache-control: no-cache
content-length: 14

14:21:50.778 [AsyncHttpClient-1-2] DEBUG org.asynchttpclient.netty.channel.ChannelManager - Adding key: http://localhost:60635 for channel [id: 0xe96c301d, L:/127.0.0.1:51495 - R:localhost/127.0.0.1:60635]
14:21:50.858 [AsyncHttpClient-1-2] DEBUG org.asynchttpclient.netty.handler.HttpHandler - Channel Closed: [id: 0xe96c301d, L:/127.0.0.1:51495 ! R:localhost/127.0.0.1:60635] with attribute DISCARD
]]></system-out>
    <system-err><![CDATA[Starting ChromeDriver 103.0.5060.53 (a1711811edd74ff1cf2150f36ffa3b0dae40b17f-refs/branch-heads/5060@{#853}) on port 60635
Only local connections are allowed.
Please see https://chromedriver.chromium.org/security-considerations for suggestions on keeping ChromeDriver safe.
ChromeDriver was started successfully.
Jul 08, 2022 2:21:47 PM org.openqa.selenium.remote.ProtocolHandshake createSession
INFO: Detected dialect: W3C
Jul 08, 2022 2:21:47 PM org.openqa.selenium.devtools.CdpVersionFinder findNearestMatch
WARNING: Unable to find an exact match for CDP version 103, so returning the closest version found: a no-op implementation
Jul 08, 2022 2:21:47 PM org.openqa.selenium.devtools.CdpVersionFinder findNearestMatch
INFO: Unable to find CDP implementation matching 103.
Jul 08, 2022 2:21:47 PM org.openqa.selenium.chromium.ChromiumDriver lambda$new$3
WARNING: Unable to find version of CDP to use for . You may need to include a dependency on a specific version of the CDP using something similar to `org.seleniumhq.selenium:selenium-devtools-v86:4.1.2` where the version ("v86") matches the version of the chromium-based browser you're using and the version number of the artifact is the same as Selenium's.
]]></system-err>
  </testcase>
  <testcase name="User Login Unsuccessfully" classname="Login - saucedemo.com" time="4.084">
    <system-out><![CDATA[
@Login-Feature @Login-Unsuccessfully
Scenario: User Login Unsuccessfully &amp#27;[90m# src/test/resources/features/Login.feature:16&amp#27;[0m
14:21:51.397 [main] INFO io.cucumber.core.plugin.SerenityReporter - Running feature from file:///D:/AUTOMATION%20TEST/WEB/web-automation-saucedemo-with-serenity/src/test/resources/features/Login.feature
14:21:51.397 [main] INFO  - 
  _____   ___   ___   _____     ___   _____     _     ___   _____   ___   ___  
 |_   _| | __| / __| |_   _|   / __| |_   _|   /_\   | _ \ |_   _| | __| |   \ 
   | |   | _|  \__ \   | |     \__ \   | |    / _ \  |   /   | |   | _|  | |) |
   |_|   |___| |___/   |_|     |___/   |_|   /_/ \_\ |_|_\   |_|   |___| |___/ 

User Login Unsuccessfully(login---saucedemo.com;user-login-unsuccessfully)
--------------------------------------------------------------------------------
14:21:51.413 [main] DEBUG net.thucydides.core.steps.StepInterceptor - STARTING STEP: LoginStepdefs.iOpenSaucedemoLoginPage - onPage
14:21:51.413 [main] INFO net.serenitybdd.core.webdriver.driverproviders.ChromeDriverProvider - Using automatically driver download
14:21:51.431 [AsyncHttpClient-1-1] DEBUG org.asynchttpclient.netty.channel.DefaultChannelPool - Entry count for : http://localhost:60635 : 1
14:21:51.431 [AsyncHttpClient-1-1] DEBUG org.asynchttpclient.netty.channel.DefaultChannelPool - Entry count for : http://localhost:51496 : 1
14:21:51.431 [AsyncHttpClient-1-1] DEBUG org.asynchttpclient.netty.channel.DefaultChannelPool - Adding Candidate expired Channel [id: 0xe96c301d, L:/127.0.0.1:51495 ! R:localhost/127.0.0.1:60635] isIdleTimeoutExpired=false isRemotelyClosed=true isTtlExpired=false
14:21:51.431 [AsyncHttpClient-1-1] DEBUG org.asynchttpclient.netty.channel.DefaultChannelPool - Closing Idle Channel [id: 0xe96c301d, L:/127.0.0.1:51495 ! R:localhost/127.0.0.1:60635]
14:21:51.431 [AsyncHttpClient-1-1] DEBUG org.asynchttpclient.netty.channel.DefaultChannelPool - Adding Candidate expired Channel [id: 0x464ffd2f, L:/127.0.0.1:51502 ! R:localhost/127.0.0.1:51496] isIdleTimeoutExpired=false isRemotelyClosed=true isTtlExpired=false
14:21:51.431 [AsyncHttpClient-1-1] DEBUG org.asynchttpclient.netty.channel.DefaultChannelPool - Closing Idle Channel [id: 0x464ffd2f, L:/127.0.0.1:51502 ! R:localhost/127.0.0.1:51496]
14:21:51.431 [AsyncHttpClient-1-1] DEBUG org.asynchttpclient.netty.channel.DefaultChannelPool - Closed 2 connections out of 2 in 0 ms
14:21:51.540 [main] DEBUG io.github.bonigarcia.wdm.cache.ResolutionCache - Resolution chrome=103 in cache (valid until 15:05:31 08/07/2022 ICT)
14:21:51.540 [main] DEBUG io.github.bonigarcia.wdm.cache.ResolutionCache - Resolution chrome103=103.0.5060.53 in cache (valid until 21:24:13 08/07/2022 ICT)
14:21:51.540 [main] INFO io.github.bonigarcia.wdm.WebDriverManager - Using chromedriver 103.0.5060.53 (resolved driver for Chrome 103)
14:21:51.556 [main] DEBUG io.github.bonigarcia.wdm.WebDriverManager - Driver chromedriver 103.0.5060.53 found in cache
14:21:51.556 [main] INFO io.github.bonigarcia.wdm.WebDriverManager - Exporting webdriver.chrome.driver as C:\Users\ASUS\.cache\selenium\chromedriver\win32\103.0.5060.53\chromedriver.exe
14:21:51.650 [main] DEBUG net.serenitybdd.core.webdriver.driverproviders.ProvideNewDriver - Instantiating driver
14:21:51.650 [main] DEBUG net.serenitybdd.core.webdriver.driverproviders.ProvideNewDriver - Driver capabilities: Capabilities {acceptInsecureCerts: false, base.url: https://www.saucedemo.com/, browserName: chrome, chrome.driver: src/test/resources/webdrive..., driver: chrome, goog:chromeOptions: {args: [], extensions: []}}
14:21:52.193 [AsyncHttpClient-1-5] DEBUG org.asynchttpclient.netty.channel.NettyConnectListener - Using new Channel '[id: 0x71c2d604, L:/127.0.0.1:51515 - R:localhost/127.0.0.1:61064]' for 'POST' to '/session'
14:21:52.928 [AsyncHttpClient-1-5] DEBUG org.asynchttpclient.netty.handler.HttpHandler - 

Request DefaultHttpRequest(decodeResult: success, version: HTTP/1.1)
POST /session HTTP/1.1
User-Agent: selenium/4.1.2 (java windows)
Content-Length: 612
Content-Type: application/json; charset=utf-8
host: localhost:61064
accept: */*

Response DefaultHttpResponse(decodeResult: success, version: HTTP/1.1)
HTTP/1.1 200 OK
Content-Type: application/json; charset=utf-8
cache-control: no-cache
content-length: 788

14:21:52.928 [AsyncHttpClient-1-5] DEBUG org.asynchttpclient.netty.channel.ChannelManager - Adding key: http://localhost:61064 for channel [id: 0x71c2d604, L:/127.0.0.1:51515 - R:localhost/127.0.0.1:61064]
14:21:52.928 [AsyncHttpClient-1-6] DEBUG org.asynchttpclient.netty.channel.NettyConnectListener - Using new Channel '[id: 0x8c5e983b, L:/127.0.0.1:51522 - R:localhost/127.0.0.1:51516]' for 'GET' to '/json/version'
14:21:52.928 [AsyncHttpClient-1-6] DEBUG org.asynchttpclient.netty.handler.HttpHandler - 

Request DefaultFullHttpRequest(decodeResult: success, version: HTTP/1.1, content: EmptyByteBufBE)
GET /json/version HTTP/1.1
User-Agent: selenium/4.1.2 (java windows)
host: localhost:51516
accept: */*

Response DefaultHttpResponse(decodeResult: success, version: HTTP/1.1)
HTTP/1.1 200 OK
Content-Type: application/json; charset=UTF-8
content-length: 429

14:21:52.944 [AsyncHttpClient-1-6] DEBUG org.asynchttpclient.netty.channel.ChannelManager - Adding key: http://localhost:51516 for channel [id: 0x8c5e983b, L:/127.0.0.1:51522 - R:localhost/127.0.0.1:51516]
14:21:52.944 [AsyncHttpClient-1-7] DEBUG org.asynchttpclient.netty.channel.NettyConnectListener - Using new Channel '[id: 0xb994cf4d, L:/127.0.0.1:51523 - R:localhost/127.0.0.1:51516]' for 'GET' to '/devtools/browser/50322a71-b49c-46c6-9c98-b89c38b99374'
14:21:52.944 [AsyncHttpClient-1-7] DEBUG org.asynchttpclient.netty.handler.WebSocketHandler - 

Request DefaultFullHttpRequest(decodeResult: success, version: HTTP/1.1, content: EmptyByteBufBE)
GET /devtools/browser/50322a71-b49c-46c6-9c98-b89c38b99374 HTTP/1.1
upgrade: websocket
connection: upgrade
sec-websocket-key: rOl/F5jeqd7Xj1RTSFqWtA==
sec-websocket-version: 13
origin: http://localhost:51516
host: localhost:51516
accept: */*
user-agent: AHC/2.1

Response DefaultHttpResponse(decodeResult: success, version: HTTP/1.1)
HTTP/1.1 101 WebSocket Protocol Handshake
Upgrade: WebSocket
Connection: Upgrade
Sec-WebSocket-Accept: Wy8S6k/lI3drOEW80DCIuy2DPbI=

14:21:52.944 [Forwarding get on session d70b313a987d5ecb0ebbb14680057910 to remote] DEBUG org.asynchttpclient.netty.request.NettyRequestSender - Using pooled Channel '[id: 0x71c2d604, L:/127.0.0.1:51515 - R:localhost/127.0.0.1:61064]' for 'POST' to 'http://localhost:61064/session/d70b313a987d5ecb0ebbb14680057910/url'
14:21:52.944 [Forwarding get on session d70b313a987d5ecb0ebbb14680057910 to remote] DEBUG org.asynchttpclient.netty.request.NettyRequestSender - Using open Channel [id: 0x71c2d604, L:/127.0.0.1:51515 - R:localhost/127.0.0.1:61064] for POST '/session/d70b313a987d5ecb0ebbb14680057910/url'
14:21:53.276 [AsyncHttpClient-1-5] DEBUG org.asynchttpclient.netty.handler.HttpHandler - 

Request DefaultHttpRequest(decodeResult: success, version: HTTP/1.1)
POST /session/d70b313a987d5ecb0ebbb14680057910/url HTTP/1.1
User-Agent: selenium/4.1.2 (java windows)
Content-Length: 56
Content-Type: application/json; charset=utf-8
host: localhost:61064
accept: */*

Response DefaultHttpResponse(decodeResult: success, version: HTTP/1.1)
HTTP/1.1 200 OK
Content-Type: application/json; charset=utf-8
cache-control: no-cache
content-length: 14

14:21:53.284 [AsyncHttpClient-1-5] DEBUG org.asynchttpclient.netty.channel.ChannelManager - Adding key: http://localhost:61064 for channel [id: 0x71c2d604, L:/127.0.0.1:51515 - R:localhost/127.0.0.1:61064]
14:21:53.284 [Forwarding setTimeout on session d70b313a987d5ecb0ebbb14680057910 to remote] DEBUG org.asynchttpclient.netty.request.NettyRequestSender - Using pooled Channel '[id: 0x71c2d604, L:/127.0.0.1:51515 - R:localhost/127.0.0.1:61064]' for 'POST' to 'http://localhost:61064/session/d70b313a987d5ecb0ebbb14680057910/timeouts'
14:21:53.284 [Forwarding setTimeout on session d70b313a987d5ecb0ebbb14680057910 to remote] DEBUG org.asynchttpclient.netty.request.NettyRequestSender - Using open Channel [id: 0x71c2d604, L:/127.0.0.1:51515 - R:localhost/127.0.0.1:61064] for POST '/session/d70b313a987d5ecb0ebbb14680057910/timeouts'
14:21:53.284 [AsyncHttpClient-1-5] DEBUG org.asynchttpclient.netty.handler.HttpHandler - 

Request DefaultHttpRequest(decodeResult: success, version: HTTP/1.1)
POST /session/d70b313a987d5ecb0ebbb14680057910/timeouts HTTP/1.1
User-Agent: selenium/4.1.2 (java windows)
Content-Length: 22
Content-Type: application/json; charset=utf-8
host: localhost:61064
accept: */*

Response DefaultHttpResponse(decodeResult: success, version: HTTP/1.1)
HTTP/1.1 200 OK
Content-Type: application/json; charset=utf-8
cache-control: no-cache
content-length: 14

14:21:53.284 [AsyncHttpClient-1-5] DEBUG org.asynchttpclient.netty.channel.ChannelManager - Adding key: http://localhost:61064 for channel [id: 0x71c2d604, L:/127.0.0.1:51515 - R:localhost/127.0.0.1:61064]
14:21:53.292 [Forwarding getCurrentUrl on session d70b313a987d5ecb0ebbb14680057910 to remote] DEBUG org.asynchttpclient.netty.request.NettyRequestSender - Using pooled Channel '[id: 0x71c2d604, L:/127.0.0.1:51515 - R:localhost/127.0.0.1:61064]' for 'GET' to 'http://localhost:61064/session/d70b313a987d5ecb0ebbb14680057910/url'
14:21:53.292 [Forwarding getCurrentUrl on session d70b313a987d5ecb0ebbb14680057910 to remote] DEBUG org.asynchttpclient.netty.request.NettyRequestSender - Using open Channel [id: 0x71c2d604, L:/127.0.0.1:51515 - R:localhost/127.0.0.1:61064] for GET '/session/d70b313a987d5ecb0ebbb14680057910/url'
14:21:53.301 [AsyncHttpClient-1-5] DEBUG org.asynchttpclient.netty.handler.HttpHandler - 

Request DefaultFullHttpRequest(decodeResult: success, version: HTTP/1.1, content: EmptyByteBufBE)
GET /session/d70b313a987d5ecb0ebbb14680057910/url HTTP/1.1
User-Agent: selenium/4.1.2 (java windows)
Cache-Control: no-cache
Content-Type: application/json; charset=utf-8
host: localhost:61064
accept: */*

Response DefaultHttpResponse(decodeResult: success, version: HTTP/1.1)
HTTP/1.1 200 OK
Content-Type: application/json; charset=utf-8
cache-control: no-cache
content-length: 38

14:21:53.301 [AsyncHttpClient-1-5] DEBUG org.asynchttpclient.netty.channel.ChannelManager - Adding key: http://localhost:61064 for channel [id: 0x71c2d604, L:/127.0.0.1:51515 - R:localhost/127.0.0.1:61064]
14:21:53.316 [Forwarding getCurrentUrl on session d70b313a987d5ecb0ebbb14680057910 to remote] DEBUG org.asynchttpclient.netty.request.NettyRequestSender - Using pooled Channel '[id: 0x71c2d604, L:/127.0.0.1:51515 - R:localhost/127.0.0.1:61064]' for 'GET' to 'http://localhost:61064/session/d70b313a987d5ecb0ebbb14680057910/url'
14:21:53.316 [Forwarding getCurrentUrl on session d70b313a987d5ecb0ebbb14680057910 to remote] DEBUG org.asynchttpclient.netty.request.NettyRequestSender - Using open Channel [id: 0x71c2d604, L:/127.0.0.1:51515 - R:localhost/127.0.0.1:61064] for GET '/session/d70b313a987d5ecb0ebbb14680057910/url'
14:21:53.324 [AsyncHttpClient-1-5] DEBUG org.asynchttpclient.netty.handler.HttpHandler - 

Request DefaultFullHttpRequest(decodeResult: success, version: HTTP/1.1, content: EmptyByteBufBE)
GET /session/d70b313a987d5ecb0ebbb14680057910/url HTTP/1.1
User-Agent: selenium/4.1.2 (java windows)
Cache-Control: no-cache
Content-Type: application/json; charset=utf-8
host: localhost:61064
accept: */*

Response DefaultHttpResponse(decodeResult: success, version: HTTP/1.1)
HTTP/1.1 200 OK
Content-Type: application/json; charset=utf-8
cache-control: no-cache
content-length: 38

14:21:53.324 [AsyncHttpClient-1-5] DEBUG org.asynchttpclient.netty.channel.ChannelManager - Adding key: http://localhost:61064 for channel [id: 0x71c2d604, L:/127.0.0.1:51515 - R:localhost/127.0.0.1:61064]
14:21:53.332 [Forwarding screenshot on session d70b313a987d5ecb0ebbb14680057910 to remote] DEBUG org.asynchttpclient.netty.request.NettyRequestSender - Using pooled Channel '[id: 0x71c2d604, L:/127.0.0.1:51515 - R:localhost/127.0.0.1:61064]' for 'GET' to 'http://localhost:61064/session/d70b313a987d5ecb0ebbb14680057910/screenshot'
14:21:53.332 [Forwarding screenshot on session d70b313a987d5ecb0ebbb14680057910 to remote] DEBUG org.asynchttpclient.netty.request.NettyRequestSender - Using open Channel [id: 0x71c2d604, L:/127.0.0.1:51515 - R:localhost/127.0.0.1:61064] for GET '/session/d70b313a987d5ecb0ebbb14680057910/screenshot'
14:21:53.479 [AsyncHttpClient-1-5] DEBUG org.asynchttpclient.netty.handler.HttpHandler - 

Request DefaultFullHttpRequest(decodeResult: success, version: HTTP/1.1, content: EmptyByteBufBE)
GET /session/d70b313a987d5ecb0ebbb14680057910/screenshot HTTP/1.1
User-Agent: selenium/4.1.2 (java windows)
Cache-Control: no-cache
Content-Type: application/json; charset=utf-8
host: localhost:61064
accept: */*

Response DefaultHttpResponse(decodeResult: success, version: HTTP/1.1)
HTTP/1.1 200 OK
Content-Type: application/json; charset=utf-8
cache-control: no-cache
content-length: 127896

14:21:53.500 [AsyncHttpClient-1-5] DEBUG org.asynchttpclient.netty.channel.ChannelManager - Adding key: http://localhost:61064 for channel [id: 0x71c2d604, L:/127.0.0.1:51515 - R:localhost/127.0.0.1:61064]
14:21:53.508 [main] DEBUG net.serenitybdd.core.photography.Darkroom - Send negative for processing for target\site\serenity\e675aec8b881fb0ee76ec1e8d253f49af200eee0ccf2d1c4e953e1fb87ea3ebe.png
14:21:53.510 [main] DEBUG net.thucydides.core.steps.StepInterceptor - STEP DONE: onPage
14:21:53.517 [main] DEBUG net.thucydides.core.steps.StepInterceptor - STARTING STEP: LoginStepdefs.iOpenSaucedemoLoginPage - ValidationLogin
14:21:53.517 [Forwarding findElement on session d70b313a987d5ecb0ebbb14680057910 to remote] DEBUG org.asynchttpclient.netty.request.NettyRequestSender - Using pooled Channel '[id: 0x71c2d604, L:/127.0.0.1:51515 - R:localhost/127.0.0.1:61064]' for 'POST' to 'http://localhost:61064/session/d70b313a987d5ecb0ebbb14680057910/element'
14:21:53.517 [Forwarding findElement on session d70b313a987d5ecb0ebbb14680057910 to remote] DEBUG org.asynchttpclient.netty.request.NettyRequestSender - Using open Channel [id: 0x71c2d604, L:/127.0.0.1:51515 - R:localhost/127.0.0.1:61064] for POST '/session/d70b313a987d5ecb0ebbb14680057910/element'
14:21:53.533 [AsyncHttpClient-1-5] DEBUG org.asynchttpclient.netty.handler.HttpHandler - 

Request DefaultHttpRequest(decodeResult: success, version: HTTP/1.1)
POST /session/d70b313a987d5ecb0ebbb14680057910/element HTTP/1.1
User-Agent: selenium/4.1.2 (java windows)
Content-Length: 59
Content-Type: application/json; charset=utf-8
host: localhost:61064
accept: */*

Response DefaultHttpResponse(decodeResult: success, version: HTTP/1.1)
HTTP/1.1 200 OK
Content-Type: application/json; charset=utf-8
cache-control: no-cache
content-length: 88

14:21:53.533 [AsyncHttpClient-1-5] DEBUG org.asynchttpclient.netty.channel.ChannelManager - Adding key: http://localhost:61064 for channel [id: 0x71c2d604, L:/127.0.0.1:51515 - R:localhost/127.0.0.1:61064]
14:21:53.541 [Forwarding isElementDisplayed on session d70b313a987d5ecb0ebbb14680057910 to remote] DEBUG org.asynchttpclient.netty.request.NettyRequestSender - Using pooled Channel '[id: 0x71c2d604, L:/127.0.0.1:51515 - R:localhost/127.0.0.1:61064]' for 'POST' to 'http://localhost:61064/session/d70b313a987d5ecb0ebbb14680057910/execute/sync'
14:21:53.541 [Forwarding isElementDisplayed on session d70b313a987d5ecb0ebbb14680057910 to remote] DEBUG org.asynchttpclient.netty.request.NettyRequestSender - Using open Channel [id: 0x71c2d604, L:/127.0.0.1:51515 - R:localhost/127.0.0.1:61064] for POST '/session/d70b313a987d5ecb0ebbb14680057910/execute/sync'
14:21:53.549 [AsyncHttpClient-1-5] DEBUG org.asynchttpclient.netty.handler.HttpHandler - 

Request DefaultHttpRequest(decodeResult: success, version: HTTP/1.1)
POST /session/d70b313a987d5ecb0ebbb14680057910/execute/sync HTTP/1.1
User-Agent: selenium/4.1.2 (java windows)
Content-Length: 48780
Content-Type: application/json; charset=utf-8
host: localhost:61064
accept: */*

Response DefaultHttpResponse(decodeResult: success, version: HTTP/1.1)
HTTP/1.1 200 OK
Content-Type: application/json; charset=utf-8
cache-control: no-cache
content-length: 14

14:21:53.549 [AsyncHttpClient-1-5] DEBUG org.asynchttpclient.netty.channel.ChannelManager - Adding key: http://localhost:61064 for channel [id: 0x71c2d604, L:/127.0.0.1:51515 - R:localhost/127.0.0.1:61064]
14:21:53.565 [Forwarding screenshot on session d70b313a987d5ecb0ebbb14680057910 to remote] DEBUG org.asynchttpclient.netty.request.NettyRequestSender - Using pooled Channel '[id: 0x71c2d604, L:/127.0.0.1:51515 - R:localhost/127.0.0.1:61064]' for 'GET' to 'http://localhost:61064/session/d70b313a987d5ecb0ebbb14680057910/screenshot'
14:21:53.565 [Forwarding screenshot on session d70b313a987d5ecb0ebbb14680057910 to remote] DEBUG org.asynchttpclient.netty.request.NettyRequestSender - Using open Channel [id: 0x71c2d604, L:/127.0.0.1:51515 - R:localhost/127.0.0.1:61064] for GET '/session/d70b313a987d5ecb0ebbb14680057910/screenshot'
14:21:53.631 [AsyncHttpClient-1-1] DEBUG org.asynchttpclient.netty.channel.DefaultChannelPool - Entry count for : http://localhost:51516 : 1
14:21:53.696 [AsyncHttpClient-1-5] DEBUG org.asynchttpclient.netty.handler.HttpHandler - 

Request DefaultFullHttpRequest(decodeResult: success, version: HTTP/1.1, content: EmptyByteBufBE)
GET /session/d70b313a987d5ecb0ebbb14680057910/screenshot HTTP/1.1
User-Agent: selenium/4.1.2 (java windows)
Cache-Control: no-cache
Content-Type: application/json; charset=utf-8
host: localhost:61064
accept: */*

Response DefaultHttpResponse(decodeResult: success, version: HTTP/1.1)
HTTP/1.1 200 OK
Content-Type: application/json; charset=utf-8
cache-control: no-cache
content-length: 127896

14:21:53.701 [AsyncHttpClient-1-5] DEBUG org.asynchttpclient.netty.channel.ChannelManager - Adding key: http://localhost:61064 for channel [id: 0x71c2d604, L:/127.0.0.1:51515 - R:localhost/127.0.0.1:61064]
14:21:53.702 [main] DEBUG net.serenitybdd.core.photography.Darkroom - Send negative for processing for target\site\serenity\e675aec8b881fb0ee76ec1e8d253f49af200eee0ccf2d1c4e953e1fb87ea3ebe.png
14:21:53.702 [main] DEBUG net.thucydides.core.steps.StepInterceptor - STEP DONE: ValidationLogin
  &amp#27;[32mGiven &amp#27;[0m&amp#27;[32mI Open saucedemo Login Page&amp#27;[0m &amp#27;[90m# starter.stepdefinition.LoginStepdefs.iOpenSaucedemoLoginPage()&amp#27;[0m
14:21:53.719 [main] DEBUG net.thucydides.core.steps.StepInterceptor - STARTING STEP: LoginStepdefs.iInputWrongUsername - inputWrongUsername
14:21:53.721 [Forwarding findElement on session d70b313a987d5ecb0ebbb14680057910 to remote] DEBUG org.asynchttpclient.netty.request.NettyRequestSender - Using pooled Channel '[id: 0x71c2d604, L:/127.0.0.1:51515 - R:localhost/127.0.0.1:61064]' for 'POST' to 'http://localhost:61064/session/d70b313a987d5ecb0ebbb14680057910/element'
14:21:53.721 [Forwarding findElement on session d70b313a987d5ecb0ebbb14680057910 to remote] DEBUG org.asynchttpclient.netty.request.NettyRequestSender - Using open Channel [id: 0x71c2d604, L:/127.0.0.1:51515 - R:localhost/127.0.0.1:61064] for POST '/session/d70b313a987d5ecb0ebbb14680057910/element'
14:21:53.731 [AsyncHttpClient-1-5] DEBUG org.asynchttpclient.netty.handler.HttpHandler - 

Request DefaultHttpRequest(decodeResult: success, version: HTTP/1.1)
POST /session/d70b313a987d5ecb0ebbb14680057910/element HTTP/1.1
User-Agent: selenium/4.1.2 (java windows)
Content-Length: 56
Content-Type: application/json; charset=utf-8
host: localhost:61064
accept: */*

Response DefaultHttpResponse(decodeResult: success, version: HTTP/1.1)
HTTP/1.1 200 OK
Content-Type: application/json; charset=utf-8
cache-control: no-cache
content-length: 88

14:21:53.731 [AsyncHttpClient-1-5] DEBUG org.asynchttpclient.netty.channel.ChannelManager - Adding key: http://localhost:61064 for channel [id: 0x71c2d604, L:/127.0.0.1:51515 - R:localhost/127.0.0.1:61064]
14:21:53.731 [Forwarding clearElement on session d70b313a987d5ecb0ebbb14680057910 to remote] DEBUG org.asynchttpclient.netty.request.NettyRequestSender - Using pooled Channel '[id: 0x71c2d604, L:/127.0.0.1:51515 - R:localhost/127.0.0.1:61064]' for 'POST' to 'http://localhost:61064/session/d70b313a987d5ecb0ebbb14680057910/element/897cb836-67ae-431c-a2a4-5a408cbd59b7/clear'
14:21:53.731 [Forwarding clearElement on session d70b313a987d5ecb0ebbb14680057910 to remote] DEBUG org.asynchttpclient.netty.request.NettyRequestSender - Using open Channel [id: 0x71c2d604, L:/127.0.0.1:51515 - R:localhost/127.0.0.1:61064] for POST '/session/d70b313a987d5ecb0ebbb14680057910/element/897cb836-67ae-431c-a2a4-5a408cbd59b7/clear'
14:21:53.774 [AsyncHttpClient-1-5] DEBUG org.asynchttpclient.netty.handler.HttpHandler - 

Request DefaultHttpRequest(decodeResult: success, version: HTTP/1.1)
POST /session/d70b313a987d5ecb0ebbb14680057910/element/897cb836-67ae-431c-a2a4-5a408cbd59b7/clear HTTP/1.1
User-Agent: selenium/4.1.2 (java windows)
Content-Length: 50
Content-Type: application/json; charset=utf-8
host: localhost:61064
accept: */*

Response DefaultHttpResponse(decodeResult: success, version: HTTP/1.1)
HTTP/1.1 200 OK
Content-Type: application/json; charset=utf-8
cache-control: no-cache
content-length: 14

14:21:53.774 [AsyncHttpClient-1-5] DEBUG org.asynchttpclient.netty.channel.ChannelManager - Adding key: http://localhost:61064 for channel [id: 0x71c2d604, L:/127.0.0.1:51515 - R:localhost/127.0.0.1:61064]
14:21:53.778 [Forwarding sendKeysToElement on session d70b313a987d5ecb0ebbb14680057910 to remote] DEBUG org.asynchttpclient.netty.request.NettyRequestSender - Using pooled Channel '[id: 0x71c2d604, L:/127.0.0.1:51515 - R:localhost/127.0.0.1:61064]' for 'POST' to 'http://localhost:61064/session/d70b313a987d5ecb0ebbb14680057910/element/897cb836-67ae-431c-a2a4-5a408cbd59b7/value'
14:21:53.778 [Forwarding sendKeysToElement on session d70b313a987d5ecb0ebbb14680057910 to remote] DEBUG org.asynchttpclient.netty.request.NettyRequestSender - Using open Channel [id: 0x71c2d604, L:/127.0.0.1:51515 - R:localhost/127.0.0.1:61064] for POST '/session/d70b313a987d5ecb0ebbb14680057910/element/897cb836-67ae-431c-a2a4-5a408cbd59b7/value'
14:21:53.863 [AsyncHttpClient-1-5] DEBUG org.asynchttpclient.netty.handler.HttpHandler - 

Request DefaultHttpRequest(decodeResult: success, version: HTTP/1.1)
POST /session/d70b313a987d5ecb0ebbb14680057910/element/897cb836-67ae-431c-a2a4-5a408cbd59b7/value HTTP/1.1
User-Agent: selenium/4.1.2 (java windows)
Content-Length: 211
Content-Type: application/json; charset=utf-8
host: localhost:61064
accept: */*

Response DefaultHttpResponse(decodeResult: success, version: HTTP/1.1)
HTTP/1.1 200 OK
Content-Type: application/json; charset=utf-8
cache-control: no-cache
content-length: 14

14:21:53.863 [AsyncHttpClient-1-5] DEBUG org.asynchttpclient.netty.channel.ChannelManager - Adding key: http://localhost:61064 for channel [id: 0x71c2d604, L:/127.0.0.1:51515 - R:localhost/127.0.0.1:61064]
14:21:53.863 [Forwarding screenshot on session d70b313a987d5ecb0ebbb14680057910 to remote] DEBUG org.asynchttpclient.netty.request.NettyRequestSender - Using pooled Channel '[id: 0x71c2d604, L:/127.0.0.1:51515 - R:localhost/127.0.0.1:61064]' for 'GET' to 'http://localhost:61064/session/d70b313a987d5ecb0ebbb14680057910/screenshot'
14:21:53.863 [Forwarding screenshot on session d70b313a987d5ecb0ebbb14680057910 to remote] DEBUG org.asynchttpclient.netty.request.NettyRequestSender - Using open Channel [id: 0x71c2d604, L:/127.0.0.1:51515 - R:localhost/127.0.0.1:61064] for GET '/session/d70b313a987d5ecb0ebbb14680057910/screenshot'
14:21:53.994 [AsyncHttpClient-1-5] DEBUG org.asynchttpclient.netty.handler.HttpHandler - 

Request DefaultFullHttpRequest(decodeResult: success, version: HTTP/1.1, content: EmptyByteBufBE)
GET /session/d70b313a987d5ecb0ebbb14680057910/screenshot HTTP/1.1
User-Agent: selenium/4.1.2 (java windows)
Cache-Control: no-cache
Content-Type: application/json; charset=utf-8
host: localhost:61064
accept: */*

Response DefaultHttpResponse(decodeResult: success, version: HTTP/1.1)
HTTP/1.1 200 OK
Content-Type: application/json; charset=utf-8
cache-control: no-cache
content-length: 129368

14:21:53.994 [AsyncHttpClient-1-5] DEBUG org.asynchttpclient.netty.channel.ChannelManager - Adding key: http://localhost:61064 for channel [id: 0x71c2d604, L:/127.0.0.1:51515 - R:localhost/127.0.0.1:61064]
14:21:53.994 [main] DEBUG net.serenitybdd.core.photography.Darkroom - Send negative for processing for target\site\serenity\1f4832da4fa24eb1895bed6fa50d3e4ce1e2b6af8d66d33b070da0730cd62c1d.png
14:21:53.994 [main] DEBUG net.thucydides.core.steps.StepInterceptor - STEP DONE: inputWrongUsername
  &amp#27;[32mWhen &amp#27;[0m&amp#27;[32mI input wrong username&amp#27;[0m       &amp#27;[90m# starter.stepdefinition.LoginStepdefs.iInputWrongUsername()&amp#27;[0m
14:21:53.994 [Darkroom Processing Line] DEBUG net.serenitybdd.core.photography.DarkroomProcessingLine - Processing screenshot image in /var/screenshots/screenshot-8232016982345650684
14:21:53.994 [Darkroom Processing Line] DEBUG net.serenitybdd.core.photography.DarkroomProcessingLine - Saving screenshot to target\site\serenity\1f4832da4fa24eb1895bed6fa50d3e4ce1e2b6af8d66d33b070da0730cd62c1d.png
14:21:54.024 [main] DEBUG net.thucydides.core.steps.StepInterceptor - STARTING STEP: LoginStepdefs.iInputValidPassword - inputPassword
14:21:54.024 [Forwarding findElement on session d70b313a987d5ecb0ebbb14680057910 to remote] DEBUG org.asynchttpclient.netty.request.NettyRequestSender - Using pooled Channel '[id: 0x71c2d604, L:/127.0.0.1:51515 - R:localhost/127.0.0.1:61064]' for 'POST' to 'http://localhost:61064/session/d70b313a987d5ecb0ebbb14680057910/element'
14:21:54.024 [Forwarding findElement on session d70b313a987d5ecb0ebbb14680057910 to remote] DEBUG org.asynchttpclient.netty.request.NettyRequestSender - Using open Channel [id: 0x71c2d604, L:/127.0.0.1:51515 - R:localhost/127.0.0.1:61064] for POST '/session/d70b313a987d5ecb0ebbb14680057910/element'
14:21:54.040 [AsyncHttpClient-1-5] DEBUG org.asynchttpclient.netty.handler.HttpHandler - 

Request DefaultHttpRequest(decodeResult: success, version: HTTP/1.1)
POST /session/d70b313a987d5ecb0ebbb14680057910/element HTTP/1.1
User-Agent: selenium/4.1.2 (java windows)
Content-Length: 70
Content-Type: application/json; charset=utf-8
host: localhost:61064
accept: */*

Response DefaultHttpResponse(decodeResult: success, version: HTTP/1.1)
HTTP/1.1 200 OK
Content-Type: application/json; charset=utf-8
cache-control: no-cache
content-length: 88

14:21:54.040 [AsyncHttpClient-1-5] DEBUG org.asynchttpclient.netty.channel.ChannelManager - Adding key: http://localhost:61064 for channel [id: 0x71c2d604, L:/127.0.0.1:51515 - R:localhost/127.0.0.1:61064]
14:21:54.040 [Forwarding clearElement on session d70b313a987d5ecb0ebbb14680057910 to remote] DEBUG org.asynchttpclient.netty.request.NettyRequestSender - Using pooled Channel '[id: 0x71c2d604, L:/127.0.0.1:51515 - R:localhost/127.0.0.1:61064]' for 'POST' to 'http://localhost:61064/session/d70b313a987d5ecb0ebbb14680057910/element/b75a9aab-b181-4685-add1-4a3038235a77/clear'
14:21:54.040 [Forwarding clearElement on session d70b313a987d5ecb0ebbb14680057910 to remote] DEBUG org.asynchttpclient.netty.request.NettyRequestSender - Using open Channel [id: 0x71c2d604, L:/127.0.0.1:51515 - R:localhost/127.0.0.1:61064] for POST '/session/d70b313a987d5ecb0ebbb14680057910/element/b75a9aab-b181-4685-add1-4a3038235a77/clear'
14:21:54.078 [AsyncHttpClient-1-5] DEBUG org.asynchttpclient.netty.handler.HttpHandler - 

Request DefaultHttpRequest(decodeResult: success, version: HTTP/1.1)
POST /session/d70b313a987d5ecb0ebbb14680057910/element/b75a9aab-b181-4685-add1-4a3038235a77/clear HTTP/1.1
User-Agent: selenium/4.1.2 (java windows)
Content-Length: 50
Content-Type: application/json; charset=utf-8
host: localhost:61064
accept: */*

Response DefaultHttpResponse(decodeResult: success, version: HTTP/1.1)
HTTP/1.1 200 OK
Content-Type: application/json; charset=utf-8
cache-control: no-cache
content-length: 14

14:21:54.078 [AsyncHttpClient-1-5] DEBUG org.asynchttpclient.netty.channel.ChannelManager - Adding key: http://localhost:61064 for channel [id: 0x71c2d604, L:/127.0.0.1:51515 - R:localhost/127.0.0.1:61064]
14:21:54.078 [Forwarding sendKeysToElement on session d70b313a987d5ecb0ebbb14680057910 to remote] DEBUG org.asynchttpclient.netty.request.NettyRequestSender - Using pooled Channel '[id: 0x71c2d604, L:/127.0.0.1:51515 - R:localhost/127.0.0.1:61064]' for 'POST' to 'http://localhost:61064/session/d70b313a987d5ecb0ebbb14680057910/element/b75a9aab-b181-4685-add1-4a3038235a77/value'
14:21:54.078 [Forwarding sendKeysToElement on session d70b313a987d5ecb0ebbb14680057910 to remote] DEBUG org.asynchttpclient.netty.request.NettyRequestSender - Using open Channel [id: 0x71c2d604, L:/127.0.0.1:51515 - R:localhost/127.0.0.1:61064] for POST '/session/d70b313a987d5ecb0ebbb14680057910/element/b75a9aab-b181-4685-add1-4a3038235a77/value'
14:21:54.162 [AsyncHttpClient-1-5] DEBUG org.asynchttpclient.netty.handler.HttpHandler - 

Request DefaultHttpRequest(decodeResult: success, version: HTTP/1.1)
POST /session/d70b313a987d5ecb0ebbb14680057910/element/b75a9aab-b181-4685-add1-4a3038235a77/value HTTP/1.1
User-Agent: selenium/4.1.2 (java windows)
Content-Length: 201
Content-Type: application/json; charset=utf-8
host: localhost:61064
accept: */*

Response DefaultHttpResponse(decodeResult: success, version: HTTP/1.1)
HTTP/1.1 200 OK
Content-Type: application/json; charset=utf-8
cache-control: no-cache
content-length: 14

14:21:54.162 [AsyncHttpClient-1-5] DEBUG org.asynchttpclient.netty.channel.ChannelManager - Adding key: http://localhost:61064 for channel [id: 0x71c2d604, L:/127.0.0.1:51515 - R:localhost/127.0.0.1:61064]
14:21:54.170 [Forwarding screenshot on session d70b313a987d5ecb0ebbb14680057910 to remote] DEBUG org.asynchttpclient.netty.request.NettyRequestSender - Using pooled Channel '[id: 0x71c2d604, L:/127.0.0.1:51515 - R:localhost/127.0.0.1:61064]' for 'GET' to 'http://localhost:61064/session/d70b313a987d5ecb0ebbb14680057910/screenshot'
14:21:54.170 [Forwarding screenshot on session d70b313a987d5ecb0ebbb14680057910 to remote] DEBUG org.asynchttpclient.netty.request.NettyRequestSender - Using open Channel [id: 0x71c2d604, L:/127.0.0.1:51515 - R:localhost/127.0.0.1:61064] for GET '/session/d70b313a987d5ecb0ebbb14680057910/screenshot'
14:21:54.320 [AsyncHttpClient-1-5] DEBUG org.asynchttpclient.netty.handler.HttpHandler - 

Request DefaultFullHttpRequest(decodeResult: success, version: HTTP/1.1, content: EmptyByteBufBE)
GET /session/d70b313a987d5ecb0ebbb14680057910/screenshot HTTP/1.1
User-Agent: selenium/4.1.2 (java windows)
Cache-Control: no-cache
Content-Type: application/json; charset=utf-8
host: localhost:61064
accept: */*

Response DefaultHttpResponse(decodeResult: success, version: HTTP/1.1)
HTTP/1.1 200 OK
Content-Type: application/json; charset=utf-8
cache-control: no-cache
content-length: 126604

14:21:54.320 [AsyncHttpClient-1-5] DEBUG org.asynchttpclient.netty.channel.ChannelManager - Adding key: http://localhost:61064 for channel [id: 0x71c2d604, L:/127.0.0.1:51515 - R:localhost/127.0.0.1:61064]
14:21:54.333 [main] DEBUG net.serenitybdd.core.photography.Darkroom - Send negative for processing for target\site\serenity\96f0e35cad409c20d92bcc231ed625bd72552b8760e72eb5ee1d3533cd068d1e.png
14:21:54.333 [main] DEBUG net.thucydides.core.steps.StepInterceptor - STEP DONE: inputPassword
  &amp#27;[32mAnd &amp#27;[0m&amp#27;[32mI Input valid password&amp#27;[0m        &amp#27;[90m# starter.stepdefinition.LoginStepdefs.iInputValidPassword()&amp#27;[0m
14:21:54.333 [Darkroom Processing Line] DEBUG net.serenitybdd.core.photography.DarkroomProcessingLine - Processing screenshot image in /var/screenshots/screenshot-2230443680948771184
14:21:54.333 [Darkroom Processing Line] DEBUG net.serenitybdd.core.photography.DarkroomProcessingLine - Saving screenshot to target\site\serenity\96f0e35cad409c20d92bcc231ed625bd72552b8760e72eb5ee1d3533cd068d1e.png
14:21:54.333 [main] DEBUG net.thucydides.core.steps.StepInterceptor - STARTING STEP: LoginStepdefs.iClickButtonLogin - ClickButtonLogin
14:21:54.349 [Forwarding findElement on session d70b313a987d5ecb0ebbb14680057910 to remote] DEBUG org.asynchttpclient.netty.request.NettyRequestSender - Using pooled Channel '[id: 0x71c2d604, L:/127.0.0.1:51515 - R:localhost/127.0.0.1:61064]' for 'POST' to 'http://localhost:61064/session/d70b313a987d5ecb0ebbb14680057910/element'
14:21:54.349 [Forwarding findElement on session d70b313a987d5ecb0ebbb14680057910 to remote] DEBUG org.asynchttpclient.netty.request.NettyRequestSender - Using open Channel [id: 0x71c2d604, L:/127.0.0.1:51515 - R:localhost/127.0.0.1:61064] for POST '/session/d70b313a987d5ecb0ebbb14680057910/element'
14:21:54.357 [AsyncHttpClient-1-5] DEBUG org.asynchttpclient.netty.handler.HttpHandler - 

Request DefaultHttpRequest(decodeResult: success, version: HTTP/1.1)
POST /session/d70b313a987d5ecb0ebbb14680057910/element HTTP/1.1
User-Agent: selenium/4.1.2 (java windows)
Content-Length: 59
Content-Type: application/json; charset=utf-8
host: localhost:61064
accept: */*

Response DefaultHttpResponse(decodeResult: success, version: HTTP/1.1)
HTTP/1.1 200 OK
Content-Type: application/json; charset=utf-8
cache-control: no-cache
content-length: 88

14:21:54.357 [AsyncHttpClient-1-5] DEBUG org.asynchttpclient.netty.channel.ChannelManager - Adding key: http://localhost:61064 for channel [id: 0x71c2d604, L:/127.0.0.1:51515 - R:localhost/127.0.0.1:61064]
14:21:54.357 [Forwarding getElementTagName on session d70b313a987d5ecb0ebbb14680057910 to remote] DEBUG org.asynchttpclient.netty.request.NettyRequestSender - Using pooled Channel '[id: 0x71c2d604, L:/127.0.0.1:51515 - R:localhost/127.0.0.1:61064]' for 'GET' to 'http://localhost:61064/session/d70b313a987d5ecb0ebbb14680057910/element/463a2451-c2e4-4ba8-a674-c021342a1dfd/name'
14:21:54.357 [Forwarding getElementTagName on session d70b313a987d5ecb0ebbb14680057910 to remote] DEBUG org.asynchttpclient.netty.request.NettyRequestSender - Using open Channel [id: 0x71c2d604, L:/127.0.0.1:51515 - R:localhost/127.0.0.1:61064] for GET '/session/d70b313a987d5ecb0ebbb14680057910/element/463a2451-c2e4-4ba8-a674-c021342a1dfd/name'
14:21:54.357 [AsyncHttpClient-1-5] DEBUG org.asynchttpclient.netty.handler.HttpHandler - 

Request DefaultFullHttpRequest(decodeResult: success, version: HTTP/1.1, content: EmptyByteBufBE)
GET /session/d70b313a987d5ecb0ebbb14680057910/element/463a2451-c2e4-4ba8-a674-c021342a1dfd/name HTTP/1.1
User-Agent: selenium/4.1.2 (java windows)
Cache-Control: no-cache
Content-Type: application/json; charset=utf-8
host: localhost:61064
accept: */*

Response DefaultHttpResponse(decodeResult: success, version: HTTP/1.1)
HTTP/1.1 200 OK
Content-Type: application/json; charset=utf-8
cache-control: no-cache
content-length: 17

14:21:54.372 [AsyncHttpClient-1-5] DEBUG org.asynchttpclient.netty.channel.ChannelManager - Adding key: http://localhost:61064 for channel [id: 0x71c2d604, L:/127.0.0.1:51515 - R:localhost/127.0.0.1:61064]
14:21:54.374 [Forwarding getElementTagName on session d70b313a987d5ecb0ebbb14680057910 to remote] DEBUG org.asynchttpclient.netty.request.NettyRequestSender - Using pooled Channel '[id: 0x71c2d604, L:/127.0.0.1:51515 - R:localhost/127.0.0.1:61064]' for 'GET' to 'http://localhost:61064/session/d70b313a987d5ecb0ebbb14680057910/element/463a2451-c2e4-4ba8-a674-c021342a1dfd/name'
14:21:54.374 [Forwarding getElementTagName on session d70b313a987d5ecb0ebbb14680057910 to remote] DEBUG org.asynchttpclient.netty.request.NettyRequestSender - Using open Channel [id: 0x71c2d604, L:/127.0.0.1:51515 - R:localhost/127.0.0.1:61064] for GET '/session/d70b313a987d5ecb0ebbb14680057910/element/463a2451-c2e4-4ba8-a674-c021342a1dfd/name'
14:21:54.374 [AsyncHttpClient-1-5] DEBUG org.asynchttpclient.netty.handler.HttpHandler - 

Request DefaultFullHttpRequest(decodeResult: success, version: HTTP/1.1, content: EmptyByteBufBE)
GET /session/d70b313a987d5ecb0ebbb14680057910/element/463a2451-c2e4-4ba8-a674-c021342a1dfd/name HTTP/1.1
User-Agent: selenium/4.1.2 (java windows)
Cache-Control: no-cache
Content-Type: application/json; charset=utf-8
host: localhost:61064
accept: */*

Response DefaultHttpResponse(decodeResult: success, version: HTTP/1.1)
HTTP/1.1 200 OK
Content-Type: application/json; charset=utf-8
cache-control: no-cache
content-length: 17

14:21:54.374 [AsyncHttpClient-1-5] DEBUG org.asynchttpclient.netty.channel.ChannelManager - Adding key: http://localhost:61064 for channel [id: 0x71c2d604, L:/127.0.0.1:51515 - R:localhost/127.0.0.1:61064]
14:21:54.374 [Forwarding isElementEnabled on session d70b313a987d5ecb0ebbb14680057910 to remote] DEBUG org.asynchttpclient.netty.request.NettyRequestSender - Using pooled Channel '[id: 0x71c2d604, L:/127.0.0.1:51515 - R:localhost/127.0.0.1:61064]' for 'GET' to 'http://localhost:61064/session/d70b313a987d5ecb0ebbb14680057910/element/463a2451-c2e4-4ba8-a674-c021342a1dfd/enabled'
14:21:54.374 [Forwarding isElementEnabled on session d70b313a987d5ecb0ebbb14680057910 to remote] DEBUG org.asynchttpclient.netty.request.NettyRequestSender - Using open Channel [id: 0x71c2d604, L:/127.0.0.1:51515 - R:localhost/127.0.0.1:61064] for GET '/session/d70b313a987d5ecb0ebbb14680057910/element/463a2451-c2e4-4ba8-a674-c021342a1dfd/enabled'
14:21:54.394 [AsyncHttpClient-1-5] DEBUG org.asynchttpclient.netty.handler.HttpHandler - 

Request DefaultFullHttpRequest(decodeResult: success, version: HTTP/1.1, content: EmptyByteBufBE)
GET /session/d70b313a987d5ecb0ebbb14680057910/element/463a2451-c2e4-4ba8-a674-c021342a1dfd/enabled HTTP/1.1
User-Agent: selenium/4.1.2 (java windows)
Cache-Control: no-cache
Content-Type: application/json; charset=utf-8
host: localhost:61064
accept: */*

Response DefaultHttpResponse(decodeResult: success, version: HTTP/1.1)
HTTP/1.1 200 OK
Content-Type: application/json; charset=utf-8
cache-control: no-cache
content-length: 14

14:21:54.394 [AsyncHttpClient-1-5] DEBUG org.asynchttpclient.netty.channel.ChannelManager - Adding key: http://localhost:61064 for channel [id: 0x71c2d604, L:/127.0.0.1:51515 - R:localhost/127.0.0.1:61064]
14:21:54.394 [Forwarding isElementEnabled on session d70b313a987d5ecb0ebbb14680057910 to remote] DEBUG org.asynchttpclient.netty.request.NettyRequestSender - Using pooled Channel '[id: 0x71c2d604, L:/127.0.0.1:51515 - R:localhost/127.0.0.1:61064]' for 'GET' to 'http://localhost:61064/session/d70b313a987d5ecb0ebbb14680057910/element/463a2451-c2e4-4ba8-a674-c021342a1dfd/enabled'
14:21:54.394 [Forwarding isElementEnabled on session d70b313a987d5ecb0ebbb14680057910 to remote] DEBUG org.asynchttpclient.netty.request.NettyRequestSender - Using open Channel [id: 0x71c2d604, L:/127.0.0.1:51515 - R:localhost/127.0.0.1:61064] for GET '/session/d70b313a987d5ecb0ebbb14680057910/element/463a2451-c2e4-4ba8-a674-c021342a1dfd/enabled'
14:21:54.402 [AsyncHttpClient-1-5] DEBUG org.asynchttpclient.netty.handler.HttpHandler - 

Request DefaultFullHttpRequest(decodeResult: success, version: HTTP/1.1, content: EmptyByteBufBE)
GET /session/d70b313a987d5ecb0ebbb14680057910/element/463a2451-c2e4-4ba8-a674-c021342a1dfd/enabled HTTP/1.1
User-Agent: selenium/4.1.2 (java windows)
Cache-Control: no-cache
Content-Type: application/json; charset=utf-8
host: localhost:61064
accept: */*

Response DefaultHttpResponse(decodeResult: success, version: HTTP/1.1)
HTTP/1.1 200 OK
Content-Type: application/json; charset=utf-8
cache-control: no-cache
content-length: 14

14:21:54.402 [AsyncHttpClient-1-5] DEBUG org.asynchttpclient.netty.channel.ChannelManager - Adding key: http://localhost:61064 for channel [id: 0x71c2d604, L:/127.0.0.1:51515 - R:localhost/127.0.0.1:61064]
14:21:54.402 [Forwarding findElement on session d70b313a987d5ecb0ebbb14680057910 to remote] DEBUG org.asynchttpclient.netty.request.NettyRequestSender - Using pooled Channel '[id: 0x71c2d604, L:/127.0.0.1:51515 - R:localhost/127.0.0.1:61064]' for 'POST' to 'http://localhost:61064/session/d70b313a987d5ecb0ebbb14680057910/element'
14:21:54.402 [Forwarding findElement on session d70b313a987d5ecb0ebbb14680057910 to remote] DEBUG org.asynchttpclient.netty.request.NettyRequestSender - Using open Channel [id: 0x71c2d604, L:/127.0.0.1:51515 - R:localhost/127.0.0.1:61064] for POST '/session/d70b313a987d5ecb0ebbb14680057910/element'
14:21:54.417 [AsyncHttpClient-1-5] DEBUG org.asynchttpclient.netty.handler.HttpHandler - 

Request DefaultHttpRequest(decodeResult: success, version: HTTP/1.1)
POST /session/d70b313a987d5ecb0ebbb14680057910/element HTTP/1.1
User-Agent: selenium/4.1.2 (java windows)
Content-Length: 59
Content-Type: application/json; charset=utf-8
host: localhost:61064
accept: */*

Response DefaultHttpResponse(decodeResult: success, version: HTTP/1.1)
HTTP/1.1 200 OK
Content-Type: application/json; charset=utf-8
cache-control: no-cache
content-length: 88

14:21:54.417 [AsyncHttpClient-1-5] DEBUG org.asynchttpclient.netty.channel.ChannelManager - Adding key: http://localhost:61064 for channel [id: 0x71c2d604, L:/127.0.0.1:51515 - R:localhost/127.0.0.1:61064]
14:21:54.417 [Forwarding clickElement on session d70b313a987d5ecb0ebbb14680057910 to remote] DEBUG org.asynchttpclient.netty.request.NettyRequestSender - Using pooled Channel '[id: 0x71c2d604, L:/127.0.0.1:51515 - R:localhost/127.0.0.1:61064]' for 'POST' to 'http://localhost:61064/session/d70b313a987d5ecb0ebbb14680057910/element/463a2451-c2e4-4ba8-a674-c021342a1dfd/click'
14:21:54.417 [Forwarding clickElement on session d70b313a987d5ecb0ebbb14680057910 to remote] DEBUG org.asynchttpclient.netty.request.NettyRequestSender - Using open Channel [id: 0x71c2d604, L:/127.0.0.1:51515 - R:localhost/127.0.0.1:61064] for POST '/session/d70b313a987d5ecb0ebbb14680057910/element/463a2451-c2e4-4ba8-a674-c021342a1dfd/click'
14:21:54.493 [AsyncHttpClient-1-5] DEBUG org.asynchttpclient.netty.handler.HttpHandler - 

Request DefaultHttpRequest(decodeResult: success, version: HTTP/1.1)
POST /session/d70b313a987d5ecb0ebbb14680057910/element/463a2451-c2e4-4ba8-a674-c021342a1dfd/click HTTP/1.1
User-Agent: selenium/4.1.2 (java windows)
Content-Length: 50
Content-Type: application/json; charset=utf-8
host: localhost:61064
accept: */*

Response DefaultHttpResponse(decodeResult: success, version: HTTP/1.1)
HTTP/1.1 200 OK
Content-Type: application/json; charset=utf-8
cache-control: no-cache
content-length: 14

14:21:54.493 [AsyncHttpClient-1-5] DEBUG org.asynchttpclient.netty.channel.ChannelManager - Adding key: http://localhost:61064 for channel [id: 0x71c2d604, L:/127.0.0.1:51515 - R:localhost/127.0.0.1:61064]
14:21:54.501 [Forwarding screenshot on session d70b313a987d5ecb0ebbb14680057910 to remote] DEBUG org.asynchttpclient.netty.request.NettyRequestSender - Using pooled Channel '[id: 0x71c2d604, L:/127.0.0.1:51515 - R:localhost/127.0.0.1:61064]' for 'GET' to 'http://localhost:61064/session/d70b313a987d5ecb0ebbb14680057910/screenshot'
14:21:54.501 [Forwarding screenshot on session d70b313a987d5ecb0ebbb14680057910 to remote] DEBUG org.asynchttpclient.netty.request.NettyRequestSender - Using open Channel [id: 0x71c2d604, L:/127.0.0.1:51515 - R:localhost/127.0.0.1:61064] for GET '/session/d70b313a987d5ecb0ebbb14680057910/screenshot'
14:21:54.613 [AsyncHttpClient-1-5] DEBUG org.asynchttpclient.netty.handler.HttpHandler - 

Request DefaultFullHttpRequest(decodeResult: success, version: HTTP/1.1, content: EmptyByteBufBE)
GET /session/d70b313a987d5ecb0ebbb14680057910/screenshot HTTP/1.1
User-Agent: selenium/4.1.2 (java windows)
Cache-Control: no-cache
Content-Type: application/json; charset=utf-8
host: localhost:61064
accept: */*

Response DefaultHttpResponse(decodeResult: success, version: HTTP/1.1)
HTTP/1.1 200 OK
Content-Type: application/json; charset=utf-8
cache-control: no-cache
content-length: 141992

14:21:54.613 [AsyncHttpClient-1-5] DEBUG org.asynchttpclient.netty.channel.ChannelManager - Adding key: http://localhost:61064 for channel [id: 0x71c2d604, L:/127.0.0.1:51515 - R:localhost/127.0.0.1:61064]
14:21:54.628 [main] DEBUG net.serenitybdd.core.photography.Darkroom - Send negative for processing for target\site\serenity\61a447fb25458aa43d106624de97fd5ff2b9efbfd923a2d59c099afa3752f84e.png
14:21:54.628 [main] DEBUG net.thucydides.core.steps.StepInterceptor - STEP DONE: ClickButtonLogin
  &amp#27;[32mAnd &amp#27;[0m&amp#27;[32mI Click button login&amp#27;[0m          &amp#27;[90m# starter.stepdefinition.LoginStepdefs.iClickButtonLogin()&amp#27;[0m
14:21:54.628 [Darkroom Processing Line] DEBUG net.serenitybdd.core.photography.DarkroomProcessingLine - Processing screenshot image in /var/screenshots/screenshot-5309572863440226604
14:21:54.628 [Darkroom Processing Line] DEBUG net.serenitybdd.core.photography.DarkroomProcessingLine - Saving screenshot to target\site\serenity\61a447fb25458aa43d106624de97fd5ff2b9efbfd923a2d59c099afa3752f84e.png
14:21:54.632 [main] DEBUG net.thucydides.core.steps.StepInterceptor - STARTING STEP: LoginStepdefs.iCanSeeErrorMessage - ErroMessage
14:21:54.632 [Forwarding findElement on session d70b313a987d5ecb0ebbb14680057910 to remote] DEBUG org.asynchttpclient.netty.request.NettyRequestSender - Using pooled Channel '[id: 0x71c2d604, L:/127.0.0.1:51515 - R:localhost/127.0.0.1:61064]' for 'POST' to 'http://localhost:61064/session/d70b313a987d5ecb0ebbb14680057910/element'
14:21:54.632 [Forwarding findElement on session d70b313a987d5ecb0ebbb14680057910 to remote] DEBUG org.asynchttpclient.netty.request.NettyRequestSender - Using open Channel [id: 0x71c2d604, L:/127.0.0.1:51515 - R:localhost/127.0.0.1:61064] for POST '/session/d70b313a987d5ecb0ebbb14680057910/element'
14:21:54.647 [AsyncHttpClient-1-5] DEBUG org.asynchttpclient.netty.handler.HttpHandler - 

Request DefaultHttpRequest(decodeResult: success, version: HTTP/1.1)
POST /session/d70b313a987d5ecb0ebbb14680057910/element HTTP/1.1
User-Agent: selenium/4.1.2 (java windows)
Content-Length: 71
Content-Type: application/json; charset=utf-8
host: localhost:61064
accept: */*

Response DefaultHttpResponse(decodeResult: success, version: HTTP/1.1)
HTTP/1.1 200 OK
Content-Type: application/json; charset=utf-8
cache-control: no-cache
content-length: 88

14:21:54.647 [AsyncHttpClient-1-5] DEBUG org.asynchttpclient.netty.channel.ChannelManager - Adding key: http://localhost:61064 for channel [id: 0x71c2d604, L:/127.0.0.1:51515 - R:localhost/127.0.0.1:61064]
14:21:54.663 [Forwarding isElementDisplayed on session d70b313a987d5ecb0ebbb14680057910 to remote] DEBUG org.asynchttpclient.netty.request.NettyRequestSender - Using pooled Channel '[id: 0x71c2d604, L:/127.0.0.1:51515 - R:localhost/127.0.0.1:61064]' for 'POST' to 'http://localhost:61064/session/d70b313a987d5ecb0ebbb14680057910/execute/sync'
14:21:54.663 [Forwarding isElementDisplayed on session d70b313a987d5ecb0ebbb14680057910 to remote] DEBUG org.asynchttpclient.netty.request.NettyRequestSender - Using open Channel [id: 0x71c2d604, L:/127.0.0.1:51515 - R:localhost/127.0.0.1:61064] for POST '/session/d70b313a987d5ecb0ebbb14680057910/execute/sync'
14:21:54.681 [AsyncHttpClient-1-5] DEBUG org.asynchttpclient.netty.handler.HttpHandler - 

Request DefaultHttpRequest(decodeResult: success, version: HTTP/1.1)
POST /session/d70b313a987d5ecb0ebbb14680057910/execute/sync HTTP/1.1
User-Agent: selenium/4.1.2 (java windows)
Content-Length: 48780
Content-Type: application/json; charset=utf-8
host: localhost:61064
accept: */*

Response DefaultHttpResponse(decodeResult: success, version: HTTP/1.1)
HTTP/1.1 200 OK
Content-Type: application/json; charset=utf-8
cache-control: no-cache
content-length: 14

14:21:54.681 [AsyncHttpClient-1-5] DEBUG org.asynchttpclient.netty.channel.ChannelManager - Adding key: http://localhost:61064 for channel [id: 0x71c2d604, L:/127.0.0.1:51515 - R:localhost/127.0.0.1:61064]
14:21:54.681 [Forwarding screenshot on session d70b313a987d5ecb0ebbb14680057910 to remote] DEBUG org.asynchttpclient.netty.request.NettyRequestSender - Using pooled Channel '[id: 0x71c2d604, L:/127.0.0.1:51515 - R:localhost/127.0.0.1:61064]' for 'GET' to 'http://localhost:61064/session/d70b313a987d5ecb0ebbb14680057910/screenshot'
14:21:54.681 [Forwarding screenshot on session d70b313a987d5ecb0ebbb14680057910 to remote] DEBUG org.asynchttpclient.netty.request.NettyRequestSender - Using open Channel [id: 0x71c2d604, L:/127.0.0.1:51515 - R:localhost/127.0.0.1:61064] for GET '/session/d70b313a987d5ecb0ebbb14680057910/screenshot'
14:21:54.742 [AsyncHttpClient-1-1] DEBUG org.asynchttpclient.netty.channel.DefaultChannelPool - Entry count for : http://localhost:51516 : 1
14:21:54.803 [AsyncHttpClient-1-5] DEBUG org.asynchttpclient.netty.handler.HttpHandler - 

Request DefaultFullHttpRequest(decodeResult: success, version: HTTP/1.1, content: EmptyByteBufBE)
GET /session/d70b313a987d5ecb0ebbb14680057910/screenshot HTTP/1.1
User-Agent: selenium/4.1.2 (java windows)
Cache-Control: no-cache
Content-Type: application/json; charset=utf-8
host: localhost:61064
accept: */*

Response DefaultHttpResponse(decodeResult: success, version: HTTP/1.1)
HTTP/1.1 200 OK
Content-Type: application/json; charset=utf-8
cache-control: no-cache
content-length: 141992

14:21:54.803 [AsyncHttpClient-1-5] DEBUG org.asynchttpclient.netty.channel.ChannelManager - Adding key: http://localhost:61064 for channel [id: 0x71c2d604, L:/127.0.0.1:51515 - R:localhost/127.0.0.1:61064]
14:21:54.803 [main] DEBUG net.serenitybdd.core.photography.Darkroom - Send negative for processing for target\site\serenity\61a447fb25458aa43d106624de97fd5ff2b9efbfd923a2d59c099afa3752f84e.png
14:21:54.803 [main] DEBUG net.thucydides.core.steps.StepInterceptor - STEP DONE: ErroMessage
  &amp#27;[32mThen &amp#27;[0m&amp#27;[32mI can see error message&amp#27;[0m      &amp#27;[90m# starter.stepdefinition.LoginStepdefs.iCanSeeErrorMessage()&amp#27;[0m
14:21:54.813 [main] INFO  - 
  _____   ___   ___   _____     ___     _     ___   ___   ___   ___  
 |_   _| | __| / __| |_   _|   | _ \   /_\   / __| / __| | __| |   \ 
   | |   | _|  \__ \   | |     |  _/  / _ \  \__ \ \__ \ | _|  | |) |
   |_|   |___| |___/   |_|     |_|   /_/ \_\ |___/ |___/ |___| |___/ 

User Login Unsuccessfully
----------------------------------------------------------------------
14:21:54.813 [AsyncHttpClient-1-7] DEBUG org.asynchttpclient.netty.handler.WebSocketHandler - Channel Closed: [id: 0xb994cf4d, L:/127.0.0.1:51523 ! R:localhost/127.0.0.1:51516] with attribute NettyResponseFuture{currentRetry=5,
	isDone=1,
	isCancelled=0,
	asyncHandler=org.asynchttpclient.ws.WebSocketUpgradeHandler@184e260,
	nettyRequest=org.asynchttpclient.netty.request.NettyRequest@866ef4,
	future=java.util.concurrent.CompletableFuture@1cb59bd[Completed normally],
	uri=ws://localhost:51516/devtools/browser/50322a71-b49c-46c6-9c98-b89c38b99374,
	keepAlive=true,
	redirectCount=0,
	timeoutsHolder=null,
	inAuth=0,
	touch=1657264912944}
14:21:54.813 [Driver Command Executor] DEBUG org.asynchttpclient.netty.request.NettyRequestSender - Using pooled Channel '[id: 0x71c2d604, L:/127.0.0.1:51515 - R:localhost/127.0.0.1:61064]' for 'DELETE' to 'http://localhost:61064/session/d70b313a987d5ecb0ebbb14680057910'
14:21:54.813 [AsyncHttpClient-1-7] DEBUG org.asynchttpclient.netty.channel.ChannelManager - Closing Channel [id: 0xb994cf4d, L:/127.0.0.1:51523 ! R:localhost/127.0.0.1:51516] 
14:21:54.813 [Driver Command Executor] DEBUG org.asynchttpclient.netty.request.NettyRequestSender - Using open Channel [id: 0x71c2d604, L:/127.0.0.1:51515 - R:localhost/127.0.0.1:61064] for DELETE '/session/d70b313a987d5ecb0ebbb14680057910'
14:21:54.848 [AsyncHttpClient-1-6] DEBUG org.asynchttpclient.netty.handler.HttpHandler - Unexpected I/O exception on channel [id: 0x8c5e983b, L:/127.0.0.1:51522 - R:localhost/127.0.0.1:51516]
java.io.IOException: An existing connection was forcibly closed by the remote host
	at sun.nio.ch.SocketDispatcher.read0(Native Method)
	at sun.nio.ch.SocketDispatcher.read(SocketDispatcher.java:43)
	at sun.nio.ch.IOUtil.readIntoNativeBuffer(IOUtil.java:223)
	at sun.nio.ch.IOUtil.read(IOUtil.java:192)
	at sun.nio.ch.SocketChannelImpl.read(SocketChannelImpl.java:378)
	at io.netty.buffer.PooledByteBuf.setBytes(PooledByteBuf.java:258)
	at io.netty.buffer.AbstractByteBuf.writeBytes(AbstractByteBuf.java:1132)
	at io.netty.channel.socket.nio.NioSocketChannel.doReadBytes(NioSocketChannel.java:350)
	at io.netty.channel.nio.AbstractNioByteChannel$NioByteUnsafe.read(AbstractNioByteChannel.java:151)
	at io.netty.channel.nio.NioEventLoop.processSelectedKey(NioEventLoop.java:722)
	at io.netty.channel.nio.NioEventLoop.processSelectedKeysOptimized(NioEventLoop.java:658)
	at io.netty.channel.nio.NioEventLoop.processSelectedKeys(NioEventLoop.java:584)
	at io.netty.channel.nio.NioEventLoop.run(NioEventLoop.java:496)
	at io.netty.util.concurrent.SingleThreadEventExecutor$4.run(SingleThreadEventExecutor.java:986)
	at io.netty.util.internal.ThreadExecutorMap$2.run(ThreadExecutorMap.java:74)
	at io.netty.util.concurrent.FastThreadLocalRunnable.run(FastThreadLocalRunnable.java:30)
	at java.lang.Thread.run(Thread.java:750)
14:21:54.848 [AsyncHttpClient-1-6] DEBUG org.asynchttpclient.netty.channel.ChannelManager - Closing Channel [id: 0x8c5e983b, L:/127.0.0.1:51522 - R:localhost/127.0.0.1:51516] 
14:21:54.848 [AsyncHttpClient-1-6] DEBUG org.asynchttpclient.netty.handler.HttpHandler - Channel Closed: [id: 0x8c5e983b, L:/127.0.0.1:51522 ! R:localhost/127.0.0.1:51516] with attribute DISCARD
14:21:54.864 [AsyncHttpClient-1-5] DEBUG org.asynchttpclient.netty.handler.HttpHandler - 

Request DefaultFullHttpRequest(decodeResult: success, version: HTTP/1.1, content: EmptyByteBufBE)
DELETE /session/d70b313a987d5ecb0ebbb14680057910 HTTP/1.1
User-Agent: selenium/4.1.2 (java windows)
Content-Type: application/json; charset=utf-8
host: localhost:61064
accept: */*

Response DefaultHttpResponse(decodeResult: success, version: HTTP/1.1)
HTTP/1.1 200 OK
Content-Type: application/json; charset=utf-8
cache-control: no-cache
content-length: 14

14:21:54.864 [AsyncHttpClient-1-5] DEBUG org.asynchttpclient.netty.channel.ChannelManager - Adding key: http://localhost:61064 for channel [id: 0x71c2d604, L:/127.0.0.1:51515 - R:localhost/127.0.0.1:61064]
14:21:54.947 [AsyncHttpClient-1-5] DEBUG org.asynchttpclient.netty.handler.HttpHandler - Channel Closed: [id: 0x71c2d604, L:/127.0.0.1:51515 ! R:localhost/127.0.0.1:61064] with attribute DISCARD
]]></system-out>
    <system-err><![CDATA[Starting ChromeDriver 103.0.5060.53 (a1711811edd74ff1cf2150f36ffa3b0dae40b17f-refs/branch-heads/5060@{#853}) on port 61064
Only local connections are allowed.
Please see https://chromedriver.chromium.org/security-considerations for suggestions on keeping ChromeDriver safe.
ChromeDriver was started successfully.
Jul 08, 2022 2:21:52 PM org.openqa.selenium.remote.ProtocolHandshake createSession
INFO: Detected dialect: W3C
Jul 08, 2022 2:21:52 PM org.openqa.selenium.devtools.CdpVersionFinder findNearestMatch
WARNING: Unable to find an exact match for CDP version 103, so returning the closest version found: a no-op implementation
Jul 08, 2022 2:21:52 PM org.openqa.selenium.devtools.CdpVersionFinder findNearestMatch
INFO: Unable to find CDP implementation matching 103.
Jul 08, 2022 2:21:52 PM org.openqa.selenium.chromium.ChromiumDriver lambda$new$3
WARNING: Unable to find version of CDP to use for . You may need to include a dependency on a specific version of the CDP using something similar to `org.seleniumhq.selenium:selenium-devtools-v86:4.1.2` where the version ("v86") matches the version of the chromium-based browser you're using and the version number of the artifact is the same as Selenium's.
]]></system-err>
  </testcase>
  <testcase name="user successfully add cart product" classname="Add to Cart product" time="5.132">
    <system-out><![CDATA[14:21:55.465 [main] INFO io.cucumber.core.plugin.SerenityReporter - Running feature from file:///D:/AUTOMATION%20TEST/WEB/web-automation-saucedemo-with-serenity/src/test/resources/features/shopProdcut.feature
14:21:55.465 [main] DEBUG net.thucydides.core.steps.StepEventBus - Test suite started for story net.thucydides.core.model.Story@c32a5a95
14:21:55.465 [main] INFO  - Test Suite Started: Add to Cart product

@shop-products @Add-cart
Scenario: user successfully add cart product &amp#27;[90m# src/test/resources/features/shopProdcut.feature:8&amp#27;[0m
14:21:55.481 [main] INFO io.cucumber.core.plugin.SerenityReporter - Running feature from file:///D:/AUTOMATION%20TEST/WEB/web-automation-saucedemo-with-serenity/src/test/resources/features/shopProdcut.feature
14:21:55.481 [main] INFO  - 
  _____   ___   ___   _____     ___   _____     _     ___   _____   ___   ___  
 |_   _| | __| / __| |_   _|   / __| |_   _|   /_\   | _ \ |_   _| | __| |   \ 
   | |   | _|  \__ \   | |     \__ \   | |    / _ \  |   /   | |   | _|  | |) |
   |_|   |___| |___/   |_|     |___/   |_|   /_/ \_\ |_|_\   |_|   |___| |___/ 

user successfully add cart product(add-to-cart-product;user-successfully-add-cart-product)
--------------------------------------------------------------------------------
14:21:55.481 [main] DEBUG net.thucydides.core.steps.StepInterceptor - STARTING STEP: CartStepdefs.iAlreadyInHomePage - onPage
14:21:55.496 [main] INFO net.serenitybdd.core.webdriver.driverproviders.ChromeDriverProvider - Using automatically driver download
14:21:55.610 [main] DEBUG io.github.bonigarcia.wdm.cache.ResolutionCache - Resolution chrome=103 in cache (valid until 15:05:31 08/07/2022 ICT)
14:21:55.610 [main] DEBUG io.github.bonigarcia.wdm.cache.ResolutionCache - Resolution chrome103=103.0.5060.53 in cache (valid until 21:24:13 08/07/2022 ICT)
14:21:55.610 [main] INFO io.github.bonigarcia.wdm.WebDriverManager - Using chromedriver 103.0.5060.53 (resolved driver for Chrome 103)
14:21:55.625 [main] DEBUG io.github.bonigarcia.wdm.WebDriverManager - Driver chromedriver 103.0.5060.53 found in cache
14:21:55.625 [main] INFO io.github.bonigarcia.wdm.WebDriverManager - Exporting webdriver.chrome.driver as C:\Users\ASUS\.cache\selenium\chromedriver\win32\103.0.5060.53\chromedriver.exe
14:21:55.721 [main] DEBUG net.serenitybdd.core.webdriver.driverproviders.ProvideNewDriver - Instantiating driver
14:21:55.721 [main] DEBUG net.serenitybdd.core.webdriver.driverproviders.ProvideNewDriver - Driver capabilities: Capabilities {acceptInsecureCerts: false, base.url: https://www.saucedemo.com/, browserName: chrome, chrome.driver: src/test/resources/webdrive..., driver: chrome, goog:chromeOptions: {args: [], extensions: []}}
14:21:55.831 [AsyncHttpClient-1-1] DEBUG org.asynchttpclient.netty.channel.DefaultChannelPool - Entry count for : http://localhost:61064 : 1
14:21:55.831 [AsyncHttpClient-1-1] DEBUG org.asynchttpclient.netty.channel.DefaultChannelPool - Entry count for : http://localhost:51516 : 1
14:21:55.831 [AsyncHttpClient-1-1] DEBUG org.asynchttpclient.netty.channel.DefaultChannelPool - Adding Candidate expired Channel [id: 0x71c2d604, L:/127.0.0.1:51515 ! R:localhost/127.0.0.1:61064] isIdleTimeoutExpired=false isRemotelyClosed=true isTtlExpired=false
14:21:55.831 [AsyncHttpClient-1-1] DEBUG org.asynchttpclient.netty.channel.DefaultChannelPool - Closing Idle Channel [id: 0x71c2d604, L:/127.0.0.1:51515 ! R:localhost/127.0.0.1:61064]
14:21:55.831 [AsyncHttpClient-1-1] DEBUG org.asynchttpclient.netty.channel.DefaultChannelPool - Adding Candidate expired Channel [id: 0x8c5e983b, L:/127.0.0.1:51522 ! R:localhost/127.0.0.1:51516] isIdleTimeoutExpired=false isRemotelyClosed=true isTtlExpired=false
14:21:55.831 [AsyncHttpClient-1-1] DEBUG org.asynchttpclient.netty.channel.DefaultChannelPool - Closing Idle Channel [id: 0x8c5e983b, L:/127.0.0.1:51522 ! R:localhost/127.0.0.1:51516]
14:21:55.831 [AsyncHttpClient-1-1] DEBUG org.asynchttpclient.netty.channel.DefaultChannelPool - Closed 2 connections out of 2 in 0 ms
14:21:56.281 [AsyncHttpClient-1-8] DEBUG org.asynchttpclient.netty.channel.NettyConnectListener - Using new Channel '[id: 0x91664178, L:/127.0.0.1:51536 - R:localhost/127.0.0.1:62880]' for 'POST' to '/session'
14:21:56.827 [AsyncHttpClient-1-8] DEBUG org.asynchttpclient.netty.handler.HttpHandler - 

Request DefaultHttpRequest(decodeResult: success, version: HTTP/1.1)
POST /session HTTP/1.1
User-Agent: selenium/4.1.2 (java windows)
Content-Length: 612
Content-Type: application/json; charset=utf-8
host: localhost:62880
accept: */*

Response DefaultHttpResponse(decodeResult: success, version: HTTP/1.1)
HTTP/1.1 200 OK
Content-Type: application/json; charset=utf-8
cache-control: no-cache
content-length: 789

14:21:56.827 [AsyncHttpClient-1-8] DEBUG org.asynchttpclient.netty.channel.ChannelManager - Adding key: http://localhost:62880 for channel [id: 0x91664178, L:/127.0.0.1:51536 - R:localhost/127.0.0.1:62880]
14:21:56.827 [AsyncHttpClient-1-9] DEBUG org.asynchttpclient.netty.channel.NettyConnectListener - Using new Channel '[id: 0x25874227, L:/127.0.0.1:51543 - R:localhost/127.0.0.1:51537]' for 'GET' to '/json/version'
14:21:56.840 [AsyncHttpClient-1-9] DEBUG org.asynchttpclient.netty.handler.HttpHandler - 

Request DefaultFullHttpRequest(decodeResult: success, version: HTTP/1.1, content: EmptyByteBufBE)
GET /json/version HTTP/1.1
User-Agent: selenium/4.1.2 (java windows)
host: localhost:51537
accept: */*

Response DefaultHttpResponse(decodeResult: success, version: HTTP/1.1)
HTTP/1.1 200 OK
Content-Type: application/json; charset=UTF-8
content-length: 429

14:21:56.840 [AsyncHttpClient-1-9] DEBUG org.asynchttpclient.netty.channel.ChannelManager - Adding key: http://localhost:51537 for channel [id: 0x25874227, L:/127.0.0.1:51543 - R:localhost/127.0.0.1:51537]
14:21:56.843 [AsyncHttpClient-1-10] DEBUG org.asynchttpclient.netty.channel.NettyConnectListener - Using new Channel '[id: 0xdbbf967d, L:/127.0.0.1:51544 - R:localhost/127.0.0.1:51537]' for 'GET' to '/devtools/browser/e0fc66ea-ad64-41e0-a2a1-8f1eca080ef5'
14:21:56.843 [AsyncHttpClient-1-10] DEBUG org.asynchttpclient.netty.handler.WebSocketHandler - 

Request DefaultFullHttpRequest(decodeResult: success, version: HTTP/1.1, content: EmptyByteBufBE)
GET /devtools/browser/e0fc66ea-ad64-41e0-a2a1-8f1eca080ef5 HTTP/1.1
upgrade: websocket
connection: upgrade
sec-websocket-key: XqGKaXiqlgnv9/14RwZ3gg==
sec-websocket-version: 13
origin: http://localhost:51537
host: localhost:51537
accept: */*
user-agent: AHC/2.1

Response DefaultHttpResponse(decodeResult: success, version: HTTP/1.1)
HTTP/1.1 101 WebSocket Protocol Handshake
Upgrade: WebSocket
Connection: Upgrade
Sec-WebSocket-Accept: EQA0+LP7sFc2CKVnEcjMCTisvus=

14:21:56.849 [Forwarding get on session 32b5f3f7767329dfee511fbc7f7d4d1e to remote] DEBUG org.asynchttpclient.netty.request.NettyRequestSender - Using pooled Channel '[id: 0x91664178, L:/127.0.0.1:51536 - R:localhost/127.0.0.1:62880]' for 'POST' to 'http://localhost:62880/session/32b5f3f7767329dfee511fbc7f7d4d1e/url'
14:21:56.849 [Forwarding get on session 32b5f3f7767329dfee511fbc7f7d4d1e to remote] DEBUG org.asynchttpclient.netty.request.NettyRequestSender - Using open Channel [id: 0x91664178, L:/127.0.0.1:51536 - R:localhost/127.0.0.1:62880] for POST '/session/32b5f3f7767329dfee511fbc7f7d4d1e/url'
14:21:56.945 [AsyncHttpClient-1-1] DEBUG org.asynchttpclient.netty.channel.DefaultChannelPool - Entry count for : http://localhost:51537 : 1
14:21:57.467 [AsyncHttpClient-1-8] DEBUG org.asynchttpclient.netty.handler.HttpHandler - 

Request DefaultHttpRequest(decodeResult: success, version: HTTP/1.1)
POST /session/32b5f3f7767329dfee511fbc7f7d4d1e/url HTTP/1.1
User-Agent: selenium/4.1.2 (java windows)
Content-Length: 56
Content-Type: application/json; charset=utf-8
host: localhost:62880
accept: */*

Response DefaultHttpResponse(decodeResult: success, version: HTTP/1.1)
HTTP/1.1 200 OK
Content-Type: application/json; charset=utf-8
cache-control: no-cache
content-length: 14

14:21:57.467 [AsyncHttpClient-1-8] DEBUG org.asynchttpclient.netty.channel.ChannelManager - Adding key: http://localhost:62880 for channel [id: 0x91664178, L:/127.0.0.1:51536 - R:localhost/127.0.0.1:62880]
14:21:57.467 [Forwarding setTimeout on session 32b5f3f7767329dfee511fbc7f7d4d1e to remote] DEBUG org.asynchttpclient.netty.request.NettyRequestSender - Using pooled Channel '[id: 0x91664178, L:/127.0.0.1:51536 - R:localhost/127.0.0.1:62880]' for 'POST' to 'http://localhost:62880/session/32b5f3f7767329dfee511fbc7f7d4d1e/timeouts'
14:21:57.467 [Forwarding setTimeout on session 32b5f3f7767329dfee511fbc7f7d4d1e to remote] DEBUG org.asynchttpclient.netty.request.NettyRequestSender - Using open Channel [id: 0x91664178, L:/127.0.0.1:51536 - R:localhost/127.0.0.1:62880] for POST '/session/32b5f3f7767329dfee511fbc7f7d4d1e/timeouts'
14:21:57.467 [AsyncHttpClient-1-8] DEBUG org.asynchttpclient.netty.handler.HttpHandler - 

Request DefaultHttpRequest(decodeResult: success, version: HTTP/1.1)
POST /session/32b5f3f7767329dfee511fbc7f7d4d1e/timeouts HTTP/1.1
User-Agent: selenium/4.1.2 (java windows)
Content-Length: 22
Content-Type: application/json; charset=utf-8
host: localhost:62880
accept: */*

Response DefaultHttpResponse(decodeResult: success, version: HTTP/1.1)
HTTP/1.1 200 OK
Content-Type: application/json; charset=utf-8
cache-control: no-cache
content-length: 14

14:21:57.467 [AsyncHttpClient-1-8] DEBUG org.asynchttpclient.netty.channel.ChannelManager - Adding key: http://localhost:62880 for channel [id: 0x91664178, L:/127.0.0.1:51536 - R:localhost/127.0.0.1:62880]
14:21:57.475 [Forwarding getCurrentUrl on session 32b5f3f7767329dfee511fbc7f7d4d1e to remote] DEBUG org.asynchttpclient.netty.request.NettyRequestSender - Using pooled Channel '[id: 0x91664178, L:/127.0.0.1:51536 - R:localhost/127.0.0.1:62880]' for 'GET' to 'http://localhost:62880/session/32b5f3f7767329dfee511fbc7f7d4d1e/url'
14:21:57.475 [Forwarding getCurrentUrl on session 32b5f3f7767329dfee511fbc7f7d4d1e to remote] DEBUG org.asynchttpclient.netty.request.NettyRequestSender - Using open Channel [id: 0x91664178, L:/127.0.0.1:51536 - R:localhost/127.0.0.1:62880] for GET '/session/32b5f3f7767329dfee511fbc7f7d4d1e/url'
14:21:57.483 [AsyncHttpClient-1-8] DEBUG org.asynchttpclient.netty.handler.HttpHandler - 

Request DefaultFullHttpRequest(decodeResult: success, version: HTTP/1.1, content: EmptyByteBufBE)
GET /session/32b5f3f7767329dfee511fbc7f7d4d1e/url HTTP/1.1
User-Agent: selenium/4.1.2 (java windows)
Cache-Control: no-cache
Content-Type: application/json; charset=utf-8
host: localhost:62880
accept: */*

Response DefaultHttpResponse(decodeResult: success, version: HTTP/1.1)
HTTP/1.1 200 OK
Content-Type: application/json; charset=utf-8
cache-control: no-cache
content-length: 38

14:21:57.483 [AsyncHttpClient-1-8] DEBUG org.asynchttpclient.netty.channel.ChannelManager - Adding key: http://localhost:62880 for channel [id: 0x91664178, L:/127.0.0.1:51536 - R:localhost/127.0.0.1:62880]
14:21:57.483 [Forwarding getCurrentUrl on session 32b5f3f7767329dfee511fbc7f7d4d1e to remote] DEBUG org.asynchttpclient.netty.request.NettyRequestSender - Using pooled Channel '[id: 0x91664178, L:/127.0.0.1:51536 - R:localhost/127.0.0.1:62880]' for 'GET' to 'http://localhost:62880/session/32b5f3f7767329dfee511fbc7f7d4d1e/url'
14:21:57.483 [Forwarding getCurrentUrl on session 32b5f3f7767329dfee511fbc7f7d4d1e to remote] DEBUG org.asynchttpclient.netty.request.NettyRequestSender - Using open Channel [id: 0x91664178, L:/127.0.0.1:51536 - R:localhost/127.0.0.1:62880] for GET '/session/32b5f3f7767329dfee511fbc7f7d4d1e/url'
14:21:57.491 [AsyncHttpClient-1-8] DEBUG org.asynchttpclient.netty.handler.HttpHandler - 

Request DefaultFullHttpRequest(decodeResult: success, version: HTTP/1.1, content: EmptyByteBufBE)
GET /session/32b5f3f7767329dfee511fbc7f7d4d1e/url HTTP/1.1
User-Agent: selenium/4.1.2 (java windows)
Cache-Control: no-cache
Content-Type: application/json; charset=utf-8
host: localhost:62880
accept: */*

Response DefaultHttpResponse(decodeResult: success, version: HTTP/1.1)
HTTP/1.1 200 OK
Content-Type: application/json; charset=utf-8
cache-control: no-cache
content-length: 38

14:21:57.499 [AsyncHttpClient-1-8] DEBUG org.asynchttpclient.netty.channel.ChannelManager - Adding key: http://localhost:62880 for channel [id: 0x91664178, L:/127.0.0.1:51536 - R:localhost/127.0.0.1:62880]
14:21:57.507 [main] DEBUG net.serenitybdd.core.photography.Darkroom - Opening darkroom
14:21:57.507 [Darkroom Processing Line] DEBUG net.serenitybdd.core.photography.DarkroomProcessingLine - Darkroom processing line starting up
14:21:57.507 [Forwarding screenshot on session 32b5f3f7767329dfee511fbc7f7d4d1e to remote] DEBUG org.asynchttpclient.netty.request.NettyRequestSender - Using pooled Channel '[id: 0x91664178, L:/127.0.0.1:51536 - R:localhost/127.0.0.1:62880]' for 'GET' to 'http://localhost:62880/session/32b5f3f7767329dfee511fbc7f7d4d1e/screenshot'
14:21:57.507 [Forwarding screenshot on session 32b5f3f7767329dfee511fbc7f7d4d1e to remote] DEBUG org.asynchttpclient.netty.request.NettyRequestSender - Using open Channel [id: 0x91664178, L:/127.0.0.1:51536 - R:localhost/127.0.0.1:62880] for GET '/session/32b5f3f7767329dfee511fbc7f7d4d1e/screenshot'
14:21:57.663 [AsyncHttpClient-1-8] DEBUG org.asynchttpclient.netty.handler.HttpHandler - 

Request DefaultFullHttpRequest(decodeResult: success, version: HTTP/1.1, content: EmptyByteBufBE)
GET /session/32b5f3f7767329dfee511fbc7f7d4d1e/screenshot HTTP/1.1
User-Agent: selenium/4.1.2 (java windows)
Cache-Control: no-cache
Content-Type: application/json; charset=utf-8
host: localhost:62880
accept: */*

Response DefaultHttpResponse(decodeResult: success, version: HTTP/1.1)
HTTP/1.1 200 OK
Content-Type: application/json; charset=utf-8
cache-control: no-cache
content-length: 127896

14:21:57.663 [AsyncHttpClient-1-8] DEBUG org.asynchttpclient.netty.channel.ChannelManager - Adding key: http://localhost:62880 for channel [id: 0x91664178, L:/127.0.0.1:51536 - R:localhost/127.0.0.1:62880]
14:21:57.663 [main] DEBUG net.serenitybdd.core.photography.Darkroom - Send negative for processing for target\site\serenity\e675aec8b881fb0ee76ec1e8d253f49af200eee0ccf2d1c4e953e1fb87ea3ebe.png
14:21:57.663 [main] DEBUG net.thucydides.core.steps.StepInterceptor - STEP DONE: onPage
14:21:57.677 [main] DEBUG net.thucydides.core.steps.StepInterceptor - STARTING STEP: CartStepdefs.iAlreadyInHomePage - inputUsername
14:21:57.677 [Forwarding findElement on session 32b5f3f7767329dfee511fbc7f7d4d1e to remote] DEBUG org.asynchttpclient.netty.request.NettyRequestSender - Using pooled Channel '[id: 0x91664178, L:/127.0.0.1:51536 - R:localhost/127.0.0.1:62880]' for 'POST' to 'http://localhost:62880/session/32b5f3f7767329dfee511fbc7f7d4d1e/element'
14:21:57.677 [Forwarding findElement on session 32b5f3f7767329dfee511fbc7f7d4d1e to remote] DEBUG org.asynchttpclient.netty.request.NettyRequestSender - Using open Channel [id: 0x91664178, L:/127.0.0.1:51536 - R:localhost/127.0.0.1:62880] for POST '/session/32b5f3f7767329dfee511fbc7f7d4d1e/element'
14:21:57.693 [AsyncHttpClient-1-8] DEBUG org.asynchttpclient.netty.handler.HttpHandler - 

Request DefaultHttpRequest(decodeResult: success, version: HTTP/1.1)
POST /session/32b5f3f7767329dfee511fbc7f7d4d1e/element HTTP/1.1
User-Agent: selenium/4.1.2 (java windows)
Content-Length: 56
Content-Type: application/json; charset=utf-8
host: localhost:62880
accept: */*

Response DefaultHttpResponse(decodeResult: success, version: HTTP/1.1)
HTTP/1.1 200 OK
Content-Type: application/json; charset=utf-8
cache-control: no-cache
content-length: 88

14:21:57.693 [AsyncHttpClient-1-8] DEBUG org.asynchttpclient.netty.channel.ChannelManager - Adding key: http://localhost:62880 for channel [id: 0x91664178, L:/127.0.0.1:51536 - R:localhost/127.0.0.1:62880]
14:21:57.701 [Forwarding clearElement on session 32b5f3f7767329dfee511fbc7f7d4d1e to remote] DEBUG org.asynchttpclient.netty.request.NettyRequestSender - Using pooled Channel '[id: 0x91664178, L:/127.0.0.1:51536 - R:localhost/127.0.0.1:62880]' for 'POST' to 'http://localhost:62880/session/32b5f3f7767329dfee511fbc7f7d4d1e/element/0f919f7b-6f1f-4531-b28e-fa1b3ccb9eff/clear'
14:21:57.701 [Forwarding clearElement on session 32b5f3f7767329dfee511fbc7f7d4d1e to remote] DEBUG org.asynchttpclient.netty.request.NettyRequestSender - Using open Channel [id: 0x91664178, L:/127.0.0.1:51536 - R:localhost/127.0.0.1:62880] for POST '/session/32b5f3f7767329dfee511fbc7f7d4d1e/element/0f919f7b-6f1f-4531-b28e-fa1b3ccb9eff/clear'
14:21:57.733 [AsyncHttpClient-1-8] DEBUG org.asynchttpclient.netty.handler.HttpHandler - 

Request DefaultHttpRequest(decodeResult: success, version: HTTP/1.1)
POST /session/32b5f3f7767329dfee511fbc7f7d4d1e/element/0f919f7b-6f1f-4531-b28e-fa1b3ccb9eff/clear HTTP/1.1
User-Agent: selenium/4.1.2 (java windows)
Content-Length: 50
Content-Type: application/json; charset=utf-8
host: localhost:62880
accept: */*

Response DefaultHttpResponse(decodeResult: success, version: HTTP/1.1)
HTTP/1.1 200 OK
Content-Type: application/json; charset=utf-8
cache-control: no-cache
content-length: 14

14:21:57.733 [AsyncHttpClient-1-8] DEBUG org.asynchttpclient.netty.channel.ChannelManager - Adding key: http://localhost:62880 for channel [id: 0x91664178, L:/127.0.0.1:51536 - R:localhost/127.0.0.1:62880]
14:21:57.733 [Forwarding sendKeysToElement on session 32b5f3f7767329dfee511fbc7f7d4d1e to remote] DEBUG org.asynchttpclient.netty.request.NettyRequestSender - Using pooled Channel '[id: 0x91664178, L:/127.0.0.1:51536 - R:localhost/127.0.0.1:62880]' for 'POST' to 'http://localhost:62880/session/32b5f3f7767329dfee511fbc7f7d4d1e/element/0f919f7b-6f1f-4531-b28e-fa1b3ccb9eff/value'
14:21:57.733 [Forwarding sendKeysToElement on session 32b5f3f7767329dfee511fbc7f7d4d1e to remote] DEBUG org.asynchttpclient.netty.request.NettyRequestSender - Using open Channel [id: 0x91664178, L:/127.0.0.1:51536 - R:localhost/127.0.0.1:62880] for POST '/session/32b5f3f7767329dfee511fbc7f7d4d1e/element/0f919f7b-6f1f-4531-b28e-fa1b3ccb9eff/value'
14:21:57.831 [AsyncHttpClient-1-8] DEBUG org.asynchttpclient.netty.handler.HttpHandler - 

Request DefaultHttpRequest(decodeResult: success, version: HTTP/1.1)
POST /session/32b5f3f7767329dfee511fbc7f7d4d1e/element/0f919f7b-6f1f-4531-b28e-fa1b3ccb9eff/value HTTP/1.1
User-Agent: selenium/4.1.2 (java windows)
Content-Length: 211
Content-Type: application/json; charset=utf-8
host: localhost:62880
accept: */*

Response DefaultHttpResponse(decodeResult: success, version: HTTP/1.1)
HTTP/1.1 200 OK
Content-Type: application/json; charset=utf-8
cache-control: no-cache
content-length: 14

14:21:57.831 [AsyncHttpClient-1-8] DEBUG org.asynchttpclient.netty.channel.ChannelManager - Adding key: http://localhost:62880 for channel [id: 0x91664178, L:/127.0.0.1:51536 - R:localhost/127.0.0.1:62880]
14:21:57.839 [Forwarding screenshot on session 32b5f3f7767329dfee511fbc7f7d4d1e to remote] DEBUG org.asynchttpclient.netty.request.NettyRequestSender - Using pooled Channel '[id: 0x91664178, L:/127.0.0.1:51536 - R:localhost/127.0.0.1:62880]' for 'GET' to 'http://localhost:62880/session/32b5f3f7767329dfee511fbc7f7d4d1e/screenshot'
14:21:57.839 [Forwarding screenshot on session 32b5f3f7767329dfee511fbc7f7d4d1e to remote] DEBUG org.asynchttpclient.netty.request.NettyRequestSender - Using open Channel [id: 0x91664178, L:/127.0.0.1:51536 - R:localhost/127.0.0.1:62880] for GET '/session/32b5f3f7767329dfee511fbc7f7d4d1e/screenshot'
14:21:57.959 [AsyncHttpClient-1-8] DEBUG org.asynchttpclient.netty.handler.HttpHandler - 

Request DefaultFullHttpRequest(decodeResult: success, version: HTTP/1.1, content: EmptyByteBufBE)
GET /session/32b5f3f7767329dfee511fbc7f7d4d1e/screenshot HTTP/1.1
User-Agent: selenium/4.1.2 (java windows)
Cache-Control: no-cache
Content-Type: application/json; charset=utf-8
host: localhost:62880
accept: */*

Response DefaultHttpResponse(decodeResult: success, version: HTTP/1.1)
HTTP/1.1 200 OK
Content-Type: application/json; charset=utf-8
cache-control: no-cache
content-length: 129492

14:21:57.959 [AsyncHttpClient-1-8] DEBUG org.asynchttpclient.netty.channel.ChannelManager - Adding key: http://localhost:62880 for channel [id: 0x91664178, L:/127.0.0.1:51536 - R:localhost/127.0.0.1:62880]
14:21:57.964 [main] DEBUG net.serenitybdd.core.photography.Darkroom - Send negative for processing for target\site\serenity\b2db95fc49381e1e3fb7e34dad3bf7f6d3f7745d5b89bad83100ba0e716884e3.png
14:21:57.964 [main] DEBUG net.thucydides.core.steps.StepInterceptor - STEP DONE: inputUsername
14:21:57.964 [main] DEBUG net.thucydides.core.steps.StepInterceptor - STARTING STEP: CartStepdefs.iAlreadyInHomePage - inputPassword
14:21:57.964 [Forwarding findElement on session 32b5f3f7767329dfee511fbc7f7d4d1e to remote] DEBUG org.asynchttpclient.netty.request.NettyRequestSender - Using pooled Channel '[id: 0x91664178, L:/127.0.0.1:51536 - R:localhost/127.0.0.1:62880]' for 'POST' to 'http://localhost:62880/session/32b5f3f7767329dfee511fbc7f7d4d1e/element'
14:21:57.964 [Forwarding findElement on session 32b5f3f7767329dfee511fbc7f7d4d1e to remote] DEBUG org.asynchttpclient.netty.request.NettyRequestSender - Using open Channel [id: 0x91664178, L:/127.0.0.1:51536 - R:localhost/127.0.0.1:62880] for POST '/session/32b5f3f7767329dfee511fbc7f7d4d1e/element'
14:21:57.980 [AsyncHttpClient-1-8] DEBUG org.asynchttpclient.netty.handler.HttpHandler - 

Request DefaultHttpRequest(decodeResult: success, version: HTTP/1.1)
POST /session/32b5f3f7767329dfee511fbc7f7d4d1e/element HTTP/1.1
User-Agent: selenium/4.1.2 (java windows)
Content-Length: 70
Content-Type: application/json; charset=utf-8
host: localhost:62880
accept: */*

Response DefaultHttpResponse(decodeResult: success, version: HTTP/1.1)
HTTP/1.1 200 OK
Content-Type: application/json; charset=utf-8
cache-control: no-cache
content-length: 88

14:21:57.980 [AsyncHttpClient-1-8] DEBUG org.asynchttpclient.netty.channel.ChannelManager - Adding key: http://localhost:62880 for channel [id: 0x91664178, L:/127.0.0.1:51536 - R:localhost/127.0.0.1:62880]
14:21:57.980 [Forwarding clearElement on session 32b5f3f7767329dfee511fbc7f7d4d1e to remote] DEBUG org.asynchttpclient.netty.request.NettyRequestSender - Using pooled Channel '[id: 0x91664178, L:/127.0.0.1:51536 - R:localhost/127.0.0.1:62880]' for 'POST' to 'http://localhost:62880/session/32b5f3f7767329dfee511fbc7f7d4d1e/element/17701062-c552-46ff-81ed-270f228c3dc8/clear'
14:21:57.980 [Forwarding clearElement on session 32b5f3f7767329dfee511fbc7f7d4d1e to remote] DEBUG org.asynchttpclient.netty.request.NettyRequestSender - Using open Channel [id: 0x91664178, L:/127.0.0.1:51536 - R:localhost/127.0.0.1:62880] for POST '/session/32b5f3f7767329dfee511fbc7f7d4d1e/element/17701062-c552-46ff-81ed-270f228c3dc8/clear'
14:21:58.020 [AsyncHttpClient-1-8] DEBUG org.asynchttpclient.netty.handler.HttpHandler - 

Request DefaultHttpRequest(decodeResult: success, version: HTTP/1.1)
POST /session/32b5f3f7767329dfee511fbc7f7d4d1e/element/17701062-c552-46ff-81ed-270f228c3dc8/clear HTTP/1.1
User-Agent: selenium/4.1.2 (java windows)
Content-Length: 50
Content-Type: application/json; charset=utf-8
host: localhost:62880
accept: */*

Response DefaultHttpResponse(decodeResult: success, version: HTTP/1.1)
HTTP/1.1 200 OK
Content-Type: application/json; charset=utf-8
cache-control: no-cache
content-length: 14

14:21:58.020 [AsyncHttpClient-1-8] DEBUG org.asynchttpclient.netty.channel.ChannelManager - Adding key: http://localhost:62880 for channel [id: 0x91664178, L:/127.0.0.1:51536 - R:localhost/127.0.0.1:62880]
14:21:58.020 [Forwarding sendKeysToElement on session 32b5f3f7767329dfee511fbc7f7d4d1e to remote] DEBUG org.asynchttpclient.netty.request.NettyRequestSender - Using pooled Channel '[id: 0x91664178, L:/127.0.0.1:51536 - R:localhost/127.0.0.1:62880]' for 'POST' to 'http://localhost:62880/session/32b5f3f7767329dfee511fbc7f7d4d1e/element/17701062-c552-46ff-81ed-270f228c3dc8/value'
14:21:58.020 [Forwarding sendKeysToElement on session 32b5f3f7767329dfee511fbc7f7d4d1e to remote] DEBUG org.asynchttpclient.netty.request.NettyRequestSender - Using open Channel [id: 0x91664178, L:/127.0.0.1:51536 - R:localhost/127.0.0.1:62880] for POST '/session/32b5f3f7767329dfee511fbc7f7d4d1e/element/17701062-c552-46ff-81ed-270f228c3dc8/value'
14:21:58.035 [AsyncHttpClient-1-1] DEBUG org.asynchttpclient.netty.channel.DefaultChannelPool - Entry count for : http://localhost:51537 : 1
14:21:58.100 [AsyncHttpClient-1-8] DEBUG org.asynchttpclient.netty.handler.HttpHandler - 

Request DefaultHttpRequest(decodeResult: success, version: HTTP/1.1)
POST /session/32b5f3f7767329dfee511fbc7f7d4d1e/element/17701062-c552-46ff-81ed-270f228c3dc8/value HTTP/1.1
User-Agent: selenium/4.1.2 (java windows)
Content-Length: 201
Content-Type: application/json; charset=utf-8
host: localhost:62880
accept: */*

Response DefaultHttpResponse(decodeResult: success, version: HTTP/1.1)
HTTP/1.1 200 OK
Content-Type: application/json; charset=utf-8
cache-control: no-cache
content-length: 14

14:21:58.100 [AsyncHttpClient-1-8] DEBUG org.asynchttpclient.netty.channel.ChannelManager - Adding key: http://localhost:62880 for channel [id: 0x91664178, L:/127.0.0.1:51536 - R:localhost/127.0.0.1:62880]
14:21:58.108 [Forwarding screenshot on session 32b5f3f7767329dfee511fbc7f7d4d1e to remote] DEBUG org.asynchttpclient.netty.request.NettyRequestSender - Using pooled Channel '[id: 0x91664178, L:/127.0.0.1:51536 - R:localhost/127.0.0.1:62880]' for 'GET' to 'http://localhost:62880/session/32b5f3f7767329dfee511fbc7f7d4d1e/screenshot'
14:21:58.108 [Forwarding screenshot on session 32b5f3f7767329dfee511fbc7f7d4d1e to remote] DEBUG org.asynchttpclient.netty.request.NettyRequestSender - Using open Channel [id: 0x91664178, L:/127.0.0.1:51536 - R:localhost/127.0.0.1:62880] for GET '/session/32b5f3f7767329dfee511fbc7f7d4d1e/screenshot'
14:21:58.230 [AsyncHttpClient-1-8] DEBUG org.asynchttpclient.netty.handler.HttpHandler - 

Request DefaultFullHttpRequest(decodeResult: success, version: HTTP/1.1, content: EmptyByteBufBE)
GET /session/32b5f3f7767329dfee511fbc7f7d4d1e/screenshot HTTP/1.1
User-Agent: selenium/4.1.2 (java windows)
Cache-Control: no-cache
Content-Type: application/json; charset=utf-8
host: localhost:62880
accept: */*

Response DefaultHttpResponse(decodeResult: success, version: HTTP/1.1)
HTTP/1.1 200 OK
Content-Type: application/json; charset=utf-8
cache-control: no-cache
content-length: 126740

14:21:58.230 [AsyncHttpClient-1-8] DEBUG org.asynchttpclient.netty.channel.ChannelManager - Adding key: http://localhost:62880 for channel [id: 0x91664178, L:/127.0.0.1:51536 - R:localhost/127.0.0.1:62880]
14:21:58.238 [main] DEBUG net.serenitybdd.core.photography.Darkroom - Send negative for processing for target\site\serenity\3bce919b78dd7f43dc1e161fe23c1d84be9b92319b1582ea44d0e82a899dd684.png
14:21:58.238 [main] DEBUG net.thucydides.core.steps.StepInterceptor - STEP DONE: inputPassword
14:21:58.238 [main] DEBUG net.thucydides.core.steps.StepInterceptor - STARTING STEP: CartStepdefs.iAlreadyInHomePage - ClickButtonLogin
14:21:58.238 [Forwarding findElement on session 32b5f3f7767329dfee511fbc7f7d4d1e to remote] DEBUG org.asynchttpclient.netty.request.NettyRequestSender - Using pooled Channel '[id: 0x91664178, L:/127.0.0.1:51536 - R:localhost/127.0.0.1:62880]' for 'POST' to 'http://localhost:62880/session/32b5f3f7767329dfee511fbc7f7d4d1e/element'
14:21:58.238 [Forwarding findElement on session 32b5f3f7767329dfee511fbc7f7d4d1e to remote] DEBUG org.asynchttpclient.netty.request.NettyRequestSender - Using open Channel [id: 0x91664178, L:/127.0.0.1:51536 - R:localhost/127.0.0.1:62880] for POST '/session/32b5f3f7767329dfee511fbc7f7d4d1e/element'
14:21:58.257 [AsyncHttpClient-1-8] DEBUG org.asynchttpclient.netty.handler.HttpHandler - 

Request DefaultHttpRequest(decodeResult: success, version: HTTP/1.1)
POST /session/32b5f3f7767329dfee511fbc7f7d4d1e/element HTTP/1.1
User-Agent: selenium/4.1.2 (java windows)
Content-Length: 59
Content-Type: application/json; charset=utf-8
host: localhost:62880
accept: */*

Response DefaultHttpResponse(decodeResult: success, version: HTTP/1.1)
HTTP/1.1 200 OK
Content-Type: application/json; charset=utf-8
cache-control: no-cache
content-length: 88

14:21:58.257 [AsyncHttpClient-1-8] DEBUG org.asynchttpclient.netty.channel.ChannelManager - Adding key: http://localhost:62880 for channel [id: 0x91664178, L:/127.0.0.1:51536 - R:localhost/127.0.0.1:62880]
14:21:58.262 [Forwarding getElementTagName on session 32b5f3f7767329dfee511fbc7f7d4d1e to remote] DEBUG org.asynchttpclient.netty.request.NettyRequestSender - Using pooled Channel '[id: 0x91664178, L:/127.0.0.1:51536 - R:localhost/127.0.0.1:62880]' for 'GET' to 'http://localhost:62880/session/32b5f3f7767329dfee511fbc7f7d4d1e/element/a343e197-fef2-4fc0-bcb9-375615233c40/name'
14:21:58.262 [Forwarding getElementTagName on session 32b5f3f7767329dfee511fbc7f7d4d1e to remote] DEBUG org.asynchttpclient.netty.request.NettyRequestSender - Using open Channel [id: 0x91664178, L:/127.0.0.1:51536 - R:localhost/127.0.0.1:62880] for GET '/session/32b5f3f7767329dfee511fbc7f7d4d1e/element/a343e197-fef2-4fc0-bcb9-375615233c40/name'
14:21:58.270 [AsyncHttpClient-1-8] DEBUG org.asynchttpclient.netty.handler.HttpHandler - 

Request DefaultFullHttpRequest(decodeResult: success, version: HTTP/1.1, content: EmptyByteBufBE)
GET /session/32b5f3f7767329dfee511fbc7f7d4d1e/element/a343e197-fef2-4fc0-bcb9-375615233c40/name HTTP/1.1
User-Agent: selenium/4.1.2 (java windows)
Cache-Control: no-cache
Content-Type: application/json; charset=utf-8
host: localhost:62880
accept: */*

Response DefaultHttpResponse(decodeResult: success, version: HTTP/1.1)
HTTP/1.1 200 OK
Content-Type: application/json; charset=utf-8
cache-control: no-cache
content-length: 17

14:21:58.270 [AsyncHttpClient-1-8] DEBUG org.asynchttpclient.netty.channel.ChannelManager - Adding key: http://localhost:62880 for channel [id: 0x91664178, L:/127.0.0.1:51536 - R:localhost/127.0.0.1:62880]
14:21:58.270 [Forwarding getElementTagName on session 32b5f3f7767329dfee511fbc7f7d4d1e to remote] DEBUG org.asynchttpclient.netty.request.NettyRequestSender - Using pooled Channel '[id: 0x91664178, L:/127.0.0.1:51536 - R:localhost/127.0.0.1:62880]' for 'GET' to 'http://localhost:62880/session/32b5f3f7767329dfee511fbc7f7d4d1e/element/a343e197-fef2-4fc0-bcb9-375615233c40/name'
14:21:58.270 [Forwarding getElementTagName on session 32b5f3f7767329dfee511fbc7f7d4d1e to remote] DEBUG org.asynchttpclient.netty.request.NettyRequestSender - Using open Channel [id: 0x91664178, L:/127.0.0.1:51536 - R:localhost/127.0.0.1:62880] for GET '/session/32b5f3f7767329dfee511fbc7f7d4d1e/element/a343e197-fef2-4fc0-bcb9-375615233c40/name'
14:21:58.280 [AsyncHttpClient-1-8] DEBUG org.asynchttpclient.netty.handler.HttpHandler - 

Request DefaultFullHttpRequest(decodeResult: success, version: HTTP/1.1, content: EmptyByteBufBE)
GET /session/32b5f3f7767329dfee511fbc7f7d4d1e/element/a343e197-fef2-4fc0-bcb9-375615233c40/name HTTP/1.1
User-Agent: selenium/4.1.2 (java windows)
Cache-Control: no-cache
Content-Type: application/json; charset=utf-8
host: localhost:62880
accept: */*

Response DefaultHttpResponse(decodeResult: success, version: HTTP/1.1)
HTTP/1.1 200 OK
Content-Type: application/json; charset=utf-8
cache-control: no-cache
content-length: 17

14:21:58.280 [AsyncHttpClient-1-8] DEBUG org.asynchttpclient.netty.channel.ChannelManager - Adding key: http://localhost:62880 for channel [id: 0x91664178, L:/127.0.0.1:51536 - R:localhost/127.0.0.1:62880]
14:21:58.280 [Forwarding isElementEnabled on session 32b5f3f7767329dfee511fbc7f7d4d1e to remote] DEBUG org.asynchttpclient.netty.request.NettyRequestSender - Using pooled Channel '[id: 0x91664178, L:/127.0.0.1:51536 - R:localhost/127.0.0.1:62880]' for 'GET' to 'http://localhost:62880/session/32b5f3f7767329dfee511fbc7f7d4d1e/element/a343e197-fef2-4fc0-bcb9-375615233c40/enabled'
14:21:58.280 [Forwarding isElementEnabled on session 32b5f3f7767329dfee511fbc7f7d4d1e to remote] DEBUG org.asynchttpclient.netty.request.NettyRequestSender - Using open Channel [id: 0x91664178, L:/127.0.0.1:51536 - R:localhost/127.0.0.1:62880] for GET '/session/32b5f3f7767329dfee511fbc7f7d4d1e/element/a343e197-fef2-4fc0-bcb9-375615233c40/enabled'
14:21:58.288 [AsyncHttpClient-1-8] DEBUG org.asynchttpclient.netty.handler.HttpHandler - 

Request DefaultFullHttpRequest(decodeResult: success, version: HTTP/1.1, content: EmptyByteBufBE)
GET /session/32b5f3f7767329dfee511fbc7f7d4d1e/element/a343e197-fef2-4fc0-bcb9-375615233c40/enabled HTTP/1.1
User-Agent: selenium/4.1.2 (java windows)
Cache-Control: no-cache
Content-Type: application/json; charset=utf-8
host: localhost:62880
accept: */*

Response DefaultHttpResponse(decodeResult: success, version: HTTP/1.1)
HTTP/1.1 200 OK
Content-Type: application/json; charset=utf-8
cache-control: no-cache
content-length: 14

14:21:58.288 [AsyncHttpClient-1-8] DEBUG org.asynchttpclient.netty.channel.ChannelManager - Adding key: http://localhost:62880 for channel [id: 0x91664178, L:/127.0.0.1:51536 - R:localhost/127.0.0.1:62880]
14:21:58.288 [Forwarding isElementEnabled on session 32b5f3f7767329dfee511fbc7f7d4d1e to remote] DEBUG org.asynchttpclient.netty.request.NettyRequestSender - Using pooled Channel '[id: 0x91664178, L:/127.0.0.1:51536 - R:localhost/127.0.0.1:62880]' for 'GET' to 'http://localhost:62880/session/32b5f3f7767329dfee511fbc7f7d4d1e/element/a343e197-fef2-4fc0-bcb9-375615233c40/enabled'
14:21:58.288 [Forwarding isElementEnabled on session 32b5f3f7767329dfee511fbc7f7d4d1e to remote] DEBUG org.asynchttpclient.netty.request.NettyRequestSender - Using open Channel [id: 0x91664178, L:/127.0.0.1:51536 - R:localhost/127.0.0.1:62880] for GET '/session/32b5f3f7767329dfee511fbc7f7d4d1e/element/a343e197-fef2-4fc0-bcb9-375615233c40/enabled'
14:21:58.305 [AsyncHttpClient-1-8] DEBUG org.asynchttpclient.netty.handler.HttpHandler - 

Request DefaultFullHttpRequest(decodeResult: success, version: HTTP/1.1, content: EmptyByteBufBE)
GET /session/32b5f3f7767329dfee511fbc7f7d4d1e/element/a343e197-fef2-4fc0-bcb9-375615233c40/enabled HTTP/1.1
User-Agent: selenium/4.1.2 (java windows)
Cache-Control: no-cache
Content-Type: application/json; charset=utf-8
host: localhost:62880
accept: */*

Response DefaultHttpResponse(decodeResult: success, version: HTTP/1.1)
HTTP/1.1 200 OK
Content-Type: application/json; charset=utf-8
cache-control: no-cache
content-length: 14

14:21:58.305 [AsyncHttpClient-1-8] DEBUG org.asynchttpclient.netty.channel.ChannelManager - Adding key: http://localhost:62880 for channel [id: 0x91664178, L:/127.0.0.1:51536 - R:localhost/127.0.0.1:62880]
14:21:58.305 [Forwarding findElement on session 32b5f3f7767329dfee511fbc7f7d4d1e to remote] DEBUG org.asynchttpclient.netty.request.NettyRequestSender - Using pooled Channel '[id: 0x91664178, L:/127.0.0.1:51536 - R:localhost/127.0.0.1:62880]' for 'POST' to 'http://localhost:62880/session/32b5f3f7767329dfee511fbc7f7d4d1e/element'
14:21:58.305 [Forwarding findElement on session 32b5f3f7767329dfee511fbc7f7d4d1e to remote] DEBUG org.asynchttpclient.netty.request.NettyRequestSender - Using open Channel [id: 0x91664178, L:/127.0.0.1:51536 - R:localhost/127.0.0.1:62880] for POST '/session/32b5f3f7767329dfee511fbc7f7d4d1e/element'
14:21:58.321 [AsyncHttpClient-1-8] DEBUG org.asynchttpclient.netty.handler.HttpHandler - 

Request DefaultHttpRequest(decodeResult: success, version: HTTP/1.1)
POST /session/32b5f3f7767329dfee511fbc7f7d4d1e/element HTTP/1.1
User-Agent: selenium/4.1.2 (java windows)
Content-Length: 59
Content-Type: application/json; charset=utf-8
host: localhost:62880
accept: */*

Response DefaultHttpResponse(decodeResult: success, version: HTTP/1.1)
HTTP/1.1 200 OK
Content-Type: application/json; charset=utf-8
cache-control: no-cache
content-length: 88

14:21:58.321 [AsyncHttpClient-1-8] DEBUG org.asynchttpclient.netty.channel.ChannelManager - Adding key: http://localhost:62880 for channel [id: 0x91664178, L:/127.0.0.1:51536 - R:localhost/127.0.0.1:62880]
14:21:58.321 [Forwarding clickElement on session 32b5f3f7767329dfee511fbc7f7d4d1e to remote] DEBUG org.asynchttpclient.netty.request.NettyRequestSender - Using pooled Channel '[id: 0x91664178, L:/127.0.0.1:51536 - R:localhost/127.0.0.1:62880]' for 'POST' to 'http://localhost:62880/session/32b5f3f7767329dfee511fbc7f7d4d1e/element/a343e197-fef2-4fc0-bcb9-375615233c40/click'
14:21:58.321 [Forwarding clickElement on session 32b5f3f7767329dfee511fbc7f7d4d1e to remote] DEBUG org.asynchttpclient.netty.request.NettyRequestSender - Using open Channel [id: 0x91664178, L:/127.0.0.1:51536 - R:localhost/127.0.0.1:62880] for POST '/session/32b5f3f7767329dfee511fbc7f7d4d1e/element/a343e197-fef2-4fc0-bcb9-375615233c40/click'
14:21:58.447 [AsyncHttpClient-1-8] DEBUG org.asynchttpclient.netty.handler.HttpHandler - 

Request DefaultHttpRequest(decodeResult: success, version: HTTP/1.1)
POST /session/32b5f3f7767329dfee511fbc7f7d4d1e/element/a343e197-fef2-4fc0-bcb9-375615233c40/click HTTP/1.1
User-Agent: selenium/4.1.2 (java windows)
Content-Length: 50
Content-Type: application/json; charset=utf-8
host: localhost:62880
accept: */*

Response DefaultHttpResponse(decodeResult: success, version: HTTP/1.1)
HTTP/1.1 200 OK
Content-Type: application/json; charset=utf-8
cache-control: no-cache
content-length: 14

14:21:58.455 [AsyncHttpClient-1-8] DEBUG org.asynchttpclient.netty.channel.ChannelManager - Adding key: http://localhost:62880 for channel [id: 0x91664178, L:/127.0.0.1:51536 - R:localhost/127.0.0.1:62880]
14:21:58.463 [Forwarding screenshot on session 32b5f3f7767329dfee511fbc7f7d4d1e to remote] DEBUG org.asynchttpclient.netty.request.NettyRequestSender - Using pooled Channel '[id: 0x91664178, L:/127.0.0.1:51536 - R:localhost/127.0.0.1:62880]' for 'GET' to 'http://localhost:62880/session/32b5f3f7767329dfee511fbc7f7d4d1e/screenshot'
14:21:58.463 [Forwarding screenshot on session 32b5f3f7767329dfee511fbc7f7d4d1e to remote] DEBUG org.asynchttpclient.netty.request.NettyRequestSender - Using open Channel [id: 0x91664178, L:/127.0.0.1:51536 - R:localhost/127.0.0.1:62880] for GET '/session/32b5f3f7767329dfee511fbc7f7d4d1e/screenshot'
14:21:58.696 [AsyncHttpClient-1-8] DEBUG org.asynchttpclient.netty.handler.HttpHandler - 

Request DefaultFullHttpRequest(decodeResult: success, version: HTTP/1.1, content: EmptyByteBufBE)
GET /session/32b5f3f7767329dfee511fbc7f7d4d1e/screenshot HTTP/1.1
User-Agent: selenium/4.1.2 (java windows)
Cache-Control: no-cache
Content-Type: application/json; charset=utf-8
host: localhost:62880
accept: */*

Response DefaultHttpResponse(decodeResult: success, version: HTTP/1.1)
HTTP/1.1 200 OK
Content-Type: application/json; charset=utf-8
cache-control: no-cache
content-length: 254656

14:21:58.696 [AsyncHttpClient-1-8] DEBUG org.asynchttpclient.netty.channel.ChannelManager - Adding key: http://localhost:62880 for channel [id: 0x91664178, L:/127.0.0.1:51536 - R:localhost/127.0.0.1:62880]
14:21:58.712 [main] DEBUG net.serenitybdd.core.photography.Darkroom - Send negative for processing for target\site\serenity\1dab16cadd625fafaa9a326cc67a302fcd4fa7be7646ed820a3b973a16f7987a.png
14:21:58.712 [main] DEBUG net.thucydides.core.steps.StepInterceptor - STEP DONE: ClickButtonLogin
  &amp#27;[32mGiven &amp#27;[0m&amp#27;[32mI already in home page&amp#27;[0m               &amp#27;[90m# starter.stepdefinition.CartStepdefs.iAlreadyInHomePage()&amp#27;[0m
14:21:58.712 [Darkroom Processing Line] DEBUG net.serenitybdd.core.photography.DarkroomProcessingLine - Processing screenshot image in /var/screenshots/screenshot-2910512505714057997
14:21:58.712 [Darkroom Processing Line] DEBUG net.serenitybdd.core.photography.DarkroomProcessingLine - Saving screenshot to target\site\serenity\1dab16cadd625fafaa9a326cc67a302fcd4fa7be7646ed820a3b973a16f7987a.png
14:21:58.720 [Forwarding findElement on session 32b5f3f7767329dfee511fbc7f7d4d1e to remote] DEBUG org.asynchttpclient.netty.request.NettyRequestSender - Using pooled Channel '[id: 0x91664178, L:/127.0.0.1:51536 - R:localhost/127.0.0.1:62880]' for 'POST' to 'http://localhost:62880/session/32b5f3f7767329dfee511fbc7f7d4d1e/element'
14:21:58.720 [Forwarding findElement on session 32b5f3f7767329dfee511fbc7f7d4d1e to remote] DEBUG org.asynchttpclient.netty.request.NettyRequestSender - Using open Channel [id: 0x91664178, L:/127.0.0.1:51536 - R:localhost/127.0.0.1:62880] for POST '/session/32b5f3f7767329dfee511fbc7f7d4d1e/element'
14:21:58.736 [AsyncHttpClient-1-8] DEBUG org.asynchttpclient.netty.handler.HttpHandler - 

Request DefaultHttpRequest(decodeResult: success, version: HTTP/1.1)
POST /session/32b5f3f7767329dfee511fbc7f7d4d1e/element HTTP/1.1
User-Agent: selenium/4.1.2 (java windows)
Content-Length: 86
Content-Type: application/json; charset=utf-8
host: localhost:62880
accept: */*

Response DefaultHttpResponse(decodeResult: success, version: HTTP/1.1)
HTTP/1.1 200 OK
Content-Type: application/json; charset=utf-8
cache-control: no-cache
content-length: 88

14:21:58.736 [AsyncHttpClient-1-8] DEBUG org.asynchttpclient.netty.channel.ChannelManager - Adding key: http://localhost:62880 for channel [id: 0x91664178, L:/127.0.0.1:51536 - R:localhost/127.0.0.1:62880]
14:21:58.736 [Forwarding getElementTagName on session 32b5f3f7767329dfee511fbc7f7d4d1e to remote] DEBUG org.asynchttpclient.netty.request.NettyRequestSender - Using pooled Channel '[id: 0x91664178, L:/127.0.0.1:51536 - R:localhost/127.0.0.1:62880]' for 'GET' to 'http://localhost:62880/session/32b5f3f7767329dfee511fbc7f7d4d1e/element/bc9a2a2b-6cfa-4e87-abf7-ba01b9c1bc57/name'
14:21:58.736 [Forwarding getElementTagName on session 32b5f3f7767329dfee511fbc7f7d4d1e to remote] DEBUG org.asynchttpclient.netty.request.NettyRequestSender - Using open Channel [id: 0x91664178, L:/127.0.0.1:51536 - R:localhost/127.0.0.1:62880] for GET '/session/32b5f3f7767329dfee511fbc7f7d4d1e/element/bc9a2a2b-6cfa-4e87-abf7-ba01b9c1bc57/name'
14:21:58.744 [AsyncHttpClient-1-8] DEBUG org.asynchttpclient.netty.handler.HttpHandler - 

Request DefaultFullHttpRequest(decodeResult: success, version: HTTP/1.1, content: EmptyByteBufBE)
GET /session/32b5f3f7767329dfee511fbc7f7d4d1e/element/bc9a2a2b-6cfa-4e87-abf7-ba01b9c1bc57/name HTTP/1.1
User-Agent: selenium/4.1.2 (java windows)
Cache-Control: no-cache
Content-Type: application/json; charset=utf-8
host: localhost:62880
accept: */*

Response DefaultHttpResponse(decodeResult: success, version: HTTP/1.1)
HTTP/1.1 200 OK
Content-Type: application/json; charset=utf-8
cache-control: no-cache
content-length: 18

14:21:58.744 [AsyncHttpClient-1-8] DEBUG org.asynchttpclient.netty.channel.ChannelManager - Adding key: http://localhost:62880 for channel [id: 0x91664178, L:/127.0.0.1:51536 - R:localhost/127.0.0.1:62880]
14:21:58.744 [Forwarding getElementTagName on session 32b5f3f7767329dfee511fbc7f7d4d1e to remote] DEBUG org.asynchttpclient.netty.request.NettyRequestSender - Using pooled Channel '[id: 0x91664178, L:/127.0.0.1:51536 - R:localhost/127.0.0.1:62880]' for 'GET' to 'http://localhost:62880/session/32b5f3f7767329dfee511fbc7f7d4d1e/element/bc9a2a2b-6cfa-4e87-abf7-ba01b9c1bc57/name'
14:21:58.744 [Forwarding getElementTagName on session 32b5f3f7767329dfee511fbc7f7d4d1e to remote] DEBUG org.asynchttpclient.netty.request.NettyRequestSender - Using open Channel [id: 0x91664178, L:/127.0.0.1:51536 - R:localhost/127.0.0.1:62880] for GET '/session/32b5f3f7767329dfee511fbc7f7d4d1e/element/bc9a2a2b-6cfa-4e87-abf7-ba01b9c1bc57/name'
14:21:58.752 [AsyncHttpClient-1-8] DEBUG org.asynchttpclient.netty.handler.HttpHandler - 

Request DefaultFullHttpRequest(decodeResult: success, version: HTTP/1.1, content: EmptyByteBufBE)
GET /session/32b5f3f7767329dfee511fbc7f7d4d1e/element/bc9a2a2b-6cfa-4e87-abf7-ba01b9c1bc57/name HTTP/1.1
User-Agent: selenium/4.1.2 (java windows)
Cache-Control: no-cache
Content-Type: application/json; charset=utf-8
host: localhost:62880
accept: */*

Response DefaultHttpResponse(decodeResult: success, version: HTTP/1.1)
HTTP/1.1 200 OK
Content-Type: application/json; charset=utf-8
cache-control: no-cache
content-length: 18

14:21:58.752 [AsyncHttpClient-1-8] DEBUG org.asynchttpclient.netty.channel.ChannelManager - Adding key: http://localhost:62880 for channel [id: 0x91664178, L:/127.0.0.1:51536 - R:localhost/127.0.0.1:62880]
14:21:58.760 [Forwarding isElementEnabled on session 32b5f3f7767329dfee511fbc7f7d4d1e to remote] DEBUG org.asynchttpclient.netty.request.NettyRequestSender - Using pooled Channel '[id: 0x91664178, L:/127.0.0.1:51536 - R:localhost/127.0.0.1:62880]' for 'GET' to 'http://localhost:62880/session/32b5f3f7767329dfee511fbc7f7d4d1e/element/bc9a2a2b-6cfa-4e87-abf7-ba01b9c1bc57/enabled'
14:21:58.760 [Forwarding isElementEnabled on session 32b5f3f7767329dfee511fbc7f7d4d1e to remote] DEBUG org.asynchttpclient.netty.request.NettyRequestSender - Using open Channel [id: 0x91664178, L:/127.0.0.1:51536 - R:localhost/127.0.0.1:62880] for GET '/session/32b5f3f7767329dfee511fbc7f7d4d1e/element/bc9a2a2b-6cfa-4e87-abf7-ba01b9c1bc57/enabled'
14:21:58.768 [AsyncHttpClient-1-8] DEBUG org.asynchttpclient.netty.handler.HttpHandler - 

Request DefaultFullHttpRequest(decodeResult: success, version: HTTP/1.1, content: EmptyByteBufBE)
GET /session/32b5f3f7767329dfee511fbc7f7d4d1e/element/bc9a2a2b-6cfa-4e87-abf7-ba01b9c1bc57/enabled HTTP/1.1
User-Agent: selenium/4.1.2 (java windows)
Cache-Control: no-cache
Content-Type: application/json; charset=utf-8
host: localhost:62880
accept: */*

Response DefaultHttpResponse(decodeResult: success, version: HTTP/1.1)
HTTP/1.1 200 OK
Content-Type: application/json; charset=utf-8
cache-control: no-cache
content-length: 14

14:21:58.768 [AsyncHttpClient-1-8] DEBUG org.asynchttpclient.netty.channel.ChannelManager - Adding key: http://localhost:62880 for channel [id: 0x91664178, L:/127.0.0.1:51536 - R:localhost/127.0.0.1:62880]
14:21:58.776 [Forwarding isElementEnabled on session 32b5f3f7767329dfee511fbc7f7d4d1e to remote] DEBUG org.asynchttpclient.netty.request.NettyRequestSender - Using pooled Channel '[id: 0x91664178, L:/127.0.0.1:51536 - R:localhost/127.0.0.1:62880]' for 'GET' to 'http://localhost:62880/session/32b5f3f7767329dfee511fbc7f7d4d1e/element/bc9a2a2b-6cfa-4e87-abf7-ba01b9c1bc57/enabled'
14:21:58.776 [Forwarding isElementEnabled on session 32b5f3f7767329dfee511fbc7f7d4d1e to remote] DEBUG org.asynchttpclient.netty.request.NettyRequestSender - Using open Channel [id: 0x91664178, L:/127.0.0.1:51536 - R:localhost/127.0.0.1:62880] for GET '/session/32b5f3f7767329dfee511fbc7f7d4d1e/element/bc9a2a2b-6cfa-4e87-abf7-ba01b9c1bc57/enabled'
14:21:58.784 [AsyncHttpClient-1-8] DEBUG org.asynchttpclient.netty.handler.HttpHandler - 

Request DefaultFullHttpRequest(decodeResult: success, version: HTTP/1.1, content: EmptyByteBufBE)
GET /session/32b5f3f7767329dfee511fbc7f7d4d1e/element/bc9a2a2b-6cfa-4e87-abf7-ba01b9c1bc57/enabled HTTP/1.1
User-Agent: selenium/4.1.2 (java windows)
Cache-Control: no-cache
Content-Type: application/json; charset=utf-8
host: localhost:62880
accept: */*

Response DefaultHttpResponse(decodeResult: success, version: HTTP/1.1)
HTTP/1.1 200 OK
Content-Type: application/json; charset=utf-8
cache-control: no-cache
content-length: 14

14:21:58.784 [AsyncHttpClient-1-8] DEBUG org.asynchttpclient.netty.channel.ChannelManager - Adding key: http://localhost:62880 for channel [id: 0x91664178, L:/127.0.0.1:51536 - R:localhost/127.0.0.1:62880]
14:21:58.784 [Forwarding findElement on session 32b5f3f7767329dfee511fbc7f7d4d1e to remote] DEBUG org.asynchttpclient.netty.request.NettyRequestSender - Using pooled Channel '[id: 0x91664178, L:/127.0.0.1:51536 - R:localhost/127.0.0.1:62880]' for 'POST' to 'http://localhost:62880/session/32b5f3f7767329dfee511fbc7f7d4d1e/element'
14:21:58.784 [Forwarding findElement on session 32b5f3f7767329dfee511fbc7f7d4d1e to remote] DEBUG org.asynchttpclient.netty.request.NettyRequestSender - Using open Channel [id: 0x91664178, L:/127.0.0.1:51536 - R:localhost/127.0.0.1:62880] for POST '/session/32b5f3f7767329dfee511fbc7f7d4d1e/element'
14:21:58.800 [AsyncHttpClient-1-8] DEBUG org.asynchttpclient.netty.handler.HttpHandler - 

Request DefaultHttpRequest(decodeResult: success, version: HTTP/1.1)
POST /session/32b5f3f7767329dfee511fbc7f7d4d1e/element HTTP/1.1
User-Agent: selenium/4.1.2 (java windows)
Content-Length: 86
Content-Type: application/json; charset=utf-8
host: localhost:62880
accept: */*

Response DefaultHttpResponse(decodeResult: success, version: HTTP/1.1)
HTTP/1.1 200 OK
Content-Type: application/json; charset=utf-8
cache-control: no-cache
content-length: 88

14:21:58.800 [AsyncHttpClient-1-8] DEBUG org.asynchttpclient.netty.channel.ChannelManager - Adding key: http://localhost:62880 for channel [id: 0x91664178, L:/127.0.0.1:51536 - R:localhost/127.0.0.1:62880]
14:21:58.800 [Forwarding clickElement on session 32b5f3f7767329dfee511fbc7f7d4d1e to remote] DEBUG org.asynchttpclient.netty.request.NettyRequestSender - Using pooled Channel '[id: 0x91664178, L:/127.0.0.1:51536 - R:localhost/127.0.0.1:62880]' for 'POST' to 'http://localhost:62880/session/32b5f3f7767329dfee511fbc7f7d4d1e/element/bc9a2a2b-6cfa-4e87-abf7-ba01b9c1bc57/click'
14:21:58.800 [Forwarding clickElement on session 32b5f3f7767329dfee511fbc7f7d4d1e to remote] DEBUG org.asynchttpclient.netty.request.NettyRequestSender - Using open Channel [id: 0x91664178, L:/127.0.0.1:51536 - R:localhost/127.0.0.1:62880] for POST '/session/32b5f3f7767329dfee511fbc7f7d4d1e/element/bc9a2a2b-6cfa-4e87-abf7-ba01b9c1bc57/click'
14:21:58.848 [AsyncHttpClient-1-8] DEBUG org.asynchttpclient.netty.handler.HttpHandler - 

Request DefaultHttpRequest(decodeResult: success, version: HTTP/1.1)
POST /session/32b5f3f7767329dfee511fbc7f7d4d1e/element/bc9a2a2b-6cfa-4e87-abf7-ba01b9c1bc57/click HTTP/1.1
User-Agent: selenium/4.1.2 (java windows)
Content-Length: 50
Content-Type: application/json; charset=utf-8
host: localhost:62880
accept: */*

Response DefaultHttpResponse(decodeResult: success, version: HTTP/1.1)
HTTP/1.1 200 OK
Content-Type: application/json; charset=utf-8
cache-control: no-cache
content-length: 14

14:21:58.848 [AsyncHttpClient-1-8] DEBUG org.asynchttpclient.netty.channel.ChannelManager - Adding key: http://localhost:62880 for channel [id: 0x91664178, L:/127.0.0.1:51536 - R:localhost/127.0.0.1:62880]
14:21:58.848 [Forwarding findElement on session 32b5f3f7767329dfee511fbc7f7d4d1e to remote] DEBUG org.asynchttpclient.netty.request.NettyRequestSender - Using pooled Channel '[id: 0x91664178, L:/127.0.0.1:51536 - R:localhost/127.0.0.1:62880]' for 'POST' to 'http://localhost:62880/session/32b5f3f7767329dfee511fbc7f7d4d1e/element'
14:21:58.848 [Forwarding findElement on session 32b5f3f7767329dfee511fbc7f7d4d1e to remote] DEBUG org.asynchttpclient.netty.request.NettyRequestSender - Using open Channel [id: 0x91664178, L:/127.0.0.1:51536 - R:localhost/127.0.0.1:62880] for POST '/session/32b5f3f7767329dfee511fbc7f7d4d1e/element'
14:21:58.864 [AsyncHttpClient-1-8] DEBUG org.asynchttpclient.netty.handler.HttpHandler - 

Request DefaultHttpRequest(decodeResult: success, version: HTTP/1.1)
POST /session/32b5f3f7767329dfee511fbc7f7d4d1e/element HTTP/1.1
User-Agent: selenium/4.1.2 (java windows)
Content-Length: 90
Content-Type: application/json; charset=utf-8
host: localhost:62880
accept: */*

Response DefaultHttpResponse(decodeResult: success, version: HTTP/1.1)
HTTP/1.1 200 OK
Content-Type: application/json; charset=utf-8
cache-control: no-cache
content-length: 88

14:21:58.864 [AsyncHttpClient-1-8] DEBUG org.asynchttpclient.netty.channel.ChannelManager - Adding key: http://localhost:62880 for channel [id: 0x91664178, L:/127.0.0.1:51536 - R:localhost/127.0.0.1:62880]
14:21:58.872 [Forwarding getElementTagName on session 32b5f3f7767329dfee511fbc7f7d4d1e to remote] DEBUG org.asynchttpclient.netty.request.NettyRequestSender - Using pooled Channel '[id: 0x91664178, L:/127.0.0.1:51536 - R:localhost/127.0.0.1:62880]' for 'GET' to 'http://localhost:62880/session/32b5f3f7767329dfee511fbc7f7d4d1e/element/6461326c-34ab-4d8a-a2c9-2b9085f7ec81/name'
14:21:58.872 [Forwarding getElementTagName on session 32b5f3f7767329dfee511fbc7f7d4d1e to remote] DEBUG org.asynchttpclient.netty.request.NettyRequestSender - Using open Channel [id: 0x91664178, L:/127.0.0.1:51536 - R:localhost/127.0.0.1:62880] for GET '/session/32b5f3f7767329dfee511fbc7f7d4d1e/element/6461326c-34ab-4d8a-a2c9-2b9085f7ec81/name'
14:21:58.880 [AsyncHttpClient-1-8] DEBUG org.asynchttpclient.netty.handler.HttpHandler - 

Request DefaultFullHttpRequest(decodeResult: success, version: HTTP/1.1, content: EmptyByteBufBE)
GET /session/32b5f3f7767329dfee511fbc7f7d4d1e/element/6461326c-34ab-4d8a-a2c9-2b9085f7ec81/name HTTP/1.1
User-Agent: selenium/4.1.2 (java windows)
Cache-Control: no-cache
Content-Type: application/json; charset=utf-8
host: localhost:62880
accept: */*

Response DefaultHttpResponse(decodeResult: success, version: HTTP/1.1)
HTTP/1.1 200 OK
Content-Type: application/json; charset=utf-8
cache-control: no-cache
content-length: 18

14:21:58.880 [AsyncHttpClient-1-8] DEBUG org.asynchttpclient.netty.channel.ChannelManager - Adding key: http://localhost:62880 for channel [id: 0x91664178, L:/127.0.0.1:51536 - R:localhost/127.0.0.1:62880]
14:21:58.880 [Forwarding getElementTagName on session 32b5f3f7767329dfee511fbc7f7d4d1e to remote] DEBUG org.asynchttpclient.netty.request.NettyRequestSender - Using pooled Channel '[id: 0x91664178, L:/127.0.0.1:51536 - R:localhost/127.0.0.1:62880]' for 'GET' to 'http://localhost:62880/session/32b5f3f7767329dfee511fbc7f7d4d1e/element/6461326c-34ab-4d8a-a2c9-2b9085f7ec81/name'
14:21:58.880 [Forwarding getElementTagName on session 32b5f3f7767329dfee511fbc7f7d4d1e to remote] DEBUG org.asynchttpclient.netty.request.NettyRequestSender - Using open Channel [id: 0x91664178, L:/127.0.0.1:51536 - R:localhost/127.0.0.1:62880] for GET '/session/32b5f3f7767329dfee511fbc7f7d4d1e/element/6461326c-34ab-4d8a-a2c9-2b9085f7ec81/name'
14:21:58.888 [AsyncHttpClient-1-8] DEBUG org.asynchttpclient.netty.handler.HttpHandler - 

Request DefaultFullHttpRequest(decodeResult: success, version: HTTP/1.1, content: EmptyByteBufBE)
GET /session/32b5f3f7767329dfee511fbc7f7d4d1e/element/6461326c-34ab-4d8a-a2c9-2b9085f7ec81/name HTTP/1.1
User-Agent: selenium/4.1.2 (java windows)
Cache-Control: no-cache
Content-Type: application/json; charset=utf-8
host: localhost:62880
accept: */*

Response DefaultHttpResponse(decodeResult: success, version: HTTP/1.1)
HTTP/1.1 200 OK
Content-Type: application/json; charset=utf-8
cache-control: no-cache
content-length: 18

14:21:58.888 [AsyncHttpClient-1-8] DEBUG org.asynchttpclient.netty.channel.ChannelManager - Adding key: http://localhost:62880 for channel [id: 0x91664178, L:/127.0.0.1:51536 - R:localhost/127.0.0.1:62880]
14:21:58.888 [Forwarding isElementEnabled on session 32b5f3f7767329dfee511fbc7f7d4d1e to remote] DEBUG org.asynchttpclient.netty.request.NettyRequestSender - Using pooled Channel '[id: 0x91664178, L:/127.0.0.1:51536 - R:localhost/127.0.0.1:62880]' for 'GET' to 'http://localhost:62880/session/32b5f3f7767329dfee511fbc7f7d4d1e/element/6461326c-34ab-4d8a-a2c9-2b9085f7ec81/enabled'
14:21:58.888 [Forwarding isElementEnabled on session 32b5f3f7767329dfee511fbc7f7d4d1e to remote] DEBUG org.asynchttpclient.netty.request.NettyRequestSender - Using open Channel [id: 0x91664178, L:/127.0.0.1:51536 - R:localhost/127.0.0.1:62880] for GET '/session/32b5f3f7767329dfee511fbc7f7d4d1e/element/6461326c-34ab-4d8a-a2c9-2b9085f7ec81/enabled'
14:21:58.904 [AsyncHttpClient-1-8] DEBUG org.asynchttpclient.netty.handler.HttpHandler - 

Request DefaultFullHttpRequest(decodeResult: success, version: HTTP/1.1, content: EmptyByteBufBE)
GET /session/32b5f3f7767329dfee511fbc7f7d4d1e/element/6461326c-34ab-4d8a-a2c9-2b9085f7ec81/enabled HTTP/1.1
User-Agent: selenium/4.1.2 (java windows)
Cache-Control: no-cache
Content-Type: application/json; charset=utf-8
host: localhost:62880
accept: */*

Response DefaultHttpResponse(decodeResult: success, version: HTTP/1.1)
HTTP/1.1 200 OK
Content-Type: application/json; charset=utf-8
cache-control: no-cache
content-length: 14

14:21:58.904 [AsyncHttpClient-1-8] DEBUG org.asynchttpclient.netty.channel.ChannelManager - Adding key: http://localhost:62880 for channel [id: 0x91664178, L:/127.0.0.1:51536 - R:localhost/127.0.0.1:62880]
14:21:58.912 [Forwarding isElementEnabled on session 32b5f3f7767329dfee511fbc7f7d4d1e to remote] DEBUG org.asynchttpclient.netty.request.NettyRequestSender - Using pooled Channel '[id: 0x91664178, L:/127.0.0.1:51536 - R:localhost/127.0.0.1:62880]' for 'GET' to 'http://localhost:62880/session/32b5f3f7767329dfee511fbc7f7d4d1e/element/6461326c-34ab-4d8a-a2c9-2b9085f7ec81/enabled'
14:21:58.912 [Forwarding isElementEnabled on session 32b5f3f7767329dfee511fbc7f7d4d1e to remote] DEBUG org.asynchttpclient.netty.request.NettyRequestSender - Using open Channel [id: 0x91664178, L:/127.0.0.1:51536 - R:localhost/127.0.0.1:62880] for GET '/session/32b5f3f7767329dfee511fbc7f7d4d1e/element/6461326c-34ab-4d8a-a2c9-2b9085f7ec81/enabled'
14:21:58.920 [AsyncHttpClient-1-8] DEBUG org.asynchttpclient.netty.handler.HttpHandler - 

Request DefaultFullHttpRequest(decodeResult: success, version: HTTP/1.1, content: EmptyByteBufBE)
GET /session/32b5f3f7767329dfee511fbc7f7d4d1e/element/6461326c-34ab-4d8a-a2c9-2b9085f7ec81/enabled HTTP/1.1
User-Agent: selenium/4.1.2 (java windows)
Cache-Control: no-cache
Content-Type: application/json; charset=utf-8
host: localhost:62880
accept: */*

Response DefaultHttpResponse(decodeResult: success, version: HTTP/1.1)
HTTP/1.1 200 OK
Content-Type: application/json; charset=utf-8
cache-control: no-cache
content-length: 14

14:21:58.920 [AsyncHttpClient-1-8] DEBUG org.asynchttpclient.netty.channel.ChannelManager - Adding key: http://localhost:62880 for channel [id: 0x91664178, L:/127.0.0.1:51536 - R:localhost/127.0.0.1:62880]
14:21:58.920 [Forwarding findElement on session 32b5f3f7767329dfee511fbc7f7d4d1e to remote] DEBUG org.asynchttpclient.netty.request.NettyRequestSender - Using pooled Channel '[id: 0x91664178, L:/127.0.0.1:51536 - R:localhost/127.0.0.1:62880]' for 'POST' to 'http://localhost:62880/session/32b5f3f7767329dfee511fbc7f7d4d1e/element'
14:21:58.920 [Forwarding findElement on session 32b5f3f7767329dfee511fbc7f7d4d1e to remote] DEBUG org.asynchttpclient.netty.request.NettyRequestSender - Using open Channel [id: 0x91664178, L:/127.0.0.1:51536 - R:localhost/127.0.0.1:62880] for POST '/session/32b5f3f7767329dfee511fbc7f7d4d1e/element'
14:21:58.936 [AsyncHttpClient-1-8] DEBUG org.asynchttpclient.netty.handler.HttpHandler - 

Request DefaultHttpRequest(decodeResult: success, version: HTTP/1.1)
POST /session/32b5f3f7767329dfee511fbc7f7d4d1e/element HTTP/1.1
User-Agent: selenium/4.1.2 (java windows)
Content-Length: 90
Content-Type: application/json; charset=utf-8
host: localhost:62880
accept: */*

Response DefaultHttpResponse(decodeResult: success, version: HTTP/1.1)
HTTP/1.1 200 OK
Content-Type: application/json; charset=utf-8
cache-control: no-cache
content-length: 88

14:21:58.936 [AsyncHttpClient-1-8] DEBUG org.asynchttpclient.netty.channel.ChannelManager - Adding key: http://localhost:62880 for channel [id: 0x91664178, L:/127.0.0.1:51536 - R:localhost/127.0.0.1:62880]
14:21:58.936 [Forwarding clickElement on session 32b5f3f7767329dfee511fbc7f7d4d1e to remote] DEBUG org.asynchttpclient.netty.request.NettyRequestSender - Using pooled Channel '[id: 0x91664178, L:/127.0.0.1:51536 - R:localhost/127.0.0.1:62880]' for 'POST' to 'http://localhost:62880/session/32b5f3f7767329dfee511fbc7f7d4d1e/element/6461326c-34ab-4d8a-a2c9-2b9085f7ec81/click'
14:21:58.936 [Forwarding clickElement on session 32b5f3f7767329dfee511fbc7f7d4d1e to remote] DEBUG org.asynchttpclient.netty.request.NettyRequestSender - Using open Channel [id: 0x91664178, L:/127.0.0.1:51536 - R:localhost/127.0.0.1:62880] for POST '/session/32b5f3f7767329dfee511fbc7f7d4d1e/element/6461326c-34ab-4d8a-a2c9-2b9085f7ec81/click'
14:21:58.978 [AsyncHttpClient-1-8] DEBUG org.asynchttpclient.netty.handler.HttpHandler - 

Request DefaultHttpRequest(decodeResult: success, version: HTTP/1.1)
POST /session/32b5f3f7767329dfee511fbc7f7d4d1e/element/6461326c-34ab-4d8a-a2c9-2b9085f7ec81/click HTTP/1.1
User-Agent: selenium/4.1.2 (java windows)
Content-Length: 50
Content-Type: application/json; charset=utf-8
host: localhost:62880
accept: */*

Response DefaultHttpResponse(decodeResult: success, version: HTTP/1.1)
HTTP/1.1 200 OK
Content-Type: application/json; charset=utf-8
cache-control: no-cache
content-length: 14

14:21:58.978 [AsyncHttpClient-1-8] DEBUG org.asynchttpclient.netty.channel.ChannelManager - Adding key: http://localhost:62880 for channel [id: 0x91664178, L:/127.0.0.1:51536 - R:localhost/127.0.0.1:62880]
14:21:58.978 [Forwarding findElement on session 32b5f3f7767329dfee511fbc7f7d4d1e to remote] DEBUG org.asynchttpclient.netty.request.NettyRequestSender - Using pooled Channel '[id: 0x91664178, L:/127.0.0.1:51536 - R:localhost/127.0.0.1:62880]' for 'POST' to 'http://localhost:62880/session/32b5f3f7767329dfee511fbc7f7d4d1e/element'
14:21:58.978 [Forwarding findElement on session 32b5f3f7767329dfee511fbc7f7d4d1e to remote] DEBUG org.asynchttpclient.netty.request.NettyRequestSender - Using open Channel [id: 0x91664178, L:/127.0.0.1:51536 - R:localhost/127.0.0.1:62880] for POST '/session/32b5f3f7767329dfee511fbc7f7d4d1e/element'
14:21:58.999 [AsyncHttpClient-1-8] DEBUG org.asynchttpclient.netty.handler.HttpHandler - 

Request DefaultHttpRequest(decodeResult: success, version: HTTP/1.1)
POST /session/32b5f3f7767329dfee511fbc7f7d4d1e/element HTTP/1.1
User-Agent: selenium/4.1.2 (java windows)
Content-Length: 94
Content-Type: application/json; charset=utf-8
host: localhost:62880
accept: */*

Response DefaultHttpResponse(decodeResult: success, version: HTTP/1.1)
HTTP/1.1 200 OK
Content-Type: application/json; charset=utf-8
cache-control: no-cache
content-length: 88

14:21:58.999 [AsyncHttpClient-1-8] DEBUG org.asynchttpclient.netty.channel.ChannelManager - Adding key: http://localhost:62880 for channel [id: 0x91664178, L:/127.0.0.1:51536 - R:localhost/127.0.0.1:62880]
14:21:58.999 [Forwarding getElementTagName on session 32b5f3f7767329dfee511fbc7f7d4d1e to remote] DEBUG org.asynchttpclient.netty.request.NettyRequestSender - Using pooled Channel '[id: 0x91664178, L:/127.0.0.1:51536 - R:localhost/127.0.0.1:62880]' for 'GET' to 'http://localhost:62880/session/32b5f3f7767329dfee511fbc7f7d4d1e/element/9891e32a-2103-4302-ad0f-099de6b04f03/name'
14:21:58.999 [Forwarding getElementTagName on session 32b5f3f7767329dfee511fbc7f7d4d1e to remote] DEBUG org.asynchttpclient.netty.request.NettyRequestSender - Using open Channel [id: 0x91664178, L:/127.0.0.1:51536 - R:localhost/127.0.0.1:62880] for GET '/session/32b5f3f7767329dfee511fbc7f7d4d1e/element/9891e32a-2103-4302-ad0f-099de6b04f03/name'
14:21:59.007 [AsyncHttpClient-1-8] DEBUG org.asynchttpclient.netty.handler.HttpHandler - 

Request DefaultFullHttpRequest(decodeResult: success, version: HTTP/1.1, content: EmptyByteBufBE)
GET /session/32b5f3f7767329dfee511fbc7f7d4d1e/element/9891e32a-2103-4302-ad0f-099de6b04f03/name HTTP/1.1
User-Agent: selenium/4.1.2 (java windows)
Cache-Control: no-cache
Content-Type: application/json; charset=utf-8
host: localhost:62880
accept: */*

Response DefaultHttpResponse(decodeResult: success, version: HTTP/1.1)
HTTP/1.1 200 OK
Content-Type: application/json; charset=utf-8
cache-control: no-cache
content-length: 18

14:21:59.007 [AsyncHttpClient-1-8] DEBUG org.asynchttpclient.netty.channel.ChannelManager - Adding key: http://localhost:62880 for channel [id: 0x91664178, L:/127.0.0.1:51536 - R:localhost/127.0.0.1:62880]
14:21:59.015 [Forwarding getElementTagName on session 32b5f3f7767329dfee511fbc7f7d4d1e to remote] DEBUG org.asynchttpclient.netty.request.NettyRequestSender - Using pooled Channel '[id: 0x91664178, L:/127.0.0.1:51536 - R:localhost/127.0.0.1:62880]' for 'GET' to 'http://localhost:62880/session/32b5f3f7767329dfee511fbc7f7d4d1e/element/9891e32a-2103-4302-ad0f-099de6b04f03/name'
14:21:59.015 [Forwarding getElementTagName on session 32b5f3f7767329dfee511fbc7f7d4d1e to remote] DEBUG org.asynchttpclient.netty.request.NettyRequestSender - Using open Channel [id: 0x91664178, L:/127.0.0.1:51536 - R:localhost/127.0.0.1:62880] for GET '/session/32b5f3f7767329dfee511fbc7f7d4d1e/element/9891e32a-2103-4302-ad0f-099de6b04f03/name'
14:21:59.015 [AsyncHttpClient-1-8] DEBUG org.asynchttpclient.netty.handler.HttpHandler - 

Request DefaultFullHttpRequest(decodeResult: success, version: HTTP/1.1, content: EmptyByteBufBE)
GET /session/32b5f3f7767329dfee511fbc7f7d4d1e/element/9891e32a-2103-4302-ad0f-099de6b04f03/name HTTP/1.1
User-Agent: selenium/4.1.2 (java windows)
Cache-Control: no-cache
Content-Type: application/json; charset=utf-8
host: localhost:62880
accept: */*

Response DefaultHttpResponse(decodeResult: success, version: HTTP/1.1)
HTTP/1.1 200 OK
Content-Type: application/json; charset=utf-8
cache-control: no-cache
content-length: 18

14:21:59.015 [AsyncHttpClient-1-8] DEBUG org.asynchttpclient.netty.channel.ChannelManager - Adding key: http://localhost:62880 for channel [id: 0x91664178, L:/127.0.0.1:51536 - R:localhost/127.0.0.1:62880]
14:21:59.023 [Forwarding isElementEnabled on session 32b5f3f7767329dfee511fbc7f7d4d1e to remote] DEBUG org.asynchttpclient.netty.request.NettyRequestSender - Using pooled Channel '[id: 0x91664178, L:/127.0.0.1:51536 - R:localhost/127.0.0.1:62880]' for 'GET' to 'http://localhost:62880/session/32b5f3f7767329dfee511fbc7f7d4d1e/element/9891e32a-2103-4302-ad0f-099de6b04f03/enabled'
14:21:59.023 [Forwarding isElementEnabled on session 32b5f3f7767329dfee511fbc7f7d4d1e to remote] DEBUG org.asynchttpclient.netty.request.NettyRequestSender - Using open Channel [id: 0x91664178, L:/127.0.0.1:51536 - R:localhost/127.0.0.1:62880] for GET '/session/32b5f3f7767329dfee511fbc7f7d4d1e/element/9891e32a-2103-4302-ad0f-099de6b04f03/enabled'
14:21:59.031 [AsyncHttpClient-1-8] DEBUG org.asynchttpclient.netty.handler.HttpHandler - 

Request DefaultFullHttpRequest(decodeResult: success, version: HTTP/1.1, content: EmptyByteBufBE)
GET /session/32b5f3f7767329dfee511fbc7f7d4d1e/element/9891e32a-2103-4302-ad0f-099de6b04f03/enabled HTTP/1.1
User-Agent: selenium/4.1.2 (java windows)
Cache-Control: no-cache
Content-Type: application/json; charset=utf-8
host: localhost:62880
accept: */*

Response DefaultHttpResponse(decodeResult: success, version: HTTP/1.1)
HTTP/1.1 200 OK
Content-Type: application/json; charset=utf-8
cache-control: no-cache
content-length: 14

14:21:59.031 [AsyncHttpClient-1-8] DEBUG org.asynchttpclient.netty.channel.ChannelManager - Adding key: http://localhost:62880 for channel [id: 0x91664178, L:/127.0.0.1:51536 - R:localhost/127.0.0.1:62880]
14:21:59.039 [Forwarding isElementEnabled on session 32b5f3f7767329dfee511fbc7f7d4d1e to remote] DEBUG org.asynchttpclient.netty.request.NettyRequestSender - Using pooled Channel '[id: 0x91664178, L:/127.0.0.1:51536 - R:localhost/127.0.0.1:62880]' for 'GET' to 'http://localhost:62880/session/32b5f3f7767329dfee511fbc7f7d4d1e/element/9891e32a-2103-4302-ad0f-099de6b04f03/enabled'
14:21:59.039 [Forwarding isElementEnabled on session 32b5f3f7767329dfee511fbc7f7d4d1e to remote] DEBUG org.asynchttpclient.netty.request.NettyRequestSender - Using open Channel [id: 0x91664178, L:/127.0.0.1:51536 - R:localhost/127.0.0.1:62880] for GET '/session/32b5f3f7767329dfee511fbc7f7d4d1e/element/9891e32a-2103-4302-ad0f-099de6b04f03/enabled'
14:21:59.051 [AsyncHttpClient-1-8] DEBUG org.asynchttpclient.netty.handler.HttpHandler - 

Request DefaultFullHttpRequest(decodeResult: success, version: HTTP/1.1, content: EmptyByteBufBE)
GET /session/32b5f3f7767329dfee511fbc7f7d4d1e/element/9891e32a-2103-4302-ad0f-099de6b04f03/enabled HTTP/1.1
User-Agent: selenium/4.1.2 (java windows)
Cache-Control: no-cache
Content-Type: application/json; charset=utf-8
host: localhost:62880
accept: */*

Response DefaultHttpResponse(decodeResult: success, version: HTTP/1.1)
HTTP/1.1 200 OK
Content-Type: application/json; charset=utf-8
cache-control: no-cache
content-length: 14

14:21:59.051 [AsyncHttpClient-1-8] DEBUG org.asynchttpclient.netty.channel.ChannelManager - Adding key: http://localhost:62880 for channel [id: 0x91664178, L:/127.0.0.1:51536 - R:localhost/127.0.0.1:62880]
14:21:59.054 [Forwarding findElement on session 32b5f3f7767329dfee511fbc7f7d4d1e to remote] DEBUG org.asynchttpclient.netty.request.NettyRequestSender - Using pooled Channel '[id: 0x91664178, L:/127.0.0.1:51536 - R:localhost/127.0.0.1:62880]' for 'POST' to 'http://localhost:62880/session/32b5f3f7767329dfee511fbc7f7d4d1e/element'
14:21:59.054 [Forwarding findElement on session 32b5f3f7767329dfee511fbc7f7d4d1e to remote] DEBUG org.asynchttpclient.netty.request.NettyRequestSender - Using open Channel [id: 0x91664178, L:/127.0.0.1:51536 - R:localhost/127.0.0.1:62880] for POST '/session/32b5f3f7767329dfee511fbc7f7d4d1e/element'
14:21:59.064 [AsyncHttpClient-1-8] DEBUG org.asynchttpclient.netty.handler.HttpHandler - 

Request DefaultHttpRequest(decodeResult: success, version: HTTP/1.1)
POST /session/32b5f3f7767329dfee511fbc7f7d4d1e/element HTTP/1.1
User-Agent: selenium/4.1.2 (java windows)
Content-Length: 94
Content-Type: application/json; charset=utf-8
host: localhost:62880
accept: */*

Response DefaultHttpResponse(decodeResult: success, version: HTTP/1.1)
HTTP/1.1 200 OK
Content-Type: application/json; charset=utf-8
cache-control: no-cache
content-length: 88

14:21:59.064 [AsyncHttpClient-1-8] DEBUG org.asynchttpclient.netty.channel.ChannelManager - Adding key: http://localhost:62880 for channel [id: 0x91664178, L:/127.0.0.1:51536 - R:localhost/127.0.0.1:62880]
14:21:59.066 [Forwarding clickElement on session 32b5f3f7767329dfee511fbc7f7d4d1e to remote] DEBUG org.asynchttpclient.netty.request.NettyRequestSender - Using pooled Channel '[id: 0x91664178, L:/127.0.0.1:51536 - R:localhost/127.0.0.1:62880]' for 'POST' to 'http://localhost:62880/session/32b5f3f7767329dfee511fbc7f7d4d1e/element/9891e32a-2103-4302-ad0f-099de6b04f03/click'
14:21:59.066 [Forwarding clickElement on session 32b5f3f7767329dfee511fbc7f7d4d1e to remote] DEBUG org.asynchttpclient.netty.request.NettyRequestSender - Using open Channel [id: 0x91664178, L:/127.0.0.1:51536 - R:localhost/127.0.0.1:62880] for POST '/session/32b5f3f7767329dfee511fbc7f7d4d1e/element/9891e32a-2103-4302-ad0f-099de6b04f03/click'
14:21:59.111 [AsyncHttpClient-1-8] DEBUG org.asynchttpclient.netty.handler.HttpHandler - 

Request DefaultHttpRequest(decodeResult: success, version: HTTP/1.1)
POST /session/32b5f3f7767329dfee511fbc7f7d4d1e/element/9891e32a-2103-4302-ad0f-099de6b04f03/click HTTP/1.1
User-Agent: selenium/4.1.2 (java windows)
Content-Length: 50
Content-Type: application/json; charset=utf-8
host: localhost:62880
accept: */*

Response DefaultHttpResponse(decodeResult: success, version: HTTP/1.1)
HTTP/1.1 200 OK
Content-Type: application/json; charset=utf-8
cache-control: no-cache
content-length: 14

14:21:59.111 [AsyncHttpClient-1-8] DEBUG org.asynchttpclient.netty.channel.ChannelManager - Adding key: http://localhost:62880 for channel [id: 0x91664178, L:/127.0.0.1:51536 - R:localhost/127.0.0.1:62880]
  &amp#27;[32mWhen &amp#27;[0m&amp#27;[32mI click add to cart any product&amp#27;[0m       &amp#27;[90m# starter.stepdefinition.CartStepdefs.iClickAddToCartAnyProduct()&amp#27;[0m
14:21:59.127 [Forwarding screenshot on session 32b5f3f7767329dfee511fbc7f7d4d1e to remote] DEBUG org.asynchttpclient.netty.request.NettyRequestSender - Using pooled Channel '[id: 0x91664178, L:/127.0.0.1:51536 - R:localhost/127.0.0.1:62880]' for 'GET' to 'http://localhost:62880/session/32b5f3f7767329dfee511fbc7f7d4d1e/screenshot'
14:21:59.127 [Forwarding screenshot on session 32b5f3f7767329dfee511fbc7f7d4d1e to remote] DEBUG org.asynchttpclient.netty.request.NettyRequestSender - Using open Channel [id: 0x91664178, L:/127.0.0.1:51536 - R:localhost/127.0.0.1:62880] for GET '/session/32b5f3f7767329dfee511fbc7f7d4d1e/screenshot'
14:21:59.136 [AsyncHttpClient-1-1] DEBUG org.asynchttpclient.netty.channel.DefaultChannelPool - Entry count for : http://localhost:51537 : 1
14:21:59.501 [AsyncHttpClient-1-8] DEBUG org.asynchttpclient.netty.handler.HttpHandler - 

Request DefaultFullHttpRequest(decodeResult: success, version: HTTP/1.1, content: EmptyByteBufBE)
GET /session/32b5f3f7767329dfee511fbc7f7d4d1e/screenshot HTTP/1.1
User-Agent: selenium/4.1.2 (java windows)
Cache-Control: no-cache
Content-Type: application/json; charset=utf-8
host: localhost:62880
accept: */*

Response DefaultHttpResponse(decodeResult: success, version: HTTP/1.1)
HTTP/1.1 200 OK
Content-Type: application/json; charset=utf-8
cache-control: no-cache
content-length: 629716

14:21:59.516 [AsyncHttpClient-1-8] DEBUG org.asynchttpclient.netty.channel.ChannelManager - Adding key: http://localhost:62880 for channel [id: 0x91664178, L:/127.0.0.1:51536 - R:localhost/127.0.0.1:62880]
14:21:59.550 [main] DEBUG net.serenitybdd.core.photography.Darkroom - Send negative for processing for target\site\serenity\8d61f9d2bf5dd75c7861ca7a1daffe8425be37b852cfebaa2a37aed74a6d7892.png
14:21:59.566 [Darkroom Processing Line] DEBUG net.serenitybdd.core.photography.DarkroomProcessingLine - Processing screenshot image in /var/screenshots/screenshot-6035100182420404041
14:21:59.566 [Darkroom Processing Line] DEBUG net.serenitybdd.core.photography.DarkroomProcessingLine - Saving screenshot to target\site\serenity\8d61f9d2bf5dd75c7861ca7a1daffe8425be37b852cfebaa2a37aed74a6d7892.png
14:21:59.566 [Forwarding findElement on session 32b5f3f7767329dfee511fbc7f7d4d1e to remote] DEBUG org.asynchttpclient.netty.request.NettyRequestSender - Using pooled Channel '[id: 0x91664178, L:/127.0.0.1:51536 - R:localhost/127.0.0.1:62880]' for 'POST' to 'http://localhost:62880/session/32b5f3f7767329dfee511fbc7f7d4d1e/element'
14:21:59.566 [Forwarding findElement on session 32b5f3f7767329dfee511fbc7f7d4d1e to remote] DEBUG org.asynchttpclient.netty.request.NettyRequestSender - Using open Channel [id: 0x91664178, L:/127.0.0.1:51536 - R:localhost/127.0.0.1:62880] for POST '/session/32b5f3f7767329dfee511fbc7f7d4d1e/element'
14:21:59.590 [AsyncHttpClient-1-8] DEBUG org.asynchttpclient.netty.handler.HttpHandler - 

Request DefaultHttpRequest(decodeResult: success, version: HTTP/1.1)
POST /session/32b5f3f7767329dfee511fbc7f7d4d1e/element HTTP/1.1
User-Agent: selenium/4.1.2 (java windows)
Content-Length: 83
Content-Type: application/json; charset=utf-8
host: localhost:62880
accept: */*

Response DefaultHttpResponse(decodeResult: success, version: HTTP/1.1)
HTTP/1.1 200 OK
Content-Type: application/json; charset=utf-8
cache-control: no-cache
content-length: 88

14:21:59.590 [AsyncHttpClient-1-8] DEBUG org.asynchttpclient.netty.channel.ChannelManager - Adding key: http://localhost:62880 for channel [id: 0x91664178, L:/127.0.0.1:51536 - R:localhost/127.0.0.1:62880]
14:21:59.590 [Forwarding isElementDisplayed on session 32b5f3f7767329dfee511fbc7f7d4d1e to remote] DEBUG org.asynchttpclient.netty.request.NettyRequestSender - Using pooled Channel '[id: 0x91664178, L:/127.0.0.1:51536 - R:localhost/127.0.0.1:62880]' for 'POST' to 'http://localhost:62880/session/32b5f3f7767329dfee511fbc7f7d4d1e/execute/sync'
14:21:59.590 [Forwarding isElementDisplayed on session 32b5f3f7767329dfee511fbc7f7d4d1e to remote] DEBUG org.asynchttpclient.netty.request.NettyRequestSender - Using open Channel [id: 0x91664178, L:/127.0.0.1:51536 - R:localhost/127.0.0.1:62880] for POST '/session/32b5f3f7767329dfee511fbc7f7d4d1e/execute/sync'
14:21:59.606 [AsyncHttpClient-1-8] DEBUG org.asynchttpclient.netty.handler.HttpHandler - 

Request DefaultHttpRequest(decodeResult: success, version: HTTP/1.1)
POST /session/32b5f3f7767329dfee511fbc7f7d4d1e/execute/sync HTTP/1.1
User-Agent: selenium/4.1.2 (java windows)
Content-Length: 48780
Content-Type: application/json; charset=utf-8
host: localhost:62880
accept: */*

Response DefaultHttpResponse(decodeResult: success, version: HTTP/1.1)
HTTP/1.1 200 OK
Content-Type: application/json; charset=utf-8
cache-control: no-cache
content-length: 14

14:21:59.606 [AsyncHttpClient-1-8] DEBUG org.asynchttpclient.netty.channel.ChannelManager - Adding key: http://localhost:62880 for channel [id: 0x91664178, L:/127.0.0.1:51536 - R:localhost/127.0.0.1:62880]
14:21:59.621 [Forwarding isElementDisplayed on session 32b5f3f7767329dfee511fbc7f7d4d1e to remote] DEBUG org.asynchttpclient.netty.request.NettyRequestSender - Using pooled Channel '[id: 0x91664178, L:/127.0.0.1:51536 - R:localhost/127.0.0.1:62880]' for 'POST' to 'http://localhost:62880/session/32b5f3f7767329dfee511fbc7f7d4d1e/execute/sync'
14:21:59.621 [Forwarding isElementDisplayed on session 32b5f3f7767329dfee511fbc7f7d4d1e to remote] DEBUG org.asynchttpclient.netty.request.NettyRequestSender - Using open Channel [id: 0x91664178, L:/127.0.0.1:51536 - R:localhost/127.0.0.1:62880] for POST '/session/32b5f3f7767329dfee511fbc7f7d4d1e/execute/sync'
14:21:59.640 [AsyncHttpClient-1-8] DEBUG org.asynchttpclient.netty.handler.HttpHandler - 

Request DefaultHttpRequest(decodeResult: success, version: HTTP/1.1)
POST /session/32b5f3f7767329dfee511fbc7f7d4d1e/execute/sync HTTP/1.1
User-Agent: selenium/4.1.2 (java windows)
Content-Length: 48780
Content-Type: application/json; charset=utf-8
host: localhost:62880
accept: */*

Response DefaultHttpResponse(decodeResult: success, version: HTTP/1.1)
HTTP/1.1 200 OK
Content-Type: application/json; charset=utf-8
cache-control: no-cache
content-length: 14

14:21:59.640 [AsyncHttpClient-1-8] DEBUG org.asynchttpclient.netty.channel.ChannelManager - Adding key: http://localhost:62880 for channel [id: 0x91664178, L:/127.0.0.1:51536 - R:localhost/127.0.0.1:62880]
  &amp#27;[32mThen &amp#27;[0m&amp#27;[32mI see my cart added&amp#27;[0m                   &amp#27;[90m# starter.stepdefinition.CartStepdefs.iSeeMyCartAdded()&amp#27;[0m
14:21:59.640 [Forwarding screenshot on session 32b5f3f7767329dfee511fbc7f7d4d1e to remote] DEBUG org.asynchttpclient.netty.request.NettyRequestSender - Using pooled Channel '[id: 0x91664178, L:/127.0.0.1:51536 - R:localhost/127.0.0.1:62880]' for 'GET' to 'http://localhost:62880/session/32b5f3f7767329dfee511fbc7f7d4d1e/screenshot'
14:21:59.640 [Forwarding screenshot on session 32b5f3f7767329dfee511fbc7f7d4d1e to remote] DEBUG org.asynchttpclient.netty.request.NettyRequestSender - Using open Channel [id: 0x91664178, L:/127.0.0.1:51536 - R:localhost/127.0.0.1:62880] for GET '/session/32b5f3f7767329dfee511fbc7f7d4d1e/screenshot'
14:21:59.869 [AsyncHttpClient-1-8] DEBUG org.asynchttpclient.netty.handler.HttpHandler - 

Request DefaultFullHttpRequest(decodeResult: success, version: HTTP/1.1, content: EmptyByteBufBE)
GET /session/32b5f3f7767329dfee511fbc7f7d4d1e/screenshot HTTP/1.1
User-Agent: selenium/4.1.2 (java windows)
Cache-Control: no-cache
Content-Type: application/json; charset=utf-8
host: localhost:62880
accept: */*

Response DefaultHttpResponse(decodeResult: success, version: HTTP/1.1)
HTTP/1.1 200 OK
Content-Type: application/json; charset=utf-8
cache-control: no-cache
content-length: 629716

14:21:59.869 [AsyncHttpClient-1-8] DEBUG org.asynchttpclient.netty.channel.ChannelManager - Adding key: http://localhost:62880 for channel [id: 0x91664178, L:/127.0.0.1:51536 - R:localhost/127.0.0.1:62880]
14:21:59.893 [main] DEBUG net.serenitybdd.core.photography.Darkroom - Send negative for processing for target\site\serenity\8d61f9d2bf5dd75c7861ca7a1daffe8425be37b852cfebaa2a37aed74a6d7892.png
14:21:59.893 [main] INFO  - 
  _____   ___   ___   _____     ___     _     ___   ___   ___   ___  
 |_   _| | __| / __| |_   _|   | _ \   /_\   / __| / __| | __| |   \ 
   | |   | _|  \__ \   | |     |  _/  / _ \  \__ \ \__ \ | _|  | |) |
   |_|   |___| |___/   |_|     |_|   /_/ \_\ |___/ |___/ |___| |___/ 

user successfully add cart product
----------------------------------------------------------------------
14:21:59.893 [AsyncHttpClient-1-10] DEBUG org.asynchttpclient.netty.handler.WebSocketHandler - Channel Closed: [id: 0xdbbf967d, L:/127.0.0.1:51544 ! R:localhost/127.0.0.1:51537] with attribute NettyResponseFuture{currentRetry=5,
	isDone=1,
	isCancelled=0,
	asyncHandler=org.asynchttpclient.ws.WebSocketUpgradeHandler@60c0b3,
	nettyRequest=org.asynchttpclient.netty.request.NettyRequest@162439b,
	future=java.util.concurrent.CompletableFuture@813307[Completed normally],
	uri=ws://localhost:51537/devtools/browser/e0fc66ea-ad64-41e0-a2a1-8f1eca080ef5,
	keepAlive=true,
	redirectCount=0,
	timeoutsHolder=null,
	inAuth=0,
	touch=1657264916843}
14:21:59.893 [AsyncHttpClient-1-10] DEBUG org.asynchttpclient.netty.channel.ChannelManager - Closing Channel [id: 0xdbbf967d, L:/127.0.0.1:51544 ! R:localhost/127.0.0.1:51537] 
14:21:59.893 [Driver Command Executor] DEBUG org.asynchttpclient.netty.request.NettyRequestSender - Using pooled Channel '[id: 0x91664178, L:/127.0.0.1:51536 - R:localhost/127.0.0.1:62880]' for 'DELETE' to 'http://localhost:62880/session/32b5f3f7767329dfee511fbc7f7d4d1e'
14:21:59.893 [Driver Command Executor] DEBUG org.asynchttpclient.netty.request.NettyRequestSender - Using open Channel [id: 0x91664178, L:/127.0.0.1:51536 - R:localhost/127.0.0.1:62880] for DELETE '/session/32b5f3f7767329dfee511fbc7f7d4d1e'
14:21:59.974 [AsyncHttpClient-1-9] DEBUG org.asynchttpclient.netty.handler.HttpHandler - Unexpected I/O exception on channel [id: 0x25874227, L:/127.0.0.1:51543 - R:localhost/127.0.0.1:51537]
java.io.IOException: An existing connection was forcibly closed by the remote host
	at sun.nio.ch.SocketDispatcher.read0(Native Method)
	at sun.nio.ch.SocketDispatcher.read(SocketDispatcher.java:43)
	at sun.nio.ch.IOUtil.readIntoNativeBuffer(IOUtil.java:223)
	at sun.nio.ch.IOUtil.read(IOUtil.java:192)
	at sun.nio.ch.SocketChannelImpl.read(SocketChannelImpl.java:378)
	at io.netty.buffer.PooledByteBuf.setBytes(PooledByteBuf.java:258)
	at io.netty.buffer.AbstractByteBuf.writeBytes(AbstractByteBuf.java:1132)
	at io.netty.channel.socket.nio.NioSocketChannel.doReadBytes(NioSocketChannel.java:350)
	at io.netty.channel.nio.AbstractNioByteChannel$NioByteUnsafe.read(AbstractNioByteChannel.java:151)
	at io.netty.channel.nio.NioEventLoop.processSelectedKey(NioEventLoop.java:722)
	at io.netty.channel.nio.NioEventLoop.processSelectedKeysOptimized(NioEventLoop.java:658)
	at io.netty.channel.nio.NioEventLoop.processSelectedKeys(NioEventLoop.java:584)
	at io.netty.channel.nio.NioEventLoop.run(NioEventLoop.java:496)
	at io.netty.util.concurrent.SingleThreadEventExecutor$4.run(SingleThreadEventExecutor.java:986)
	at io.netty.util.internal.ThreadExecutorMap$2.run(ThreadExecutorMap.java:74)
	at io.netty.util.concurrent.FastThreadLocalRunnable.run(FastThreadLocalRunnable.java:30)
	at java.lang.Thread.run(Thread.java:750)
14:21:59.974 [AsyncHttpClient-1-9] DEBUG org.asynchttpclient.netty.channel.ChannelManager - Closing Channel [id: 0x25874227, L:/127.0.0.1:51543 - R:localhost/127.0.0.1:51537] 
14:21:59.974 [AsyncHttpClient-1-9] DEBUG org.asynchttpclient.netty.handler.HttpHandler - Channel Closed: [id: 0x25874227, L:/127.0.0.1:51543 ! R:localhost/127.0.0.1:51537] with attribute DISCARD
14:21:59.990 [AsyncHttpClient-1-8] DEBUG org.asynchttpclient.netty.handler.HttpHandler - 

Request DefaultFullHttpRequest(decodeResult: success, version: HTTP/1.1, content: EmptyByteBufBE)
DELETE /session/32b5f3f7767329dfee511fbc7f7d4d1e HTTP/1.1
User-Agent: selenium/4.1.2 (java windows)
Content-Type: application/json; charset=utf-8
host: localhost:62880
accept: */*

Response DefaultHttpResponse(decodeResult: success, version: HTTP/1.1)
HTTP/1.1 200 OK
Content-Type: application/json; charset=utf-8
cache-control: no-cache
content-length: 14

14:21:59.990 [AsyncHttpClient-1-8] DEBUG org.asynchttpclient.netty.channel.ChannelManager - Adding key: http://localhost:62880 for channel [id: 0x91664178, L:/127.0.0.1:51536 - R:localhost/127.0.0.1:62880]
14:22:00.072 [AsyncHttpClient-1-8] DEBUG org.asynchttpclient.netty.handler.HttpHandler - Channel Closed: [id: 0x91664178, L:/127.0.0.1:51536 ! R:localhost/127.0.0.1:62880] with attribute DISCARD
14:22:00.231 [AsyncHttpClient-1-1] DEBUG org.asynchttpclient.netty.channel.DefaultChannelPool - Entry count for : http://localhost:62880 : 1
14:22:00.231 [AsyncHttpClient-1-1] DEBUG org.asynchttpclient.netty.channel.DefaultChannelPool - Entry count for : http://localhost:51537 : 1
14:22:00.231 [AsyncHttpClient-1-1] DEBUG org.asynchttpclient.netty.channel.DefaultChannelPool - Adding Candidate expired Channel [id: 0x91664178, L:/127.0.0.1:51536 ! R:localhost/127.0.0.1:62880] isIdleTimeoutExpired=false isRemotelyClosed=true isTtlExpired=false
14:22:00.231 [AsyncHttpClient-1-1] DEBUG org.asynchttpclient.netty.channel.DefaultChannelPool - Closing Idle Channel [id: 0x91664178, L:/127.0.0.1:51536 ! R:localhost/127.0.0.1:62880]
14:22:00.231 [AsyncHttpClient-1-1] DEBUG org.asynchttpclient.netty.channel.DefaultChannelPool - Adding Candidate expired Channel [id: 0x25874227, L:/127.0.0.1:51543 ! R:localhost/127.0.0.1:51537] isIdleTimeoutExpired=false isRemotelyClosed=true isTtlExpired=false
14:22:00.231 [AsyncHttpClient-1-1] DEBUG org.asynchttpclient.netty.channel.DefaultChannelPool - Closing Idle Channel [id: 0x25874227, L:/127.0.0.1:51543 ! R:localhost/127.0.0.1:51537]
14:22:00.231 [AsyncHttpClient-1-1] DEBUG org.asynchttpclient.netty.channel.DefaultChannelPool - Closed 2 connections out of 2 in 0 ms
]]></system-out>
    <system-err><![CDATA[Starting ChromeDriver 103.0.5060.53 (a1711811edd74ff1cf2150f36ffa3b0dae40b17f-refs/branch-heads/5060@{#853}) on port 62880
Only local connections are allowed.
Please see https://chromedriver.chromium.org/security-considerations for suggestions on keeping ChromeDriver safe.
ChromeDriver was started successfully.
Jul 08, 2022 2:21:56 PM org.openqa.selenium.remote.ProtocolHandshake createSession
INFO: Detected dialect: W3C
Jul 08, 2022 2:21:56 PM org.openqa.selenium.devtools.CdpVersionFinder findNearestMatch
WARNING: Unable to find an exact match for CDP version 103, so returning the closest version found: a no-op implementation
Jul 08, 2022 2:21:56 PM org.openqa.selenium.devtools.CdpVersionFinder findNearestMatch
INFO: Unable to find CDP implementation matching 103.
Jul 08, 2022 2:21:56 PM org.openqa.selenium.chromium.ChromiumDriver lambda$new$3
WARNING: Unable to find version of CDP to use for . You may need to include a dependency on a specific version of the CDP using something similar to `org.seleniumhq.selenium:selenium-devtools-v86:4.1.2` where the version ("v86") matches the version of the chromium-based browser you're using and the version number of the artifact is the same as Selenium's.
]]></system-err>
  </testcase>
  <testcase name="user successfully checkout product in cart" classname="Add to Cart product" time="7.047">
    <system-out><![CDATA[
@shop-products @Checkout-cart
Scenario: user successfully checkout product in cart &amp#27;[90m# src/test/resources/features/shopProdcut.feature:15&amp#27;[0m
14:22:00.597 [main] INFO io.cucumber.core.plugin.SerenityReporter - Running feature from file:///D:/AUTOMATION%20TEST/WEB/web-automation-saucedemo-with-serenity/src/test/resources/features/shopProdcut.feature
14:22:00.612 [main] INFO  - 
  _____   ___   ___   _____     ___   _____     _     ___   _____   ___   ___  
 |_   _| | __| / __| |_   _|   / __| |_   _|   /_\   | _ \ |_   _| | __| |   \ 
   | |   | _|  \__ \   | |     \__ \   | |    / _ \  |   /   | |   | _|  | |) |
   |_|   |___| |___/   |_|     |___/   |_|   /_/ \_\ |_|_\   |_|   |___| |___/ 

user successfully checkout product in cart(add-to-cart-product;user-successfully-checkout-product-in-cart)
--------------------------------------------------------------------------------
14:22:00.694 [main] INFO net.serenitybdd.core.webdriver.driverproviders.ChromeDriverProvider - Using automatically driver download
14:22:00.778 [main] DEBUG io.github.bonigarcia.wdm.cache.ResolutionCache - Resolution chrome=103 in cache (valid until 15:05:31 08/07/2022 ICT)
14:22:00.778 [main] DEBUG io.github.bonigarcia.wdm.cache.ResolutionCache - Resolution chrome103=103.0.5060.53 in cache (valid until 21:24:13 08/07/2022 ICT)
14:22:00.778 [main] INFO io.github.bonigarcia.wdm.WebDriverManager - Using chromedriver 103.0.5060.53 (resolved driver for Chrome 103)
14:22:00.794 [main] DEBUG io.github.bonigarcia.wdm.WebDriverManager - Driver chromedriver 103.0.5060.53 found in cache
14:22:00.794 [main] INFO io.github.bonigarcia.wdm.WebDriverManager - Exporting webdriver.chrome.driver as C:\Users\ASUS\.cache\selenium\chromedriver\win32\103.0.5060.53\chromedriver.exe
14:22:00.888 [main] DEBUG net.serenitybdd.core.webdriver.driverproviders.ProvideNewDriver - Instantiating driver
14:22:00.888 [main] DEBUG net.serenitybdd.core.webdriver.driverproviders.ProvideNewDriver - Driver capabilities: Capabilities {acceptInsecureCerts: false, base.url: https://www.saucedemo.com/, browserName: chrome, chrome.driver: src/test/resources/webdrive..., driver: chrome, goog:chromeOptions: {args: [], extensions: []}}
14:22:01.432 [AsyncHttpClient-1-11] DEBUG org.asynchttpclient.netty.channel.NettyConnectListener - Using new Channel '[id: 0xc63a6d85, L:/127.0.0.1:51555 - R:localhost/127.0.0.1:63183]' for 'POST' to '/session'
14:22:02.068 [AsyncHttpClient-1-11] DEBUG org.asynchttpclient.netty.handler.HttpHandler - 

Request DefaultHttpRequest(decodeResult: success, version: HTTP/1.1)
POST /session HTTP/1.1
User-Agent: selenium/4.1.2 (java windows)
Content-Length: 612
Content-Type: application/json; charset=utf-8
host: localhost:63183
accept: */*

Response DefaultHttpResponse(decodeResult: success, version: HTTP/1.1)
HTTP/1.1 200 OK
Content-Type: application/json; charset=utf-8
cache-control: no-cache
content-length: 789

14:22:02.068 [AsyncHttpClient-1-11] DEBUG org.asynchttpclient.netty.channel.ChannelManager - Adding key: http://localhost:63183 for channel [id: 0xc63a6d85, L:/127.0.0.1:51555 - R:localhost/127.0.0.1:63183]
14:22:02.076 [AsyncHttpClient-1-12] DEBUG org.asynchttpclient.netty.channel.NettyConnectListener - Using new Channel '[id: 0x3fb52b6d, L:/127.0.0.1:51562 - R:localhost/127.0.0.1:51556]' for 'GET' to '/json/version'
14:22:02.084 [AsyncHttpClient-1-12] DEBUG org.asynchttpclient.netty.handler.HttpHandler - 

Request DefaultFullHttpRequest(decodeResult: success, version: HTTP/1.1, content: EmptyByteBufBE)
GET /json/version HTTP/1.1
User-Agent: selenium/4.1.2 (java windows)
host: localhost:51556
accept: */*

Response DefaultHttpResponse(decodeResult: success, version: HTTP/1.1)
HTTP/1.1 200 OK
Content-Type: application/json; charset=UTF-8
content-length: 429

14:22:02.084 [AsyncHttpClient-1-12] DEBUG org.asynchttpclient.netty.channel.ChannelManager - Adding key: http://localhost:51556 for channel [id: 0x3fb52b6d, L:/127.0.0.1:51562 - R:localhost/127.0.0.1:51556]
14:22:02.084 [AsyncHttpClient-1-13] DEBUG org.asynchttpclient.netty.channel.NettyConnectListener - Using new Channel '[id: 0xaa192c48, L:/127.0.0.1:51563 - R:localhost/127.0.0.1:51556]' for 'GET' to '/devtools/browser/5c3370b1-3246-4cb4-952f-ea6e38766316'
14:22:02.084 [AsyncHttpClient-1-13] DEBUG org.asynchttpclient.netty.handler.WebSocketHandler - 

Request DefaultFullHttpRequest(decodeResult: success, version: HTTP/1.1, content: EmptyByteBufBE)
GET /devtools/browser/5c3370b1-3246-4cb4-952f-ea6e38766316 HTTP/1.1
upgrade: websocket
connection: upgrade
sec-websocket-key: kM4Y8NN9iu9q8CcD80828g==
sec-websocket-version: 13
origin: http://localhost:51556
host: localhost:51556
accept: */*
user-agent: AHC/2.1

Response DefaultHttpResponse(decodeResult: success, version: HTTP/1.1)
HTTP/1.1 101 WebSocket Protocol Handshake
Upgrade: WebSocket
Connection: Upgrade
Sec-WebSocket-Accept: 0n98N91ncALUfoc8B8rz8EFtv2I=

14:22:02.092 [Forwarding get on session fd44894498d09d9959e51cbf870ac544 to remote] DEBUG org.asynchttpclient.netty.request.NettyRequestSender - Using pooled Channel '[id: 0xc63a6d85, L:/127.0.0.1:51555 - R:localhost/127.0.0.1:63183]' for 'POST' to 'http://localhost:63183/session/fd44894498d09d9959e51cbf870ac544/url'
14:22:02.092 [Forwarding get on session fd44894498d09d9959e51cbf870ac544 to remote] DEBUG org.asynchttpclient.netty.request.NettyRequestSender - Using open Channel [id: 0xc63a6d85, L:/127.0.0.1:51555 - R:localhost/127.0.0.1:63183] for POST '/session/fd44894498d09d9959e51cbf870ac544/url'
14:22:02.435 [AsyncHttpClient-1-1] DEBUG org.asynchttpclient.netty.channel.DefaultChannelPool - Entry count for : http://localhost:51556 : 1
14:22:02.443 [AsyncHttpClient-1-11] DEBUG org.asynchttpclient.netty.handler.HttpHandler - 

Request DefaultHttpRequest(decodeResult: success, version: HTTP/1.1)
POST /session/fd44894498d09d9959e51cbf870ac544/url HTTP/1.1
User-Agent: selenium/4.1.2 (java windows)
Content-Length: 56
Content-Type: application/json; charset=utf-8
host: localhost:63183
accept: */*

Response DefaultHttpResponse(decodeResult: success, version: HTTP/1.1)
HTTP/1.1 200 OK
Content-Type: application/json; charset=utf-8
cache-control: no-cache
content-length: 14

14:22:02.443 [AsyncHttpClient-1-11] DEBUG org.asynchttpclient.netty.channel.ChannelManager - Adding key: http://localhost:63183 for channel [id: 0xc63a6d85, L:/127.0.0.1:51555 - R:localhost/127.0.0.1:63183]
14:22:02.451 [Forwarding setTimeout on session fd44894498d09d9959e51cbf870ac544 to remote] DEBUG org.asynchttpclient.netty.request.NettyRequestSender - Using pooled Channel '[id: 0xc63a6d85, L:/127.0.0.1:51555 - R:localhost/127.0.0.1:63183]' for 'POST' to 'http://localhost:63183/session/fd44894498d09d9959e51cbf870ac544/timeouts'
14:22:02.451 [Forwarding setTimeout on session fd44894498d09d9959e51cbf870ac544 to remote] DEBUG org.asynchttpclient.netty.request.NettyRequestSender - Using open Channel [id: 0xc63a6d85, L:/127.0.0.1:51555 - R:localhost/127.0.0.1:63183] for POST '/session/fd44894498d09d9959e51cbf870ac544/timeouts'
14:22:02.451 [AsyncHttpClient-1-11] DEBUG org.asynchttpclient.netty.handler.HttpHandler - 

Request DefaultHttpRequest(decodeResult: success, version: HTTP/1.1)
POST /session/fd44894498d09d9959e51cbf870ac544/timeouts HTTP/1.1
User-Agent: selenium/4.1.2 (java windows)
Content-Length: 22
Content-Type: application/json; charset=utf-8
host: localhost:63183
accept: */*

Response DefaultHttpResponse(decodeResult: success, version: HTTP/1.1)
HTTP/1.1 200 OK
Content-Type: application/json; charset=utf-8
cache-control: no-cache
content-length: 14

14:22:02.451 [AsyncHttpClient-1-11] DEBUG org.asynchttpclient.netty.channel.ChannelManager - Adding key: http://localhost:63183 for channel [id: 0xc63a6d85, L:/127.0.0.1:51555 - R:localhost/127.0.0.1:63183]
14:22:02.451 [Forwarding getCurrentUrl on session fd44894498d09d9959e51cbf870ac544 to remote] DEBUG org.asynchttpclient.netty.request.NettyRequestSender - Using pooled Channel '[id: 0xc63a6d85, L:/127.0.0.1:51555 - R:localhost/127.0.0.1:63183]' for 'GET' to 'http://localhost:63183/session/fd44894498d09d9959e51cbf870ac544/url'
14:22:02.451 [Forwarding getCurrentUrl on session fd44894498d09d9959e51cbf870ac544 to remote] DEBUG org.asynchttpclient.netty.request.NettyRequestSender - Using open Channel [id: 0xc63a6d85, L:/127.0.0.1:51555 - R:localhost/127.0.0.1:63183] for GET '/session/fd44894498d09d9959e51cbf870ac544/url'
14:22:02.459 [AsyncHttpClient-1-11] DEBUG org.asynchttpclient.netty.handler.HttpHandler - 

Request DefaultFullHttpRequest(decodeResult: success, version: HTTP/1.1, content: EmptyByteBufBE)
GET /session/fd44894498d09d9959e51cbf870ac544/url HTTP/1.1
User-Agent: selenium/4.1.2 (java windows)
Cache-Control: no-cache
Content-Type: application/json; charset=utf-8
host: localhost:63183
accept: */*

Response DefaultHttpResponse(decodeResult: success, version: HTTP/1.1)
HTTP/1.1 200 OK
Content-Type: application/json; charset=utf-8
cache-control: no-cache
content-length: 38

14:22:02.459 [AsyncHttpClient-1-11] DEBUG org.asynchttpclient.netty.channel.ChannelManager - Adding key: http://localhost:63183 for channel [id: 0xc63a6d85, L:/127.0.0.1:51555 - R:localhost/127.0.0.1:63183]
14:22:02.468 [Forwarding getCurrentUrl on session fd44894498d09d9959e51cbf870ac544 to remote] DEBUG org.asynchttpclient.netty.request.NettyRequestSender - Using pooled Channel '[id: 0xc63a6d85, L:/127.0.0.1:51555 - R:localhost/127.0.0.1:63183]' for 'GET' to 'http://localhost:63183/session/fd44894498d09d9959e51cbf870ac544/url'
14:22:02.468 [Forwarding getCurrentUrl on session fd44894498d09d9959e51cbf870ac544 to remote] DEBUG org.asynchttpclient.netty.request.NettyRequestSender - Using open Channel [id: 0xc63a6d85, L:/127.0.0.1:51555 - R:localhost/127.0.0.1:63183] for GET '/session/fd44894498d09d9959e51cbf870ac544/url'
14:22:02.475 [AsyncHttpClient-1-11] DEBUG org.asynchttpclient.netty.handler.HttpHandler - 

Request DefaultFullHttpRequest(decodeResult: success, version: HTTP/1.1, content: EmptyByteBufBE)
GET /session/fd44894498d09d9959e51cbf870ac544/url HTTP/1.1
User-Agent: selenium/4.1.2 (java windows)
Cache-Control: no-cache
Content-Type: application/json; charset=utf-8
host: localhost:63183
accept: */*

Response DefaultHttpResponse(decodeResult: success, version: HTTP/1.1)
HTTP/1.1 200 OK
Content-Type: application/json; charset=utf-8
cache-control: no-cache
content-length: 38

14:22:02.475 [AsyncHttpClient-1-11] DEBUG org.asynchttpclient.netty.channel.ChannelManager - Adding key: http://localhost:63183 for channel [id: 0xc63a6d85, L:/127.0.0.1:51555 - R:localhost/127.0.0.1:63183]
14:22:02.475 [Forwarding findElement on session fd44894498d09d9959e51cbf870ac544 to remote] DEBUG org.asynchttpclient.netty.request.NettyRequestSender - Using pooled Channel '[id: 0xc63a6d85, L:/127.0.0.1:51555 - R:localhost/127.0.0.1:63183]' for 'POST' to 'http://localhost:63183/session/fd44894498d09d9959e51cbf870ac544/element'
14:22:02.475 [Forwarding findElement on session fd44894498d09d9959e51cbf870ac544 to remote] DEBUG org.asynchttpclient.netty.request.NettyRequestSender - Using open Channel [id: 0xc63a6d85, L:/127.0.0.1:51555 - R:localhost/127.0.0.1:63183] for POST '/session/fd44894498d09d9959e51cbf870ac544/element'
14:22:02.491 [AsyncHttpClient-1-11] DEBUG org.asynchttpclient.netty.handler.HttpHandler - 

Request DefaultHttpRequest(decodeResult: success, version: HTTP/1.1)
POST /session/fd44894498d09d9959e51cbf870ac544/element HTTP/1.1
User-Agent: selenium/4.1.2 (java windows)
Content-Length: 56
Content-Type: application/json; charset=utf-8
host: localhost:63183
accept: */*

Response DefaultHttpResponse(decodeResult: success, version: HTTP/1.1)
HTTP/1.1 200 OK
Content-Type: application/json; charset=utf-8
cache-control: no-cache
content-length: 88

14:22:02.491 [AsyncHttpClient-1-11] DEBUG org.asynchttpclient.netty.channel.ChannelManager - Adding key: http://localhost:63183 for channel [id: 0xc63a6d85, L:/127.0.0.1:51555 - R:localhost/127.0.0.1:63183]
14:22:02.491 [Forwarding clearElement on session fd44894498d09d9959e51cbf870ac544 to remote] DEBUG org.asynchttpclient.netty.request.NettyRequestSender - Using pooled Channel '[id: 0xc63a6d85, L:/127.0.0.1:51555 - R:localhost/127.0.0.1:63183]' for 'POST' to 'http://localhost:63183/session/fd44894498d09d9959e51cbf870ac544/element/c28abf2f-7f78-4af0-95c1-0afeb350d996/clear'
14:22:02.491 [Forwarding clearElement on session fd44894498d09d9959e51cbf870ac544 to remote] DEBUG org.asynchttpclient.netty.request.NettyRequestSender - Using open Channel [id: 0xc63a6d85, L:/127.0.0.1:51555 - R:localhost/127.0.0.1:63183] for POST '/session/fd44894498d09d9959e51cbf870ac544/element/c28abf2f-7f78-4af0-95c1-0afeb350d996/clear'
14:22:02.531 [AsyncHttpClient-1-11] DEBUG org.asynchttpclient.netty.handler.HttpHandler - 

Request DefaultHttpRequest(decodeResult: success, version: HTTP/1.1)
POST /session/fd44894498d09d9959e51cbf870ac544/element/c28abf2f-7f78-4af0-95c1-0afeb350d996/clear HTTP/1.1
User-Agent: selenium/4.1.2 (java windows)
Content-Length: 50
Content-Type: application/json; charset=utf-8
host: localhost:63183
accept: */*

Response DefaultHttpResponse(decodeResult: success, version: HTTP/1.1)
HTTP/1.1 200 OK
Content-Type: application/json; charset=utf-8
cache-control: no-cache
content-length: 14

14:22:02.531 [AsyncHttpClient-1-11] DEBUG org.asynchttpclient.netty.channel.ChannelManager - Adding key: http://localhost:63183 for channel [id: 0xc63a6d85, L:/127.0.0.1:51555 - R:localhost/127.0.0.1:63183]
14:22:02.531 [Forwarding sendKeysToElement on session fd44894498d09d9959e51cbf870ac544 to remote] DEBUG org.asynchttpclient.netty.request.NettyRequestSender - Using pooled Channel '[id: 0xc63a6d85, L:/127.0.0.1:51555 - R:localhost/127.0.0.1:63183]' for 'POST' to 'http://localhost:63183/session/fd44894498d09d9959e51cbf870ac544/element/c28abf2f-7f78-4af0-95c1-0afeb350d996/value'
14:22:02.531 [Forwarding sendKeysToElement on session fd44894498d09d9959e51cbf870ac544 to remote] DEBUG org.asynchttpclient.netty.request.NettyRequestSender - Using open Channel [id: 0xc63a6d85, L:/127.0.0.1:51555 - R:localhost/127.0.0.1:63183] for POST '/session/fd44894498d09d9959e51cbf870ac544/element/c28abf2f-7f78-4af0-95c1-0afeb350d996/value'
14:22:02.634 [AsyncHttpClient-1-11] DEBUG org.asynchttpclient.netty.handler.HttpHandler - 

Request DefaultHttpRequest(decodeResult: success, version: HTTP/1.1)
POST /session/fd44894498d09d9959e51cbf870ac544/element/c28abf2f-7f78-4af0-95c1-0afeb350d996/value HTTP/1.1
User-Agent: selenium/4.1.2 (java windows)
Content-Length: 211
Content-Type: application/json; charset=utf-8
host: localhost:63183
accept: */*

Response DefaultHttpResponse(decodeResult: success, version: HTTP/1.1)
HTTP/1.1 200 OK
Content-Type: application/json; charset=utf-8
cache-control: no-cache
content-length: 14

14:22:02.634 [AsyncHttpClient-1-11] DEBUG org.asynchttpclient.netty.channel.ChannelManager - Adding key: http://localhost:63183 for channel [id: 0xc63a6d85, L:/127.0.0.1:51555 - R:localhost/127.0.0.1:63183]
14:22:02.634 [Forwarding findElement on session fd44894498d09d9959e51cbf870ac544 to remote] DEBUG org.asynchttpclient.netty.request.NettyRequestSender - Using pooled Channel '[id: 0xc63a6d85, L:/127.0.0.1:51555 - R:localhost/127.0.0.1:63183]' for 'POST' to 'http://localhost:63183/session/fd44894498d09d9959e51cbf870ac544/element'
14:22:02.634 [Forwarding findElement on session fd44894498d09d9959e51cbf870ac544 to remote] DEBUG org.asynchttpclient.netty.request.NettyRequestSender - Using open Channel [id: 0xc63a6d85, L:/127.0.0.1:51555 - R:localhost/127.0.0.1:63183] for POST '/session/fd44894498d09d9959e51cbf870ac544/element'
14:22:02.658 [AsyncHttpClient-1-11] DEBUG org.asynchttpclient.netty.handler.HttpHandler - 

Request DefaultHttpRequest(decodeResult: success, version: HTTP/1.1)
POST /session/fd44894498d09d9959e51cbf870ac544/element HTTP/1.1
User-Agent: selenium/4.1.2 (java windows)
Content-Length: 70
Content-Type: application/json; charset=utf-8
host: localhost:63183
accept: */*

Response DefaultHttpResponse(decodeResult: success, version: HTTP/1.1)
HTTP/1.1 200 OK
Content-Type: application/json; charset=utf-8
cache-control: no-cache
content-length: 88

14:22:02.658 [AsyncHttpClient-1-11] DEBUG org.asynchttpclient.netty.channel.ChannelManager - Adding key: http://localhost:63183 for channel [id: 0xc63a6d85, L:/127.0.0.1:51555 - R:localhost/127.0.0.1:63183]
14:22:02.658 [Forwarding clearElement on session fd44894498d09d9959e51cbf870ac544 to remote] DEBUG org.asynchttpclient.netty.request.NettyRequestSender - Using pooled Channel '[id: 0xc63a6d85, L:/127.0.0.1:51555 - R:localhost/127.0.0.1:63183]' for 'POST' to 'http://localhost:63183/session/fd44894498d09d9959e51cbf870ac544/element/82e58136-7011-48bc-b543-66fc868bea0c/clear'
14:22:02.658 [Forwarding clearElement on session fd44894498d09d9959e51cbf870ac544 to remote] DEBUG org.asynchttpclient.netty.request.NettyRequestSender - Using open Channel [id: 0xc63a6d85, L:/127.0.0.1:51555 - R:localhost/127.0.0.1:63183] for POST '/session/fd44894498d09d9959e51cbf870ac544/element/82e58136-7011-48bc-b543-66fc868bea0c/clear'
14:22:02.699 [AsyncHttpClient-1-11] DEBUG org.asynchttpclient.netty.handler.HttpHandler - 

Request DefaultHttpRequest(decodeResult: success, version: HTTP/1.1)
POST /session/fd44894498d09d9959e51cbf870ac544/element/82e58136-7011-48bc-b543-66fc868bea0c/clear HTTP/1.1
User-Agent: selenium/4.1.2 (java windows)
Content-Length: 50
Content-Type: application/json; charset=utf-8
host: localhost:63183
accept: */*

Response DefaultHttpResponse(decodeResult: success, version: HTTP/1.1)
HTTP/1.1 200 OK
Content-Type: application/json; charset=utf-8
cache-control: no-cache
content-length: 14

14:22:02.703 [AsyncHttpClient-1-11] DEBUG org.asynchttpclient.netty.channel.ChannelManager - Adding key: http://localhost:63183 for channel [id: 0xc63a6d85, L:/127.0.0.1:51555 - R:localhost/127.0.0.1:63183]
14:22:02.703 [Forwarding sendKeysToElement on session fd44894498d09d9959e51cbf870ac544 to remote] DEBUG org.asynchttpclient.netty.request.NettyRequestSender - Using pooled Channel '[id: 0xc63a6d85, L:/127.0.0.1:51555 - R:localhost/127.0.0.1:63183]' for 'POST' to 'http://localhost:63183/session/fd44894498d09d9959e51cbf870ac544/element/82e58136-7011-48bc-b543-66fc868bea0c/value'
14:22:02.703 [Forwarding sendKeysToElement on session fd44894498d09d9959e51cbf870ac544 to remote] DEBUG org.asynchttpclient.netty.request.NettyRequestSender - Using open Channel [id: 0xc63a6d85, L:/127.0.0.1:51555 - R:localhost/127.0.0.1:63183] for POST '/session/fd44894498d09d9959e51cbf870ac544/element/82e58136-7011-48bc-b543-66fc868bea0c/value'
14:22:02.788 [AsyncHttpClient-1-11] DEBUG org.asynchttpclient.netty.handler.HttpHandler - 

Request DefaultHttpRequest(decodeResult: success, version: HTTP/1.1)
POST /session/fd44894498d09d9959e51cbf870ac544/element/82e58136-7011-48bc-b543-66fc868bea0c/value HTTP/1.1
User-Agent: selenium/4.1.2 (java windows)
Content-Length: 201
Content-Type: application/json; charset=utf-8
host: localhost:63183
accept: */*

Response DefaultHttpResponse(decodeResult: success, version: HTTP/1.1)
HTTP/1.1 200 OK
Content-Type: application/json; charset=utf-8
cache-control: no-cache
content-length: 14

14:22:02.788 [AsyncHttpClient-1-11] DEBUG org.asynchttpclient.netty.channel.ChannelManager - Adding key: http://localhost:63183 for channel [id: 0xc63a6d85, L:/127.0.0.1:51555 - R:localhost/127.0.0.1:63183]
14:22:02.788 [Forwarding findElement on session fd44894498d09d9959e51cbf870ac544 to remote] DEBUG org.asynchttpclient.netty.request.NettyRequestSender - Using pooled Channel '[id: 0xc63a6d85, L:/127.0.0.1:51555 - R:localhost/127.0.0.1:63183]' for 'POST' to 'http://localhost:63183/session/fd44894498d09d9959e51cbf870ac544/element'
14:22:02.788 [Forwarding findElement on session fd44894498d09d9959e51cbf870ac544 to remote] DEBUG org.asynchttpclient.netty.request.NettyRequestSender - Using open Channel [id: 0xc63a6d85, L:/127.0.0.1:51555 - R:localhost/127.0.0.1:63183] for POST '/session/fd44894498d09d9959e51cbf870ac544/element'
14:22:02.804 [AsyncHttpClient-1-11] DEBUG org.asynchttpclient.netty.handler.HttpHandler - 

Request DefaultHttpRequest(decodeResult: success, version: HTTP/1.1)
POST /session/fd44894498d09d9959e51cbf870ac544/element HTTP/1.1
User-Agent: selenium/4.1.2 (java windows)
Content-Length: 59
Content-Type: application/json; charset=utf-8
host: localhost:63183
accept: */*

Response DefaultHttpResponse(decodeResult: success, version: HTTP/1.1)
HTTP/1.1 200 OK
Content-Type: application/json; charset=utf-8
cache-control: no-cache
content-length: 88

14:22:02.804 [AsyncHttpClient-1-11] DEBUG org.asynchttpclient.netty.channel.ChannelManager - Adding key: http://localhost:63183 for channel [id: 0xc63a6d85, L:/127.0.0.1:51555 - R:localhost/127.0.0.1:63183]
14:22:02.812 [Forwarding getElementTagName on session fd44894498d09d9959e51cbf870ac544 to remote] DEBUG org.asynchttpclient.netty.request.NettyRequestSender - Using pooled Channel '[id: 0xc63a6d85, L:/127.0.0.1:51555 - R:localhost/127.0.0.1:63183]' for 'GET' to 'http://localhost:63183/session/fd44894498d09d9959e51cbf870ac544/element/e23d04d5-df47-4e6b-ad48-338129a6e68d/name'
14:22:02.812 [Forwarding getElementTagName on session fd44894498d09d9959e51cbf870ac544 to remote] DEBUG org.asynchttpclient.netty.request.NettyRequestSender - Using open Channel [id: 0xc63a6d85, L:/127.0.0.1:51555 - R:localhost/127.0.0.1:63183] for GET '/session/fd44894498d09d9959e51cbf870ac544/element/e23d04d5-df47-4e6b-ad48-338129a6e68d/name'
14:22:02.820 [AsyncHttpClient-1-11] DEBUG org.asynchttpclient.netty.handler.HttpHandler - 

Request DefaultFullHttpRequest(decodeResult: success, version: HTTP/1.1, content: EmptyByteBufBE)
GET /session/fd44894498d09d9959e51cbf870ac544/element/e23d04d5-df47-4e6b-ad48-338129a6e68d/name HTTP/1.1
User-Agent: selenium/4.1.2 (java windows)
Cache-Control: no-cache
Content-Type: application/json; charset=utf-8
host: localhost:63183
accept: */*

Response DefaultHttpResponse(decodeResult: success, version: HTTP/1.1)
HTTP/1.1 200 OK
Content-Type: application/json; charset=utf-8
cache-control: no-cache
content-length: 17

14:22:02.820 [AsyncHttpClient-1-11] DEBUG org.asynchttpclient.netty.channel.ChannelManager - Adding key: http://localhost:63183 for channel [id: 0xc63a6d85, L:/127.0.0.1:51555 - R:localhost/127.0.0.1:63183]
14:22:02.820 [Forwarding getElementTagName on session fd44894498d09d9959e51cbf870ac544 to remote] DEBUG org.asynchttpclient.netty.request.NettyRequestSender - Using pooled Channel '[id: 0xc63a6d85, L:/127.0.0.1:51555 - R:localhost/127.0.0.1:63183]' for 'GET' to 'http://localhost:63183/session/fd44894498d09d9959e51cbf870ac544/element/e23d04d5-df47-4e6b-ad48-338129a6e68d/name'
14:22:02.820 [Forwarding getElementTagName on session fd44894498d09d9959e51cbf870ac544 to remote] DEBUG org.asynchttpclient.netty.request.NettyRequestSender - Using open Channel [id: 0xc63a6d85, L:/127.0.0.1:51555 - R:localhost/127.0.0.1:63183] for GET '/session/fd44894498d09d9959e51cbf870ac544/element/e23d04d5-df47-4e6b-ad48-338129a6e68d/name'
14:22:02.828 [AsyncHttpClient-1-11] DEBUG org.asynchttpclient.netty.handler.HttpHandler - 

Request DefaultFullHttpRequest(decodeResult: success, version: HTTP/1.1, content: EmptyByteBufBE)
GET /session/fd44894498d09d9959e51cbf870ac544/element/e23d04d5-df47-4e6b-ad48-338129a6e68d/name HTTP/1.1
User-Agent: selenium/4.1.2 (java windows)
Cache-Control: no-cache
Content-Type: application/json; charset=utf-8
host: localhost:63183
accept: */*

Response DefaultHttpResponse(decodeResult: success, version: HTTP/1.1)
HTTP/1.1 200 OK
Content-Type: application/json; charset=utf-8
cache-control: no-cache
content-length: 17

14:22:02.828 [AsyncHttpClient-1-11] DEBUG org.asynchttpclient.netty.channel.ChannelManager - Adding key: http://localhost:63183 for channel [id: 0xc63a6d85, L:/127.0.0.1:51555 - R:localhost/127.0.0.1:63183]
14:22:02.828 [Forwarding isElementEnabled on session fd44894498d09d9959e51cbf870ac544 to remote] DEBUG org.asynchttpclient.netty.request.NettyRequestSender - Using pooled Channel '[id: 0xc63a6d85, L:/127.0.0.1:51555 - R:localhost/127.0.0.1:63183]' for 'GET' to 'http://localhost:63183/session/fd44894498d09d9959e51cbf870ac544/element/e23d04d5-df47-4e6b-ad48-338129a6e68d/enabled'
14:22:02.828 [Forwarding isElementEnabled on session fd44894498d09d9959e51cbf870ac544 to remote] DEBUG org.asynchttpclient.netty.request.NettyRequestSender - Using open Channel [id: 0xc63a6d85, L:/127.0.0.1:51555 - R:localhost/127.0.0.1:63183] for GET '/session/fd44894498d09d9959e51cbf870ac544/element/e23d04d5-df47-4e6b-ad48-338129a6e68d/enabled'
14:22:02.846 [AsyncHttpClient-1-11] DEBUG org.asynchttpclient.netty.handler.HttpHandler - 

Request DefaultFullHttpRequest(decodeResult: success, version: HTTP/1.1, content: EmptyByteBufBE)
GET /session/fd44894498d09d9959e51cbf870ac544/element/e23d04d5-df47-4e6b-ad48-338129a6e68d/enabled HTTP/1.1
User-Agent: selenium/4.1.2 (java windows)
Cache-Control: no-cache
Content-Type: application/json; charset=utf-8
host: localhost:63183
accept: */*

Response DefaultHttpResponse(decodeResult: success, version: HTTP/1.1)
HTTP/1.1 200 OK
Content-Type: application/json; charset=utf-8
cache-control: no-cache
content-length: 14

14:22:02.846 [AsyncHttpClient-1-11] DEBUG org.asynchttpclient.netty.channel.ChannelManager - Adding key: http://localhost:63183 for channel [id: 0xc63a6d85, L:/127.0.0.1:51555 - R:localhost/127.0.0.1:63183]
14:22:02.849 [Forwarding isElementEnabled on session fd44894498d09d9959e51cbf870ac544 to remote] DEBUG org.asynchttpclient.netty.request.NettyRequestSender - Using pooled Channel '[id: 0xc63a6d85, L:/127.0.0.1:51555 - R:localhost/127.0.0.1:63183]' for 'GET' to 'http://localhost:63183/session/fd44894498d09d9959e51cbf870ac544/element/e23d04d5-df47-4e6b-ad48-338129a6e68d/enabled'
14:22:02.849 [Forwarding isElementEnabled on session fd44894498d09d9959e51cbf870ac544 to remote] DEBUG org.asynchttpclient.netty.request.NettyRequestSender - Using open Channel [id: 0xc63a6d85, L:/127.0.0.1:51555 - R:localhost/127.0.0.1:63183] for GET '/session/fd44894498d09d9959e51cbf870ac544/element/e23d04d5-df47-4e6b-ad48-338129a6e68d/enabled'
14:22:02.856 [AsyncHttpClient-1-11] DEBUG org.asynchttpclient.netty.handler.HttpHandler - 

Request DefaultFullHttpRequest(decodeResult: success, version: HTTP/1.1, content: EmptyByteBufBE)
GET /session/fd44894498d09d9959e51cbf870ac544/element/e23d04d5-df47-4e6b-ad48-338129a6e68d/enabled HTTP/1.1
User-Agent: selenium/4.1.2 (java windows)
Cache-Control: no-cache
Content-Type: application/json; charset=utf-8
host: localhost:63183
accept: */*

Response DefaultHttpResponse(decodeResult: success, version: HTTP/1.1)
HTTP/1.1 200 OK
Content-Type: application/json; charset=utf-8
cache-control: no-cache
content-length: 14

14:22:02.856 [AsyncHttpClient-1-11] DEBUG org.asynchttpclient.netty.channel.ChannelManager - Adding key: http://localhost:63183 for channel [id: 0xc63a6d85, L:/127.0.0.1:51555 - R:localhost/127.0.0.1:63183]
14:22:02.862 [Forwarding findElement on session fd44894498d09d9959e51cbf870ac544 to remote] DEBUG org.asynchttpclient.netty.request.NettyRequestSender - Using pooled Channel '[id: 0xc63a6d85, L:/127.0.0.1:51555 - R:localhost/127.0.0.1:63183]' for 'POST' to 'http://localhost:63183/session/fd44894498d09d9959e51cbf870ac544/element'
14:22:02.862 [Forwarding findElement on session fd44894498d09d9959e51cbf870ac544 to remote] DEBUG org.asynchttpclient.netty.request.NettyRequestSender - Using open Channel [id: 0xc63a6d85, L:/127.0.0.1:51555 - R:localhost/127.0.0.1:63183] for POST '/session/fd44894498d09d9959e51cbf870ac544/element'
14:22:02.868 [AsyncHttpClient-1-11] DEBUG org.asynchttpclient.netty.handler.HttpHandler - 

Request DefaultHttpRequest(decodeResult: success, version: HTTP/1.1)
POST /session/fd44894498d09d9959e51cbf870ac544/element HTTP/1.1
User-Agent: selenium/4.1.2 (java windows)
Content-Length: 59
Content-Type: application/json; charset=utf-8
host: localhost:63183
accept: */*

Response DefaultHttpResponse(decodeResult: success, version: HTTP/1.1)
HTTP/1.1 200 OK
Content-Type: application/json; charset=utf-8
cache-control: no-cache
content-length: 88

14:22:02.874 [AsyncHttpClient-1-11] DEBUG org.asynchttpclient.netty.channel.ChannelManager - Adding key: http://localhost:63183 for channel [id: 0xc63a6d85, L:/127.0.0.1:51555 - R:localhost/127.0.0.1:63183]
14:22:02.874 [Forwarding clickElement on session fd44894498d09d9959e51cbf870ac544 to remote] DEBUG org.asynchttpclient.netty.request.NettyRequestSender - Using pooled Channel '[id: 0xc63a6d85, L:/127.0.0.1:51555 - R:localhost/127.0.0.1:63183]' for 'POST' to 'http://localhost:63183/session/fd44894498d09d9959e51cbf870ac544/element/e23d04d5-df47-4e6b-ad48-338129a6e68d/click'
14:22:02.874 [Forwarding clickElement on session fd44894498d09d9959e51cbf870ac544 to remote] DEBUG org.asynchttpclient.netty.request.NettyRequestSender - Using open Channel [id: 0xc63a6d85, L:/127.0.0.1:51555 - R:localhost/127.0.0.1:63183] for POST '/session/fd44894498d09d9959e51cbf870ac544/element/e23d04d5-df47-4e6b-ad48-338129a6e68d/click'
14:22:03.018 [AsyncHttpClient-1-11] DEBUG org.asynchttpclient.netty.handler.HttpHandler - 

Request DefaultHttpRequest(decodeResult: success, version: HTTP/1.1)
POST /session/fd44894498d09d9959e51cbf870ac544/element/e23d04d5-df47-4e6b-ad48-338129a6e68d/click HTTP/1.1
User-Agent: selenium/4.1.2 (java windows)
Content-Length: 50
Content-Type: application/json; charset=utf-8
host: localhost:63183
accept: */*

Response DefaultHttpResponse(decodeResult: success, version: HTTP/1.1)
HTTP/1.1 200 OK
Content-Type: application/json; charset=utf-8
cache-control: no-cache
content-length: 14

14:22:03.018 [AsyncHttpClient-1-11] DEBUG org.asynchttpclient.netty.channel.ChannelManager - Adding key: http://localhost:63183 for channel [id: 0xc63a6d85, L:/127.0.0.1:51555 - R:localhost/127.0.0.1:63183]
14:22:03.028 [Forwarding findElement on session fd44894498d09d9959e51cbf870ac544 to remote] DEBUG org.asynchttpclient.netty.request.NettyRequestSender - Using pooled Channel '[id: 0xc63a6d85, L:/127.0.0.1:51555 - R:localhost/127.0.0.1:63183]' for 'POST' to 'http://localhost:63183/session/fd44894498d09d9959e51cbf870ac544/element'
14:22:03.028 [Forwarding findElement on session fd44894498d09d9959e51cbf870ac544 to remote] DEBUG org.asynchttpclient.netty.request.NettyRequestSender - Using open Channel [id: 0xc63a6d85, L:/127.0.0.1:51555 - R:localhost/127.0.0.1:63183] for POST '/session/fd44894498d09d9959e51cbf870ac544/element'
14:22:03.106 [AsyncHttpClient-1-11] DEBUG org.asynchttpclient.netty.handler.HttpHandler - 

Request DefaultHttpRequest(decodeResult: success, version: HTTP/1.1)
POST /session/fd44894498d09d9959e51cbf870ac544/element HTTP/1.1
User-Agent: selenium/4.1.2 (java windows)
Content-Length: 86
Content-Type: application/json; charset=utf-8
host: localhost:63183
accept: */*

Response DefaultHttpResponse(decodeResult: success, version: HTTP/1.1)
HTTP/1.1 200 OK
Content-Type: application/json; charset=utf-8
cache-control: no-cache
content-length: 88

14:22:03.106 [AsyncHttpClient-1-11] DEBUG org.asynchttpclient.netty.channel.ChannelManager - Adding key: http://localhost:63183 for channel [id: 0xc63a6d85, L:/127.0.0.1:51555 - R:localhost/127.0.0.1:63183]
14:22:03.106 [Forwarding getElementTagName on session fd44894498d09d9959e51cbf870ac544 to remote] DEBUG org.asynchttpclient.netty.request.NettyRequestSender - Using pooled Channel '[id: 0xc63a6d85, L:/127.0.0.1:51555 - R:localhost/127.0.0.1:63183]' for 'GET' to 'http://localhost:63183/session/fd44894498d09d9959e51cbf870ac544/element/7879523c-dd33-4c1e-a525-790ce7ef1ed1/name'
14:22:03.106 [Forwarding getElementTagName on session fd44894498d09d9959e51cbf870ac544 to remote] DEBUG org.asynchttpclient.netty.request.NettyRequestSender - Using open Channel [id: 0xc63a6d85, L:/127.0.0.1:51555 - R:localhost/127.0.0.1:63183] for GET '/session/fd44894498d09d9959e51cbf870ac544/element/7879523c-dd33-4c1e-a525-790ce7ef1ed1/name'
14:22:03.151 [AsyncHttpClient-1-11] DEBUG org.asynchttpclient.netty.handler.HttpHandler - 

Request DefaultFullHttpRequest(decodeResult: success, version: HTTP/1.1, content: EmptyByteBufBE)
GET /session/fd44894498d09d9959e51cbf870ac544/element/7879523c-dd33-4c1e-a525-790ce7ef1ed1/name HTTP/1.1
User-Agent: selenium/4.1.2 (java windows)
Cache-Control: no-cache
Content-Type: application/json; charset=utf-8
host: localhost:63183
accept: */*

Response DefaultHttpResponse(decodeResult: success, version: HTTP/1.1)
HTTP/1.1 200 OK
Content-Type: application/json; charset=utf-8
cache-control: no-cache
content-length: 18

14:22:03.151 [AsyncHttpClient-1-11] DEBUG org.asynchttpclient.netty.channel.ChannelManager - Adding key: http://localhost:63183 for channel [id: 0xc63a6d85, L:/127.0.0.1:51555 - R:localhost/127.0.0.1:63183]
14:22:03.155 [Forwarding getElementTagName on session fd44894498d09d9959e51cbf870ac544 to remote] DEBUG org.asynchttpclient.netty.request.NettyRequestSender - Using pooled Channel '[id: 0xc63a6d85, L:/127.0.0.1:51555 - R:localhost/127.0.0.1:63183]' for 'GET' to 'http://localhost:63183/session/fd44894498d09d9959e51cbf870ac544/element/7879523c-dd33-4c1e-a525-790ce7ef1ed1/name'
14:22:03.155 [Forwarding getElementTagName on session fd44894498d09d9959e51cbf870ac544 to remote] DEBUG org.asynchttpclient.netty.request.NettyRequestSender - Using open Channel [id: 0xc63a6d85, L:/127.0.0.1:51555 - R:localhost/127.0.0.1:63183] for GET '/session/fd44894498d09d9959e51cbf870ac544/element/7879523c-dd33-4c1e-a525-790ce7ef1ed1/name'
14:22:03.160 [AsyncHttpClient-1-11] DEBUG org.asynchttpclient.netty.handler.HttpHandler - 

Request DefaultFullHttpRequest(decodeResult: success, version: HTTP/1.1, content: EmptyByteBufBE)
GET /session/fd44894498d09d9959e51cbf870ac544/element/7879523c-dd33-4c1e-a525-790ce7ef1ed1/name HTTP/1.1
User-Agent: selenium/4.1.2 (java windows)
Cache-Control: no-cache
Content-Type: application/json; charset=utf-8
host: localhost:63183
accept: */*

Response DefaultHttpResponse(decodeResult: success, version: HTTP/1.1)
HTTP/1.1 200 OK
Content-Type: application/json; charset=utf-8
cache-control: no-cache
content-length: 18

14:22:03.160 [AsyncHttpClient-1-11] DEBUG org.asynchttpclient.netty.channel.ChannelManager - Adding key: http://localhost:63183 for channel [id: 0xc63a6d85, L:/127.0.0.1:51555 - R:localhost/127.0.0.1:63183]
14:22:03.160 [Forwarding isElementEnabled on session fd44894498d09d9959e51cbf870ac544 to remote] DEBUG org.asynchttpclient.netty.request.NettyRequestSender - Using pooled Channel '[id: 0xc63a6d85, L:/127.0.0.1:51555 - R:localhost/127.0.0.1:63183]' for 'GET' to 'http://localhost:63183/session/fd44894498d09d9959e51cbf870ac544/element/7879523c-dd33-4c1e-a525-790ce7ef1ed1/enabled'
14:22:03.160 [Forwarding isElementEnabled on session fd44894498d09d9959e51cbf870ac544 to remote] DEBUG org.asynchttpclient.netty.request.NettyRequestSender - Using open Channel [id: 0xc63a6d85, L:/127.0.0.1:51555 - R:localhost/127.0.0.1:63183] for GET '/session/fd44894498d09d9959e51cbf870ac544/element/7879523c-dd33-4c1e-a525-790ce7ef1ed1/enabled'
14:22:03.175 [AsyncHttpClient-1-11] DEBUG org.asynchttpclient.netty.handler.HttpHandler - 

Request DefaultFullHttpRequest(decodeResult: success, version: HTTP/1.1, content: EmptyByteBufBE)
GET /session/fd44894498d09d9959e51cbf870ac544/element/7879523c-dd33-4c1e-a525-790ce7ef1ed1/enabled HTTP/1.1
User-Agent: selenium/4.1.2 (java windows)
Cache-Control: no-cache
Content-Type: application/json; charset=utf-8
host: localhost:63183
accept: */*

Response DefaultHttpResponse(decodeResult: success, version: HTTP/1.1)
HTTP/1.1 200 OK
Content-Type: application/json; charset=utf-8
cache-control: no-cache
content-length: 14

14:22:03.175 [AsyncHttpClient-1-11] DEBUG org.asynchttpclient.netty.channel.ChannelManager - Adding key: http://localhost:63183 for channel [id: 0xc63a6d85, L:/127.0.0.1:51555 - R:localhost/127.0.0.1:63183]
14:22:03.175 [Forwarding isElementEnabled on session fd44894498d09d9959e51cbf870ac544 to remote] DEBUG org.asynchttpclient.netty.request.NettyRequestSender - Using pooled Channel '[id: 0xc63a6d85, L:/127.0.0.1:51555 - R:localhost/127.0.0.1:63183]' for 'GET' to 'http://localhost:63183/session/fd44894498d09d9959e51cbf870ac544/element/7879523c-dd33-4c1e-a525-790ce7ef1ed1/enabled'
14:22:03.175 [Forwarding isElementEnabled on session fd44894498d09d9959e51cbf870ac544 to remote] DEBUG org.asynchttpclient.netty.request.NettyRequestSender - Using open Channel [id: 0xc63a6d85, L:/127.0.0.1:51555 - R:localhost/127.0.0.1:63183] for GET '/session/fd44894498d09d9959e51cbf870ac544/element/7879523c-dd33-4c1e-a525-790ce7ef1ed1/enabled'
14:22:03.187 [AsyncHttpClient-1-11] DEBUG org.asynchttpclient.netty.handler.HttpHandler - 

Request DefaultFullHttpRequest(decodeResult: success, version: HTTP/1.1, content: EmptyByteBufBE)
GET /session/fd44894498d09d9959e51cbf870ac544/element/7879523c-dd33-4c1e-a525-790ce7ef1ed1/enabled HTTP/1.1
User-Agent: selenium/4.1.2 (java windows)
Cache-Control: no-cache
Content-Type: application/json; charset=utf-8
host: localhost:63183
accept: */*

Response DefaultHttpResponse(decodeResult: success, version: HTTP/1.1)
HTTP/1.1 200 OK
Content-Type: application/json; charset=utf-8
cache-control: no-cache
content-length: 14

14:22:03.189 [AsyncHttpClient-1-11] DEBUG org.asynchttpclient.netty.channel.ChannelManager - Adding key: http://localhost:63183 for channel [id: 0xc63a6d85, L:/127.0.0.1:51555 - R:localhost/127.0.0.1:63183]
14:22:03.191 [Forwarding findElement on session fd44894498d09d9959e51cbf870ac544 to remote] DEBUG org.asynchttpclient.netty.request.NettyRequestSender - Using pooled Channel '[id: 0xc63a6d85, L:/127.0.0.1:51555 - R:localhost/127.0.0.1:63183]' for 'POST' to 'http://localhost:63183/session/fd44894498d09d9959e51cbf870ac544/element'
14:22:03.191 [Forwarding findElement on session fd44894498d09d9959e51cbf870ac544 to remote] DEBUG org.asynchttpclient.netty.request.NettyRequestSender - Using open Channel [id: 0xc63a6d85, L:/127.0.0.1:51555 - R:localhost/127.0.0.1:63183] for POST '/session/fd44894498d09d9959e51cbf870ac544/element'
14:22:03.196 [AsyncHttpClient-1-11] DEBUG org.asynchttpclient.netty.handler.HttpHandler - 

Request DefaultHttpRequest(decodeResult: success, version: HTTP/1.1)
POST /session/fd44894498d09d9959e51cbf870ac544/element HTTP/1.1
User-Agent: selenium/4.1.2 (java windows)
Content-Length: 86
Content-Type: application/json; charset=utf-8
host: localhost:63183
accept: */*

Response DefaultHttpResponse(decodeResult: success, version: HTTP/1.1)
HTTP/1.1 200 OK
Content-Type: application/json; charset=utf-8
cache-control: no-cache
content-length: 88

14:22:03.196 [AsyncHttpClient-1-11] DEBUG org.asynchttpclient.netty.channel.ChannelManager - Adding key: http://localhost:63183 for channel [id: 0xc63a6d85, L:/127.0.0.1:51555 - R:localhost/127.0.0.1:63183]
14:22:03.196 [Forwarding clickElement on session fd44894498d09d9959e51cbf870ac544 to remote] DEBUG org.asynchttpclient.netty.request.NettyRequestSender - Using pooled Channel '[id: 0xc63a6d85, L:/127.0.0.1:51555 - R:localhost/127.0.0.1:63183]' for 'POST' to 'http://localhost:63183/session/fd44894498d09d9959e51cbf870ac544/element/7879523c-dd33-4c1e-a525-790ce7ef1ed1/click'
14:22:03.196 [Forwarding clickElement on session fd44894498d09d9959e51cbf870ac544 to remote] DEBUG org.asynchttpclient.netty.request.NettyRequestSender - Using open Channel [id: 0xc63a6d85, L:/127.0.0.1:51555 - R:localhost/127.0.0.1:63183] for POST '/session/fd44894498d09d9959e51cbf870ac544/element/7879523c-dd33-4c1e-a525-790ce7ef1ed1/click'
14:22:03.252 [AsyncHttpClient-1-11] DEBUG org.asynchttpclient.netty.handler.HttpHandler - 

Request DefaultHttpRequest(decodeResult: success, version: HTTP/1.1)
POST /session/fd44894498d09d9959e51cbf870ac544/element/7879523c-dd33-4c1e-a525-790ce7ef1ed1/click HTTP/1.1
User-Agent: selenium/4.1.2 (java windows)
Content-Length: 50
Content-Type: application/json; charset=utf-8
host: localhost:63183
accept: */*

Response DefaultHttpResponse(decodeResult: success, version: HTTP/1.1)
HTTP/1.1 200 OK
Content-Type: application/json; charset=utf-8
cache-control: no-cache
content-length: 14

14:22:03.252 [AsyncHttpClient-1-11] DEBUG org.asynchttpclient.netty.channel.ChannelManager - Adding key: http://localhost:63183 for channel [id: 0xc63a6d85, L:/127.0.0.1:51555 - R:localhost/127.0.0.1:63183]
14:22:03.252 [Forwarding findElement on session fd44894498d09d9959e51cbf870ac544 to remote] DEBUG org.asynchttpclient.netty.request.NettyRequestSender - Using pooled Channel '[id: 0xc63a6d85, L:/127.0.0.1:51555 - R:localhost/127.0.0.1:63183]' for 'POST' to 'http://localhost:63183/session/fd44894498d09d9959e51cbf870ac544/element'
14:22:03.252 [Forwarding findElement on session fd44894498d09d9959e51cbf870ac544 to remote] DEBUG org.asynchttpclient.netty.request.NettyRequestSender - Using open Channel [id: 0xc63a6d85, L:/127.0.0.1:51555 - R:localhost/127.0.0.1:63183] for POST '/session/fd44894498d09d9959e51cbf870ac544/element'
14:22:03.268 [AsyncHttpClient-1-11] DEBUG org.asynchttpclient.netty.handler.HttpHandler - 

Request DefaultHttpRequest(decodeResult: success, version: HTTP/1.1)
POST /session/fd44894498d09d9959e51cbf870ac544/element HTTP/1.1
User-Agent: selenium/4.1.2 (java windows)
Content-Length: 90
Content-Type: application/json; charset=utf-8
host: localhost:63183
accept: */*

Response DefaultHttpResponse(decodeResult: success, version: HTTP/1.1)
HTTP/1.1 200 OK
Content-Type: application/json; charset=utf-8
cache-control: no-cache
content-length: 88

14:22:03.268 [AsyncHttpClient-1-11] DEBUG org.asynchttpclient.netty.channel.ChannelManager - Adding key: http://localhost:63183 for channel [id: 0xc63a6d85, L:/127.0.0.1:51555 - R:localhost/127.0.0.1:63183]
14:22:03.276 [Forwarding getElementTagName on session fd44894498d09d9959e51cbf870ac544 to remote] DEBUG org.asynchttpclient.netty.request.NettyRequestSender - Using pooled Channel '[id: 0xc63a6d85, L:/127.0.0.1:51555 - R:localhost/127.0.0.1:63183]' for 'GET' to 'http://localhost:63183/session/fd44894498d09d9959e51cbf870ac544/element/4d1b9a7f-d013-46f2-9c9c-b36cfab64fec/name'
14:22:03.276 [Forwarding getElementTagName on session fd44894498d09d9959e51cbf870ac544 to remote] DEBUG org.asynchttpclient.netty.request.NettyRequestSender - Using open Channel [id: 0xc63a6d85, L:/127.0.0.1:51555 - R:localhost/127.0.0.1:63183] for GET '/session/fd44894498d09d9959e51cbf870ac544/element/4d1b9a7f-d013-46f2-9c9c-b36cfab64fec/name'
14:22:03.284 [AsyncHttpClient-1-11] DEBUG org.asynchttpclient.netty.handler.HttpHandler - 

Request DefaultFullHttpRequest(decodeResult: success, version: HTTP/1.1, content: EmptyByteBufBE)
GET /session/fd44894498d09d9959e51cbf870ac544/element/4d1b9a7f-d013-46f2-9c9c-b36cfab64fec/name HTTP/1.1
User-Agent: selenium/4.1.2 (java windows)
Cache-Control: no-cache
Content-Type: application/json; charset=utf-8
host: localhost:63183
accept: */*

Response DefaultHttpResponse(decodeResult: success, version: HTTP/1.1)
HTTP/1.1 200 OK
Content-Type: application/json; charset=utf-8
cache-control: no-cache
content-length: 18

14:22:03.284 [AsyncHttpClient-1-11] DEBUG org.asynchttpclient.netty.channel.ChannelManager - Adding key: http://localhost:63183 for channel [id: 0xc63a6d85, L:/127.0.0.1:51555 - R:localhost/127.0.0.1:63183]
14:22:03.284 [Forwarding getElementTagName on session fd44894498d09d9959e51cbf870ac544 to remote] DEBUG org.asynchttpclient.netty.request.NettyRequestSender - Using pooled Channel '[id: 0xc63a6d85, L:/127.0.0.1:51555 - R:localhost/127.0.0.1:63183]' for 'GET' to 'http://localhost:63183/session/fd44894498d09d9959e51cbf870ac544/element/4d1b9a7f-d013-46f2-9c9c-b36cfab64fec/name'
14:22:03.284 [Forwarding getElementTagName on session fd44894498d09d9959e51cbf870ac544 to remote] DEBUG org.asynchttpclient.netty.request.NettyRequestSender - Using open Channel [id: 0xc63a6d85, L:/127.0.0.1:51555 - R:localhost/127.0.0.1:63183] for GET '/session/fd44894498d09d9959e51cbf870ac544/element/4d1b9a7f-d013-46f2-9c9c-b36cfab64fec/name'
14:22:03.292 [AsyncHttpClient-1-11] DEBUG org.asynchttpclient.netty.handler.HttpHandler - 

Request DefaultFullHttpRequest(decodeResult: success, version: HTTP/1.1, content: EmptyByteBufBE)
GET /session/fd44894498d09d9959e51cbf870ac544/element/4d1b9a7f-d013-46f2-9c9c-b36cfab64fec/name HTTP/1.1
User-Agent: selenium/4.1.2 (java windows)
Cache-Control: no-cache
Content-Type: application/json; charset=utf-8
host: localhost:63183
accept: */*

Response DefaultHttpResponse(decodeResult: success, version: HTTP/1.1)
HTTP/1.1 200 OK
Content-Type: application/json; charset=utf-8
cache-control: no-cache
content-length: 18

14:22:03.292 [AsyncHttpClient-1-11] DEBUG org.asynchttpclient.netty.channel.ChannelManager - Adding key: http://localhost:63183 for channel [id: 0xc63a6d85, L:/127.0.0.1:51555 - R:localhost/127.0.0.1:63183]
14:22:03.292 [Forwarding isElementEnabled on session fd44894498d09d9959e51cbf870ac544 to remote] DEBUG org.asynchttpclient.netty.request.NettyRequestSender - Using pooled Channel '[id: 0xc63a6d85, L:/127.0.0.1:51555 - R:localhost/127.0.0.1:63183]' for 'GET' to 'http://localhost:63183/session/fd44894498d09d9959e51cbf870ac544/element/4d1b9a7f-d013-46f2-9c9c-b36cfab64fec/enabled'
14:22:03.292 [Forwarding isElementEnabled on session fd44894498d09d9959e51cbf870ac544 to remote] DEBUG org.asynchttpclient.netty.request.NettyRequestSender - Using open Channel [id: 0xc63a6d85, L:/127.0.0.1:51555 - R:localhost/127.0.0.1:63183] for GET '/session/fd44894498d09d9959e51cbf870ac544/element/4d1b9a7f-d013-46f2-9c9c-b36cfab64fec/enabled'
14:22:03.316 [AsyncHttpClient-1-11] DEBUG org.asynchttpclient.netty.handler.HttpHandler - 

Request DefaultFullHttpRequest(decodeResult: success, version: HTTP/1.1, content: EmptyByteBufBE)
GET /session/fd44894498d09d9959e51cbf870ac544/element/4d1b9a7f-d013-46f2-9c9c-b36cfab64fec/enabled HTTP/1.1
User-Agent: selenium/4.1.2 (java windows)
Cache-Control: no-cache
Content-Type: application/json; charset=utf-8
host: localhost:63183
accept: */*

Response DefaultHttpResponse(decodeResult: success, version: HTTP/1.1)
HTTP/1.1 200 OK
Content-Type: application/json; charset=utf-8
cache-control: no-cache
content-length: 14

14:22:03.316 [AsyncHttpClient-1-11] DEBUG org.asynchttpclient.netty.channel.ChannelManager - Adding key: http://localhost:63183 for channel [id: 0xc63a6d85, L:/127.0.0.1:51555 - R:localhost/127.0.0.1:63183]
14:22:03.316 [Forwarding isElementEnabled on session fd44894498d09d9959e51cbf870ac544 to remote] DEBUG org.asynchttpclient.netty.request.NettyRequestSender - Using pooled Channel '[id: 0xc63a6d85, L:/127.0.0.1:51555 - R:localhost/127.0.0.1:63183]' for 'GET' to 'http://localhost:63183/session/fd44894498d09d9959e51cbf870ac544/element/4d1b9a7f-d013-46f2-9c9c-b36cfab64fec/enabled'
14:22:03.316 [Forwarding isElementEnabled on session fd44894498d09d9959e51cbf870ac544 to remote] DEBUG org.asynchttpclient.netty.request.NettyRequestSender - Using open Channel [id: 0xc63a6d85, L:/127.0.0.1:51555 - R:localhost/127.0.0.1:63183] for GET '/session/fd44894498d09d9959e51cbf870ac544/element/4d1b9a7f-d013-46f2-9c9c-b36cfab64fec/enabled'
14:22:03.324 [AsyncHttpClient-1-11] DEBUG org.asynchttpclient.netty.handler.HttpHandler - 

Request DefaultFullHttpRequest(decodeResult: success, version: HTTP/1.1, content: EmptyByteBufBE)
GET /session/fd44894498d09d9959e51cbf870ac544/element/4d1b9a7f-d013-46f2-9c9c-b36cfab64fec/enabled HTTP/1.1
User-Agent: selenium/4.1.2 (java windows)
Cache-Control: no-cache
Content-Type: application/json; charset=utf-8
host: localhost:63183
accept: */*

Response DefaultHttpResponse(decodeResult: success, version: HTTP/1.1)
HTTP/1.1 200 OK
Content-Type: application/json; charset=utf-8
cache-control: no-cache
content-length: 14

14:22:03.324 [AsyncHttpClient-1-11] DEBUG org.asynchttpclient.netty.channel.ChannelManager - Adding key: http://localhost:63183 for channel [id: 0xc63a6d85, L:/127.0.0.1:51555 - R:localhost/127.0.0.1:63183]
14:22:03.332 [Forwarding findElement on session fd44894498d09d9959e51cbf870ac544 to remote] DEBUG org.asynchttpclient.netty.request.NettyRequestSender - Using pooled Channel '[id: 0xc63a6d85, L:/127.0.0.1:51555 - R:localhost/127.0.0.1:63183]' for 'POST' to 'http://localhost:63183/session/fd44894498d09d9959e51cbf870ac544/element'
14:22:03.332 [Forwarding findElement on session fd44894498d09d9959e51cbf870ac544 to remote] DEBUG org.asynchttpclient.netty.request.NettyRequestSender - Using open Channel [id: 0xc63a6d85, L:/127.0.0.1:51555 - R:localhost/127.0.0.1:63183] for POST '/session/fd44894498d09d9959e51cbf870ac544/element'
14:22:03.340 [AsyncHttpClient-1-11] DEBUG org.asynchttpclient.netty.handler.HttpHandler - 

Request DefaultHttpRequest(decodeResult: success, version: HTTP/1.1)
POST /session/fd44894498d09d9959e51cbf870ac544/element HTTP/1.1
User-Agent: selenium/4.1.2 (java windows)
Content-Length: 90
Content-Type: application/json; charset=utf-8
host: localhost:63183
accept: */*

Response DefaultHttpResponse(decodeResult: success, version: HTTP/1.1)
HTTP/1.1 200 OK
Content-Type: application/json; charset=utf-8
cache-control: no-cache
content-length: 88

14:22:03.340 [AsyncHttpClient-1-11] DEBUG org.asynchttpclient.netty.channel.ChannelManager - Adding key: http://localhost:63183 for channel [id: 0xc63a6d85, L:/127.0.0.1:51555 - R:localhost/127.0.0.1:63183]
14:22:03.340 [Forwarding clickElement on session fd44894498d09d9959e51cbf870ac544 to remote] DEBUG org.asynchttpclient.netty.request.NettyRequestSender - Using pooled Channel '[id: 0xc63a6d85, L:/127.0.0.1:51555 - R:localhost/127.0.0.1:63183]' for 'POST' to 'http://localhost:63183/session/fd44894498d09d9959e51cbf870ac544/element/4d1b9a7f-d013-46f2-9c9c-b36cfab64fec/click'
14:22:03.348 [Forwarding clickElement on session fd44894498d09d9959e51cbf870ac544 to remote] DEBUG org.asynchttpclient.netty.request.NettyRequestSender - Using open Channel [id: 0xc63a6d85, L:/127.0.0.1:51555 - R:localhost/127.0.0.1:63183] for POST '/session/fd44894498d09d9959e51cbf870ac544/element/4d1b9a7f-d013-46f2-9c9c-b36cfab64fec/click'
14:22:03.396 [AsyncHttpClient-1-11] DEBUG org.asynchttpclient.netty.handler.HttpHandler - 

Request DefaultHttpRequest(decodeResult: success, version: HTTP/1.1)
POST /session/fd44894498d09d9959e51cbf870ac544/element/4d1b9a7f-d013-46f2-9c9c-b36cfab64fec/click HTTP/1.1
User-Agent: selenium/4.1.2 (java windows)
Content-Length: 50
Content-Type: application/json; charset=utf-8
host: localhost:63183
accept: */*

Response DefaultHttpResponse(decodeResult: success, version: HTTP/1.1)
HTTP/1.1 200 OK
Content-Type: application/json; charset=utf-8
cache-control: no-cache
content-length: 14

14:22:03.396 [AsyncHttpClient-1-11] DEBUG org.asynchttpclient.netty.channel.ChannelManager - Adding key: http://localhost:63183 for channel [id: 0xc63a6d85, L:/127.0.0.1:51555 - R:localhost/127.0.0.1:63183]
14:22:03.396 [Forwarding findElement on session fd44894498d09d9959e51cbf870ac544 to remote] DEBUG org.asynchttpclient.netty.request.NettyRequestSender - Using pooled Channel '[id: 0xc63a6d85, L:/127.0.0.1:51555 - R:localhost/127.0.0.1:63183]' for 'POST' to 'http://localhost:63183/session/fd44894498d09d9959e51cbf870ac544/element'
14:22:03.396 [Forwarding findElement on session fd44894498d09d9959e51cbf870ac544 to remote] DEBUG org.asynchttpclient.netty.request.NettyRequestSender - Using open Channel [id: 0xc63a6d85, L:/127.0.0.1:51555 - R:localhost/127.0.0.1:63183] for POST '/session/fd44894498d09d9959e51cbf870ac544/element'
14:22:03.420 [AsyncHttpClient-1-11] DEBUG org.asynchttpclient.netty.handler.HttpHandler - 

Request DefaultHttpRequest(decodeResult: success, version: HTTP/1.1)
POST /session/fd44894498d09d9959e51cbf870ac544/element HTTP/1.1
User-Agent: selenium/4.1.2 (java windows)
Content-Length: 94
Content-Type: application/json; charset=utf-8
host: localhost:63183
accept: */*

Response DefaultHttpResponse(decodeResult: success, version: HTTP/1.1)
HTTP/1.1 200 OK
Content-Type: application/json; charset=utf-8
cache-control: no-cache
content-length: 88

14:22:03.420 [AsyncHttpClient-1-11] DEBUG org.asynchttpclient.netty.channel.ChannelManager - Adding key: http://localhost:63183 for channel [id: 0xc63a6d85, L:/127.0.0.1:51555 - R:localhost/127.0.0.1:63183]
14:22:03.420 [Forwarding getElementTagName on session fd44894498d09d9959e51cbf870ac544 to remote] DEBUG org.asynchttpclient.netty.request.NettyRequestSender - Using pooled Channel '[id: 0xc63a6d85, L:/127.0.0.1:51555 - R:localhost/127.0.0.1:63183]' for 'GET' to 'http://localhost:63183/session/fd44894498d09d9959e51cbf870ac544/element/4f66f83f-735d-4670-b522-725edea80279/name'
14:22:03.420 [Forwarding getElementTagName on session fd44894498d09d9959e51cbf870ac544 to remote] DEBUG org.asynchttpclient.netty.request.NettyRequestSender - Using open Channel [id: 0xc63a6d85, L:/127.0.0.1:51555 - R:localhost/127.0.0.1:63183] for GET '/session/fd44894498d09d9959e51cbf870ac544/element/4f66f83f-735d-4670-b522-725edea80279/name'
14:22:03.428 [AsyncHttpClient-1-11] DEBUG org.asynchttpclient.netty.handler.HttpHandler - 

Request DefaultFullHttpRequest(decodeResult: success, version: HTTP/1.1, content: EmptyByteBufBE)
GET /session/fd44894498d09d9959e51cbf870ac544/element/4f66f83f-735d-4670-b522-725edea80279/name HTTP/1.1
User-Agent: selenium/4.1.2 (java windows)
Cache-Control: no-cache
Content-Type: application/json; charset=utf-8
host: localhost:63183
accept: */*

Response DefaultHttpResponse(decodeResult: success, version: HTTP/1.1)
HTTP/1.1 200 OK
Content-Type: application/json; charset=utf-8
cache-control: no-cache
content-length: 18

14:22:03.428 [AsyncHttpClient-1-11] DEBUG org.asynchttpclient.netty.channel.ChannelManager - Adding key: http://localhost:63183 for channel [id: 0xc63a6d85, L:/127.0.0.1:51555 - R:localhost/127.0.0.1:63183]
14:22:03.428 [Forwarding getElementTagName on session fd44894498d09d9959e51cbf870ac544 to remote] DEBUG org.asynchttpclient.netty.request.NettyRequestSender - Using pooled Channel '[id: 0xc63a6d85, L:/127.0.0.1:51555 - R:localhost/127.0.0.1:63183]' for 'GET' to 'http://localhost:63183/session/fd44894498d09d9959e51cbf870ac544/element/4f66f83f-735d-4670-b522-725edea80279/name'
14:22:03.428 [Forwarding getElementTagName on session fd44894498d09d9959e51cbf870ac544 to remote] DEBUG org.asynchttpclient.netty.request.NettyRequestSender - Using open Channel [id: 0xc63a6d85, L:/127.0.0.1:51555 - R:localhost/127.0.0.1:63183] for GET '/session/fd44894498d09d9959e51cbf870ac544/element/4f66f83f-735d-4670-b522-725edea80279/name'
14:22:03.436 [AsyncHttpClient-1-11] DEBUG org.asynchttpclient.netty.handler.HttpHandler - 

Request DefaultFullHttpRequest(decodeResult: success, version: HTTP/1.1, content: EmptyByteBufBE)
GET /session/fd44894498d09d9959e51cbf870ac544/element/4f66f83f-735d-4670-b522-725edea80279/name HTTP/1.1
User-Agent: selenium/4.1.2 (java windows)
Cache-Control: no-cache
Content-Type: application/json; charset=utf-8
host: localhost:63183
accept: */*

Response DefaultHttpResponse(decodeResult: success, version: HTTP/1.1)
HTTP/1.1 200 OK
Content-Type: application/json; charset=utf-8
cache-control: no-cache
content-length: 18

14:22:03.436 [AsyncHttpClient-1-11] DEBUG org.asynchttpclient.netty.channel.ChannelManager - Adding key: http://localhost:63183 for channel [id: 0xc63a6d85, L:/127.0.0.1:51555 - R:localhost/127.0.0.1:63183]
14:22:03.444 [Forwarding isElementEnabled on session fd44894498d09d9959e51cbf870ac544 to remote] DEBUG org.asynchttpclient.netty.request.NettyRequestSender - Using pooled Channel '[id: 0xc63a6d85, L:/127.0.0.1:51555 - R:localhost/127.0.0.1:63183]' for 'GET' to 'http://localhost:63183/session/fd44894498d09d9959e51cbf870ac544/element/4f66f83f-735d-4670-b522-725edea80279/enabled'
14:22:03.444 [Forwarding isElementEnabled on session fd44894498d09d9959e51cbf870ac544 to remote] DEBUG org.asynchttpclient.netty.request.NettyRequestSender - Using open Channel [id: 0xc63a6d85, L:/127.0.0.1:51555 - R:localhost/127.0.0.1:63183] for GET '/session/fd44894498d09d9959e51cbf870ac544/element/4f66f83f-735d-4670-b522-725edea80279/enabled'
14:22:03.460 [AsyncHttpClient-1-11] DEBUG org.asynchttpclient.netty.handler.HttpHandler - 

Request DefaultFullHttpRequest(decodeResult: success, version: HTTP/1.1, content: EmptyByteBufBE)
GET /session/fd44894498d09d9959e51cbf870ac544/element/4f66f83f-735d-4670-b522-725edea80279/enabled HTTP/1.1
User-Agent: selenium/4.1.2 (java windows)
Cache-Control: no-cache
Content-Type: application/json; charset=utf-8
host: localhost:63183
accept: */*

Response DefaultHttpResponse(decodeResult: success, version: HTTP/1.1)
HTTP/1.1 200 OK
Content-Type: application/json; charset=utf-8
cache-control: no-cache
content-length: 14

14:22:03.460 [AsyncHttpClient-1-11] DEBUG org.asynchttpclient.netty.channel.ChannelManager - Adding key: http://localhost:63183 for channel [id: 0xc63a6d85, L:/127.0.0.1:51555 - R:localhost/127.0.0.1:63183]
14:22:03.460 [Forwarding isElementEnabled on session fd44894498d09d9959e51cbf870ac544 to remote] DEBUG org.asynchttpclient.netty.request.NettyRequestSender - Using pooled Channel '[id: 0xc63a6d85, L:/127.0.0.1:51555 - R:localhost/127.0.0.1:63183]' for 'GET' to 'http://localhost:63183/session/fd44894498d09d9959e51cbf870ac544/element/4f66f83f-735d-4670-b522-725edea80279/enabled'
14:22:03.460 [Forwarding isElementEnabled on session fd44894498d09d9959e51cbf870ac544 to remote] DEBUG org.asynchttpclient.netty.request.NettyRequestSender - Using open Channel [id: 0xc63a6d85, L:/127.0.0.1:51555 - R:localhost/127.0.0.1:63183] for GET '/session/fd44894498d09d9959e51cbf870ac544/element/4f66f83f-735d-4670-b522-725edea80279/enabled'
14:22:03.476 [AsyncHttpClient-1-11] DEBUG org.asynchttpclient.netty.handler.HttpHandler - 

Request DefaultFullHttpRequest(decodeResult: success, version: HTTP/1.1, content: EmptyByteBufBE)
GET /session/fd44894498d09d9959e51cbf870ac544/element/4f66f83f-735d-4670-b522-725edea80279/enabled HTTP/1.1
User-Agent: selenium/4.1.2 (java windows)
Cache-Control: no-cache
Content-Type: application/json; charset=utf-8
host: localhost:63183
accept: */*

Response DefaultHttpResponse(decodeResult: success, version: HTTP/1.1)
HTTP/1.1 200 OK
Content-Type: application/json; charset=utf-8
cache-control: no-cache
content-length: 14

14:22:03.476 [AsyncHttpClient-1-11] DEBUG org.asynchttpclient.netty.channel.ChannelManager - Adding key: http://localhost:63183 for channel [id: 0xc63a6d85, L:/127.0.0.1:51555 - R:localhost/127.0.0.1:63183]
14:22:03.484 [Forwarding findElement on session fd44894498d09d9959e51cbf870ac544 to remote] DEBUG org.asynchttpclient.netty.request.NettyRequestSender - Using pooled Channel '[id: 0xc63a6d85, L:/127.0.0.1:51555 - R:localhost/127.0.0.1:63183]' for 'POST' to 'http://localhost:63183/session/fd44894498d09d9959e51cbf870ac544/element'
14:22:03.484 [Forwarding findElement on session fd44894498d09d9959e51cbf870ac544 to remote] DEBUG org.asynchttpclient.netty.request.NettyRequestSender - Using open Channel [id: 0xc63a6d85, L:/127.0.0.1:51555 - R:localhost/127.0.0.1:63183] for POST '/session/fd44894498d09d9959e51cbf870ac544/element'
14:22:03.500 [AsyncHttpClient-1-11] DEBUG org.asynchttpclient.netty.handler.HttpHandler - 

Request DefaultHttpRequest(decodeResult: success, version: HTTP/1.1)
POST /session/fd44894498d09d9959e51cbf870ac544/element HTTP/1.1
User-Agent: selenium/4.1.2 (java windows)
Content-Length: 94
Content-Type: application/json; charset=utf-8
host: localhost:63183
accept: */*

Response DefaultHttpResponse(decodeResult: success, version: HTTP/1.1)
HTTP/1.1 200 OK
Content-Type: application/json; charset=utf-8
cache-control: no-cache
content-length: 88

14:22:03.500 [AsyncHttpClient-1-11] DEBUG org.asynchttpclient.netty.channel.ChannelManager - Adding key: http://localhost:63183 for channel [id: 0xc63a6d85, L:/127.0.0.1:51555 - R:localhost/127.0.0.1:63183]
14:22:03.500 [Forwarding clickElement on session fd44894498d09d9959e51cbf870ac544 to remote] DEBUG org.asynchttpclient.netty.request.NettyRequestSender - Using pooled Channel '[id: 0xc63a6d85, L:/127.0.0.1:51555 - R:localhost/127.0.0.1:63183]' for 'POST' to 'http://localhost:63183/session/fd44894498d09d9959e51cbf870ac544/element/4f66f83f-735d-4670-b522-725edea80279/click'
14:22:03.500 [Forwarding clickElement on session fd44894498d09d9959e51cbf870ac544 to remote] DEBUG org.asynchttpclient.netty.request.NettyRequestSender - Using open Channel [id: 0xc63a6d85, L:/127.0.0.1:51555 - R:localhost/127.0.0.1:63183] for POST '/session/fd44894498d09d9959e51cbf870ac544/element/4f66f83f-735d-4670-b522-725edea80279/click'
14:22:03.532 [AsyncHttpClient-1-1] DEBUG org.asynchttpclient.netty.channel.DefaultChannelPool - Entry count for : http://localhost:51556 : 1
14:22:03.580 [AsyncHttpClient-1-11] DEBUG org.asynchttpclient.netty.handler.HttpHandler - 

Request DefaultHttpRequest(decodeResult: success, version: HTTP/1.1)
POST /session/fd44894498d09d9959e51cbf870ac544/element/4f66f83f-735d-4670-b522-725edea80279/click HTTP/1.1
User-Agent: selenium/4.1.2 (java windows)
Content-Length: 50
Content-Type: application/json; charset=utf-8
host: localhost:63183
accept: */*

Response DefaultHttpResponse(decodeResult: success, version: HTTP/1.1)
HTTP/1.1 200 OK
Content-Type: application/json; charset=utf-8
cache-control: no-cache
content-length: 14

14:22:03.580 [AsyncHttpClient-1-11] DEBUG org.asynchttpclient.netty.channel.ChannelManager - Adding key: http://localhost:63183 for channel [id: 0xc63a6d85, L:/127.0.0.1:51555 - R:localhost/127.0.0.1:63183]
14:22:03.596 [Forwarding screenshot on session fd44894498d09d9959e51cbf870ac544 to remote] DEBUG org.asynchttpclient.netty.request.NettyRequestSender - Using pooled Channel '[id: 0xc63a6d85, L:/127.0.0.1:51555 - R:localhost/127.0.0.1:63183]' for 'GET' to 'http://localhost:63183/session/fd44894498d09d9959e51cbf870ac544/screenshot'
14:22:03.596 [Forwarding screenshot on session fd44894498d09d9959e51cbf870ac544 to remote] DEBUG org.asynchttpclient.netty.request.NettyRequestSender - Using open Channel [id: 0xc63a6d85, L:/127.0.0.1:51555 - R:localhost/127.0.0.1:63183] for GET '/session/fd44894498d09d9959e51cbf870ac544/screenshot'
14:22:03.847 [AsyncHttpClient-1-11] DEBUG org.asynchttpclient.netty.handler.HttpHandler - 

Request DefaultFullHttpRequest(decodeResult: success, version: HTTP/1.1, content: EmptyByteBufBE)
GET /session/fd44894498d09d9959e51cbf870ac544/screenshot HTTP/1.1
User-Agent: selenium/4.1.2 (java windows)
Cache-Control: no-cache
Content-Type: application/json; charset=utf-8
host: localhost:63183
accept: */*

Response DefaultHttpResponse(decodeResult: success, version: HTTP/1.1)
HTTP/1.1 200 OK
Content-Type: application/json; charset=utf-8
cache-control: no-cache
content-length: 962860

14:22:03.856 [AsyncHttpClient-1-11] DEBUG org.asynchttpclient.netty.channel.ChannelManager - Adding key: http://localhost:63183 for channel [id: 0xc63a6d85, L:/127.0.0.1:51555 - R:localhost/127.0.0.1:63183]
14:22:03.936 [main] DEBUG net.serenitybdd.core.photography.Darkroom - Send negative for processing for target\site\serenity\681e3c75e9052d633ffd354442c9a8f70f7197454cf2d646d18427190e265f99.png
14:22:03.936 [Darkroom Processing Line] DEBUG net.serenitybdd.core.photography.DarkroomProcessingLine - Processing screenshot image in /var/screenshots/screenshot-6844885191630196728
14:22:03.936 [Darkroom Processing Line] DEBUG net.serenitybdd.core.photography.DarkroomProcessingLine - Saving screenshot to target\site\serenity\681e3c75e9052d633ffd354442c9a8f70f7197454cf2d646d18427190e265f99.png
14:22:03.936 [main] DEBUG net.thucydides.core.steps.StepInterceptor - STARTING STEP: CheckoutStepdefs.iSeeMyCartValue - ClickButtonCart
14:22:03.936 [Forwarding findElement on session fd44894498d09d9959e51cbf870ac544 to remote] DEBUG org.asynchttpclient.netty.request.NettyRequestSender - Using pooled Channel '[id: 0xc63a6d85, L:/127.0.0.1:51555 - R:localhost/127.0.0.1:63183]' for 'POST' to 'http://localhost:63183/session/fd44894498d09d9959e51cbf870ac544/element'
14:22:03.936 [Forwarding findElement on session fd44894498d09d9959e51cbf870ac544 to remote] DEBUG org.asynchttpclient.netty.request.NettyRequestSender - Using open Channel [id: 0xc63a6d85, L:/127.0.0.1:51555 - R:localhost/127.0.0.1:63183] for POST '/session/fd44894498d09d9959e51cbf870ac544/element'
14:22:03.952 [AsyncHttpClient-1-11] DEBUG org.asynchttpclient.netty.handler.HttpHandler - 

Request DefaultHttpRequest(decodeResult: success, version: HTTP/1.1)
POST /session/fd44894498d09d9959e51cbf870ac544/element HTTP/1.1
User-Agent: selenium/4.1.2 (java windows)
Content-Length: 79
Content-Type: application/json; charset=utf-8
host: localhost:63183
accept: */*

Response DefaultHttpResponse(decodeResult: success, version: HTTP/1.1)
HTTP/1.1 200 OK
Content-Type: application/json; charset=utf-8
cache-control: no-cache
content-length: 88

14:22:03.952 [AsyncHttpClient-1-11] DEBUG org.asynchttpclient.netty.channel.ChannelManager - Adding key: http://localhost:63183 for channel [id: 0xc63a6d85, L:/127.0.0.1:51555 - R:localhost/127.0.0.1:63183]
14:22:03.952 [Forwarding getElementTagName on session fd44894498d09d9959e51cbf870ac544 to remote] DEBUG org.asynchttpclient.netty.request.NettyRequestSender - Using pooled Channel '[id: 0xc63a6d85, L:/127.0.0.1:51555 - R:localhost/127.0.0.1:63183]' for 'GET' to 'http://localhost:63183/session/fd44894498d09d9959e51cbf870ac544/element/c745453e-005c-4ff6-a126-af4801ada43f/name'
14:22:03.952 [Forwarding getElementTagName on session fd44894498d09d9959e51cbf870ac544 to remote] DEBUG org.asynchttpclient.netty.request.NettyRequestSender - Using open Channel [id: 0xc63a6d85, L:/127.0.0.1:51555 - R:localhost/127.0.0.1:63183] for GET '/session/fd44894498d09d9959e51cbf870ac544/element/c745453e-005c-4ff6-a126-af4801ada43f/name'
14:22:03.967 [AsyncHttpClient-1-11] DEBUG org.asynchttpclient.netty.handler.HttpHandler - 

Request DefaultFullHttpRequest(decodeResult: success, version: HTTP/1.1, content: EmptyByteBufBE)
GET /session/fd44894498d09d9959e51cbf870ac544/element/c745453e-005c-4ff6-a126-af4801ada43f/name HTTP/1.1
User-Agent: selenium/4.1.2 (java windows)
Cache-Control: no-cache
Content-Type: application/json; charset=utf-8
host: localhost:63183
accept: */*

Response DefaultHttpResponse(decodeResult: success, version: HTTP/1.1)
HTTP/1.1 200 OK
Content-Type: application/json; charset=utf-8
cache-control: no-cache
content-length: 13

14:22:03.967 [AsyncHttpClient-1-11] DEBUG org.asynchttpclient.netty.channel.ChannelManager - Adding key: http://localhost:63183 for channel [id: 0xc63a6d85, L:/127.0.0.1:51555 - R:localhost/127.0.0.1:63183]
14:22:03.967 [Forwarding getElementTagName on session fd44894498d09d9959e51cbf870ac544 to remote] DEBUG org.asynchttpclient.netty.request.NettyRequestSender - Using pooled Channel '[id: 0xc63a6d85, L:/127.0.0.1:51555 - R:localhost/127.0.0.1:63183]' for 'GET' to 'http://localhost:63183/session/fd44894498d09d9959e51cbf870ac544/element/c745453e-005c-4ff6-a126-af4801ada43f/name'
14:22:03.967 [Forwarding getElementTagName on session fd44894498d09d9959e51cbf870ac544 to remote] DEBUG org.asynchttpclient.netty.request.NettyRequestSender - Using open Channel [id: 0xc63a6d85, L:/127.0.0.1:51555 - R:localhost/127.0.0.1:63183] for GET '/session/fd44894498d09d9959e51cbf870ac544/element/c745453e-005c-4ff6-a126-af4801ada43f/name'
14:22:03.976 [AsyncHttpClient-1-11] DEBUG org.asynchttpclient.netty.handler.HttpHandler - 

Request DefaultFullHttpRequest(decodeResult: success, version: HTTP/1.1, content: EmptyByteBufBE)
GET /session/fd44894498d09d9959e51cbf870ac544/element/c745453e-005c-4ff6-a126-af4801ada43f/name HTTP/1.1
User-Agent: selenium/4.1.2 (java windows)
Cache-Control: no-cache
Content-Type: application/json; charset=utf-8
host: localhost:63183
accept: */*

Response DefaultHttpResponse(decodeResult: success, version: HTTP/1.1)
HTTP/1.1 200 OK
Content-Type: application/json; charset=utf-8
cache-control: no-cache
content-length: 13

14:22:03.976 [AsyncHttpClient-1-11] DEBUG org.asynchttpclient.netty.channel.ChannelManager - Adding key: http://localhost:63183 for channel [id: 0xc63a6d85, L:/127.0.0.1:51555 - R:localhost/127.0.0.1:63183]
14:22:03.976 [Forwarding findElement on session fd44894498d09d9959e51cbf870ac544 to remote] DEBUG org.asynchttpclient.netty.request.NettyRequestSender - Using pooled Channel '[id: 0xc63a6d85, L:/127.0.0.1:51555 - R:localhost/127.0.0.1:63183]' for 'POST' to 'http://localhost:63183/session/fd44894498d09d9959e51cbf870ac544/element'
14:22:03.976 [Forwarding findElement on session fd44894498d09d9959e51cbf870ac544 to remote] DEBUG org.asynchttpclient.netty.request.NettyRequestSender - Using open Channel [id: 0xc63a6d85, L:/127.0.0.1:51555 - R:localhost/127.0.0.1:63183] for POST '/session/fd44894498d09d9959e51cbf870ac544/element'
14:22:03.991 [AsyncHttpClient-1-11] DEBUG org.asynchttpclient.netty.handler.HttpHandler - 

Request DefaultHttpRequest(decodeResult: success, version: HTTP/1.1)
POST /session/fd44894498d09d9959e51cbf870ac544/element HTTP/1.1
User-Agent: selenium/4.1.2 (java windows)
Content-Length: 79
Content-Type: application/json; charset=utf-8
host: localhost:63183
accept: */*

Response DefaultHttpResponse(decodeResult: success, version: HTTP/1.1)
HTTP/1.1 200 OK
Content-Type: application/json; charset=utf-8
cache-control: no-cache
content-length: 88

14:22:03.991 [AsyncHttpClient-1-11] DEBUG org.asynchttpclient.netty.channel.ChannelManager - Adding key: http://localhost:63183 for channel [id: 0xc63a6d85, L:/127.0.0.1:51555 - R:localhost/127.0.0.1:63183]
14:22:03.999 [Forwarding clickElement on session fd44894498d09d9959e51cbf870ac544 to remote] DEBUG org.asynchttpclient.netty.request.NettyRequestSender - Using pooled Channel '[id: 0xc63a6d85, L:/127.0.0.1:51555 - R:localhost/127.0.0.1:63183]' for 'POST' to 'http://localhost:63183/session/fd44894498d09d9959e51cbf870ac544/element/c745453e-005c-4ff6-a126-af4801ada43f/click'
14:22:03.999 [Forwarding clickElement on session fd44894498d09d9959e51cbf870ac544 to remote] DEBUG org.asynchttpclient.netty.request.NettyRequestSender - Using open Channel [id: 0xc63a6d85, L:/127.0.0.1:51555 - R:localhost/127.0.0.1:63183] for POST '/session/fd44894498d09d9959e51cbf870ac544/element/c745453e-005c-4ff6-a126-af4801ada43f/click'
14:22:04.064 [AsyncHttpClient-1-11] DEBUG org.asynchttpclient.netty.handler.HttpHandler - 

Request DefaultHttpRequest(decodeResult: success, version: HTTP/1.1)
POST /session/fd44894498d09d9959e51cbf870ac544/element/c745453e-005c-4ff6-a126-af4801ada43f/click HTTP/1.1
User-Agent: selenium/4.1.2 (java windows)
Content-Length: 50
Content-Type: application/json; charset=utf-8
host: localhost:63183
accept: */*

Response DefaultHttpResponse(decodeResult: success, version: HTTP/1.1)
HTTP/1.1 200 OK
Content-Type: application/json; charset=utf-8
cache-control: no-cache
content-length: 14

14:22:04.064 [AsyncHttpClient-1-11] DEBUG org.asynchttpclient.netty.channel.ChannelManager - Adding key: http://localhost:63183 for channel [id: 0xc63a6d85, L:/127.0.0.1:51555 - R:localhost/127.0.0.1:63183]
14:22:04.072 [Forwarding screenshot on session fd44894498d09d9959e51cbf870ac544 to remote] DEBUG org.asynchttpclient.netty.request.NettyRequestSender - Using pooled Channel '[id: 0xc63a6d85, L:/127.0.0.1:51555 - R:localhost/127.0.0.1:63183]' for 'GET' to 'http://localhost:63183/session/fd44894498d09d9959e51cbf870ac544/screenshot'
14:22:04.072 [Forwarding screenshot on session fd44894498d09d9959e51cbf870ac544 to remote] DEBUG org.asynchttpclient.netty.request.NettyRequestSender - Using open Channel [id: 0xc63a6d85, L:/127.0.0.1:51555 - R:localhost/127.0.0.1:63183] for GET '/session/fd44894498d09d9959e51cbf870ac544/screenshot'
14:22:04.196 [AsyncHttpClient-1-11] DEBUG org.asynchttpclient.netty.handler.HttpHandler - 

Request DefaultFullHttpRequest(decodeResult: success, version: HTTP/1.1, content: EmptyByteBufBE)
GET /session/fd44894498d09d9959e51cbf870ac544/screenshot HTTP/1.1
User-Agent: selenium/4.1.2 (java windows)
Cache-Control: no-cache
Content-Type: application/json; charset=utf-8
host: localhost:63183
accept: */*

Response DefaultHttpResponse(decodeResult: success, version: HTTP/1.1)
HTTP/1.1 200 OK
Content-Type: application/json; charset=utf-8
cache-control: no-cache
content-length: 101136

14:22:04.196 [AsyncHttpClient-1-11] DEBUG org.asynchttpclient.netty.channel.ChannelManager - Adding key: http://localhost:63183 for channel [id: 0xc63a6d85, L:/127.0.0.1:51555 - R:localhost/127.0.0.1:63183]
14:22:04.196 [main] DEBUG net.serenitybdd.core.photography.Darkroom - Send negative for processing for target\site\serenity\4ed6d491a46604d61f9d30015adc5ab9bbe6605683cd3b3caec2a96cff08213d.png
14:22:04.196 [main] DEBUG net.thucydides.core.steps.StepInterceptor - STEP DONE: ClickButtonCart
14:22:04.196 [Darkroom Processing Line] DEBUG net.serenitybdd.core.photography.DarkroomProcessingLine - Processing screenshot image in /var/screenshots/screenshot-9014009998746911902
14:22:04.196 [Darkroom Processing Line] DEBUG net.serenitybdd.core.photography.DarkroomProcessingLine - Saving screenshot to target\site\serenity\4ed6d491a46604d61f9d30015adc5ab9bbe6605683cd3b3caec2a96cff08213d.png
14:22:04.212 [main] DEBUG net.thucydides.core.steps.StepInterceptor - STARTING STEP: CheckoutStepdefs.iSeeMyCartValue - CartView
14:22:04.212 [Forwarding findElement on session fd44894498d09d9959e51cbf870ac544 to remote] DEBUG org.asynchttpclient.netty.request.NettyRequestSender - Using pooled Channel '[id: 0xc63a6d85, L:/127.0.0.1:51555 - R:localhost/127.0.0.1:63183]' for 'POST' to 'http://localhost:63183/session/fd44894498d09d9959e51cbf870ac544/element'
14:22:04.212 [Forwarding findElement on session fd44894498d09d9959e51cbf870ac544 to remote] DEBUG org.asynchttpclient.netty.request.NettyRequestSender - Using open Channel [id: 0xc63a6d85, L:/127.0.0.1:51555 - R:localhost/127.0.0.1:63183] for POST '/session/fd44894498d09d9959e51cbf870ac544/element'
14:22:04.231 [AsyncHttpClient-1-11] DEBUG org.asynchttpclient.netty.handler.HttpHandler - 

Request DefaultHttpRequest(decodeResult: success, version: HTTP/1.1)
POST /session/fd44894498d09d9959e51cbf870ac544/element HTTP/1.1
User-Agent: selenium/4.1.2 (java windows)
Content-Length: 73
Content-Type: application/json; charset=utf-8
host: localhost:63183
accept: */*

Response DefaultHttpResponse(decodeResult: success, version: HTTP/1.1)
HTTP/1.1 200 OK
Content-Type: application/json; charset=utf-8
cache-control: no-cache
content-length: 88

14:22:04.231 [AsyncHttpClient-1-11] DEBUG org.asynchttpclient.netty.channel.ChannelManager - Adding key: http://localhost:63183 for channel [id: 0xc63a6d85, L:/127.0.0.1:51555 - R:localhost/127.0.0.1:63183]
14:22:04.231 [Forwarding isElementDisplayed on session fd44894498d09d9959e51cbf870ac544 to remote] DEBUG org.asynchttpclient.netty.request.NettyRequestSender - Using pooled Channel '[id: 0xc63a6d85, L:/127.0.0.1:51555 - R:localhost/127.0.0.1:63183]' for 'POST' to 'http://localhost:63183/session/fd44894498d09d9959e51cbf870ac544/execute/sync'
14:22:04.231 [Forwarding isElementDisplayed on session fd44894498d09d9959e51cbf870ac544 to remote] DEBUG org.asynchttpclient.netty.request.NettyRequestSender - Using open Channel [id: 0xc63a6d85, L:/127.0.0.1:51555 - R:localhost/127.0.0.1:63183] for POST '/session/fd44894498d09d9959e51cbf870ac544/execute/sync'
14:22:04.260 [AsyncHttpClient-1-11] DEBUG org.asynchttpclient.netty.handler.HttpHandler - 

Request DefaultHttpRequest(decodeResult: success, version: HTTP/1.1)
POST /session/fd44894498d09d9959e51cbf870ac544/execute/sync HTTP/1.1
User-Agent: selenium/4.1.2 (java windows)
Content-Length: 48780
Content-Type: application/json; charset=utf-8
host: localhost:63183
accept: */*

Response DefaultHttpResponse(decodeResult: success, version: HTTP/1.1)
HTTP/1.1 200 OK
Content-Type: application/json; charset=utf-8
cache-control: no-cache
content-length: 14

14:22:04.260 [AsyncHttpClient-1-11] DEBUG org.asynchttpclient.netty.channel.ChannelManager - Adding key: http://localhost:63183 for channel [id: 0xc63a6d85, L:/127.0.0.1:51555 - R:localhost/127.0.0.1:63183]
14:22:04.260 [Forwarding isElementDisplayed on session fd44894498d09d9959e51cbf870ac544 to remote] DEBUG org.asynchttpclient.netty.request.NettyRequestSender - Using pooled Channel '[id: 0xc63a6d85, L:/127.0.0.1:51555 - R:localhost/127.0.0.1:63183]' for 'POST' to 'http://localhost:63183/session/fd44894498d09d9959e51cbf870ac544/execute/sync'
14:22:04.260 [Forwarding isElementDisplayed on session fd44894498d09d9959e51cbf870ac544 to remote] DEBUG org.asynchttpclient.netty.request.NettyRequestSender - Using open Channel [id: 0xc63a6d85, L:/127.0.0.1:51555 - R:localhost/127.0.0.1:63183] for POST '/session/fd44894498d09d9959e51cbf870ac544/execute/sync'
14:22:04.284 [AsyncHttpClient-1-11] DEBUG org.asynchttpclient.netty.handler.HttpHandler - 

Request DefaultHttpRequest(decodeResult: success, version: HTTP/1.1)
POST /session/fd44894498d09d9959e51cbf870ac544/execute/sync HTTP/1.1
User-Agent: selenium/4.1.2 (java windows)
Content-Length: 48780
Content-Type: application/json; charset=utf-8
host: localhost:63183
accept: */*

Response DefaultHttpResponse(decodeResult: success, version: HTTP/1.1)
HTTP/1.1 200 OK
Content-Type: application/json; charset=utf-8
cache-control: no-cache
content-length: 14

14:22:04.284 [AsyncHttpClient-1-11] DEBUG org.asynchttpclient.netty.channel.ChannelManager - Adding key: http://localhost:63183 for channel [id: 0xc63a6d85, L:/127.0.0.1:51555 - R:localhost/127.0.0.1:63183]
14:22:04.284 [Forwarding screenshot on session fd44894498d09d9959e51cbf870ac544 to remote] DEBUG org.asynchttpclient.netty.request.NettyRequestSender - Using pooled Channel '[id: 0xc63a6d85, L:/127.0.0.1:51555 - R:localhost/127.0.0.1:63183]' for 'GET' to 'http://localhost:63183/session/fd44894498d09d9959e51cbf870ac544/screenshot'
14:22:04.284 [Forwarding screenshot on session fd44894498d09d9959e51cbf870ac544 to remote] DEBUG org.asynchttpclient.netty.request.NettyRequestSender - Using open Channel [id: 0xc63a6d85, L:/127.0.0.1:51555 - R:localhost/127.0.0.1:63183] for GET '/session/fd44894498d09d9959e51cbf870ac544/screenshot'
14:22:04.396 [AsyncHttpClient-1-11] DEBUG org.asynchttpclient.netty.handler.HttpHandler - 

Request DefaultFullHttpRequest(decodeResult: success, version: HTTP/1.1, content: EmptyByteBufBE)
GET /session/fd44894498d09d9959e51cbf870ac544/screenshot HTTP/1.1
User-Agent: selenium/4.1.2 (java windows)
Cache-Control: no-cache
Content-Type: application/json; charset=utf-8
host: localhost:63183
accept: */*

Response DefaultHttpResponse(decodeResult: success, version: HTTP/1.1)
HTTP/1.1 200 OK
Content-Type: application/json; charset=utf-8
cache-control: no-cache
content-length: 101136

14:22:04.396 [AsyncHttpClient-1-11] DEBUG org.asynchttpclient.netty.channel.ChannelManager - Adding key: http://localhost:63183 for channel [id: 0xc63a6d85, L:/127.0.0.1:51555 - R:localhost/127.0.0.1:63183]
14:22:04.396 [main] DEBUG net.serenitybdd.core.photography.Darkroom - Send negative for processing for target\site\serenity\4ed6d491a46604d61f9d30015adc5ab9bbe6605683cd3b3caec2a96cff08213d.png
14:22:04.396 [main] DEBUG net.thucydides.core.steps.StepInterceptor - STEP DONE: CartView
  &amp#27;[32mGiven &amp#27;[0m&amp#27;[32mI see my cart value&amp#27;[0m                          &amp#27;[90m# starter.stepdefinition.CheckoutStepdefs.iSeeMyCartValue()&amp#27;[0m
14:22:04.412 [main] DEBUG net.thucydides.core.steps.StepInterceptor - STARTING STEP: CheckoutStepdefs.iClickButtonCheckout - ClickButtonCheckout
14:22:04.412 [Forwarding findElement on session fd44894498d09d9959e51cbf870ac544 to remote] DEBUG org.asynchttpclient.netty.request.NettyRequestSender - Using pooled Channel '[id: 0xc63a6d85, L:/127.0.0.1:51555 - R:localhost/127.0.0.1:63183]' for 'POST' to 'http://localhost:63183/session/fd44894498d09d9959e51cbf870ac544/element'
14:22:04.412 [Forwarding findElement on session fd44894498d09d9959e51cbf870ac544 to remote] DEBUG org.asynchttpclient.netty.request.NettyRequestSender - Using open Channel [id: 0xc63a6d85, L:/127.0.0.1:51555 - R:localhost/127.0.0.1:63183] for POST '/session/fd44894498d09d9959e51cbf870ac544/element'
14:22:04.432 [AsyncHttpClient-1-11] DEBUG org.asynchttpclient.netty.handler.HttpHandler - 

Request DefaultHttpRequest(decodeResult: success, version: HTTP/1.1)
POST /session/fd44894498d09d9959e51cbf870ac544/element HTTP/1.1
User-Agent: selenium/4.1.2 (java windows)
Content-Length: 53
Content-Type: application/json; charset=utf-8
host: localhost:63183
accept: */*

Response DefaultHttpResponse(decodeResult: success, version: HTTP/1.1)
HTTP/1.1 200 OK
Content-Type: application/json; charset=utf-8
cache-control: no-cache
content-length: 88

14:22:04.432 [AsyncHttpClient-1-11] DEBUG org.asynchttpclient.netty.channel.ChannelManager - Adding key: http://localhost:63183 for channel [id: 0xc63a6d85, L:/127.0.0.1:51555 - R:localhost/127.0.0.1:63183]
14:22:04.432 [Forwarding getElementTagName on session fd44894498d09d9959e51cbf870ac544 to remote] DEBUG org.asynchttpclient.netty.request.NettyRequestSender - Using pooled Channel '[id: 0xc63a6d85, L:/127.0.0.1:51555 - R:localhost/127.0.0.1:63183]' for 'GET' to 'http://localhost:63183/session/fd44894498d09d9959e51cbf870ac544/element/d52b9a7e-49e7-427b-8389-5812077c2992/name'
14:22:04.432 [Forwarding getElementTagName on session fd44894498d09d9959e51cbf870ac544 to remote] DEBUG org.asynchttpclient.netty.request.NettyRequestSender - Using open Channel [id: 0xc63a6d85, L:/127.0.0.1:51555 - R:localhost/127.0.0.1:63183] for GET '/session/fd44894498d09d9959e51cbf870ac544/element/d52b9a7e-49e7-427b-8389-5812077c2992/name'
14:22:04.432 [AsyncHttpClient-1-11] DEBUG org.asynchttpclient.netty.handler.HttpHandler - 

Request DefaultFullHttpRequest(decodeResult: success, version: HTTP/1.1, content: EmptyByteBufBE)
GET /session/fd44894498d09d9959e51cbf870ac544/element/d52b9a7e-49e7-427b-8389-5812077c2992/name HTTP/1.1
User-Agent: selenium/4.1.2 (java windows)
Cache-Control: no-cache
Content-Type: application/json; charset=utf-8
host: localhost:63183
accept: */*

Response DefaultHttpResponse(decodeResult: success, version: HTTP/1.1)
HTTP/1.1 200 OK
Content-Type: application/json; charset=utf-8
cache-control: no-cache
content-length: 18

14:22:04.432 [AsyncHttpClient-1-11] DEBUG org.asynchttpclient.netty.channel.ChannelManager - Adding key: http://localhost:63183 for channel [id: 0xc63a6d85, L:/127.0.0.1:51555 - R:localhost/127.0.0.1:63183]
14:22:04.432 [Forwarding getElementTagName on session fd44894498d09d9959e51cbf870ac544 to remote] DEBUG org.asynchttpclient.netty.request.NettyRequestSender - Using pooled Channel '[id: 0xc63a6d85, L:/127.0.0.1:51555 - R:localhost/127.0.0.1:63183]' for 'GET' to 'http://localhost:63183/session/fd44894498d09d9959e51cbf870ac544/element/d52b9a7e-49e7-427b-8389-5812077c2992/name'
14:22:04.432 [Forwarding getElementTagName on session fd44894498d09d9959e51cbf870ac544 to remote] DEBUG org.asynchttpclient.netty.request.NettyRequestSender - Using open Channel [id: 0xc63a6d85, L:/127.0.0.1:51555 - R:localhost/127.0.0.1:63183] for GET '/session/fd44894498d09d9959e51cbf870ac544/element/d52b9a7e-49e7-427b-8389-5812077c2992/name'
14:22:04.447 [AsyncHttpClient-1-11] DEBUG org.asynchttpclient.netty.handler.HttpHandler - 

Request DefaultFullHttpRequest(decodeResult: success, version: HTTP/1.1, content: EmptyByteBufBE)
GET /session/fd44894498d09d9959e51cbf870ac544/element/d52b9a7e-49e7-427b-8389-5812077c2992/name HTTP/1.1
User-Agent: selenium/4.1.2 (java windows)
Cache-Control: no-cache
Content-Type: application/json; charset=utf-8
host: localhost:63183
accept: */*

Response DefaultHttpResponse(decodeResult: success, version: HTTP/1.1)
HTTP/1.1 200 OK
Content-Type: application/json; charset=utf-8
cache-control: no-cache
content-length: 18

14:22:04.447 [AsyncHttpClient-1-11] DEBUG org.asynchttpclient.netty.channel.ChannelManager - Adding key: http://localhost:63183 for channel [id: 0xc63a6d85, L:/127.0.0.1:51555 - R:localhost/127.0.0.1:63183]
14:22:04.447 [Forwarding isElementEnabled on session fd44894498d09d9959e51cbf870ac544 to remote] DEBUG org.asynchttpclient.netty.request.NettyRequestSender - Using pooled Channel '[id: 0xc63a6d85, L:/127.0.0.1:51555 - R:localhost/127.0.0.1:63183]' for 'GET' to 'http://localhost:63183/session/fd44894498d09d9959e51cbf870ac544/element/d52b9a7e-49e7-427b-8389-5812077c2992/enabled'
14:22:04.447 [Forwarding isElementEnabled on session fd44894498d09d9959e51cbf870ac544 to remote] DEBUG org.asynchttpclient.netty.request.NettyRequestSender - Using open Channel [id: 0xc63a6d85, L:/127.0.0.1:51555 - R:localhost/127.0.0.1:63183] for GET '/session/fd44894498d09d9959e51cbf870ac544/element/d52b9a7e-49e7-427b-8389-5812077c2992/enabled'
14:22:04.463 [AsyncHttpClient-1-11] DEBUG org.asynchttpclient.netty.handler.HttpHandler - 

Request DefaultFullHttpRequest(decodeResult: success, version: HTTP/1.1, content: EmptyByteBufBE)
GET /session/fd44894498d09d9959e51cbf870ac544/element/d52b9a7e-49e7-427b-8389-5812077c2992/enabled HTTP/1.1
User-Agent: selenium/4.1.2 (java windows)
Cache-Control: no-cache
Content-Type: application/json; charset=utf-8
host: localhost:63183
accept: */*

Response DefaultHttpResponse(decodeResult: success, version: HTTP/1.1)
HTTP/1.1 200 OK
Content-Type: application/json; charset=utf-8
cache-control: no-cache
content-length: 14

14:22:04.463 [AsyncHttpClient-1-11] DEBUG org.asynchttpclient.netty.channel.ChannelManager - Adding key: http://localhost:63183 for channel [id: 0xc63a6d85, L:/127.0.0.1:51555 - R:localhost/127.0.0.1:63183]
14:22:04.463 [Forwarding isElementEnabled on session fd44894498d09d9959e51cbf870ac544 to remote] DEBUG org.asynchttpclient.netty.request.NettyRequestSender - Using pooled Channel '[id: 0xc63a6d85, L:/127.0.0.1:51555 - R:localhost/127.0.0.1:63183]' for 'GET' to 'http://localhost:63183/session/fd44894498d09d9959e51cbf870ac544/element/d52b9a7e-49e7-427b-8389-5812077c2992/enabled'
14:22:04.463 [Forwarding isElementEnabled on session fd44894498d09d9959e51cbf870ac544 to remote] DEBUG org.asynchttpclient.netty.request.NettyRequestSender - Using open Channel [id: 0xc63a6d85, L:/127.0.0.1:51555 - R:localhost/127.0.0.1:63183] for GET '/session/fd44894498d09d9959e51cbf870ac544/element/d52b9a7e-49e7-427b-8389-5812077c2992/enabled'
14:22:04.478 [AsyncHttpClient-1-11] DEBUG org.asynchttpclient.netty.handler.HttpHandler - 

Request DefaultFullHttpRequest(decodeResult: success, version: HTTP/1.1, content: EmptyByteBufBE)
GET /session/fd44894498d09d9959e51cbf870ac544/element/d52b9a7e-49e7-427b-8389-5812077c2992/enabled HTTP/1.1
User-Agent: selenium/4.1.2 (java windows)
Cache-Control: no-cache
Content-Type: application/json; charset=utf-8
host: localhost:63183
accept: */*

Response DefaultHttpResponse(decodeResult: success, version: HTTP/1.1)
HTTP/1.1 200 OK
Content-Type: application/json; charset=utf-8
cache-control: no-cache
content-length: 14

14:22:04.478 [AsyncHttpClient-1-11] DEBUG org.asynchttpclient.netty.channel.ChannelManager - Adding key: http://localhost:63183 for channel [id: 0xc63a6d85, L:/127.0.0.1:51555 - R:localhost/127.0.0.1:63183]
14:22:04.478 [Forwarding findElement on session fd44894498d09d9959e51cbf870ac544 to remote] DEBUG org.asynchttpclient.netty.request.NettyRequestSender - Using pooled Channel '[id: 0xc63a6d85, L:/127.0.0.1:51555 - R:localhost/127.0.0.1:63183]' for 'POST' to 'http://localhost:63183/session/fd44894498d09d9959e51cbf870ac544/element'
14:22:04.478 [Forwarding findElement on session fd44894498d09d9959e51cbf870ac544 to remote] DEBUG org.asynchttpclient.netty.request.NettyRequestSender - Using open Channel [id: 0xc63a6d85, L:/127.0.0.1:51555 - R:localhost/127.0.0.1:63183] for POST '/session/fd44894498d09d9959e51cbf870ac544/element'
14:22:04.494 [AsyncHttpClient-1-11] DEBUG org.asynchttpclient.netty.handler.HttpHandler - 

Request DefaultHttpRequest(decodeResult: success, version: HTTP/1.1)
POST /session/fd44894498d09d9959e51cbf870ac544/element HTTP/1.1
User-Agent: selenium/4.1.2 (java windows)
Content-Length: 53
Content-Type: application/json; charset=utf-8
host: localhost:63183
accept: */*

Response DefaultHttpResponse(decodeResult: success, version: HTTP/1.1)
HTTP/1.1 200 OK
Content-Type: application/json; charset=utf-8
cache-control: no-cache
content-length: 88

14:22:04.494 [AsyncHttpClient-1-11] DEBUG org.asynchttpclient.netty.channel.ChannelManager - Adding key: http://localhost:63183 for channel [id: 0xc63a6d85, L:/127.0.0.1:51555 - R:localhost/127.0.0.1:63183]
14:22:04.494 [Forwarding clickElement on session fd44894498d09d9959e51cbf870ac544 to remote] DEBUG org.asynchttpclient.netty.request.NettyRequestSender - Using pooled Channel '[id: 0xc63a6d85, L:/127.0.0.1:51555 - R:localhost/127.0.0.1:63183]' for 'POST' to 'http://localhost:63183/session/fd44894498d09d9959e51cbf870ac544/element/d52b9a7e-49e7-427b-8389-5812077c2992/click'
14:22:04.494 [Forwarding clickElement on session fd44894498d09d9959e51cbf870ac544 to remote] DEBUG org.asynchttpclient.netty.request.NettyRequestSender - Using open Channel [id: 0xc63a6d85, L:/127.0.0.1:51555 - R:localhost/127.0.0.1:63183] for POST '/session/fd44894498d09d9959e51cbf870ac544/element/d52b9a7e-49e7-427b-8389-5812077c2992/click'
14:22:04.548 [AsyncHttpClient-1-11] DEBUG org.asynchttpclient.netty.handler.HttpHandler - 

Request DefaultHttpRequest(decodeResult: success, version: HTTP/1.1)
POST /session/fd44894498d09d9959e51cbf870ac544/element/d52b9a7e-49e7-427b-8389-5812077c2992/click HTTP/1.1
User-Agent: selenium/4.1.2 (java windows)
Content-Length: 50
Content-Type: application/json; charset=utf-8
host: localhost:63183
accept: */*

Response DefaultHttpResponse(decodeResult: success, version: HTTP/1.1)
HTTP/1.1 200 OK
Content-Type: application/json; charset=utf-8
cache-control: no-cache
content-length: 14

14:22:04.548 [AsyncHttpClient-1-11] DEBUG org.asynchttpclient.netty.channel.ChannelManager - Adding key: http://localhost:63183 for channel [id: 0xc63a6d85, L:/127.0.0.1:51555 - R:localhost/127.0.0.1:63183]
14:22:04.556 [Forwarding screenshot on session fd44894498d09d9959e51cbf870ac544 to remote] DEBUG org.asynchttpclient.netty.request.NettyRequestSender - Using pooled Channel '[id: 0xc63a6d85, L:/127.0.0.1:51555 - R:localhost/127.0.0.1:63183]' for 'GET' to 'http://localhost:63183/session/fd44894498d09d9959e51cbf870ac544/screenshot'
14:22:04.556 [Forwarding screenshot on session fd44894498d09d9959e51cbf870ac544 to remote] DEBUG org.asynchttpclient.netty.request.NettyRequestSender - Using open Channel [id: 0xc63a6d85, L:/127.0.0.1:51555 - R:localhost/127.0.0.1:63183] for GET '/session/fd44894498d09d9959e51cbf870ac544/screenshot'
14:22:04.644 [AsyncHttpClient-1-1] DEBUG org.asynchttpclient.netty.channel.DefaultChannelPool - Entry count for : http://localhost:51556 : 1
14:22:04.676 [AsyncHttpClient-1-11] DEBUG org.asynchttpclient.netty.handler.HttpHandler - 

Request DefaultFullHttpRequest(decodeResult: success, version: HTTP/1.1, content: EmptyByteBufBE)
GET /session/fd44894498d09d9959e51cbf870ac544/screenshot HTTP/1.1
User-Agent: selenium/4.1.2 (java windows)
Cache-Control: no-cache
Content-Type: application/json; charset=utf-8
host: localhost:63183
accept: */*

Response DefaultHttpResponse(decodeResult: success, version: HTTP/1.1)
HTTP/1.1 200 OK
Content-Type: application/json; charset=utf-8
cache-control: no-cache
content-length: 41508

14:22:04.676 [AsyncHttpClient-1-11] DEBUG org.asynchttpclient.netty.channel.ChannelManager - Adding key: http://localhost:63183 for channel [id: 0xc63a6d85, L:/127.0.0.1:51555 - R:localhost/127.0.0.1:63183]
14:22:04.676 [main] DEBUG net.serenitybdd.core.photography.Darkroom - Send negative for processing for target\site\serenity\3e9509079729d5f3023d83709f0f2254f498383e800a87f2bbc291cf70622199.png
14:22:04.676 [main] DEBUG net.thucydides.core.steps.StepInterceptor - STEP DONE: ClickButtonCheckout
  &amp#27;[32mWhen &amp#27;[0m&amp#27;[32mI click button checkout&amp#27;[0m                       &amp#27;[90m# starter.stepdefinition.CheckoutStepdefs.iClickButtonCheckout()&amp#27;[0m
14:22:04.692 [Darkroom Processing Line] DEBUG net.serenitybdd.core.photography.DarkroomProcessingLine - Processing screenshot image in /var/screenshots/screenshot-6276873906704769896
14:22:04.692 [Darkroom Processing Line] DEBUG net.serenitybdd.core.photography.DarkroomProcessingLine - Saving screenshot to target\site\serenity\3e9509079729d5f3023d83709f0f2254f498383e800a87f2bbc291cf70622199.png
14:22:04.692 [main] DEBUG net.thucydides.core.steps.StepInterceptor - STARTING STEP: CheckoutStepdefs.iViewCheckoutInformation - UserViewInformation
14:22:04.707 [Forwarding findElement on session fd44894498d09d9959e51cbf870ac544 to remote] DEBUG org.asynchttpclient.netty.request.NettyRequestSender - Using pooled Channel '[id: 0xc63a6d85, L:/127.0.0.1:51555 - R:localhost/127.0.0.1:63183]' for 'POST' to 'http://localhost:63183/session/fd44894498d09d9959e51cbf870ac544/element'
14:22:04.707 [Forwarding findElement on session fd44894498d09d9959e51cbf870ac544 to remote] DEBUG org.asynchttpclient.netty.request.NettyRequestSender - Using open Channel [id: 0xc63a6d85, L:/127.0.0.1:51555 - R:localhost/127.0.0.1:63183] for POST '/session/fd44894498d09d9959e51cbf870ac544/element'
14:22:04.723 [AsyncHttpClient-1-11] DEBUG org.asynchttpclient.netty.handler.HttpHandler - 

Request DefaultHttpRequest(decodeResult: success, version: HTTP/1.1)
POST /session/fd44894498d09d9959e51cbf870ac544/element HTTP/1.1
User-Agent: selenium/4.1.2 (java windows)
Content-Length: 90
Content-Type: application/json; charset=utf-8
host: localhost:63183
accept: */*

Response DefaultHttpResponse(decodeResult: success, version: HTTP/1.1)
HTTP/1.1 200 OK
Content-Type: application/json; charset=utf-8
cache-control: no-cache
content-length: 88

14:22:04.723 [AsyncHttpClient-1-11] DEBUG org.asynchttpclient.netty.channel.ChannelManager - Adding key: http://localhost:63183 for channel [id: 0xc63a6d85, L:/127.0.0.1:51555 - R:localhost/127.0.0.1:63183]
14:22:04.723 [Forwarding isElementDisplayed on session fd44894498d09d9959e51cbf870ac544 to remote] DEBUG org.asynchttpclient.netty.request.NettyRequestSender - Using pooled Channel '[id: 0xc63a6d85, L:/127.0.0.1:51555 - R:localhost/127.0.0.1:63183]' for 'POST' to 'http://localhost:63183/session/fd44894498d09d9959e51cbf870ac544/execute/sync'
14:22:04.723 [Forwarding isElementDisplayed on session fd44894498d09d9959e51cbf870ac544 to remote] DEBUG org.asynchttpclient.netty.request.NettyRequestSender - Using open Channel [id: 0xc63a6d85, L:/127.0.0.1:51555 - R:localhost/127.0.0.1:63183] for POST '/session/fd44894498d09d9959e51cbf870ac544/execute/sync'
14:22:04.739 [AsyncHttpClient-1-11] DEBUG org.asynchttpclient.netty.handler.HttpHandler - 

Request DefaultHttpRequest(decodeResult: success, version: HTTP/1.1)
POST /session/fd44894498d09d9959e51cbf870ac544/execute/sync HTTP/1.1
User-Agent: selenium/4.1.2 (java windows)
Content-Length: 48780
Content-Type: application/json; charset=utf-8
host: localhost:63183
accept: */*

Response DefaultHttpResponse(decodeResult: success, version: HTTP/1.1)
HTTP/1.1 200 OK
Content-Type: application/json; charset=utf-8
cache-control: no-cache
content-length: 14

14:22:04.739 [AsyncHttpClient-1-11] DEBUG org.asynchttpclient.netty.channel.ChannelManager - Adding key: http://localhost:63183 for channel [id: 0xc63a6d85, L:/127.0.0.1:51555 - R:localhost/127.0.0.1:63183]
14:22:04.743 [Forwarding isElementDisplayed on session fd44894498d09d9959e51cbf870ac544 to remote] DEBUG org.asynchttpclient.netty.request.NettyRequestSender - Using pooled Channel '[id: 0xc63a6d85, L:/127.0.0.1:51555 - R:localhost/127.0.0.1:63183]' for 'POST' to 'http://localhost:63183/session/fd44894498d09d9959e51cbf870ac544/execute/sync'
14:22:04.747 [Forwarding isElementDisplayed on session fd44894498d09d9959e51cbf870ac544 to remote] DEBUG org.asynchttpclient.netty.request.NettyRequestSender - Using open Channel [id: 0xc63a6d85, L:/127.0.0.1:51555 - R:localhost/127.0.0.1:63183] for POST '/session/fd44894498d09d9959e51cbf870ac544/execute/sync'
14:22:04.755 [AsyncHttpClient-1-11] DEBUG org.asynchttpclient.netty.handler.HttpHandler - 

Request DefaultHttpRequest(decodeResult: success, version: HTTP/1.1)
POST /session/fd44894498d09d9959e51cbf870ac544/execute/sync HTTP/1.1
User-Agent: selenium/4.1.2 (java windows)
Content-Length: 48780
Content-Type: application/json; charset=utf-8
host: localhost:63183
accept: */*

Response DefaultHttpResponse(decodeResult: success, version: HTTP/1.1)
HTTP/1.1 200 OK
Content-Type: application/json; charset=utf-8
cache-control: no-cache
content-length: 14

14:22:04.755 [AsyncHttpClient-1-11] DEBUG org.asynchttpclient.netty.channel.ChannelManager - Adding key: http://localhost:63183 for channel [id: 0xc63a6d85, L:/127.0.0.1:51555 - R:localhost/127.0.0.1:63183]
14:22:04.763 [Forwarding screenshot on session fd44894498d09d9959e51cbf870ac544 to remote] DEBUG org.asynchttpclient.netty.request.NettyRequestSender - Using pooled Channel '[id: 0xc63a6d85, L:/127.0.0.1:51555 - R:localhost/127.0.0.1:63183]' for 'GET' to 'http://localhost:63183/session/fd44894498d09d9959e51cbf870ac544/screenshot'
14:22:04.763 [Forwarding screenshot on session fd44894498d09d9959e51cbf870ac544 to remote] DEBUG org.asynchttpclient.netty.request.NettyRequestSender - Using open Channel [id: 0xc63a6d85, L:/127.0.0.1:51555 - R:localhost/127.0.0.1:63183] for GET '/session/fd44894498d09d9959e51cbf870ac544/screenshot'
14:22:04.879 [AsyncHttpClient-1-11] DEBUG org.asynchttpclient.netty.handler.HttpHandler - 

Request DefaultFullHttpRequest(decodeResult: success, version: HTTP/1.1, content: EmptyByteBufBE)
GET /session/fd44894498d09d9959e51cbf870ac544/screenshot HTTP/1.1
User-Agent: selenium/4.1.2 (java windows)
Cache-Control: no-cache
Content-Type: application/json; charset=utf-8
host: localhost:63183
accept: */*

Response DefaultHttpResponse(decodeResult: success, version: HTTP/1.1)
HTTP/1.1 200 OK
Content-Type: application/json; charset=utf-8
cache-control: no-cache
content-length: 41508

14:22:04.879 [AsyncHttpClient-1-11] DEBUG org.asynchttpclient.netty.channel.ChannelManager - Adding key: http://localhost:63183 for channel [id: 0xc63a6d85, L:/127.0.0.1:51555 - R:localhost/127.0.0.1:63183]
14:22:04.879 [main] DEBUG net.serenitybdd.core.photography.Darkroom - Send negative for processing for target\site\serenity\3e9509079729d5f3023d83709f0f2254f498383e800a87f2bbc291cf70622199.png
14:22:04.879 [main] DEBUG net.thucydides.core.steps.StepInterceptor - STEP DONE: UserViewInformation
  &amp#27;[32mAnd &amp#27;[0m&amp#27;[32mI view checkout information&amp#27;[0m                    &amp#27;[90m# starter.stepdefinition.CheckoutStepdefs.iViewCheckoutInformation()&amp#27;[0m
14:22:04.894 [main] DEBUG net.thucydides.core.steps.StepInterceptor - STARTING STEP: CheckoutStepdefs.iInputFirstName - InputFirstName
14:22:04.894 [Forwarding findElement on session fd44894498d09d9959e51cbf870ac544 to remote] DEBUG org.asynchttpclient.netty.request.NettyRequestSender - Using pooled Channel '[id: 0xc63a6d85, L:/127.0.0.1:51555 - R:localhost/127.0.0.1:63183]' for 'POST' to 'http://localhost:63183/session/fd44894498d09d9959e51cbf870ac544/element'
14:22:04.894 [Forwarding findElement on session fd44894498d09d9959e51cbf870ac544 to remote] DEBUG org.asynchttpclient.netty.request.NettyRequestSender - Using open Channel [id: 0xc63a6d85, L:/127.0.0.1:51555 - R:localhost/127.0.0.1:63183] for POST '/session/fd44894498d09d9959e51cbf870ac544/element'
14:22:04.910 [AsyncHttpClient-1-11] DEBUG org.asynchttpclient.netty.handler.HttpHandler - 

Request DefaultHttpRequest(decodeResult: success, version: HTTP/1.1)
POST /session/fd44894498d09d9959e51cbf870ac544/element HTTP/1.1
User-Agent: selenium/4.1.2 (java windows)
Content-Length: 57
Content-Type: application/json; charset=utf-8
host: localhost:63183
accept: */*

Response DefaultHttpResponse(decodeResult: success, version: HTTP/1.1)
HTTP/1.1 200 OK
Content-Type: application/json; charset=utf-8
cache-control: no-cache
content-length: 88

14:22:04.910 [AsyncHttpClient-1-11] DEBUG org.asynchttpclient.netty.channel.ChannelManager - Adding key: http://localhost:63183 for channel [id: 0xc63a6d85, L:/127.0.0.1:51555 - R:localhost/127.0.0.1:63183]
14:22:04.910 [Forwarding clearElement on session fd44894498d09d9959e51cbf870ac544 to remote] DEBUG org.asynchttpclient.netty.request.NettyRequestSender - Using pooled Channel '[id: 0xc63a6d85, L:/127.0.0.1:51555 - R:localhost/127.0.0.1:63183]' for 'POST' to 'http://localhost:63183/session/fd44894498d09d9959e51cbf870ac544/element/0e0379ac-2ff7-4acd-99eb-f6c3499f6629/clear'
14:22:04.910 [Forwarding clearElement on session fd44894498d09d9959e51cbf870ac544 to remote] DEBUG org.asynchttpclient.netty.request.NettyRequestSender - Using open Channel [id: 0xc63a6d85, L:/127.0.0.1:51555 - R:localhost/127.0.0.1:63183] for POST '/session/fd44894498d09d9959e51cbf870ac544/element/0e0379ac-2ff7-4acd-99eb-f6c3499f6629/clear'
14:22:04.957 [AsyncHttpClient-1-11] DEBUG org.asynchttpclient.netty.handler.HttpHandler - 

Request DefaultHttpRequest(decodeResult: success, version: HTTP/1.1)
POST /session/fd44894498d09d9959e51cbf870ac544/element/0e0379ac-2ff7-4acd-99eb-f6c3499f6629/clear HTTP/1.1
User-Agent: selenium/4.1.2 (java windows)
Content-Length: 50
Content-Type: application/json; charset=utf-8
host: localhost:63183
accept: */*

Response DefaultHttpResponse(decodeResult: success, version: HTTP/1.1)
HTTP/1.1 200 OK
Content-Type: application/json; charset=utf-8
cache-control: no-cache
content-length: 14

14:22:04.957 [AsyncHttpClient-1-11] DEBUG org.asynchttpclient.netty.channel.ChannelManager - Adding key: http://localhost:63183 for channel [id: 0xc63a6d85, L:/127.0.0.1:51555 - R:localhost/127.0.0.1:63183]
14:22:04.957 [Forwarding sendKeysToElement on session fd44894498d09d9959e51cbf870ac544 to remote] DEBUG org.asynchttpclient.netty.request.NettyRequestSender - Using pooled Channel '[id: 0xc63a6d85, L:/127.0.0.1:51555 - R:localhost/127.0.0.1:63183]' for 'POST' to 'http://localhost:63183/session/fd44894498d09d9959e51cbf870ac544/element/0e0379ac-2ff7-4acd-99eb-f6c3499f6629/value'
14:22:04.957 [Forwarding sendKeysToElement on session fd44894498d09d9959e51cbf870ac544 to remote] DEBUG org.asynchttpclient.netty.request.NettyRequestSender - Using open Channel [id: 0xc63a6d85, L:/127.0.0.1:51555 - R:localhost/127.0.0.1:63183] for POST '/session/fd44894498d09d9959e51cbf870ac544/element/0e0379ac-2ff7-4acd-99eb-f6c3499f6629/value'
14:22:05.035 [AsyncHttpClient-1-11] DEBUG org.asynchttpclient.netty.handler.HttpHandler - 

Request DefaultHttpRequest(decodeResult: success, version: HTTP/1.1)
POST /session/fd44894498d09d9959e51cbf870ac544/element/0e0379ac-2ff7-4acd-99eb-f6c3499f6629/value HTTP/1.1
User-Agent: selenium/4.1.2 (java windows)
Content-Length: 131
Content-Type: application/json; charset=utf-8
host: localhost:63183
accept: */*

Response DefaultHttpResponse(decodeResult: success, version: HTTP/1.1)
HTTP/1.1 200 OK
Content-Type: application/json; charset=utf-8
cache-control: no-cache
content-length: 14

14:22:05.035 [AsyncHttpClient-1-11] DEBUG org.asynchttpclient.netty.channel.ChannelManager - Adding key: http://localhost:63183 for channel [id: 0xc63a6d85, L:/127.0.0.1:51555 - R:localhost/127.0.0.1:63183]
14:22:05.043 [Forwarding screenshot on session fd44894498d09d9959e51cbf870ac544 to remote] DEBUG org.asynchttpclient.netty.request.NettyRequestSender - Using pooled Channel '[id: 0xc63a6d85, L:/127.0.0.1:51555 - R:localhost/127.0.0.1:63183]' for 'GET' to 'http://localhost:63183/session/fd44894498d09d9959e51cbf870ac544/screenshot'
14:22:05.043 [Forwarding screenshot on session fd44894498d09d9959e51cbf870ac544 to remote] DEBUG org.asynchttpclient.netty.request.NettyRequestSender - Using open Channel [id: 0xc63a6d85, L:/127.0.0.1:51555 - R:localhost/127.0.0.1:63183] for GET '/session/fd44894498d09d9959e51cbf870ac544/screenshot'
14:22:05.148 [AsyncHttpClient-1-11] DEBUG org.asynchttpclient.netty.handler.HttpHandler - 

Request DefaultFullHttpRequest(decodeResult: success, version: HTTP/1.1, content: EmptyByteBufBE)
GET /session/fd44894498d09d9959e51cbf870ac544/screenshot HTTP/1.1
User-Agent: selenium/4.1.2 (java windows)
Cache-Control: no-cache
Content-Type: application/json; charset=utf-8
host: localhost:63183
accept: */*

Response DefaultHttpResponse(decodeResult: success, version: HTTP/1.1)
HTTP/1.1 200 OK
Content-Type: application/json; charset=utf-8
cache-control: no-cache
content-length: 36764

14:22:05.148 [AsyncHttpClient-1-11] DEBUG org.asynchttpclient.netty.channel.ChannelManager - Adding key: http://localhost:63183 for channel [id: 0xc63a6d85, L:/127.0.0.1:51555 - R:localhost/127.0.0.1:63183]
14:22:05.148 [main] DEBUG net.serenitybdd.core.photography.Darkroom - Send negative for processing for target\site\serenity\9adec4e74092edc080c285f2cdc1ea73defb49a5ffa67cd4042cbba96e978691.png
14:22:05.148 [main] DEBUG net.thucydides.core.steps.StepInterceptor - STEP DONE: InputFirstName
  &amp#27;[32mAnd &amp#27;[0m&amp#27;[32mI Input First Name&amp#27;[0m                             &amp#27;[90m# starter.stepdefinition.CheckoutStepdefs.iInputFirstName()&amp#27;[0m
14:22:05.148 [Darkroom Processing Line] DEBUG net.serenitybdd.core.photography.DarkroomProcessingLine - Processing screenshot image in /var/screenshots/screenshot-4501908187844324715
14:22:05.148 [Darkroom Processing Line] DEBUG net.serenitybdd.core.photography.DarkroomProcessingLine - Saving screenshot to target\site\serenity\9adec4e74092edc080c285f2cdc1ea73defb49a5ffa67cd4042cbba96e978691.png
14:22:05.163 [main] DEBUG net.thucydides.core.steps.StepInterceptor - STARTING STEP: CheckoutStepdefs.iInputLastName - InputLastName
14:22:05.163 [Forwarding findElement on session fd44894498d09d9959e51cbf870ac544 to remote] DEBUG org.asynchttpclient.netty.request.NettyRequestSender - Using pooled Channel '[id: 0xc63a6d85, L:/127.0.0.1:51555 - R:localhost/127.0.0.1:63183]' for 'POST' to 'http://localhost:63183/session/fd44894498d09d9959e51cbf870ac544/element'
14:22:05.163 [Forwarding findElement on session fd44894498d09d9959e51cbf870ac544 to remote] DEBUG org.asynchttpclient.netty.request.NettyRequestSender - Using open Channel [id: 0xc63a6d85, L:/127.0.0.1:51555 - R:localhost/127.0.0.1:63183] for POST '/session/fd44894498d09d9959e51cbf870ac544/element'
14:22:05.179 [AsyncHttpClient-1-11] DEBUG org.asynchttpclient.netty.handler.HttpHandler - 

Request DefaultHttpRequest(decodeResult: success, version: HTTP/1.1)
POST /session/fd44894498d09d9959e51cbf870ac544/element HTTP/1.1
User-Agent: selenium/4.1.2 (java windows)
Content-Length: 56
Content-Type: application/json; charset=utf-8
host: localhost:63183
accept: */*

Response DefaultHttpResponse(decodeResult: success, version: HTTP/1.1)
HTTP/1.1 200 OK
Content-Type: application/json; charset=utf-8
cache-control: no-cache
content-length: 88

14:22:05.179 [AsyncHttpClient-1-11] DEBUG org.asynchttpclient.netty.channel.ChannelManager - Adding key: http://localhost:63183 for channel [id: 0xc63a6d85, L:/127.0.0.1:51555 - R:localhost/127.0.0.1:63183]
14:22:05.179 [Forwarding clearElement on session fd44894498d09d9959e51cbf870ac544 to remote] DEBUG org.asynchttpclient.netty.request.NettyRequestSender - Using pooled Channel '[id: 0xc63a6d85, L:/127.0.0.1:51555 - R:localhost/127.0.0.1:63183]' for 'POST' to 'http://localhost:63183/session/fd44894498d09d9959e51cbf870ac544/element/8d071a97-2454-43a8-a33e-3e5536ce51e0/clear'
14:22:05.179 [Forwarding clearElement on session fd44894498d09d9959e51cbf870ac544 to remote] DEBUG org.asynchttpclient.netty.request.NettyRequestSender - Using open Channel [id: 0xc63a6d85, L:/127.0.0.1:51555 - R:localhost/127.0.0.1:63183] for POST '/session/fd44894498d09d9959e51cbf870ac544/element/8d071a97-2454-43a8-a33e-3e5536ce51e0/clear'
14:22:05.226 [AsyncHttpClient-1-11] DEBUG org.asynchttpclient.netty.handler.HttpHandler - 

Request DefaultHttpRequest(decodeResult: success, version: HTTP/1.1)
POST /session/fd44894498d09d9959e51cbf870ac544/element/8d071a97-2454-43a8-a33e-3e5536ce51e0/clear HTTP/1.1
User-Agent: selenium/4.1.2 (java windows)
Content-Length: 50
Content-Type: application/json; charset=utf-8
host: localhost:63183
accept: */*

Response DefaultHttpResponse(decodeResult: success, version: HTTP/1.1)
HTTP/1.1 200 OK
Content-Type: application/json; charset=utf-8
cache-control: no-cache
content-length: 14

14:22:05.226 [AsyncHttpClient-1-11] DEBUG org.asynchttpclient.netty.channel.ChannelManager - Adding key: http://localhost:63183 for channel [id: 0xc63a6d85, L:/127.0.0.1:51555 - R:localhost/127.0.0.1:63183]
14:22:05.228 [Forwarding sendKeysToElement on session fd44894498d09d9959e51cbf870ac544 to remote] DEBUG org.asynchttpclient.netty.request.NettyRequestSender - Using pooled Channel '[id: 0xc63a6d85, L:/127.0.0.1:51555 - R:localhost/127.0.0.1:63183]' for 'POST' to 'http://localhost:63183/session/fd44894498d09d9959e51cbf870ac544/element/8d071a97-2454-43a8-a33e-3e5536ce51e0/value'
14:22:05.229 [Forwarding sendKeysToElement on session fd44894498d09d9959e51cbf870ac544 to remote] DEBUG org.asynchttpclient.netty.request.NettyRequestSender - Using open Channel [id: 0xc63a6d85, L:/127.0.0.1:51555 - R:localhost/127.0.0.1:63183] for POST '/session/fd44894498d09d9959e51cbf870ac544/element/8d071a97-2454-43a8-a33e-3e5536ce51e0/value'
14:22:05.318 [AsyncHttpClient-1-11] DEBUG org.asynchttpclient.netty.handler.HttpHandler - 

Request DefaultHttpRequest(decodeResult: success, version: HTTP/1.1)
POST /session/fd44894498d09d9959e51cbf870ac544/element/8d071a97-2454-43a8-a33e-3e5536ce51e0/value HTTP/1.1
User-Agent: selenium/4.1.2 (java windows)
Content-Length: 181
Content-Type: application/json; charset=utf-8
host: localhost:63183
accept: */*

Response DefaultHttpResponse(decodeResult: success, version: HTTP/1.1)
HTTP/1.1 200 OK
Content-Type: application/json; charset=utf-8
cache-control: no-cache
content-length: 14

14:22:05.318 [AsyncHttpClient-1-11] DEBUG org.asynchttpclient.netty.channel.ChannelManager - Adding key: http://localhost:63183 for channel [id: 0xc63a6d85, L:/127.0.0.1:51555 - R:localhost/127.0.0.1:63183]
14:22:05.326 [Forwarding screenshot on session fd44894498d09d9959e51cbf870ac544 to remote] DEBUG org.asynchttpclient.netty.request.NettyRequestSender - Using pooled Channel '[id: 0xc63a6d85, L:/127.0.0.1:51555 - R:localhost/127.0.0.1:63183]' for 'GET' to 'http://localhost:63183/session/fd44894498d09d9959e51cbf870ac544/screenshot'
14:22:05.326 [Forwarding screenshot on session fd44894498d09d9959e51cbf870ac544 to remote] DEBUG org.asynchttpclient.netty.request.NettyRequestSender - Using open Channel [id: 0xc63a6d85, L:/127.0.0.1:51555 - R:localhost/127.0.0.1:63183] for GET '/session/fd44894498d09d9959e51cbf870ac544/screenshot'
14:22:05.417 [AsyncHttpClient-1-11] DEBUG org.asynchttpclient.netty.handler.HttpHandler - 

Request DefaultFullHttpRequest(decodeResult: success, version: HTTP/1.1, content: EmptyByteBufBE)
GET /session/fd44894498d09d9959e51cbf870ac544/screenshot HTTP/1.1
User-Agent: selenium/4.1.2 (java windows)
Cache-Control: no-cache
Content-Type: application/json; charset=utf-8
host: localhost:63183
accept: */*

Response DefaultHttpResponse(decodeResult: success, version: HTTP/1.1)
HTTP/1.1 200 OK
Content-Type: application/json; charset=utf-8
cache-control: no-cache
content-length: 36740

14:22:05.417 [AsyncHttpClient-1-11] DEBUG org.asynchttpclient.netty.channel.ChannelManager - Adding key: http://localhost:63183 for channel [id: 0xc63a6d85, L:/127.0.0.1:51555 - R:localhost/127.0.0.1:63183]
14:22:05.417 [main] DEBUG net.serenitybdd.core.photography.Darkroom - Send negative for processing for target\site\serenity\420be8b85cb4c954c41cd9b9536dd4fb8cfa5df9433b021f0369ebd9e244d97b.png
14:22:05.417 [main] DEBUG net.thucydides.core.steps.StepInterceptor - STEP DONE: InputLastName
  &amp#27;[32mAnd &amp#27;[0m&amp#27;[32mI Input Last Name&amp#27;[0m                              &amp#27;[90m# starter.stepdefinition.CheckoutStepdefs.iInputLastName()&amp#27;[0m
14:22:05.417 [Darkroom Processing Line] DEBUG net.serenitybdd.core.photography.DarkroomProcessingLine - Processing screenshot image in /var/screenshots/screenshot-7457315792791478521
14:22:05.417 [Darkroom Processing Line] DEBUG net.serenitybdd.core.photography.DarkroomProcessingLine - Saving screenshot to target\site\serenity\420be8b85cb4c954c41cd9b9536dd4fb8cfa5df9433b021f0369ebd9e244d97b.png
14:22:05.433 [main] DEBUG net.thucydides.core.steps.StepInterceptor - STARTING STEP: CheckoutStepdefs.iInputZipCode - InputZipcode
14:22:05.433 [Forwarding findElement on session fd44894498d09d9959e51cbf870ac544 to remote] DEBUG org.asynchttpclient.netty.request.NettyRequestSender - Using pooled Channel '[id: 0xc63a6d85, L:/127.0.0.1:51555 - R:localhost/127.0.0.1:63183]' for 'POST' to 'http://localhost:63183/session/fd44894498d09d9959e51cbf870ac544/element'
14:22:05.433 [Forwarding findElement on session fd44894498d09d9959e51cbf870ac544 to remote] DEBUG org.asynchttpclient.netty.request.NettyRequestSender - Using open Channel [id: 0xc63a6d85, L:/127.0.0.1:51555 - R:localhost/127.0.0.1:63183] for POST '/session/fd44894498d09d9959e51cbf870ac544/element'
14:22:05.448 [AsyncHttpClient-1-11] DEBUG org.asynchttpclient.netty.handler.HttpHandler - 

Request DefaultHttpRequest(decodeResult: success, version: HTTP/1.1)
POST /session/fd44894498d09d9959e51cbf870ac544/element HTTP/1.1
User-Agent: selenium/4.1.2 (java windows)
Content-Length: 58
Content-Type: application/json; charset=utf-8
host: localhost:63183
accept: */*

Response DefaultHttpResponse(decodeResult: success, version: HTTP/1.1)
HTTP/1.1 200 OK
Content-Type: application/json; charset=utf-8
cache-control: no-cache
content-length: 88

14:22:05.448 [AsyncHttpClient-1-11] DEBUG org.asynchttpclient.netty.channel.ChannelManager - Adding key: http://localhost:63183 for channel [id: 0xc63a6d85, L:/127.0.0.1:51555 - R:localhost/127.0.0.1:63183]
14:22:05.448 [Forwarding clearElement on session fd44894498d09d9959e51cbf870ac544 to remote] DEBUG org.asynchttpclient.netty.request.NettyRequestSender - Using pooled Channel '[id: 0xc63a6d85, L:/127.0.0.1:51555 - R:localhost/127.0.0.1:63183]' for 'POST' to 'http://localhost:63183/session/fd44894498d09d9959e51cbf870ac544/element/5ae095e1-24f4-488f-83d8-8bf9428fb722/clear'
14:22:05.448 [Forwarding clearElement on session fd44894498d09d9959e51cbf870ac544 to remote] DEBUG org.asynchttpclient.netty.request.NettyRequestSender - Using open Channel [id: 0xc63a6d85, L:/127.0.0.1:51555 - R:localhost/127.0.0.1:63183] for POST '/session/fd44894498d09d9959e51cbf870ac544/element/5ae095e1-24f4-488f-83d8-8bf9428fb722/clear'
14:22:05.495 [AsyncHttpClient-1-11] DEBUG org.asynchttpclient.netty.handler.HttpHandler - 

Request DefaultHttpRequest(decodeResult: success, version: HTTP/1.1)
POST /session/fd44894498d09d9959e51cbf870ac544/element/5ae095e1-24f4-488f-83d8-8bf9428fb722/clear HTTP/1.1
User-Agent: selenium/4.1.2 (java windows)
Content-Length: 50
Content-Type: application/json; charset=utf-8
host: localhost:63183
accept: */*

Response DefaultHttpResponse(decodeResult: success, version: HTTP/1.1)
HTTP/1.1 200 OK
Content-Type: application/json; charset=utf-8
cache-control: no-cache
content-length: 14

14:22:05.495 [AsyncHttpClient-1-11] DEBUG org.asynchttpclient.netty.channel.ChannelManager - Adding key: http://localhost:63183 for channel [id: 0xc63a6d85, L:/127.0.0.1:51555 - R:localhost/127.0.0.1:63183]
14:22:05.495 [Forwarding sendKeysToElement on session fd44894498d09d9959e51cbf870ac544 to remote] DEBUG org.asynchttpclient.netty.request.NettyRequestSender - Using pooled Channel '[id: 0xc63a6d85, L:/127.0.0.1:51555 - R:localhost/127.0.0.1:63183]' for 'POST' to 'http://localhost:63183/session/fd44894498d09d9959e51cbf870ac544/element/5ae095e1-24f4-488f-83d8-8bf9428fb722/value'
14:22:05.495 [Forwarding sendKeysToElement on session fd44894498d09d9959e51cbf870ac544 to remote] DEBUG org.asynchttpclient.netty.request.NettyRequestSender - Using open Channel [id: 0xc63a6d85, L:/127.0.0.1:51555 - R:localhost/127.0.0.1:63183] for POST '/session/fd44894498d09d9959e51cbf870ac544/element/5ae095e1-24f4-488f-83d8-8bf9428fb722/value'
14:22:05.571 [AsyncHttpClient-1-11] DEBUG org.asynchttpclient.netty.handler.HttpHandler - 

Request DefaultHttpRequest(decodeResult: success, version: HTTP/1.1)
POST /session/fd44894498d09d9959e51cbf870ac544/element/5ae095e1-24f4-488f-83d8-8bf9428fb722/value HTTP/1.1
User-Agent: selenium/4.1.2 (java windows)
Content-Length: 131
Content-Type: application/json; charset=utf-8
host: localhost:63183
accept: */*

Response DefaultHttpResponse(decodeResult: success, version: HTTP/1.1)
HTTP/1.1 200 OK
Content-Type: application/json; charset=utf-8
cache-control: no-cache
content-length: 14

14:22:05.571 [AsyncHttpClient-1-11] DEBUG org.asynchttpclient.netty.channel.ChannelManager - Adding key: http://localhost:63183 for channel [id: 0xc63a6d85, L:/127.0.0.1:51555 - R:localhost/127.0.0.1:63183]
14:22:05.580 [Forwarding screenshot on session fd44894498d09d9959e51cbf870ac544 to remote] DEBUG org.asynchttpclient.netty.request.NettyRequestSender - Using pooled Channel '[id: 0xc63a6d85, L:/127.0.0.1:51555 - R:localhost/127.0.0.1:63183]' for 'GET' to 'http://localhost:63183/session/fd44894498d09d9959e51cbf870ac544/screenshot'
14:22:05.580 [Forwarding screenshot on session fd44894498d09d9959e51cbf870ac544 to remote] DEBUG org.asynchttpclient.netty.request.NettyRequestSender - Using open Channel [id: 0xc63a6d85, L:/127.0.0.1:51555 - R:localhost/127.0.0.1:63183] for GET '/session/fd44894498d09d9959e51cbf870ac544/screenshot'
14:22:05.668 [AsyncHttpClient-1-11] DEBUG org.asynchttpclient.netty.handler.HttpHandler - 

Request DefaultFullHttpRequest(decodeResult: success, version: HTTP/1.1, content: EmptyByteBufBE)
GET /session/fd44894498d09d9959e51cbf870ac544/screenshot HTTP/1.1
User-Agent: selenium/4.1.2 (java windows)
Cache-Control: no-cache
Content-Type: application/json; charset=utf-8
host: localhost:63183
accept: */*

Response DefaultHttpResponse(decodeResult: success, version: HTTP/1.1)
HTTP/1.1 200 OK
Content-Type: application/json; charset=utf-8
cache-control: no-cache
content-length: 33368

14:22:05.668 [AsyncHttpClient-1-11] DEBUG org.asynchttpclient.netty.channel.ChannelManager - Adding key: http://localhost:63183 for channel [id: 0xc63a6d85, L:/127.0.0.1:51555 - R:localhost/127.0.0.1:63183]
14:22:05.668 [main] DEBUG net.serenitybdd.core.photography.Darkroom - Send negative for processing for target\site\serenity\8f10141b8bb357184f8f5f7fc8bcf14ac45334fdcac7886f1e0ba51a28d95dd2.png
14:22:05.668 [main] DEBUG net.thucydides.core.steps.StepInterceptor - STEP DONE: InputZipcode
  &amp#27;[32mAnd &amp#27;[0m&amp#27;[32mI Input Zip Code&amp#27;[0m                               &amp#27;[90m# starter.stepdefinition.CheckoutStepdefs.iInputZipCode()&amp#27;[0m
14:22:05.668 [Darkroom Processing Line] DEBUG net.serenitybdd.core.photography.DarkroomProcessingLine - Processing screenshot image in /var/screenshots/screenshot-1796424836968347953
14:22:05.668 [Darkroom Processing Line] DEBUG net.serenitybdd.core.photography.DarkroomProcessingLine - Saving screenshot to target\site\serenity\8f10141b8bb357184f8f5f7fc8bcf14ac45334fdcac7886f1e0ba51a28d95dd2.png
14:22:05.684 [main] DEBUG net.thucydides.core.steps.StepInterceptor - STARTING STEP: CheckoutStepdefs.iClickButtonContinue - ClickButtonContinue
14:22:05.684 [Forwarding findElement on session fd44894498d09d9959e51cbf870ac544 to remote] DEBUG org.asynchttpclient.netty.request.NettyRequestSender - Using pooled Channel '[id: 0xc63a6d85, L:/127.0.0.1:51555 - R:localhost/127.0.0.1:63183]' for 'POST' to 'http://localhost:63183/session/fd44894498d09d9959e51cbf870ac544/element'
14:22:05.684 [Forwarding findElement on session fd44894498d09d9959e51cbf870ac544 to remote] DEBUG org.asynchttpclient.netty.request.NettyRequestSender - Using open Channel [id: 0xc63a6d85, L:/127.0.0.1:51555 - R:localhost/127.0.0.1:63183] for POST '/session/fd44894498d09d9959e51cbf870ac544/element'
14:22:05.699 [AsyncHttpClient-1-11] DEBUG org.asynchttpclient.netty.handler.HttpHandler - 

Request DefaultHttpRequest(decodeResult: success, version: HTTP/1.1)
POST /session/fd44894498d09d9959e51cbf870ac544/element HTTP/1.1
User-Agent: selenium/4.1.2 (java windows)
Content-Length: 53
Content-Type: application/json; charset=utf-8
host: localhost:63183
accept: */*

Response DefaultHttpResponse(decodeResult: success, version: HTTP/1.1)
HTTP/1.1 200 OK
Content-Type: application/json; charset=utf-8
cache-control: no-cache
content-length: 88

14:22:05.699 [AsyncHttpClient-1-11] DEBUG org.asynchttpclient.netty.channel.ChannelManager - Adding key: http://localhost:63183 for channel [id: 0xc63a6d85, L:/127.0.0.1:51555 - R:localhost/127.0.0.1:63183]
14:22:05.715 [Forwarding getElementTagName on session fd44894498d09d9959e51cbf870ac544 to remote] DEBUG org.asynchttpclient.netty.request.NettyRequestSender - Using pooled Channel '[id: 0xc63a6d85, L:/127.0.0.1:51555 - R:localhost/127.0.0.1:63183]' for 'GET' to 'http://localhost:63183/session/fd44894498d09d9959e51cbf870ac544/element/3720e5d4-7e75-44a0-9e41-edb6e13bd653/name'
14:22:05.715 [Forwarding getElementTagName on session fd44894498d09d9959e51cbf870ac544 to remote] DEBUG org.asynchttpclient.netty.request.NettyRequestSender - Using open Channel [id: 0xc63a6d85, L:/127.0.0.1:51555 - R:localhost/127.0.0.1:63183] for GET '/session/fd44894498d09d9959e51cbf870ac544/element/3720e5d4-7e75-44a0-9e41-edb6e13bd653/name'
14:22:05.715 [AsyncHttpClient-1-11] DEBUG org.asynchttpclient.netty.handler.HttpHandler - 

Request DefaultFullHttpRequest(decodeResult: success, version: HTTP/1.1, content: EmptyByteBufBE)
GET /session/fd44894498d09d9959e51cbf870ac544/element/3720e5d4-7e75-44a0-9e41-edb6e13bd653/name HTTP/1.1
User-Agent: selenium/4.1.2 (java windows)
Cache-Control: no-cache
Content-Type: application/json; charset=utf-8
host: localhost:63183
accept: */*

Response DefaultHttpResponse(decodeResult: success, version: HTTP/1.1)
HTTP/1.1 200 OK
Content-Type: application/json; charset=utf-8
cache-control: no-cache
content-length: 17

14:22:05.715 [AsyncHttpClient-1-11] DEBUG org.asynchttpclient.netty.channel.ChannelManager - Adding key: http://localhost:63183 for channel [id: 0xc63a6d85, L:/127.0.0.1:51555 - R:localhost/127.0.0.1:63183]
14:22:05.715 [Forwarding getElementTagName on session fd44894498d09d9959e51cbf870ac544 to remote] DEBUG org.asynchttpclient.netty.request.NettyRequestSender - Using pooled Channel '[id: 0xc63a6d85, L:/127.0.0.1:51555 - R:localhost/127.0.0.1:63183]' for 'GET' to 'http://localhost:63183/session/fd44894498d09d9959e51cbf870ac544/element/3720e5d4-7e75-44a0-9e41-edb6e13bd653/name'
14:22:05.715 [Forwarding getElementTagName on session fd44894498d09d9959e51cbf870ac544 to remote] DEBUG org.asynchttpclient.netty.request.NettyRequestSender - Using open Channel [id: 0xc63a6d85, L:/127.0.0.1:51555 - R:localhost/127.0.0.1:63183] for GET '/session/fd44894498d09d9959e51cbf870ac544/element/3720e5d4-7e75-44a0-9e41-edb6e13bd653/name'
14:22:05.715 [AsyncHttpClient-1-11] DEBUG org.asynchttpclient.netty.handler.HttpHandler - 

Request DefaultFullHttpRequest(decodeResult: success, version: HTTP/1.1, content: EmptyByteBufBE)
GET /session/fd44894498d09d9959e51cbf870ac544/element/3720e5d4-7e75-44a0-9e41-edb6e13bd653/name HTTP/1.1
User-Agent: selenium/4.1.2 (java windows)
Cache-Control: no-cache
Content-Type: application/json; charset=utf-8
host: localhost:63183
accept: */*

Response DefaultHttpResponse(decodeResult: success, version: HTTP/1.1)
HTTP/1.1 200 OK
Content-Type: application/json; charset=utf-8
cache-control: no-cache
content-length: 17

14:22:05.715 [AsyncHttpClient-1-11] DEBUG org.asynchttpclient.netty.channel.ChannelManager - Adding key: http://localhost:63183 for channel [id: 0xc63a6d85, L:/127.0.0.1:51555 - R:localhost/127.0.0.1:63183]
14:22:05.715 [Forwarding isElementEnabled on session fd44894498d09d9959e51cbf870ac544 to remote] DEBUG org.asynchttpclient.netty.request.NettyRequestSender - Using pooled Channel '[id: 0xc63a6d85, L:/127.0.0.1:51555 - R:localhost/127.0.0.1:63183]' for 'GET' to 'http://localhost:63183/session/fd44894498d09d9959e51cbf870ac544/element/3720e5d4-7e75-44a0-9e41-edb6e13bd653/enabled'
14:22:05.715 [Forwarding isElementEnabled on session fd44894498d09d9959e51cbf870ac544 to remote] DEBUG org.asynchttpclient.netty.request.NettyRequestSender - Using open Channel [id: 0xc63a6d85, L:/127.0.0.1:51555 - R:localhost/127.0.0.1:63183] for GET '/session/fd44894498d09d9959e51cbf870ac544/element/3720e5d4-7e75-44a0-9e41-edb6e13bd653/enabled'
14:22:05.732 [AsyncHttpClient-1-1] DEBUG org.asynchttpclient.netty.channel.DefaultChannelPool - Entry count for : http://localhost:51556 : 1
14:22:05.732 [AsyncHttpClient-1-11] DEBUG org.asynchttpclient.netty.handler.HttpHandler - 

Request DefaultFullHttpRequest(decodeResult: success, version: HTTP/1.1, content: EmptyByteBufBE)
GET /session/fd44894498d09d9959e51cbf870ac544/element/3720e5d4-7e75-44a0-9e41-edb6e13bd653/enabled HTTP/1.1
User-Agent: selenium/4.1.2 (java windows)
Cache-Control: no-cache
Content-Type: application/json; charset=utf-8
host: localhost:63183
accept: */*

Response DefaultHttpResponse(decodeResult: success, version: HTTP/1.1)
HTTP/1.1 200 OK
Content-Type: application/json; charset=utf-8
cache-control: no-cache
content-length: 14

14:22:05.732 [AsyncHttpClient-1-11] DEBUG org.asynchttpclient.netty.channel.ChannelManager - Adding key: http://localhost:63183 for channel [id: 0xc63a6d85, L:/127.0.0.1:51555 - R:localhost/127.0.0.1:63183]
14:22:05.732 [Forwarding isElementEnabled on session fd44894498d09d9959e51cbf870ac544 to remote] DEBUG org.asynchttpclient.netty.request.NettyRequestSender - Using pooled Channel '[id: 0xc63a6d85, L:/127.0.0.1:51555 - R:localhost/127.0.0.1:63183]' for 'GET' to 'http://localhost:63183/session/fd44894498d09d9959e51cbf870ac544/element/3720e5d4-7e75-44a0-9e41-edb6e13bd653/enabled'
14:22:05.732 [Forwarding isElementEnabled on session fd44894498d09d9959e51cbf870ac544 to remote] DEBUG org.asynchttpclient.netty.request.NettyRequestSender - Using open Channel [id: 0xc63a6d85, L:/127.0.0.1:51555 - R:localhost/127.0.0.1:63183] for GET '/session/fd44894498d09d9959e51cbf870ac544/element/3720e5d4-7e75-44a0-9e41-edb6e13bd653/enabled'
14:22:05.732 [AsyncHttpClient-1-11] DEBUG org.asynchttpclient.netty.handler.HttpHandler - 

Request DefaultFullHttpRequest(decodeResult: success, version: HTTP/1.1, content: EmptyByteBufBE)
GET /session/fd44894498d09d9959e51cbf870ac544/element/3720e5d4-7e75-44a0-9e41-edb6e13bd653/enabled HTTP/1.1
User-Agent: selenium/4.1.2 (java windows)
Cache-Control: no-cache
Content-Type: application/json; charset=utf-8
host: localhost:63183
accept: */*

Response DefaultHttpResponse(decodeResult: success, version: HTTP/1.1)
HTTP/1.1 200 OK
Content-Type: application/json; charset=utf-8
cache-control: no-cache
content-length: 14

14:22:05.732 [AsyncHttpClient-1-11] DEBUG org.asynchttpclient.netty.channel.ChannelManager - Adding key: http://localhost:63183 for channel [id: 0xc63a6d85, L:/127.0.0.1:51555 - R:localhost/127.0.0.1:63183]
14:22:05.732 [Forwarding findElement on session fd44894498d09d9959e51cbf870ac544 to remote] DEBUG org.asynchttpclient.netty.request.NettyRequestSender - Using pooled Channel '[id: 0xc63a6d85, L:/127.0.0.1:51555 - R:localhost/127.0.0.1:63183]' for 'POST' to 'http://localhost:63183/session/fd44894498d09d9959e51cbf870ac544/element'
14:22:05.732 [Forwarding findElement on session fd44894498d09d9959e51cbf870ac544 to remote] DEBUG org.asynchttpclient.netty.request.NettyRequestSender - Using open Channel [id: 0xc63a6d85, L:/127.0.0.1:51555 - R:localhost/127.0.0.1:63183] for POST '/session/fd44894498d09d9959e51cbf870ac544/element'
14:22:05.747 [AsyncHttpClient-1-11] DEBUG org.asynchttpclient.netty.handler.HttpHandler - 

Request DefaultHttpRequest(decodeResult: success, version: HTTP/1.1)
POST /session/fd44894498d09d9959e51cbf870ac544/element HTTP/1.1
User-Agent: selenium/4.1.2 (java windows)
Content-Length: 53
Content-Type: application/json; charset=utf-8
host: localhost:63183
accept: */*

Response DefaultHttpResponse(decodeResult: success, version: HTTP/1.1)
HTTP/1.1 200 OK
Content-Type: application/json; charset=utf-8
cache-control: no-cache
content-length: 88

14:22:05.747 [AsyncHttpClient-1-11] DEBUG org.asynchttpclient.netty.channel.ChannelManager - Adding key: http://localhost:63183 for channel [id: 0xc63a6d85, L:/127.0.0.1:51555 - R:localhost/127.0.0.1:63183]
14:22:05.747 [Forwarding clickElement on session fd44894498d09d9959e51cbf870ac544 to remote] DEBUG org.asynchttpclient.netty.request.NettyRequestSender - Using pooled Channel '[id: 0xc63a6d85, L:/127.0.0.1:51555 - R:localhost/127.0.0.1:63183]' for 'POST' to 'http://localhost:63183/session/fd44894498d09d9959e51cbf870ac544/element/3720e5d4-7e75-44a0-9e41-edb6e13bd653/click'
14:22:05.747 [Forwarding clickElement on session fd44894498d09d9959e51cbf870ac544 to remote] DEBUG org.asynchttpclient.netty.request.NettyRequestSender - Using open Channel [id: 0xc63a6d85, L:/127.0.0.1:51555 - R:localhost/127.0.0.1:63183] for POST '/session/fd44894498d09d9959e51cbf870ac544/element/3720e5d4-7e75-44a0-9e41-edb6e13bd653/click'
14:22:05.808 [AsyncHttpClient-1-11] DEBUG org.asynchttpclient.netty.handler.HttpHandler - 

Request DefaultHttpRequest(decodeResult: success, version: HTTP/1.1)
POST /session/fd44894498d09d9959e51cbf870ac544/element/3720e5d4-7e75-44a0-9e41-edb6e13bd653/click HTTP/1.1
User-Agent: selenium/4.1.2 (java windows)
Content-Length: 50
Content-Type: application/json; charset=utf-8
host: localhost:63183
accept: */*

Response DefaultHttpResponse(decodeResult: success, version: HTTP/1.1)
HTTP/1.1 200 OK
Content-Type: application/json; charset=utf-8
cache-control: no-cache
content-length: 14

14:22:05.816 [AsyncHttpClient-1-11] DEBUG org.asynchttpclient.netty.channel.ChannelManager - Adding key: http://localhost:63183 for channel [id: 0xc63a6d85, L:/127.0.0.1:51555 - R:localhost/127.0.0.1:63183]
14:22:05.816 [Forwarding screenshot on session fd44894498d09d9959e51cbf870ac544 to remote] DEBUG org.asynchttpclient.netty.request.NettyRequestSender - Using pooled Channel '[id: 0xc63a6d85, L:/127.0.0.1:51555 - R:localhost/127.0.0.1:63183]' for 'GET' to 'http://localhost:63183/session/fd44894498d09d9959e51cbf870ac544/screenshot'
14:22:05.816 [Forwarding screenshot on session fd44894498d09d9959e51cbf870ac544 to remote] DEBUG org.asynchttpclient.netty.request.NettyRequestSender - Using open Channel [id: 0xc63a6d85, L:/127.0.0.1:51555 - R:localhost/127.0.0.1:63183] for GET '/session/fd44894498d09d9959e51cbf870ac544/screenshot'
14:22:05.943 [AsyncHttpClient-1-11] DEBUG org.asynchttpclient.netty.handler.HttpHandler - 

Request DefaultFullHttpRequest(decodeResult: success, version: HTTP/1.1, content: EmptyByteBufBE)
GET /session/fd44894498d09d9959e51cbf870ac544/screenshot HTTP/1.1
User-Agent: selenium/4.1.2 (java windows)
Cache-Control: no-cache
Content-Type: application/json; charset=utf-8
host: localhost:63183
accept: */*

Response DefaultHttpResponse(decodeResult: success, version: HTTP/1.1)
HTTP/1.1 200 OK
Content-Type: application/json; charset=utf-8
cache-control: no-cache
content-length: 90724

14:22:05.943 [AsyncHttpClient-1-11] DEBUG org.asynchttpclient.netty.channel.ChannelManager - Adding key: http://localhost:63183 for channel [id: 0xc63a6d85, L:/127.0.0.1:51555 - R:localhost/127.0.0.1:63183]
14:22:05.963 [main] DEBUG net.serenitybdd.core.photography.Darkroom - Send negative for processing for target\site\serenity\4f7adba5735f37993fd2b37ebfec8022f9bc8e024dc5564622b39ca72e1959b3.png
14:22:05.963 [main] DEBUG net.thucydides.core.steps.StepInterceptor - STEP DONE: ClickButtonContinue
14:22:05.963 [Darkroom Processing Line] DEBUG net.serenitybdd.core.photography.DarkroomProcessingLine - Processing screenshot image in /var/screenshots/screenshot-3865944620335657767
14:22:05.963 [Darkroom Processing Line] DEBUG net.serenitybdd.core.photography.DarkroomProcessingLine - Saving screenshot to target\site\serenity\4f7adba5735f37993fd2b37ebfec8022f9bc8e024dc5564622b39ca72e1959b3.png
  &amp#27;[32mAnd &amp#27;[0m&amp#27;[32mI click Button Continue&amp#27;[0m                        &amp#27;[90m# starter.stepdefinition.CheckoutStepdefs.iClickButtonContinue()&amp#27;[0m
14:22:05.989 [main] DEBUG net.thucydides.core.steps.StepInterceptor - STARTING STEP: CheckoutStepdefs.iViewCheckoutOverview - ViewCheckoutOverview
14:22:05.991 [Forwarding findElement on session fd44894498d09d9959e51cbf870ac544 to remote] DEBUG org.asynchttpclient.netty.request.NettyRequestSender - Using pooled Channel '[id: 0xc63a6d85, L:/127.0.0.1:51555 - R:localhost/127.0.0.1:63183]' for 'POST' to 'http://localhost:63183/session/fd44894498d09d9959e51cbf870ac544/element'
14:22:05.991 [Forwarding findElement on session fd44894498d09d9959e51cbf870ac544 to remote] DEBUG org.asynchttpclient.netty.request.NettyRequestSender - Using open Channel [id: 0xc63a6d85, L:/127.0.0.1:51555 - R:localhost/127.0.0.1:63183] for POST '/session/fd44894498d09d9959e51cbf870ac544/element'
14:22:06.010 [AsyncHttpClient-1-11] DEBUG org.asynchttpclient.netty.handler.HttpHandler - 

Request DefaultHttpRequest(decodeResult: success, version: HTTP/1.1)
POST /session/fd44894498d09d9959e51cbf870ac544/element HTTP/1.1
User-Agent: selenium/4.1.2 (java windows)
Content-Length: 82
Content-Type: application/json; charset=utf-8
host: localhost:63183
accept: */*

Response DefaultHttpResponse(decodeResult: success, version: HTTP/1.1)
HTTP/1.1 200 OK
Content-Type: application/json; charset=utf-8
cache-control: no-cache
content-length: 88

14:22:06.010 [AsyncHttpClient-1-11] DEBUG org.asynchttpclient.netty.channel.ChannelManager - Adding key: http://localhost:63183 for channel [id: 0xc63a6d85, L:/127.0.0.1:51555 - R:localhost/127.0.0.1:63183]
14:22:06.015 [Forwarding isElementDisplayed on session fd44894498d09d9959e51cbf870ac544 to remote] DEBUG org.asynchttpclient.netty.request.NettyRequestSender - Using pooled Channel '[id: 0xc63a6d85, L:/127.0.0.1:51555 - R:localhost/127.0.0.1:63183]' for 'POST' to 'http://localhost:63183/session/fd44894498d09d9959e51cbf870ac544/execute/sync'
14:22:06.015 [Forwarding isElementDisplayed on session fd44894498d09d9959e51cbf870ac544 to remote] DEBUG org.asynchttpclient.netty.request.NettyRequestSender - Using open Channel [id: 0xc63a6d85, L:/127.0.0.1:51555 - R:localhost/127.0.0.1:63183] for POST '/session/fd44894498d09d9959e51cbf870ac544/execute/sync'
14:22:06.024 [AsyncHttpClient-1-11] DEBUG org.asynchttpclient.netty.handler.HttpHandler - 

Request DefaultHttpRequest(decodeResult: success, version: HTTP/1.1)
POST /session/fd44894498d09d9959e51cbf870ac544/execute/sync HTTP/1.1
User-Agent: selenium/4.1.2 (java windows)
Content-Length: 48780
Content-Type: application/json; charset=utf-8
host: localhost:63183
accept: */*

Response DefaultHttpResponse(decodeResult: success, version: HTTP/1.1)
HTTP/1.1 200 OK
Content-Type: application/json; charset=utf-8
cache-control: no-cache
content-length: 14

14:22:06.024 [AsyncHttpClient-1-11] DEBUG org.asynchttpclient.netty.channel.ChannelManager - Adding key: http://localhost:63183 for channel [id: 0xc63a6d85, L:/127.0.0.1:51555 - R:localhost/127.0.0.1:63183]
14:22:06.024 [Forwarding screenshot on session fd44894498d09d9959e51cbf870ac544 to remote] DEBUG org.asynchttpclient.netty.request.NettyRequestSender - Using pooled Channel '[id: 0xc63a6d85, L:/127.0.0.1:51555 - R:localhost/127.0.0.1:63183]' for 'GET' to 'http://localhost:63183/session/fd44894498d09d9959e51cbf870ac544/screenshot'
14:22:06.024 [Forwarding screenshot on session fd44894498d09d9959e51cbf870ac544 to remote] DEBUG org.asynchttpclient.netty.request.NettyRequestSender - Using open Channel [id: 0xc63a6d85, L:/127.0.0.1:51555 - R:localhost/127.0.0.1:63183] for GET '/session/fd44894498d09d9959e51cbf870ac544/screenshot'
14:22:06.147 [AsyncHttpClient-1-11] DEBUG org.asynchttpclient.netty.handler.HttpHandler - 

Request DefaultFullHttpRequest(decodeResult: success, version: HTTP/1.1, content: EmptyByteBufBE)
GET /session/fd44894498d09d9959e51cbf870ac544/screenshot HTTP/1.1
User-Agent: selenium/4.1.2 (java windows)
Cache-Control: no-cache
Content-Type: application/json; charset=utf-8
host: localhost:63183
accept: */*

Response DefaultHttpResponse(decodeResult: success, version: HTTP/1.1)
HTTP/1.1 200 OK
Content-Type: application/json; charset=utf-8
cache-control: no-cache
content-length: 90724

14:22:06.147 [AsyncHttpClient-1-11] DEBUG org.asynchttpclient.netty.channel.ChannelManager - Adding key: http://localhost:63183 for channel [id: 0xc63a6d85, L:/127.0.0.1:51555 - R:localhost/127.0.0.1:63183]
14:22:06.163 [main] DEBUG net.serenitybdd.core.photography.Darkroom - Send negative for processing for target\site\serenity\4f7adba5735f37993fd2b37ebfec8022f9bc8e024dc5564622b39ca72e1959b3.png
14:22:06.163 [main] DEBUG net.thucydides.core.steps.StepInterceptor - STEP DONE: ViewCheckoutOverview
  &amp#27;[32mAnd &amp#27;[0m&amp#27;[32mI View checkout Overview&amp#27;[0m                       &amp#27;[90m# starter.stepdefinition.CheckoutStepdefs.iViewCheckoutOverview()&amp#27;[0m
14:22:06.179 [main] DEBUG net.thucydides.core.steps.StepInterceptor - STARTING STEP: CheckoutStepdefs.iClickButtonFinish - ClickbuttonFinish
14:22:06.179 [Forwarding findElement on session fd44894498d09d9959e51cbf870ac544 to remote] DEBUG org.asynchttpclient.netty.request.NettyRequestSender - Using pooled Channel '[id: 0xc63a6d85, L:/127.0.0.1:51555 - R:localhost/127.0.0.1:63183]' for 'POST' to 'http://localhost:63183/session/fd44894498d09d9959e51cbf870ac544/element'
14:22:06.179 [Forwarding findElement on session fd44894498d09d9959e51cbf870ac544 to remote] DEBUG org.asynchttpclient.netty.request.NettyRequestSender - Using open Channel [id: 0xc63a6d85, L:/127.0.0.1:51555 - R:localhost/127.0.0.1:63183] for POST '/session/fd44894498d09d9959e51cbf870ac544/element'
14:22:06.195 [AsyncHttpClient-1-11] DEBUG org.asynchttpclient.netty.handler.HttpHandler - 

Request DefaultHttpRequest(decodeResult: success, version: HTTP/1.1)
POST /session/fd44894498d09d9959e51cbf870ac544/element HTTP/1.1
User-Agent: selenium/4.1.2 (java windows)
Content-Length: 51
Content-Type: application/json; charset=utf-8
host: localhost:63183
accept: */*

Response DefaultHttpResponse(decodeResult: success, version: HTTP/1.1)
HTTP/1.1 200 OK
Content-Type: application/json; charset=utf-8
cache-control: no-cache
content-length: 88

14:22:06.195 [AsyncHttpClient-1-11] DEBUG org.asynchttpclient.netty.channel.ChannelManager - Adding key: http://localhost:63183 for channel [id: 0xc63a6d85, L:/127.0.0.1:51555 - R:localhost/127.0.0.1:63183]
14:22:06.195 [Forwarding getElementTagName on session fd44894498d09d9959e51cbf870ac544 to remote] DEBUG org.asynchttpclient.netty.request.NettyRequestSender - Using pooled Channel '[id: 0xc63a6d85, L:/127.0.0.1:51555 - R:localhost/127.0.0.1:63183]' for 'GET' to 'http://localhost:63183/session/fd44894498d09d9959e51cbf870ac544/element/3c67d34c-17d2-45a9-b99c-edeca0ccfcb1/name'
14:22:06.195 [Forwarding getElementTagName on session fd44894498d09d9959e51cbf870ac544 to remote] DEBUG org.asynchttpclient.netty.request.NettyRequestSender - Using open Channel [id: 0xc63a6d85, L:/127.0.0.1:51555 - R:localhost/127.0.0.1:63183] for GET '/session/fd44894498d09d9959e51cbf870ac544/element/3c67d34c-17d2-45a9-b99c-edeca0ccfcb1/name'
14:22:06.195 [AsyncHttpClient-1-11] DEBUG org.asynchttpclient.netty.handler.HttpHandler - 

Request DefaultFullHttpRequest(decodeResult: success, version: HTTP/1.1, content: EmptyByteBufBE)
GET /session/fd44894498d09d9959e51cbf870ac544/element/3c67d34c-17d2-45a9-b99c-edeca0ccfcb1/name HTTP/1.1
User-Agent: selenium/4.1.2 (java windows)
Cache-Control: no-cache
Content-Type: application/json; charset=utf-8
host: localhost:63183
accept: */*

Response DefaultHttpResponse(decodeResult: success, version: HTTP/1.1)
HTTP/1.1 200 OK
Content-Type: application/json; charset=utf-8
cache-control: no-cache
content-length: 18

14:22:06.195 [AsyncHttpClient-1-11] DEBUG org.asynchttpclient.netty.channel.ChannelManager - Adding key: http://localhost:63183 for channel [id: 0xc63a6d85, L:/127.0.0.1:51555 - R:localhost/127.0.0.1:63183]
14:22:06.195 [Forwarding getElementTagName on session fd44894498d09d9959e51cbf870ac544 to remote] DEBUG org.asynchttpclient.netty.request.NettyRequestSender - Using pooled Channel '[id: 0xc63a6d85, L:/127.0.0.1:51555 - R:localhost/127.0.0.1:63183]' for 'GET' to 'http://localhost:63183/session/fd44894498d09d9959e51cbf870ac544/element/3c67d34c-17d2-45a9-b99c-edeca0ccfcb1/name'
14:22:06.195 [Forwarding getElementTagName on session fd44894498d09d9959e51cbf870ac544 to remote] DEBUG org.asynchttpclient.netty.request.NettyRequestSender - Using open Channel [id: 0xc63a6d85, L:/127.0.0.1:51555 - R:localhost/127.0.0.1:63183] for GET '/session/fd44894498d09d9959e51cbf870ac544/element/3c67d34c-17d2-45a9-b99c-edeca0ccfcb1/name'
14:22:06.210 [AsyncHttpClient-1-11] DEBUG org.asynchttpclient.netty.handler.HttpHandler - 

Request DefaultFullHttpRequest(decodeResult: success, version: HTTP/1.1, content: EmptyByteBufBE)
GET /session/fd44894498d09d9959e51cbf870ac544/element/3c67d34c-17d2-45a9-b99c-edeca0ccfcb1/name HTTP/1.1
User-Agent: selenium/4.1.2 (java windows)
Cache-Control: no-cache
Content-Type: application/json; charset=utf-8
host: localhost:63183
accept: */*

Response DefaultHttpResponse(decodeResult: success, version: HTTP/1.1)
HTTP/1.1 200 OK
Content-Type: application/json; charset=utf-8
cache-control: no-cache
content-length: 18

14:22:06.210 [AsyncHttpClient-1-11] DEBUG org.asynchttpclient.netty.channel.ChannelManager - Adding key: http://localhost:63183 for channel [id: 0xc63a6d85, L:/127.0.0.1:51555 - R:localhost/127.0.0.1:63183]
14:22:06.210 [Forwarding isElementEnabled on session fd44894498d09d9959e51cbf870ac544 to remote] DEBUG org.asynchttpclient.netty.request.NettyRequestSender - Using pooled Channel '[id: 0xc63a6d85, L:/127.0.0.1:51555 - R:localhost/127.0.0.1:63183]' for 'GET' to 'http://localhost:63183/session/fd44894498d09d9959e51cbf870ac544/element/3c67d34c-17d2-45a9-b99c-edeca0ccfcb1/enabled'
14:22:06.210 [Forwarding isElementEnabled on session fd44894498d09d9959e51cbf870ac544 to remote] DEBUG org.asynchttpclient.netty.request.NettyRequestSender - Using open Channel [id: 0xc63a6d85, L:/127.0.0.1:51555 - R:localhost/127.0.0.1:63183] for GET '/session/fd44894498d09d9959e51cbf870ac544/element/3c67d34c-17d2-45a9-b99c-edeca0ccfcb1/enabled'
14:22:06.226 [AsyncHttpClient-1-11] DEBUG org.asynchttpclient.netty.handler.HttpHandler - 

Request DefaultFullHttpRequest(decodeResult: success, version: HTTP/1.1, content: EmptyByteBufBE)
GET /session/fd44894498d09d9959e51cbf870ac544/element/3c67d34c-17d2-45a9-b99c-edeca0ccfcb1/enabled HTTP/1.1
User-Agent: selenium/4.1.2 (java windows)
Cache-Control: no-cache
Content-Type: application/json; charset=utf-8
host: localhost:63183
accept: */*

Response DefaultHttpResponse(decodeResult: success, version: HTTP/1.1)
HTTP/1.1 200 OK
Content-Type: application/json; charset=utf-8
cache-control: no-cache
content-length: 14

14:22:06.226 [AsyncHttpClient-1-11] DEBUG org.asynchttpclient.netty.channel.ChannelManager - Adding key: http://localhost:63183 for channel [id: 0xc63a6d85, L:/127.0.0.1:51555 - R:localhost/127.0.0.1:63183]
14:22:06.226 [Forwarding isElementEnabled on session fd44894498d09d9959e51cbf870ac544 to remote] DEBUG org.asynchttpclient.netty.request.NettyRequestSender - Using pooled Channel '[id: 0xc63a6d85, L:/127.0.0.1:51555 - R:localhost/127.0.0.1:63183]' for 'GET' to 'http://localhost:63183/session/fd44894498d09d9959e51cbf870ac544/element/3c67d34c-17d2-45a9-b99c-edeca0ccfcb1/enabled'
14:22:06.226 [Forwarding isElementEnabled on session fd44894498d09d9959e51cbf870ac544 to remote] DEBUG org.asynchttpclient.netty.request.NettyRequestSender - Using open Channel [id: 0xc63a6d85, L:/127.0.0.1:51555 - R:localhost/127.0.0.1:63183] for GET '/session/fd44894498d09d9959e51cbf870ac544/element/3c67d34c-17d2-45a9-b99c-edeca0ccfcb1/enabled'
14:22:06.242 [AsyncHttpClient-1-11] DEBUG org.asynchttpclient.netty.handler.HttpHandler - 

Request DefaultFullHttpRequest(decodeResult: success, version: HTTP/1.1, content: EmptyByteBufBE)
GET /session/fd44894498d09d9959e51cbf870ac544/element/3c67d34c-17d2-45a9-b99c-edeca0ccfcb1/enabled HTTP/1.1
User-Agent: selenium/4.1.2 (java windows)
Cache-Control: no-cache
Content-Type: application/json; charset=utf-8
host: localhost:63183
accept: */*

Response DefaultHttpResponse(decodeResult: success, version: HTTP/1.1)
HTTP/1.1 200 OK
Content-Type: application/json; charset=utf-8
cache-control: no-cache
content-length: 14

14:22:06.242 [AsyncHttpClient-1-11] DEBUG org.asynchttpclient.netty.channel.ChannelManager - Adding key: http://localhost:63183 for channel [id: 0xc63a6d85, L:/127.0.0.1:51555 - R:localhost/127.0.0.1:63183]
14:22:06.242 [Forwarding findElement on session fd44894498d09d9959e51cbf870ac544 to remote] DEBUG org.asynchttpclient.netty.request.NettyRequestSender - Using pooled Channel '[id: 0xc63a6d85, L:/127.0.0.1:51555 - R:localhost/127.0.0.1:63183]' for 'POST' to 'http://localhost:63183/session/fd44894498d09d9959e51cbf870ac544/element'
14:22:06.242 [Forwarding findElement on session fd44894498d09d9959e51cbf870ac544 to remote] DEBUG org.asynchttpclient.netty.request.NettyRequestSender - Using open Channel [id: 0xc63a6d85, L:/127.0.0.1:51555 - R:localhost/127.0.0.1:63183] for POST '/session/fd44894498d09d9959e51cbf870ac544/element'
14:22:06.250 [AsyncHttpClient-1-11] DEBUG org.asynchttpclient.netty.handler.HttpHandler - 

Request DefaultHttpRequest(decodeResult: success, version: HTTP/1.1)
POST /session/fd44894498d09d9959e51cbf870ac544/element HTTP/1.1
User-Agent: selenium/4.1.2 (java windows)
Content-Length: 51
Content-Type: application/json; charset=utf-8
host: localhost:63183
accept: */*

Response DefaultHttpResponse(decodeResult: success, version: HTTP/1.1)
HTTP/1.1 200 OK
Content-Type: application/json; charset=utf-8
cache-control: no-cache
content-length: 88

14:22:06.250 [AsyncHttpClient-1-11] DEBUG org.asynchttpclient.netty.channel.ChannelManager - Adding key: http://localhost:63183 for channel [id: 0xc63a6d85, L:/127.0.0.1:51555 - R:localhost/127.0.0.1:63183]
14:22:06.258 [Forwarding clickElement on session fd44894498d09d9959e51cbf870ac544 to remote] DEBUG org.asynchttpclient.netty.request.NettyRequestSender - Using pooled Channel '[id: 0xc63a6d85, L:/127.0.0.1:51555 - R:localhost/127.0.0.1:63183]' for 'POST' to 'http://localhost:63183/session/fd44894498d09d9959e51cbf870ac544/element/3c67d34c-17d2-45a9-b99c-edeca0ccfcb1/click'
14:22:06.258 [Forwarding clickElement on session fd44894498d09d9959e51cbf870ac544 to remote] DEBUG org.asynchttpclient.netty.request.NettyRequestSender - Using open Channel [id: 0xc63a6d85, L:/127.0.0.1:51555 - R:localhost/127.0.0.1:63183] for POST '/session/fd44894498d09d9959e51cbf870ac544/element/3c67d34c-17d2-45a9-b99c-edeca0ccfcb1/click'
14:22:06.314 [AsyncHttpClient-1-11] DEBUG org.asynchttpclient.netty.handler.HttpHandler - 

Request DefaultHttpRequest(decodeResult: success, version: HTTP/1.1)
POST /session/fd44894498d09d9959e51cbf870ac544/element/3c67d34c-17d2-45a9-b99c-edeca0ccfcb1/click HTTP/1.1
User-Agent: selenium/4.1.2 (java windows)
Content-Length: 50
Content-Type: application/json; charset=utf-8
host: localhost:63183
accept: */*

Response DefaultHttpResponse(decodeResult: success, version: HTTP/1.1)
HTTP/1.1 200 OK
Content-Type: application/json; charset=utf-8
cache-control: no-cache
content-length: 14

14:22:06.314 [AsyncHttpClient-1-11] DEBUG org.asynchttpclient.netty.channel.ChannelManager - Adding key: http://localhost:63183 for channel [id: 0xc63a6d85, L:/127.0.0.1:51555 - R:localhost/127.0.0.1:63183]
14:22:06.322 [Forwarding screenshot on session fd44894498d09d9959e51cbf870ac544 to remote] DEBUG org.asynchttpclient.netty.request.NettyRequestSender - Using pooled Channel '[id: 0xc63a6d85, L:/127.0.0.1:51555 - R:localhost/127.0.0.1:63183]' for 'GET' to 'http://localhost:63183/session/fd44894498d09d9959e51cbf870ac544/screenshot'
14:22:06.322 [Forwarding screenshot on session fd44894498d09d9959e51cbf870ac544 to remote] DEBUG org.asynchttpclient.netty.request.NettyRequestSender - Using open Channel [id: 0xc63a6d85, L:/127.0.0.1:51555 - R:localhost/127.0.0.1:63183] for GET '/session/fd44894498d09d9959e51cbf870ac544/screenshot'
14:22:06.515 [AsyncHttpClient-1-11] DEBUG org.asynchttpclient.netty.handler.HttpHandler - 

Request DefaultFullHttpRequest(decodeResult: success, version: HTTP/1.1, content: EmptyByteBufBE)
GET /session/fd44894498d09d9959e51cbf870ac544/screenshot HTTP/1.1
User-Agent: selenium/4.1.2 (java windows)
Cache-Control: no-cache
Content-Type: application/json; charset=utf-8
host: localhost:63183
accept: */*

Response DefaultHttpResponse(decodeResult: success, version: HTTP/1.1)
HTTP/1.1 200 OK
Content-Type: application/json; charset=utf-8
cache-control: no-cache
content-length: 169584

14:22:06.515 [AsyncHttpClient-1-11] DEBUG org.asynchttpclient.netty.channel.ChannelManager - Adding key: http://localhost:63183 for channel [id: 0xc63a6d85, L:/127.0.0.1:51555 - R:localhost/127.0.0.1:63183]
14:22:06.531 [main] DEBUG net.serenitybdd.core.photography.Darkroom - Send negative for processing for target\site\serenity\85724310e607fea5b1e3c12ca7c3c334a8936bd34be07eda8c741edc8c16f270.png
14:22:06.531 [main] DEBUG net.thucydides.core.steps.StepInterceptor - STEP DONE: ClickbuttonFinish
14:22:06.531 [Darkroom Processing Line] DEBUG net.serenitybdd.core.photography.DarkroomProcessingLine - Processing screenshot image in /var/screenshots/screenshot-4752208473213501325
  &amp#27;[32mAnd &amp#27;[0m&amp#27;[32mI click button finish&amp#27;[0m                          &amp#27;[90m# starter.stepdefinition.CheckoutStepdefs.iClickButtonFinish()&amp#27;[0m
14:22:06.531 [Darkroom Processing Line] DEBUG net.serenitybdd.core.photography.DarkroomProcessingLine - Saving screenshot to target\site\serenity\85724310e607fea5b1e3c12ca7c3c334a8936bd34be07eda8c741edc8c16f270.png
14:22:06.562 [main] DEBUG net.thucydides.core.steps.StepInterceptor - STARTING STEP: CheckoutStepdefs.iFinishTheOrder - ViewFinishOrder
14:22:06.569 [Forwarding findElement on session fd44894498d09d9959e51cbf870ac544 to remote] DEBUG org.asynchttpclient.netty.request.NettyRequestSender - Using pooled Channel '[id: 0xc63a6d85, L:/127.0.0.1:51555 - R:localhost/127.0.0.1:63183]' for 'POST' to 'http://localhost:63183/session/fd44894498d09d9959e51cbf870ac544/element'
14:22:06.569 [Forwarding findElement on session fd44894498d09d9959e51cbf870ac544 to remote] DEBUG org.asynchttpclient.netty.request.NettyRequestSender - Using open Channel [id: 0xc63a6d85, L:/127.0.0.1:51555 - R:localhost/127.0.0.1:63183] for POST '/session/fd44894498d09d9959e51cbf870ac544/element'
14:22:06.585 [AsyncHttpClient-1-11] DEBUG org.asynchttpclient.netty.handler.HttpHandler - 

Request DefaultHttpRequest(decodeResult: success, version: HTTP/1.1)
POST /session/fd44894498d09d9959e51cbf870ac544/element HTTP/1.1
User-Agent: selenium/4.1.2 (java windows)
Content-Length: 86
Content-Type: application/json; charset=utf-8
host: localhost:63183
accept: */*

Response DefaultHttpResponse(decodeResult: success, version: HTTP/1.1)
HTTP/1.1 200 OK
Content-Type: application/json; charset=utf-8
cache-control: no-cache
content-length: 88

14:22:06.585 [AsyncHttpClient-1-11] DEBUG org.asynchttpclient.netty.channel.ChannelManager - Adding key: http://localhost:63183 for channel [id: 0xc63a6d85, L:/127.0.0.1:51555 - R:localhost/127.0.0.1:63183]
14:22:06.585 [Forwarding isElementDisplayed on session fd44894498d09d9959e51cbf870ac544 to remote] DEBUG org.asynchttpclient.netty.request.NettyRequestSender - Using pooled Channel '[id: 0xc63a6d85, L:/127.0.0.1:51555 - R:localhost/127.0.0.1:63183]' for 'POST' to 'http://localhost:63183/session/fd44894498d09d9959e51cbf870ac544/execute/sync'
14:22:06.585 [Forwarding isElementDisplayed on session fd44894498d09d9959e51cbf870ac544 to remote] DEBUG org.asynchttpclient.netty.request.NettyRequestSender - Using open Channel [id: 0xc63a6d85, L:/127.0.0.1:51555 - R:localhost/127.0.0.1:63183] for POST '/session/fd44894498d09d9959e51cbf870ac544/execute/sync'
14:22:06.601 [AsyncHttpClient-1-11] DEBUG org.asynchttpclient.netty.handler.HttpHandler - 

Request DefaultHttpRequest(decodeResult: success, version: HTTP/1.1)
POST /session/fd44894498d09d9959e51cbf870ac544/execute/sync HTTP/1.1
User-Agent: selenium/4.1.2 (java windows)
Content-Length: 48780
Content-Type: application/json; charset=utf-8
host: localhost:63183
accept: */*

Response DefaultHttpResponse(decodeResult: success, version: HTTP/1.1)
HTTP/1.1 200 OK
Content-Type: application/json; charset=utf-8
cache-control: no-cache
content-length: 14

14:22:06.601 [AsyncHttpClient-1-11] DEBUG org.asynchttpclient.netty.channel.ChannelManager - Adding key: http://localhost:63183 for channel [id: 0xc63a6d85, L:/127.0.0.1:51555 - R:localhost/127.0.0.1:63183]
14:22:06.609 [Forwarding isElementDisplayed on session fd44894498d09d9959e51cbf870ac544 to remote] DEBUG org.asynchttpclient.netty.request.NettyRequestSender - Using pooled Channel '[id: 0xc63a6d85, L:/127.0.0.1:51555 - R:localhost/127.0.0.1:63183]' for 'POST' to 'http://localhost:63183/session/fd44894498d09d9959e51cbf870ac544/execute/sync'
14:22:06.609 [Forwarding isElementDisplayed on session fd44894498d09d9959e51cbf870ac544 to remote] DEBUG org.asynchttpclient.netty.request.NettyRequestSender - Using open Channel [id: 0xc63a6d85, L:/127.0.0.1:51555 - R:localhost/127.0.0.1:63183] for POST '/session/fd44894498d09d9959e51cbf870ac544/execute/sync'
14:22:06.626 [AsyncHttpClient-1-11] DEBUG org.asynchttpclient.netty.handler.HttpHandler - 

Request DefaultHttpRequest(decodeResult: success, version: HTTP/1.1)
POST /session/fd44894498d09d9959e51cbf870ac544/execute/sync HTTP/1.1
User-Agent: selenium/4.1.2 (java windows)
Content-Length: 48780
Content-Type: application/json; charset=utf-8
host: localhost:63183
accept: */*

Response DefaultHttpResponse(decodeResult: success, version: HTTP/1.1)
HTTP/1.1 200 OK
Content-Type: application/json; charset=utf-8
cache-control: no-cache
content-length: 14

14:22:06.626 [AsyncHttpClient-1-11] DEBUG org.asynchttpclient.netty.channel.ChannelManager - Adding key: http://localhost:63183 for channel [id: 0xc63a6d85, L:/127.0.0.1:51555 - R:localhost/127.0.0.1:63183]
14:22:06.626 [Forwarding screenshot on session fd44894498d09d9959e51cbf870ac544 to remote] DEBUG org.asynchttpclient.netty.request.NettyRequestSender - Using pooled Channel '[id: 0xc63a6d85, L:/127.0.0.1:51555 - R:localhost/127.0.0.1:63183]' for 'GET' to 'http://localhost:63183/session/fd44894498d09d9959e51cbf870ac544/screenshot'
14:22:06.626 [Forwarding screenshot on session fd44894498d09d9959e51cbf870ac544 to remote] DEBUG org.asynchttpclient.netty.request.NettyRequestSender - Using open Channel [id: 0xc63a6d85, L:/127.0.0.1:51555 - R:localhost/127.0.0.1:63183] for GET '/session/fd44894498d09d9959e51cbf870ac544/screenshot'
14:22:06.795 [AsyncHttpClient-1-11] DEBUG org.asynchttpclient.netty.handler.HttpHandler - 

Request DefaultFullHttpRequest(decodeResult: success, version: HTTP/1.1, content: EmptyByteBufBE)
GET /session/fd44894498d09d9959e51cbf870ac544/screenshot HTTP/1.1
User-Agent: selenium/4.1.2 (java windows)
Cache-Control: no-cache
Content-Type: application/json; charset=utf-8
host: localhost:63183
accept: */*

Response DefaultHttpResponse(decodeResult: success, version: HTTP/1.1)
HTTP/1.1 200 OK
Content-Type: application/json; charset=utf-8
cache-control: no-cache
content-length: 169584

14:22:06.803 [AsyncHttpClient-1-11] DEBUG org.asynchttpclient.netty.channel.ChannelManager - Adding key: http://localhost:63183 for channel [id: 0xc63a6d85, L:/127.0.0.1:51555 - R:localhost/127.0.0.1:63183]
14:22:06.811 [main] DEBUG net.serenitybdd.core.photography.Darkroom - Send negative for processing for target\site\serenity\85724310e607fea5b1e3c12ca7c3c334a8936bd34be07eda8c741edc8c16f270.png
14:22:06.811 [main] DEBUG net.thucydides.core.steps.StepInterceptor - STEP DONE: ViewFinishOrder
  &amp#27;[32mThen &amp#27;[0m&amp#27;[32mI finish the order&amp#27;[0m                            &amp#27;[90m# starter.stepdefinition.CheckoutStepdefs.iFinishTheOrder()&amp#27;[0m
14:22:06.819 [main] INFO  - 
  _____   ___   ___   _____     ___     _     ___   ___   ___   ___  
 |_   _| | __| / __| |_   _|   | _ \   /_\   / __| / __| | __| |   \ 
   | |   | _|  \__ \   | |     |  _/  / _ \  \__ \ \__ \ | _|  | |) |
   |_|   |___| |___/   |_|     |_|   /_/ \_\ |___/ |___/ |___| |___/ 

user successfully checkout product in cart
----------------------------------------------------------------------
14:22:06.819 [AsyncHttpClient-1-13] DEBUG org.asynchttpclient.netty.handler.WebSocketHandler - Channel Closed: [id: 0xaa192c48, L:/127.0.0.1:51563 ! R:localhost/127.0.0.1:51556] with attribute NettyResponseFuture{currentRetry=5,
	isDone=1,
	isCancelled=0,
	asyncHandler=org.asynchttpclient.ws.WebSocketUpgradeHandler@761836,
	nettyRequest=org.asynchttpclient.netty.request.NettyRequest@174971c,
	future=java.util.concurrent.CompletableFuture@93c9f7[Completed normally],
	uri=ws://localhost:51556/devtools/browser/5c3370b1-3246-4cb4-952f-ea6e38766316,
	keepAlive=true,
	redirectCount=0,
	timeoutsHolder=null,
	inAuth=0,
	touch=1657264922084}
14:22:06.819 [AsyncHttpClient-1-13] DEBUG org.asynchttpclient.netty.channel.ChannelManager - Closing Channel [id: 0xaa192c48, L:/127.0.0.1:51563 ! R:localhost/127.0.0.1:51556] 
14:22:06.819 [Driver Command Executor] DEBUG org.asynchttpclient.netty.request.NettyRequestSender - Using pooled Channel '[id: 0xc63a6d85, L:/127.0.0.1:51555 - R:localhost/127.0.0.1:63183]' for 'DELETE' to 'http://localhost:63183/session/fd44894498d09d9959e51cbf870ac544'
14:22:06.819 [Driver Command Executor] DEBUG org.asynchttpclient.netty.request.NettyRequestSender - Using open Channel [id: 0xc63a6d85, L:/127.0.0.1:51555 - R:localhost/127.0.0.1:63183] for DELETE '/session/fd44894498d09d9959e51cbf870ac544'
14:22:06.835 [AsyncHttpClient-1-1] DEBUG org.asynchttpclient.netty.channel.DefaultChannelPool - Entry count for : http://localhost:51556 : 1
14:22:06.915 [AsyncHttpClient-1-12] DEBUG org.asynchttpclient.netty.handler.HttpHandler - Unexpected I/O exception on channel [id: 0x3fb52b6d, L:/127.0.0.1:51562 - R:localhost/127.0.0.1:51556]
java.io.IOException: An existing connection was forcibly closed by the remote host
	at sun.nio.ch.SocketDispatcher.read0(Native Method)
	at sun.nio.ch.SocketDispatcher.read(SocketDispatcher.java:43)
	at sun.nio.ch.IOUtil.readIntoNativeBuffer(IOUtil.java:223)
	at sun.nio.ch.IOUtil.read(IOUtil.java:192)
	at sun.nio.ch.SocketChannelImpl.read(SocketChannelImpl.java:378)
	at io.netty.buffer.PooledByteBuf.setBytes(PooledByteBuf.java:258)
	at io.netty.buffer.AbstractByteBuf.writeBytes(AbstractByteBuf.java:1132)
	at io.netty.channel.socket.nio.NioSocketChannel.doReadBytes(NioSocketChannel.java:350)
	at io.netty.channel.nio.AbstractNioByteChannel$NioByteUnsafe.read(AbstractNioByteChannel.java:151)
	at io.netty.channel.nio.NioEventLoop.processSelectedKey(NioEventLoop.java:722)
	at io.netty.channel.nio.NioEventLoop.processSelectedKeysOptimized(NioEventLoop.java:658)
	at io.netty.channel.nio.NioEventLoop.processSelectedKeys(NioEventLoop.java:584)
	at io.netty.channel.nio.NioEventLoop.run(NioEventLoop.java:496)
	at io.netty.util.concurrent.SingleThreadEventExecutor$4.run(SingleThreadEventExecutor.java:986)
	at io.netty.util.internal.ThreadExecutorMap$2.run(ThreadExecutorMap.java:74)
	at io.netty.util.concurrent.FastThreadLocalRunnable.run(FastThreadLocalRunnable.java:30)
	at java.lang.Thread.run(Thread.java:750)
14:22:06.915 [AsyncHttpClient-1-12] DEBUG org.asynchttpclient.netty.channel.ChannelManager - Closing Channel [id: 0x3fb52b6d, L:/127.0.0.1:51562 - R:localhost/127.0.0.1:51556] 
14:22:06.915 [AsyncHttpClient-1-12] DEBUG org.asynchttpclient.netty.handler.HttpHandler - Channel Closed: [id: 0x3fb52b6d, L:/127.0.0.1:51562 ! R:localhost/127.0.0.1:51556] with attribute DISCARD
14:22:07.013 [AsyncHttpClient-1-11] DEBUG org.asynchttpclient.netty.handler.HttpHandler - 

Request DefaultFullHttpRequest(decodeResult: success, version: HTTP/1.1, content: EmptyByteBufBE)
DELETE /session/fd44894498d09d9959e51cbf870ac544 HTTP/1.1
User-Agent: selenium/4.1.2 (java windows)
Content-Type: application/json; charset=utf-8
host: localhost:63183
accept: */*

Response DefaultHttpResponse(decodeResult: success, version: HTTP/1.1)
HTTP/1.1 200 OK
Content-Type: application/json; charset=utf-8
cache-control: no-cache
content-length: 14

14:22:07.013 [AsyncHttpClient-1-11] DEBUG org.asynchttpclient.netty.channel.ChannelManager - Adding key: http://localhost:63183 for channel [id: 0xc63a6d85, L:/127.0.0.1:51555 - R:localhost/127.0.0.1:63183]
14:22:07.095 [AsyncHttpClient-1-11] DEBUG org.asynchttpclient.netty.handler.HttpHandler - Channel Closed: [id: 0xc63a6d85, L:/127.0.0.1:51555 ! R:localhost/127.0.0.1:63183] with attribute DISCARD
]]></system-out>
    <system-err><![CDATA[Starting ChromeDriver 103.0.5060.53 (a1711811edd74ff1cf2150f36ffa3b0dae40b17f-refs/branch-heads/5060@{#853}) on port 63183
Only local connections are allowed.
Please see https://chromedriver.chromium.org/security-considerations for suggestions on keeping ChromeDriver safe.
ChromeDriver was started successfully.
Jul 08, 2022 2:22:02 PM org.openqa.selenium.remote.ProtocolHandshake createSession
INFO: Detected dialect: W3C
Jul 08, 2022 2:22:02 PM org.openqa.selenium.devtools.CdpVersionFinder findNearestMatch
WARNING: Unable to find an exact match for CDP version 103, so returning the closest version found: a no-op implementation
Jul 08, 2022 2:22:02 PM org.openqa.selenium.devtools.CdpVersionFinder findNearestMatch
INFO: Unable to find CDP implementation matching 103.
Jul 08, 2022 2:22:02 PM org.openqa.selenium.chromium.ChromiumDriver lambda$new$3
WARNING: Unable to find version of CDP to use for . You may need to include a dependency on a specific version of the CDP using something similar to `org.seleniumhq.selenium:selenium-devtools-v86:4.1.2` where the version ("v86") matches the version of the chromium-based browser you're using and the version number of the artifact is the same as Selenium's.
]]></system-err>
  </testcase>
</testsuite>